################################################################################
# Learning curves for energies and forces.
################################################################################
# Col  Name             Description
################################################################################
# 1    epoch            Current epoch.
# 2    RMSEpa_Etrain_pu RMSE of training energies per atom (physical units)
# 3    RMSEpa_Etest_pu  RMSE of test energies per atom (physical units)
# 4    RMSE_Etrain_pu   RMSE of training energies (physical units)
# 5    RMSE_Etest_pu    RMSE of test energies (physical units)
# 6    MAEpa_Etrain_pu  MAE of training energies per atom (physical units)
# 7    MAEpa_Etest_pu   MAE of test energies per atom (physical units)
# 8    MAE_Etrain_pu    MAE of training energies (physical units)
# 9    MAE_Etest_pu     MAE of test energies (physical units)
# 10   RMSE_Ftrain_pu   RMSE of training forces (physical units)
# 11   RMSE_Ftest_pu    RMSE of test forces (physical units)
# 12   MAE_Ftrain_pu    MAE of training forces (physical units)
# 13   MAE_Ftest_pu     MAE of test forces (physical units)
######################################################################################################################################################################################################################
#        1                2                3                4                5                6                7                8                9               10               11               12               13
#    epoch RMSEpa_Etrain_pu  RMSEpa_Etest_pu   RMSE_Etrain_pu    RMSE_Etest_pu  MAEpa_Etrain_pu   MAEpa_Etest_pu    MAE_Etrain_pu     MAE_Etest_pu   RMSE_Ftrain_pu    RMSE_Ftest_pu    MAE_Ftrain_pu     MAE_Ftest_pu
######################################################################################################################################################################################################################
         0   1.43837476E+00   1.44880312E+00   9.20559849E+01   9.27233997E+01   1.43547676E+00   1.44726893E+00   9.18705125E+01   9.26252118E+01   7.44505987E-01   2.17471908E+00   4.17173827E-01   6.06368668E-01
         1   2.64499759E-02   2.61857199E-02   1.69279846E+00   1.67588607E+00   2.56073355E-02   2.57253224E-02   1.63886947E+00   1.64642063E+00   2.09716951E-02   2.79096342E-02   1.43057640E-02   1.49986995E-02
         2   1.51600589E-02   1.53023400E-02   9.70243772E-01   9.79349762E-01   1.46715223E-02   1.48843169E-02   9.38977426E-01   9.52596284E-01   9.77486521E-03   1.44301118E-02   6.85288940E-03   7.06274332E-03
         3   3.61608924E-03   1.43958467E-03   2.31429712E-01   9.21334190E-02   1.97793864E-03   1.34254981E-03   1.26588073E-01   8.59231877E-02   7.18372669E-03   7.90632621E-03   5.25125137E-03   5.40307180E-03
         4   3.79332930E-04   6.51204312E-04   2.42773075E-02   4.16770760E-02   3.25834064E-04   5.75416485E-04   2.08533801E-02   3.68266551E-02   6.63696534E-03   6.14951600E-03   4.83801035E-03   4.72058279E-03
         5   2.57219440E-04   4.72679923E-04   1.64620442E-02   3.02515151E-02   1.99275108E-04   3.73837006E-04   1.27536069E-02   2.39255684E-02   6.16311631E-03   5.97801416E-03   4.46394035E-03   4.28332273E-03
         6   2.59486063E-04   3.30134230E-04   1.66071080E-02   2.11285907E-02   2.19518162E-04   3.10771733E-04   1.40491624E-02   1.98893909E-02   6.11203045E-03   7.44133027E-03   4.47266154E-03   4.57296400E-03
         7   3.70992182E-04   3.73816487E-04   2.37434996E-02   2.39242552E-02   3.12836439E-04   3.56516039E-04   2.00215321E-02   2.28170265E-02   5.88500172E-03   5.64523502E-03   4.29128715E-03   4.16223761E-03
         8   1.90719579E-04   3.01271128E-04   1.22060530E-02   1.92813522E-02   1.44294245E-04   2.66044474E-04   9.23483166E-03   1.70268463E-02   5.89490480E-03   5.77936104E-03   4.32529462E-03   4.20643620E-03
         9   1.85876828E-04   2.80720888E-04   1.18961170E-02   1.79661368E-02   1.42069964E-04   2.30967329E-04   9.09247772E-03   1.47819090E-02   5.95602776E-03   5.36683375E-03   4.34172446E-03   4.04724986E-03
        10   2.66504578E-04   3.34021568E-04   1.70562930E-02   2.13773804E-02   2.27753988E-04   3.22744804E-04   1.45762552E-02   2.06556675E-02   5.82691919E-03   5.40694226E-03   4.26253214E-03   4.04257793E-03
        11   1.87122225E-04   3.12998316E-04   1.19758224E-02   2.00318922E-02   1.36101654E-04   2.81446637E-04   8.71050587E-03   1.80125848E-02   5.80870731E-03   5.31624401E-03   4.23698285E-03   3.98951236E-03
        12   1.87945226E-04   3.13766329E-04   1.20284945E-02   2.00810451E-02   1.39288643E-04   2.46844154E-04   8.91447312E-03   1.57980259E-02   5.77929649E-03   5.43179984E-03   4.22023459E-03   4.01524607E-03
        13   1.87262732E-04   3.29708898E-04   1.19848148E-02   2.11013695E-02   1.39070253E-04   2.60517545E-04   8.90049618E-03   1.66731229E-02   5.74343293E-03   5.70725530E-03   4.20336066E-03   4.06055292E-03
        14   1.78017941E-04   3.07179229E-04   1.13931482E-02   1.96594706E-02   1.24553672E-04   2.42561286E-04   7.97143502E-03   1.55239223E-02   5.72303479E-03   5.74590283E-03   4.16482377E-03   4.03595176E-03
        15   1.76808985E-04   2.73251180E-04   1.13157751E-02   1.74880755E-02   1.27450319E-04   2.34054502E-04   8.15682039E-03   1.49794881E-02   5.71844902E-03   5.50833689E-03   4.15706408E-03   3.93167825E-03
