################################################################################
# Neural network connection values (weights and biases).
################################################################################
# Col  Name       Description
################################################################################
# 1    connection Neural network connection value.
# 2    t          Connection type (a = weight, b = bias).
# 3    index      Index enumerating weights.
# 4    l_s        Starting point layer (end point layer for biases).
# 5    n_s        Starting point neuron in starting layer (end point neuron for biases).
# 6    l_e        End point layer.
# 7    n_e        End point neuron in end layer.
################################################################################
#                      1 2         3     4     5     6     7
#             connection t     index   l_s   n_s   l_e   n_e
############################################################
  2.3361396609954524E-01 a         1     0     1     1     1
  2.9335894819854125E-01 a         2     0     1     1     2
  1.9445673581430162E-01 a         3     0     1     1     3
  1.0754897547010012E-01 a         4     0     1     1     4
 -6.1438508123926727E-01 a         5     0     1     1     5
 -5.0057344375684709E-01 a         6     0     1     1     6
 -6.8506490413341026E-01 a         7     0     1     1     7
  5.0110681519421274E-01 a         8     0     1     1     8
 -2.2048121674681406E-01 a         9     0     1     1     9
  5.4907927052806982E-01 a        10     0     1     1    10
  1.2534060711343853E-01 a        11     0     1     1    11
 -3.1616211066603028E-01 a        12     0     1     1    12
  1.9500940781704693E-01 a        13     0     1     1    13
  8.0247814248569105E-01 a        14     0     1     1    14
  2.0305664068484863E-01 a        15     0     1     1    15
  1.9265572908103162E-01 a        16     0     1     1    16
  9.0265312690243338E-01 a        17     0     1     1    17
 -6.0338624547216957E-01 a        18     0     1     1    18
 -3.6686729919980365E-01 a        19     0     1     1    19
 -3.1658769140993887E-02 a        20     0     1     1    20
  1.4464196408492394E-01 a        21     0     2     1     1
  2.7668143508172438E-01 a        22     0     2     1     2
 -1.4810907514394500E-01 a        23     0     2     1     3
 -3.9667792330172508E-01 a        24     0     2     1     4
  5.1926475537565707E-02 a        25     0     2     1     5
 -7.3946795611810681E-02 a        26     0     2     1     6
 -3.9997745220388381E-01 a        27     0     2     1     7
 -4.6483120956724644E-01 a        28     0     2     1     8
 -2.7006839789574999E-01 a        29     0     2     1     9
  5.7898383047108315E-01 a        30     0     2     1    10
  1.8499170203405471E-01 a        31     0     2     1    11
  3.5648128040195300E-02 a        32     0     2     1    12
 -1.2511354952468695E-01 a        33     0     2     1    13
 -3.8054251653984167E-01 a        34     0     2     1    14
  2.3134345225924441E-01 a        35     0     2     1    15
  1.3612100793419801E-01 a        36     0     2     1    16
  1.5176831867086278E-02 a        37     0     2     1    17
  6.7429574476796716E-01 a        38     0     2     1    18
 -3.2069298512342026E-01 a        39     0     2     1    19
  3.0205040812329925E-01 a        40     0     2     1    20
 -2.8323618568197106E-01 a        41     0     3     1     1
  6.6657714669458401E-01 a        42     0     3     1     2
  2.2431523997632113E-01 a        43     0     3     1     3
  1.0563378099917924E-01 a        44     0     3     1     4
 -3.9125490626577594E-02 a        45     0     3     1     5
  9.5928883647377877E-03 a        46     0     3     1     6
  2.2054435162926246E-02 a        47     0     3     1     7
 -3.1429053990359695E-01 a        48     0     3     1     8
 -3.7348656680396691E-02 a        49     0     3     1     9
  1.8377137367172722E-01 a        50     0     3     1    10
  4.0354534484902549E-01 a        51     0     3     1    11
  4.8477449972069109E-01 a        52     0     3     1    12
 -2.7761004142422313E-01 a        53     0     3     1    13
  3.8697290607451434E-01 a        54     0     3     1    14
 -5.2421887821503754E-01 a        55     0     3     1    15
  1.0060313893716901E+00 a        56     0     3     1    16
  1.8983463396520384E-01 a        57     0     3     1    17
 -2.4003023731764983E-01 a        58     0     3     1    18
  3.7299019344908546E-01 a        59     0     3     1    19
  1.8298411778292203E-01 a        60     0     3     1    20
 -3.7355101921310724E-02 a        61     0     4     1     1
 -6.2069866340916402E-01 a        62     0     4     1     2
  6.2915753814658837E-01 a        63     0     4     1     3
  2.3477086185667753E-01 a        64     0     4     1     4
 -6.8567825079116795E-02 a        65     0     4     1     5
 -6.9185576433405574E-02 a        66     0     4     1     6
  3.3162417080707191E-02 a        67     0     4     1     7
 -2.1157272851550990E-01 a        68     0     4     1     8
 -1.2396853862472379E-01 a        69     0     4     1     9
 -3.9030233804053266E-01 a        70     0     4     1    10
 -6.3973116918715089E-01 a        71     0     4     1    11
 -7.8138137283074405E-01 a        72     0     4     1    12
 -8.9022718061100209E-02 a        73     0     4     1    13
 -4.3489955276436476E-01 a        74     0     4     1    14
 -7.1673253324138764E-02 a        75     0     4     1    15
 -7.1713150119862934E-01 a        76     0     4     1    16
  1.9271517740748048E-01 a        77     0     4     1    17
 -3.0786770534949670E-01 a        78     0     4     1    18
  1.4387744967585139E-01 a        79     0     4     1    19
 -2.9521623763351207E-01 a        80     0     4     1    20
 -5.9018257926153139E-01 a        81     0     5     1     1
 -2.1539513582111626E-02 a        82     0     5     1     2
 -6.6957558970047215E-01 a        83     0     5     1     3
  3.8288499282137839E-01 a        84     0     5     1     4
  3.0805057889461218E-01 a        85     0     5     1     5
 -5.6777846330830128E-01 a        86     0     5     1     6
  7.8987317244031996E-01 a        87     0     5     1     7
  6.3650310730488624E-01 a        88     0     5     1     8
 -2.4344333585541109E-01 a        89     0     5     1     9
 -6.9354382080678609E-02 a        90     0     5     1    10
 -2.0464601043068992E-01 a        91     0     5     1    11
 -4.6612968129625493E-01 a        92     0     5     1    12
  4.5526639545515235E-01 a        93     0     5     1    13
  6.9027537303497455E-01 a        94     0     5     1    14
 -2.3481241942439726E-01 a        95     0     5     1    15
 -7.2223139912474399E-01 a        96     0     5     1    16
  6.8752636657240307E-01 a        97     0     5     1    17
  2.2113130520110894E-01 a        98     0     5     1    18
 -4.5990072562751450E-01 a        99     0     5     1    19
  2.2500814627804663E-01 a       100     0     5     1    20
  4.3846304228544219E-01 a       101     0     6     1     1
  4.3429788698564081E-01 a       102     0     6     1     2
 -1.6985648645659254E-01 a       103     0     6     1     3
  4.9795831789480671E-01 a       104     0     6     1     4
 -6.2437691796321859E-01 a       105     0     6     1     5
  3.3608541441855500E-01 a       106     0     6     1     6
  2.5041355451052594E-01 a       107     0     6     1     7
 -2.5761568304901239E-01 a       108     0     6     1     8
  1.9226969878026612E-01 a       109     0     6     1     9
 -5.8391999254139415E-01 a       110     0     6     1    10
  2.5309779024984580E-01 a       111     0     6     1    11
 -4.0703640211500525E-01 a       112     0     6     1    12
  3.4832889037403308E-01 a       113     0     6     1    13
 -4.6551496383560365E-01 a       114     0     6     1    14
 -3.3019579247421893E-01 a       115     0     6     1    15
  2.5519812261815117E-01 a       116     0     6     1    16
  1.4469221998803478E-02 a       117     0     6     1    17
 -5.4216897963216326E-01 a       118     0     6     1    18
 -5.0346682186666700E-02 a       119     0     6     1    19
 -5.1045320283182571E-01 a       120     0     6     1    20
 -1.0826837959263202E+00 a       121     0     7     1     1
 -1.1901467446973453E-01 a       122     0     7     1     2
  6.8560783677089843E-01 a       123     0     7     1     3
  9.6544818458657622E-01 a       124     0     7     1     4
  5.6892764786484185E-01 a       125     0     7     1     5
 -3.9237060130024398E-01 a       126     0     7     1     6
  6.7785490222630240E-01 a       127     0     7     1     7
 -6.8824121329713953E-02 a       128     0     7     1     8
  3.7840001172498045E-01 a       129     0     7     1     9
  3.5496373345942306E-01 a       130     0     7     1    10
 -2.8207485013351197E-01 a       131     0     7     1    11
 -1.0683013646466229E-01 a       132     0     7     1    12
 -4.1079229671997614E-01 a       133     0     7     1    13
 -1.8785886223589593E-01 a       134     0     7     1    14
  1.3402530228014106E-01 a       135     0     7     1    15
 -4.1416035006601409E-01 a       136     0     7     1    16
 -2.5101193005297889E-01 a       137     0     7     1    17
  7.5102987138212274E-01 a       138     0     7     1    18
 -1.3086741865314744E-01 a       139     0     7     1    19
 -5.9599910427428236E-03 a       140     0     7     1    20
 -1.8999542338935219E-01 a       141     0     8     1     1
 -1.1366847659079808E-01 a       142     0     8     1     2
  3.0276493880566530E-01 a       143     0     8     1     3
 -1.8433152584097420E-01 a       144     0     8     1     4
 -4.2249413273015157E-01 a       145     0     8     1     5
  6.2304627071534380E-01 a       146     0     8     1     6
 -1.2906752203122965E-01 a       147     0     8     1     7
 -1.1831095425877376E-01 a       148     0     8     1     8
 -6.8381377718283332E-01 a       149     0     8     1     9
 -5.4017127984628999E-01 a       150     0     8     1    10
  6.5234124009835592E-01 a       151     0     8     1    11
 -6.0303597681615961E-01 a       152     0     8     1    12
 -6.3710763629062961E-01 a       153     0     8     1    13
 -7.5663309542747870E-01 a       154     0     8     1    14
  3.9612065178715528E-01 a       155     0     8     1    15
  2.5291535893151820E-02 a       156     0     8     1    16
  1.7697469592857784E-01 a       157     0     8     1    17
 -6.1129441716772570E-01 a       158     0     8     1    18
  7.1040717332105385E-01 a       159     0     8     1    19
 -6.3153955852728272E-01 a       160     0     8     1    20
 -7.0696369859227504E-01 a       161     0     9     1     1
  4.3645752512533031E-01 a       162     0     9     1     2
 -5.8938568557741593E-02 a       163     0     9     1     3
 -1.1781563746666268E-01 a       164     0     9     1     4
  4.4559065064356507E-01 a       165     0     9     1     5
 -7.2664261701412836E-01 a       166     0     9     1     6
 -3.3605909193144640E-01 a       167     0     9     1     7
  7.8565647747643486E-01 a       168     0     9     1     8
  7.9162163049348444E-01 a       169     0     9     1     9
 -1.0535638450643761E-01 a       170     0     9     1    10
 -3.9204066434494905E-01 a       171     0     9     1    11
  6.1401670380052498E-01 a       172     0     9     1    12
  4.6369198327169514E-01 a       173     0     9     1    13
  6.2804620505799813E-01 a       174     0     9     1    14
 -4.4341099691973879E-01 a       175     0     9     1    15
  5.1674540851883644E-01 a       176     0     9     1    16
  4.6192368011689644E-01 a       177     0     9     1    17
 -2.2048639882218893E-01 a       178     0     9     1    18
 -2.2462735307486453E-01 a       179     0     9     1    19
  6.0726261586949770E-01 a       180     0     9     1    20
  4.4681545740857193E-01 a       181     0    10     1     1
  1.3263343262210936E-01 a       182     0    10     1     2
 -6.3632767372281684E-01 a       183     0    10     1     3
 -5.2705555291092865E-01 a       184     0    10     1     4
 -5.4053863977342853E-01 a       185     0    10     1     5
 -3.6582309074207014E-01 a       186     0    10     1     6
 -9.1704948211638423E-02 a       187     0    10     1     7
 -9.7028490690445490E-01 a       188     0    10     1     8
  1.1308828832229531E-01 a       189     0    10     1     9
 -1.1996024541263804E-01 a       190     0    10     1    10
  2.6784315440800066E-01 a       191     0    10     1    11
  1.0600090491903856E-01 a       192     0    10     1    12
  3.2222446165225310E-01 a       193     0    10     1    13
 -4.2127746197864979E-01 a       194     0    10     1    14
 -8.3403152393400182E-01 a       195     0    10     1    15
 -6.4502153169325360E-01 a       196     0    10     1    16
  5.2815521200086801E-01 a       197     0    10     1    17
 -2.3205501184435248E-01 a       198     0    10     1    18
 -3.8367414772374497E-01 a       199     0    10     1    19
 -5.9478094688430638E-01 a       200     0    10     1    20
 -3.4611789214347388E-01 a       201     0    11     1     1
 -1.6053104989222899E-01 a       202     0    11     1     2
 -4.7728141115158329E-01 a       203     0    11     1     3
  2.5908003388377121E-01 a       204     0    11     1     4
  2.5516486886239426E-01 a       205     0    11     1     5
 -1.8603418064255181E-01 a       206     0    11     1     6
 -1.3407755467923443E-01 a       207     0    11     1     7
 -1.2106775198372624E-01 a       208     0    11     1     8
 -2.9561637339749525E-01 a       209     0    11     1     9
 -2.7582138857847144E-01 a       210     0    11     1    10
 -2.7189917733868441E-01 a       211     0    11     1    11
  3.7948838026563042E-01 a       212     0    11     1    12
  3.9804778118137818E-01 a       213     0    11     1    13
 -2.1811062342270995E-01 a       214     0    11     1    14
 -1.6439913811244070E-01 a       215     0    11     1    15
  7.0611402200228095E-03 a       216     0    11     1    16
  1.1744468545085258E-01 a       217     0    11     1    17
  2.4254888632854113E-01 a       218     0    11     1    18
 -4.1064067189363612E-01 a       219     0    11     1    19
  3.2313456775009675E-01 a       220     0    11     1    20
  1.3828932044538816E-01 a       221     0    12     1     1
 -1.3054738917063471E-01 a       222     0    12     1     2
 -4.9779082872854058E-01 a       223     0    12     1     3
  3.6996653800484357E-02 a       224     0    12     1     4
  6.2625955833310420E-01 a       225     0    12     1     5
  9.6627747032128786E-02 a       226     0    12     1     6
  3.0084202767455992E-01 a       227     0    12     1     7
  3.6390971486790226E-03 a       228     0    12     1     8
 -2.0562988407652968E-01 a       229     0    12     1     9
 -6.3186401993077745E-01 a       230     0    12     1    10
  2.4443800146183423E-01 a       231     0    12     1    11
 -6.7223968222246544E-01 a       232     0    12     1    12
  1.3350679603082069E-01 a       233     0    12     1    13
  2.5570547855086284E-01 a       234     0    12     1    14
 -5.7416779253799000E-01 a       235     0    12     1    15
 -3.2148757588360577E-01 a       236     0    12     1    16
 -2.3017605620687229E-01 a       237     0    12     1    17
 -2.9254416801954775E-01 a       238     0    12     1    18
  3.8035906535449547E-02 a       239     0    12     1    19
  3.5476831457657976E-01 a       240     0    12     1    20
 -3.4941762129356913E-01 a       241     0    13     1     1
  3.8182774862904062E-01 a       242     0    13     1     2
 -4.2555291562020758E-01 a       243     0    13     1     3
 -1.3025020829155293E-01 a       244     0    13     1     4
 -5.2715438270234261E-01 a       245     0    13     1     5
 -2.8505740994094975E-01 a       246     0    13     1     6
  3.7906009923062095E-01 a       247     0    13     1     7
 -2.1886977075901287E-02 a       248     0    13     1     8
  8.3467699999031447E-02 a       249     0    13     1     9
 -1.8608227746233719E-01 a       250     0    13     1    10
  3.7240321080790190E-01 a       251     0    13     1    11
 -3.4273800792017756E-01 a       252     0    13     1    12
 -3.8388461077762975E-01 a       253     0    13     1    13
 -5.1995076255862492E-02 a       254     0    13     1    14
  3.3441951093250283E-01 a       255     0    13     1    15
  3.2557146109522356E-01 a       256     0    13     1    16
 -1.2619491632439028E-01 a       257     0    13     1    17
 -1.7252020661009929E-01 a       258     0    13     1    18
  5.7509787422230341E-01 a       259     0    13     1    19
 -5.1294271745569042E-01 a       260     0    13     1    20
  1.6575967479660633E-01 a       261     0    14     1     1
 -5.9045119321177708E-01 a       262     0    14     1     2
 -4.8679326799571104E-01 a       263     0    14     1     3
 -4.3834047077118637E-01 a       264     0    14     1     4
  6.3215198457830779E-01 a       265     0    14     1     5
 -2.2495764493416549E-02 a       266     0    14     1     6
 -2.4905597100797441E-02 a       267     0    14     1     7
 -8.8293169394638979E-02 a       268     0    14     1     8
 -4.7284213642964978E-01 a       269     0    14     1     9
  7.0100966557472666E-02 a       270     0    14     1    10
  2.1138803000987864E-02 a       271     0    14     1    11
 -4.3189495417660276E-02 a       272     0    14     1    12
  4.9255275305907154E-01 a       273     0    14     1    13
 -3.9111502454497271E-01 a       274     0    14     1    14
  5.8301129852363243E-01 a       275     0    14     1    15
  9.5735366516118303E-02 a       276     0    14     1    16
 -2.2584552086498469E-01 a       277     0    14     1    17
  3.0921794238126793E-01 a       278     0    14     1    18
 -1.4210256380656933E-01 a       279     0    14     1    19
  2.8073103624833656E-01 a       280     0    14     1    20
  2.2675922077659845E-02 b       281     1     1
  1.0312615028807683E+00 b       282     1     2
  8.7316162971824735E-02 b       283     1     3
 -1.7905344976472601E+00 b       284     1     4
  1.7162399961850174E+00 b       285     1     5
  3.3116436338814020E-01 b       286     1     6
 -2.0661909635338879E-01 b       287     1     7
  1.3637995825321461E+00 b       288     1     8
  5.8872645808817692E-01 b       289     1     9
 -1.7734548934386665E+00 b       290     1    10
  1.3968633375334401E+00 b       291     1    11
  1.4394122801530318E+00 b       292     1    12
  9.6781073228581027E-01 b       293     1    13
  8.5178240731817279E-01 b       294     1    14
 -2.0667432602263505E-01 b       295     1    15
  9.4775626046559613E-01 b       296     1    16
 -5.2604370631442510E-01 b       297     1    17
 -7.7134514386180675E-01 b       298     1    18
  1.7180483017990908E+00 b       299     1    19
  1.9010387983670871E+00 b       300     1    20
 -3.3618775731555078E-01 a       301     1     1     2     1
 -3.4378841567708901E-01 a       302     1     1     2     2
  4.1049278992860250E-01 a       303     1     1     2     3
  7.3575922471008892E-01 a       304     1     1     2     4
 -4.4065463855614989E-01 a       305     1     1     2     5
  5.4173996823674408E-01 a       306     1     1     2     6
  2.2170351332339228E-01 a       307     1     1     2     7
  2.1248868984224337E-01 a       308     1     1     2     8
  3.2514526336405480E-01 a       309     1     1     2     9
 -1.6949772652157558E-01 a       310     1     1     2    10
  2.7179891563321240E-01 a       311     1     1     2    11
  1.2623197890032259E-01 a       312     1     1     2    12
  3.1986320744902125E-01 a       313     1     1     2    13
 -3.6867727017619167E-01 a       314     1     1     2    14
  4.4668368633533723E-01 a       315     1     1     2    15
 -2.8136153894606636E-01 a       316     1     1     2    16
  2.8569202419652956E-01 a       317     1     1     2    17
  1.8977909153951800E-01 a       318     1     1     2    18
 -1.7545121979225323E-01 a       319     1     1     2    19
  6.0650701411855668E-01 a       320     1     1     2    20
  6.5886059680049769E-01 a       321     1     2     2     1
 -2.3317603497342990E-01 a       322     1     2     2     2
  2.9861647022333593E-01 a       323     1     2     2     3
 -1.0113407901134679E-01 a       324     1     2     2     4
  4.8512131641012361E-02 a       325     1     2     2     5
  9.3405312223305101E-02 a       326     1     2     2     6
 -2.9868550662088611E-01 a       327     1     2     2     7
 -2.4624423160842440E-01 a       328     1     2     2     8
  4.7175314285226322E-01 a       329     1     2     2     9
  5.0854971604046206E-01 a       330     1     2     2    10
  5.8035661726517351E-01 a       331     1     2     2    11
  5.2941771113827418E-01 a       332     1     2     2    12
  5.5217226282585663E-01 a       333     1     2     2    13
 -4.6436938460936322E-01 a       334     1     2     2    14
 -4.3136529744649615E-01 a       335     1     2     2    15
  1.1110352859805213E-01 a       336     1     2     2    16
  2.2416324280892444E-01 a       337     1     2     2    17
  6.0570134207046700E-01 a       338     1     2     2    18
 -5.0141263778388911E-01 a       339     1     2     2    19
  1.7475382128005243E-01 a       340     1     2     2    20
  3.6106489899081956E-01 a       341     1     3     2     1
  4.1316563085679142E-01 a       342     1     3     2     2
  2.7130945117171135E-01 a       343     1     3     2     3
 -2.3309101683443267E-01 a       344     1     3     2     4
 -3.4348016958803357E-01 a       345     1     3     2     5
  1.3222037378979945E-01 a       346     1     3     2     6
 -7.8372665454531643E-02 a       347     1     3     2     7
  1.9477807652255130E-01 a       348     1     3     2     8
 -4.4147309424446790E-01 a       349     1     3     2     9
  4.7788391108702859E-02 a       350     1     3     2    10
 -5.1840439602646469E-02 a       351     1     3     2    11
 -1.8754221684972294E-01 a       352     1     3     2    12
  1.0109230152134234E-01 a       353     1     3     2    13
  5.2649705355453325E-01 a       354     1     3     2    14
 -2.3082038655986287E-01 a       355     1     3     2    15
 -2.1987212677766732E-01 a       356     1     3     2    16
 -3.6165687890049016E-02 a       357     1     3     2    17
  2.6639968411443599E-01 a       358     1     3     2    18
 -4.7641226636017708E-01 a       359     1     3     2    19
  1.2681853253528091E-01 a       360     1     3     2    20
 -4.8366222332324948E-01 a       361     1     4     2     1
 -4.3596465153138730E-01 a       362     1     4     2     2
 -1.8350313941860236E-01 a       363     1     4     2     3
  6.7101340463502857E-01 a       364     1     4     2     4
 -3.8633319847326375E-01 a       365     1     4     2     5
  3.6118268337085024E-01 a       366     1     4     2     6
 -3.8779950708912569E-01 a       367     1     4     2     7
  4.1440966434868504E-01 a       368     1     4     2     8
  5.3343862622460395E-02 a       369     1     4     2     9
  5.0858110854867367E-01 a       370     1     4     2    10
 -2.5161125476895618E-01 a       371     1     4     2    11
  4.0124255351903237E-01 a       372     1     4     2    12
  2.4236518909421337E-01 a       373     1     4     2    13
  1.4815562878032104E-01 a       374     1     4     2    14
  9.7395842591018814E-02 a       375     1     4     2    15
  3.0343172200112162E-01 a       376     1     4     2    16
  1.6741421290122629E-01 a       377     1     4     2    17
  4.3779661476592929E-01 a       378     1     4     2    18
  1.1978386068455001E-02 a       379     1     4     2    19
  4.8631051909421835E-01 a       380     1     4     2    20
 -4.7606064168774037E-01 a       381     1     5     2     1
 -2.8594353176899556E-01 a       382     1     5     2     2
  2.6114417182481653E-01 a       383     1     5     2     3
 -2.0853357665648140E-01 a       384     1     5     2     4
 -1.6410109632706810E-01 a       385     1     5     2     5
  6.5676241278538361E-01 a       386     1     5     2     6
 -4.6684102288916909E-02 a       387     1     5     2     7
  5.4099189463510089E-01 a       388     1     5     2     8
 -5.0102650271930527E-01 a       389     1     5     2     9
  3.6876020100121015E-01 a       390     1     5     2    10
 -1.4362584532146169E-01 a       391     1     5     2    11
  6.0988782800817787E-01 a       392     1     5     2    12
 -2.0859984052378996E-01 a       393     1     5     2    13
 -1.0448980626400146E-01 a       394     1     5     2    14
  1.2865556665591391E-01 a       395     1     5     2    15
 -4.5082279856816176E-01 a       396     1     5     2    16
 -4.5263727539920978E-01 a       397     1     5     2    17
 -2.1138291352838404E-01 a       398     1     5     2    18
 -6.3602993544169914E-02 a       399     1     5     2    19
 -1.5366490870277677E-01 a       400     1     5     2    20
 -3.0798840061026611E-01 a       401     1     6     2     1
  1.4129653921306454E-01 a       402     1     6     2     2
 -3.3259520416398969E-01 a       403     1     6     2     3
 -5.6689933441782048E-01 a       404     1     6     2     4
  1.7391757649523257E-01 a       405     1     6     2     5
 -6.0075471667896296E-01 a       406     1     6     2     6
 -1.7883259136452814E-01 a       407     1     6     2     7
 -4.1276675404126617E-01 a       408     1     6     2     8
  4.4956886251055167E-01 a       409     1     6     2     9
 -2.8262222779220625E-01 a       410     1     6     2    10
  4.5349358718718114E-01 a       411     1     6     2    11
 -4.1618726856045363E-01 a       412     1     6     2    12
  4.1793660686496342E-01 a       413     1     6     2    13
  6.4824043389148600E-02 a       414     1     6     2    14
 -5.9274318199010789E-01 a       415     1     6     2    15
  2.2222681950635928E-01 a       416     1     6     2    16
  4.0320763077628352E-01 a       417     1     6     2    17
 -2.8982212330354851E-01 a       418     1     6     2    18
  2.6612030804322823E-01 a       419     1     6     2    19
 -1.1749595377549690E-01 a       420     1     6     2    20
 -8.9534820279812702E-02 a       421     1     7     2     1
 -3.0920486577955553E-01 a       422     1     7     2     2
  2.6231415264738561E-01 a       423     1     7     2     3
  7.7375623068668659E-02 a       424     1     7     2     4
 -5.5459038985914610E-01 a       425     1     7     2     5
  9.1534737584508322E-02 a       426     1     7     2     6
  2.1101094855427729E-01 a       427     1     7     2     7
  4.8164481980220386E-02 a       428     1     7     2     8
  2.9481609523804186E-01 a       429     1     7     2     9
  3.2183664336477041E-01 a       430     1     7     2    10
 -1.8912759084984346E-01 a       431     1     7     2    11
 -6.2123300719155772E-01 a       432     1     7     2    12
  1.8071242586182670E-02 a       433     1     7     2    13
 -4.5373024772551070E-02 a       434     1     7     2    14
 -2.8212976778457638E-01 a       435     1     7     2    15
 -1.0875311971108451E-01 a       436     1     7     2    16
 -1.8951543892915609E-01 a       437     1     7     2    17
 -4.2834433462582344E-01 a       438     1     7     2    18
 -1.5803436713442834E-01 a       439     1     7     2    19
  5.4224932476050547E-01 a       440     1     7     2    20
  2.3370840603002976E-01 a       441     1     8     2     1
 -3.3295125101686435E-01 a       442     1     8     2     2
  4.4225111359041563E-01 a       443     1     8     2     3
 -4.4286610537837570E-02 a       444     1     8     2     4
  6.4083660673817766E-01 a       445     1     8     2     5
 -4.6749844079110070E-01 a       446     1     8     2     6
  2.2053777971587205E-01 a       447     1     8     2     7
  2.6573866771517307E-01 a       448     1     8     2     8
  4.3218540171129644E-01 a       449     1     8     2     9
  8.5137412537794527E-02 a       450     1     8     2    10
  2.5986381490346488E-01 a       451     1     8     2    11
 -4.7690096262381597E-02 a       452     1     8     2    12
  2.8721176721608066E-02 a       453     1     8     2    13
  4.0801926454511123E-01 a       454     1     8     2    14
 -1.9608694537224319E-01 a       455     1     8     2    15
  2.5908047415782687E-01 a       456     1     8     2    16
 -1.5972697424257820E-01 a       457     1     8     2    17
  6.1379122766242700E-01 a       458     1     8     2    18
 -5.0449107277742611E-01 a       459     1     8     2    19
 -4.4906009182060674E-01 a       460     1     8     2    20
  4.9329305084164832E-01 a       461     1     9     2     1
 -2.8330930514020525E-01 a       462     1     9     2     2
  4.0513634404407811E-01 a       463     1     9     2     3
 -4.9209751551540032E-01 a       464     1     9     2     4
  3.9467099840574449E-01 a       465     1     9     2     5
 -1.1703599513207859E-01 a       466     1     9     2     6
 -2.3002819482227732E-01 a       467     1     9     2     7
  4.5231868758775529E-01 a       468     1     9     2     8
 -2.4192157643069734E-01 a       469     1     9     2     9
 -4.3316747458125754E-01 a       470     1     9     2    10
  1.3129933524957796E-01 a       471     1     9     2    11
  2.3471519792704043E-01 a       472     1     9     2    12
 -1.7852087480465582E-03 a       473     1     9     2    13
 -3.0785043337318846E-01 a       474     1     9     2    14
  3.3953352084598926E-01 a       475     1     9     2    15
  5.1231053762719136E-01 a       476     1     9     2    16
 -1.0011924143206644E-01 a       477     1     9     2    17
 -2.6174194768538842E-03 a       478     1     9     2    18
  1.4575449855272946E-01 a       479     1     9     2    19
 -7.7930828811575759E-02 a       480     1     9     2    20
  1.3377036212870957E-01 a       481     1    10     2     1
  3.7055381576997848E-01 a       482     1    10     2     2
 -7.9340692169318897E-02 a       483     1    10     2     3
  7.3315298860527711E-01 a       484     1    10     2     4
 -3.3778299781314036E-01 a       485     1    10     2     5
  3.5602926105961850E-02 a       486     1    10     2     6
 -3.8686803292979460E-01 a       487     1    10     2     7
  4.7899932447217403E-01 a       488     1    10     2     8
  4.1713262660624351E-01 a       489     1    10     2     9
  2.5033940206171873E-01 a       490     1    10     2    10
 -3.3938297965101540E-02 a       491     1    10     2    11
 -3.4758642550501573E-01 a       492     1    10     2    12
 -1.5742732509403945E-01 a       493     1    10     2    13
  3.2931650362559056E-01 a       494     1    10     2    14
 -4.3585090866666204E-01 a       495     1    10     2    15
 -3.7400381789831744E-01 a       496     1    10     2    16
 -1.9964954561963258E-01 a       497     1    10     2    17
  9.8497894774120590E-02 a       498     1    10     2    18
  5.1213201705462161E-02 a       499     1    10     2    19
 -4.3519806841867892E-01 a       500     1    10     2    20
 -4.0598524290922361E-01 a       501     1    11     2     1
  4.8599640157514257E-01 a       502     1    11     2     2
 -3.5418509111013791E-01 a       503     1    11     2     3
  3.0225429046852392E-01 a       504     1    11     2     4
  6.0980406713130841E-01 a       505     1    11     2     5
 -6.2819899910173693E-01 a       506     1    11     2     6
  4.7392730299768204E-01 a       507     1    11     2     7
  1.5686486126939847E-01 a       508     1    11     2     8
 -5.3941134371123134E-01 a       509     1    11     2     9
  4.4316512893600241E-01 a       510     1    11     2    10
  5.1324483678288024E-01 a       511     1    11     2    11
  1.2912537447624103E-01 a       512     1    11     2    12
 -4.3147126166534888E-01 a       513     1    11     2    13
 -6.8612799033585148E-01 a       514     1    11     2    14
  4.8741250300754657E-01 a       515     1    11     2    15
 -3.8375035772280247E-01 a       516     1    11     2    16
 -4.2835987080438365E-01 a       517     1    11     2    17
  1.8836528684291595E-01 a       518     1    11     2    18
 -1.7509988379130156E-01 a       519     1    11     2    19
  3.1230727593402441E-01 a       520     1    11     2    20
 -7.0517947099955125E-01 a       521     1    12     2     1
 -4.1826595829892045E-02 a       522     1    12     2     2
  5.1108928346234084E-01 a       523     1    12     2     3
  4.3426333093366604E-01 a       524     1    12     2     4
 -2.5798688888494398E-01 a       525     1    12     2     5
  1.5571578334031522E-01 a       526     1    12     2     6
 -5.6318040579872586E-01 a       527     1    12     2     7
  4.0082140560374163E-01 a       528     1    12     2     8
  5.6426767341610362E-01 a       529     1    12     2     9
 -4.7498196643899915E-01 a       530     1    12     2    10
  5.1041910727089290E-01 a       531     1    12     2    11
  3.8335052378443885E-01 a       532     1    12     2    12
 -1.7606087063357903E-01 a       533     1    12     2    13
 -1.6281510824677201E-01 a       534     1    12     2    14
  5.0091883190870157E-01 a       535     1    12     2    15
  2.7307363770732569E-02 a       536     1    12     2    16
 -2.6163868026800002E-01 a       537     1    12     2    17
 -8.3310155286792142E-01 a       538     1    12     2    18
 -5.1428290269751353E-01 a       539     1    12     2    19
 -6.0134368412828113E-02 a       540     1    12     2    20
  2.0377480919034571E-02 a       541     1    13     2     1
 -1.5591734177778088E-01 a       542     1    13     2     2
 -3.0754417819279961E-01 a       543     1    13     2     3
  4.8932654660214053E-01 a       544     1    13     2     4
 -9.1246430241960733E-02 a       545     1    13     2     5
 -2.8004570429234948E-01 a       546     1    13     2     6
 -3.8885713216216095E-01 a       547     1    13     2     7
 -2.8971519015065261E-01 a       548     1    13     2     8
 -3.3863287907096545E-01 a       549     1    13     2     9
 -8.6160396893382576E-02 a       550     1    13     2    10
 -8.2832441586961819E-02 a       551     1    13     2    11
  2.2930434912463191E-01 a       552     1    13     2    12
 -3.1773322710058127E-01 a       553     1    13     2    13
  3.7103759691888429E-02 a       554     1    13     2    14
 -3.8091562039898857E-01 a       555     1    13     2    15
  2.1721285726097156E-01 a       556     1    13     2    16
  1.2426165789276780E-01 a       557     1    13     2    17
  2.0596299040373911E-01 a       558     1    13     2    18
 -4.6169770745772996E-03 a       559     1    13     2    19
 -5.2667730024689619E-01 a       560     1    13     2    20
 -6.3061157944567195E-02 a       561     1    14     2     1
 -6.0966112120572617E-02 a       562     1    14     2     2
  3.9342094250363352E-01 a       563     1    14     2     3
  6.6484138902511897E-02 a       564     1    14     2     4
 -2.3409301761662113E-01 a       565     1    14     2     5
  3.7482255442520596E-01 a       566     1    14     2     6
  4.8077991890146526E-01 a       567     1    14     2     7
 -1.5891437422374846E-01 a       568     1    14     2     8
 -3.6235591815173579E-01 a       569     1    14     2     9
  1.4725430365813608E-01 a       570     1    14     2    10
 -1.0591010535522001E+00 a       571     1    14     2    11
  6.1218184908774265E-01 a       572     1    14     2    12
 -4.1041119512762120E-01 a       573     1    14     2    13
 -7.6908607995858125E-01 a       574     1    14     2    14
 -5.0187188961692153E-01 a       575     1    14     2    15
  1.5142660614011608E-01 a       576     1    14     2    16
 -1.6121221146200457E-01 a       577     1    14     2    17
  4.9478332044684131E-01 a       578     1    14     2    18
 -7.8673340437317019E-01 a       579     1    14     2    19
 -2.6618087583555161E-01 a       580     1    14     2    20
  1.3758411931380049E-01 a       581     1    15     2     1
 -1.2943430508200978E-02 a       582     1    15     2     2
  1.1086637294712094E-01 a       583     1    15     2     3
 -3.4664840918145751E-01 a       584     1    15     2     4
 -1.0955536909153554E-01 a       585     1    15     2     5
  4.1163128094296508E-01 a       586     1    15     2     6
  1.4426909350074685E-01 a       587     1    15     2     7
 -3.0239208173754140E-01 a       588     1    15     2     8
 -3.1420928624926031E-01 a       589     1    15     2     9
 -1.6048968328674515E-01 a       590     1    15     2    10
  3.1721540859506425E-01 a       591     1    15     2    11
  6.1209666495005310E-02 a       592     1    15     2    12
  2.5877314462101980E-01 a       593     1    15     2    13
  2.1829519201563191E-01 a       594     1    15     2    14
  1.4051171065278650E-01 a       595     1    15     2    15
  1.9764481378104692E-01 a       596     1    15     2    16
 -5.2616683054092672E-01 a       597     1    15     2    17
  2.8813660498508686E-01 a       598     1    15     2    18
 -1.8118535941409278E-01 a       599     1    15     2    19
  9.2306421596921234E-02 a       600     1    15     2    20
 -3.7459283436006191E-01 a       601     1    16     2     1
  1.6618244393766704E-01 a       602     1    16     2     2
 -4.4991775170504700E-01 a       603     1    16     2     3
 -1.1867724290786628E-01 a       604     1    16     2     4
 -5.8487779578385735E-01 a       605     1    16     2     5
  8.5300670312263432E-02 a       606     1    16     2     6
 -5.6285275555243985E-02 a       607     1    16     2     7
 -2.0712315847853160E-01 a       608     1    16     2     8
 -1.9232817710848019E-01 a       609     1    16     2     9
 -6.7575505540520675E-01 a       610     1    16     2    10
  2.2514285526782038E-01 a       611     1    16     2    11
  5.0406466756771962E-01 a       612     1    16     2    12
  3.9359714920552458E-01 a       613     1    16     2    13
  4.3022214494279548E-01 a       614     1    16     2    14
 -7.5586554516759941E-02 a       615     1    16     2    15
 -3.2606282241603624E-01 a       616     1    16     2    16
  5.2996333879541252E-02 a       617     1    16     2    17
  8.0408997051412048E-03 a       618     1    16     2    18
  4.6703249548888270E-01 a       619     1    16     2    19
 -1.2900312600418209E-01 a       620     1    16     2    20
  7.0039944031064039E-01 a       621     1    17     2     1
 -3.1563926480654603E-01 a       622     1    17     2     2
  2.8443537514324824E-02 a       623     1    17     2     3
 -1.7643813296551649E-02 a       624     1    17     2     4
 -1.2932148899322993E-01 a       625     1    17     2     5
 -1.7464297803008696E-01 a       626     1    17     2     6
  3.5848472301990564E-01 a       627     1    17     2     7
 -4.2243371143781422E-01 a       628     1    17     2     8
  1.2128064758497908E-02 a       629     1    17     2     9
 -2.6444068004948179E-01 a       630     1    17     2    10
 -8.6574364331694198E-01 a       631     1    17     2    11
  1.1788516764613569E-01 a       632     1    17     2    12
  4.2411150647928303E-01 a       633     1    17     2    13
  1.9610764435673991E-01 a       634     1    17     2    14
 -4.1891253778059856E-01 a       635     1    17     2    15
 -3.3483921950244527E-01 a       636     1    17     2    16
  1.1855419302677588E-01 a       637     1    17     2    17
  4.4342394939096763E-01 a       638     1    17     2    18
 -3.0654530179115841E-01 a       639     1    17     2    19
  5.0057201393875039E-01 a       640     1    17     2    20
  3.3122688631227186E-02 a       641     1    18     2     1
 -1.5920627534405499E-01 a       642     1    18     2     2
 -1.3808770046677601E-01 a       643     1    18     2     3
  5.3611471151219581E-01 a       644     1    18     2     4
  4.2927340164160055E-01 a       645     1    18     2     5
 -4.0212148619767218E-01 a       646     1    18     2     6
  8.2242652778460018E-02 a       647     1    18     2     7
  1.2081262593153727E-01 a       648     1    18     2     8
 -1.3050332855583105E-01 a       649     1    18     2     9
 -2.6186079648989929E-01 a       650     1    18     2    10
 -8.6293641287439482E-01 a       651     1    18     2    11
 -3.6767803186352595E-02 a       652     1    18     2    12
 -5.0471619874445484E-01 a       653     1    18     2    13
 -2.3441322430428221E-01 a       654     1    18     2    14
  7.7829769813377025E-02 a       655     1    18     2    15
  5.5388515872421606E-01 a       656     1    18     2    16
  3.9539923022755447E-01 a       657     1    18     2    17
  2.9777114413834033E-01 a       658     1    18     2    18
  3.1175311503347312E-02 a       659     1    18     2    19
  3.2121955125912754E-01 a       660     1    18     2    20
 -5.9157279688306863E-01 a       661     1    19     2     1
 -4.1923572133397280E-01 a       662     1    19     2     2
 -1.9069918973847949E-01 a       663     1    19     2     3
 -2.4622216219283971E-01 a       664     1    19     2     4
 -4.9520554484779039E-01 a       665     1    19     2     5
  5.4472616432586263E-01 a       666     1    19     2     6
  5.9430065225416540E-01 a       667     1    19     2     7
  2.5610575826243687E-01 a       668     1    19     2     8
  5.3218620764787505E-01 a       669     1    19     2     9
  6.1418257816836117E-02 a       670     1    19     2    10
  4.7492748789445288E-01 a       671     1    19     2    11
  4.3686016599084221E-01 a       672     1    19     2    12
  3.8613431787900704E-01 a       673     1    19     2    13
 -2.2586368612655652E-01 a       674     1    19     2    14
  1.7473135515181323E-01 a       675     1    19     2    15
  3.5155382368877797E-01 a       676     1    19     2    16
 -4.7485371090066825E-01 a       677     1    19     2    17
  1.9643124521051214E-01 a       678     1    19     2    18
 -1.2834289587308970E-01 a       679     1    19     2    19
  4.8880259013022276E-01 a       680     1    19     2    20
  3.3060546071312169E-01 a       681     1    20     2     1
 -6.1101614626147471E-01 a       682     1    20     2     2
 -1.2666709137529161E-01 a       683     1    20     2     3
 -1.3795759657798631E-01 a       684     1    20     2     4
  2.4682002678714145E-02 a       685     1    20     2     5
 -3.7917729537732264E-01 a       686     1    20     2     6
  4.5067982215638269E-01 a       687     1    20     2     7
 -8.1377133075868455E-02 a       688     1    20     2     8
  3.8837331828773325E-01 a       689     1    20     2     9
  1.2905110321784441E-01 a       690     1    20     2    10
 -4.4366698813564094E-02 a       691     1    20     2    11
 -2.0653604770219278E-01 a       692     1    20     2    12
  1.6373207248400015E-01 a       693     1    20     2    13
  4.6545238777161241E-01 a       694     1    20     2    14
 -1.6826260688309672E-01 a       695     1    20     2    15
  3.5548554909180563E-01 a       696     1    20     2    16
  3.5301460471109186E-01 a       697     1    20     2    17
  6.6594324004946670E-01 a       698     1    20     2    18
  2.0770443965425903E-01 a       699     1    20     2    19
 -1.0498262679423315E-01 a       700     1    20     2    20
 -9.2596593472248756E-01 b       701     2     1
  1.1265672548691030E+00 b       702     2     2
  1.2378252748068587E-01 b       703     2     3
 -1.1846600315510523E+00 b       704     2     4
 -2.4875529396298710E-01 b       705     2     5
 -1.1696008869506493E+00 b       706     2     6
 -1.3702192558953039E+00 b       707     2     7
  1.2133140047588278E+00 b       708     2     8
 -7.3926199334166465E-01 b       709     2     9
  8.9915666509492020E-01 b       710     2    10
 -2.6780646990766065E-02 b       711     2    11
 -1.1157972109384251E+00 b       712     2    12
 -2.0101309631214845E-01 b       713     2    13
 -1.5649670509469362E+00 b       714     2    14
 -1.2418846734751992E+00 b       715     2    15
  8.6588871797345524E-01 b       716     2    16
  8.0386618604237137E-01 b       717     2    17
 -2.0341628693839056E-02 b       718     2    18
  4.3357232472241053E-01 b       719     2    19
 -2.1561654478176859E-01 b       720     2    20
  3.2629515297037764E-01 a       721     2     1     3     1
  2.3504911564016442E-01 a       722     2     2     3     1
  9.1807128596862941E-01 a       723     2     3     3     1
 -4.5427299119863918E-01 a       724     2     4     3     1
  3.5689388031586576E-02 a       725     2     5     3     1
  7.1871982132474466E-01 a       726     2     6     3     1
 -3.6261025411411824E-01 a       727     2     7     3     1
 -9.2342681085401279E-01 a       728     2     8     3     1
  6.0148188054106055E-01 a       729     2     9     3     1
 -7.9453115885557410E-02 a       730     2    10     3     1
  7.2849009940688148E-01 a       731     2    11     3     1
 -5.1600886091484799E-01 a       732     2    12     3     1
 -3.9678719310984445E-01 a       733     2    13     3     1
 -4.0288284868414459E-01 a       734     2    14     3     1
 -4.2130907478785329E-01 a       735     2    15     3     1
 -1.0681506691752567E+00 a       736     2    16     3     1
 -2.8401035351586335E-01 a       737     2    17     3     1
  5.2975255381053277E-01 a       738     2    18     3     1
  1.0280896956829670E+00 a       739     2    19     3     1
  5.6685983008492320E-02 a       740     2    20     3     1
  3.6897216285532580E-01 b       741     3     1
