################################################################################
# Neural network connection values (weights and biases).
################################################################################
# Col  Name       Description
################################################################################
# 1    connection Neural network connection value.
# 2    t          Connection type (a = weight, b = bias).
# 3    index      Index enumerating weights.
# 4    l_s        Starting point layer (end point layer for biases).
# 5    n_s        Starting point neuron in starting layer (end point neuron for biases).
# 6    l_e        End point layer.
# 7    n_e        End point neuron in end layer.
################################################################################
#                      1 2         3     4     5     6     7
#             connection t     index   l_s   n_s   l_e   n_e
############################################################
  3.0466080884267022E-01 a         1     0     1     1     1
  1.2228496627496480E-01 a         2     0     1     1     2
  2.9906169093331775E-01 a         3     0     1     1     3
 -1.0720305639212761E-01 a         4     0     1     1     4
 -6.0915814683389768E-01 a         5     0     1     1     5
 -4.7109175422942767E-01 a         6     0     1     1     6
 -8.3219852563328911E-01 a         7     0     1     1     7
  6.2100671181360156E-01 a         8     0     1     1     8
 -1.2818995475007330E-01 a         9     0     1     1     9
  6.2911263758634628E-01 a        10     0     1     1    10
  2.3947590114470280E-01 a        11     0     1     1    11
 -3.0962634674077216E-01 a        12     0     1     1    12
  5.0684009193623501E-02 a        13     0     1     1    13
  8.3323688915262895E-01 a        14     0     1     1    14
  3.3479367104405700E-01 a        15     0     1     1    15
  2.9670127983065370E-01 a        16     0     1     1    16
  9.7127936245186175E-01 a        17     0     1     1    17
 -8.3824937168205127E-01 a        18     0     1     1    18
 -4.8158079076033034E-01 a        19     0     1     1    19
  3.8597714952463412E-02 a        20     0     1     1    20
  3.6032232047396251E-02 a        21     0     2     1     1
  1.2369428253829791E-01 a        22     0     2     1     2
 -1.5670866859970795E-01 a        23     0     2     1     3
 -3.4908200571531267E-01 a        24     0     2     1     4
 -5.3382330675886460E-03 a        25     0     2     1     5
 -8.8662839365873006E-02 a        26     0     2     1     6
 -3.1844701218644195E-01 a        27     0     2     1     7
 -5.0444297766686108E-01 a        28     0     2     1     8
 -3.8659519647016638E-01 a        29     0     2     1     9
  4.9727042295105311E-01 a        30     0     2     1    10
  1.9366185333897809E-01 a        31     0     2     1    11
 -1.0917440568792064E-01 a        32     0     2     1    12
 -1.0512268405945537E-01 a        33     0     2     1    13
 -4.9821525294223179E-01 a        34     0     2     1    14
  4.4432263754740248E-01 a        35     0     2     1    15
  1.0432218722613522E-01 a        36     0     2     1    16
  2.6362049799244676E-02 a        37     0     2     1    17
  6.5115302192435998E-01 a        38     0     2     1    18
 -3.8796934237541553E-01 a        39     0     2     1    19
  4.9914883141887467E-01 a        40     0     2     1    20
 -2.6586739986749663E-01 a        41     0     3     1     1
  7.1673844525984420E-01 a        42     0     3     1     2
 -6.2662420728845106E-02 a        43     0     3     1     3
 -1.8916660819794266E-02 a        44     0     3     1     4
  9.1493530659934527E-02 a        45     0     3     1     5
 -1.7526939316988269E-01 a        46     0     3     1     6
 -4.6064732147163709E-02 a        47     0     3     1     7
 -1.0138694984710243E-01 a        48     0     3     1     8
  1.8417136919273830E-01 a        49     0     3     1     9
  1.6827851214723286E-01 a        50     0     3     1    10
  5.4141017522793766E-01 a        51     0     3     1    11
  6.7292546507842865E-01 a        52     0     3     1    12
 -1.7012918643346567E-01 a        53     0     3     1    13
  5.3876373903138430E-01 a        54     0     3     1    14
 -7.4379799252342138E-01 a        55     0     3     1    15
  1.0995165255192156E+00 a        56     0     3     1    16
  3.0769564239374586E-01 a        57     0     3     1    17
 -5.0602836120572248E-01 a        58     0     3     1    18
  5.6585204056819405E-01 a        59     0     3     1    19
 -6.0156273531885513E-03 a        60     0     3     1    20
 -6.0056710104770865E-02 a        61     0     4     1     1
 -7.4004929921654772E-01 a        62     0     4     1     2
  9.1180691290229465E-01 a        63     0     4     1     3
  1.1974057468862558E-02 a        64     0     4     1     4
 -3.1308229504743282E-02 a        65     0     4     1     5
  9.1674822611830076E-02 a        66     0     4     1     6
 -7.2879258171212158E-02 a        67     0     4     1     7
 -3.4440295984214597E-01 a        68     0     4     1     8
 -3.1819142328012451E-01 a        69     0     4     1     9
 -4.8436909580114051E-01 a        70     0     4     1    10
 -4.5107980215225235E-01 a        71     0     4     1    11
 -9.3344048863270168E-01 a        72     0     4     1    12
 -6.0875347170339753E-02 a        73     0     4     1    13
 -6.2146726941940544E-01 a        74     0     4     1    14
 -4.2426705325948035E-02 a        75     0     4     1    15
 -8.4863250922215272E-01 a        76     0     4     1    16
  2.3369672432315161E-01 a        77     0     4     1    17
 -4.8482634567130944E-01 a        78     0     4     1    18
  8.7993735990717109E-02 a        79     0     4     1    19
 -1.0576604890739777E-01 a        80     0     4     1    20
 -5.2497386419908576E-01 a        81     0     5     1     1
 -5.4764901563944868E-02 a        82     0     5     1     2
 -8.1707959257863561E-01 a        83     0     5     1     3
  3.6754090626711400E-01 a        84     0     5     1     4
  2.1813856402133300E-01 a        85     0     5     1     5
 -6.7493722812015444E-01 a        86     0     5     1     6
  8.9181278360037786E-01 a        87     0     5     1     7
  6.0188871492260509E-01 a        88     0     5     1     8
 -2.2291863238316309E-01 a        89     0     5     1     9
  7.5501290560332654E-02 a        90     0     5     1    10
 -3.9691598935217731E-01 a        91     0     5     1    11
 -6.0856232524056419E-01 a        92     0     5     1    12
  4.8705726853797399E-01 a        93     0     5     1    13
  7.9895178546658063E-01 a        94     0     5     1    14
 -7.8905153702945291E-02 a        95     0     5     1    15
 -7.5269823915276102E-01 a        96     0     5     1    16
  7.6693015225707739E-01 a        97     0     5     1    17
  3.3317023287348269E-01 a        98     0     5     1    18
 -5.3583959730943775E-01 a        99     0     5     1    19
  1.8585094865783083E-01 a       100     0     5     1    20
  5.9461490539496054E-01 a       101     0     6     1     1
  3.6056695494022617E-01 a       102     0     6     1     2
 -3.2024173327241495E-01 a       103     0     6     1     3
  3.7554998600131179E-01 a       104     0     6     1     4
 -6.1960304126719379E-01 a       105     0     6     1     5
  3.0373391125023352E-01 a       106     0     6     1     6
  3.1416831501754056E-01 a       107     0     6     1     7
 -1.2788665928674539E-01 a       108     0     6     1     8
  1.8470521901868583E-01 a       109     0     6     1     9
 -8.7938209426321845E-01 a       110     0     6     1    10
  5.2108229786716476E-01 a       111     0     6     1    11
 -2.4767408524658774E-01 a       112     0     6     1    12
  4.6300626819855717E-01 a       113     0     6     1    13
 -5.4544017019308688E-01 a       114     0     6     1    14
 -4.7912642012692275E-01 a       115     0     6     1    15
  1.2565130281534390E-01 a       116     0     6     1    16
 -4.4013465075989265E-02 a       117     0     6     1    17
 -7.3626585503679698E-01 a       118     0     6     1    18
 -1.7377565437066636E-01 a       119     0     6     1    19
 -7.7914870009338055E-01 a       120     0     6     1    20
 -1.2067966649528079E+00 a       121     0     7     1     1
  8.9123045695311820E-03 a       122     0     7     1     2
  6.6799146652172903E-01 a       123     0     7     1     3
  9.4137359452775193E-01 a       124     0     7     1     4
  5.2601201173805634E-01 a       125     0     7     1     5
 -4.1782849648929382E-01 a       126     0     7     1     6
  6.4832909299486818E-01 a       127     0     7     1     7
 -1.6871816753361066E-01 a       128     0     7     1     8
  3.4346302062569395E-01 a       129     0     7     1     9
  4.7257100048945183E-01 a       130     0     7     1    10
 -3.6659796921718329E-01 a       131     0     7     1    11
 -2.4379496016066182E-01 a       132     0     7     1    12
 -3.2213346524026903E-01 a       133     0     7     1    13
 -1.3609739532630633E-01 a       134     0     7     1    14
  2.1131307322577189E-02 a       135     0     7     1    15
 -5.9392511735630149E-01 a       136     0     7     1    16
 -7.4395241301244530E-02 a       137     0     7     1    17
  8.0706467045404195E-01 a       138     0     7     1    18
  9.8928762433538167E-02 a       139     0     7     1    19
 -3.7469553017700954E-02 a       140     0     7     1    20
 -2.7534257550028519E-02 a       141     0     8     1     1
 -2.6527824725173277E-01 a       142     0     8     1     2
  1.7535777516292789E-01 a       143     0     8     1     3
 -2.2313346040981491E-01 a       144     0     8     1     4
 -3.8711245287443125E-01 a       145     0     8     1     5
  5.7572298713997749E-01 a       146     0     8     1     6
  6.9119104419885266E-02 a       147     0     8     1     7
 -6.1771880799212836E-02 a       148     0     8     1     8
 -6.9535304342773374E-01 a       149     0     8     1     9
 -5.2359266983229757E-01 a       150     0     8     1    10
  4.7586844520451682E-01 a       151     0     8     1    11
 -6.9279373260962285E-01 a       152     0     8     1    12
 -6.2824125269364661E-01 a       153     0     8     1    13
 -7.1731202545779049E-01 a       154     0     8     1    14
  4.8686066510843379E-01 a       155     0     8     1    15
  9.5360861549148353E-03 a       156     0     8     1    16
  4.6655941826369625E-02 a       157     0     8     1    17
 -5.7380335332127419E-01 a       158     0     8     1    18
  7.1728432414313992E-01 a       159     0     8     1    19
 -6.9136355190060950E-01 a       160     0     8     1    20
 -8.1950920310338937E-01 a       161     0     9     1     1
  4.3661865066883010E-01 a       162     0     9     1     2
  9.6496717535256155E-03 a       163     0     9     1     3
 -1.8804962118152249E-01 a       164     0     9     1     4
  4.5259486901054186E-01 a       165     0     9     1     5
 -6.8961661240609462E-01 a       166     0     9     1     6
 -4.5747543016199660E-01 a       167     0     9     1     7
  8.6608550504420290E-01 a       168     0     9     1     8
  7.5018560087462760E-01 a       169     0     9     1     9
 -1.8198592110110273E-01 a       170     0     9     1    10
 -3.1069037000468713E-01 a       171     0     9     1    11
  4.5347561925271596E-01 a       172     0     9     1    12
  4.7088064128781648E-01 a       173     0     9     1    13
  6.8648966005498135E-01 a       174     0     9     1    14
 -4.7926788949217508E-01 a       175     0     9     1    15
  5.3278909228141358E-01 a       176     0     9     1    16
  6.6170225089619583E-01 a       177     0     9     1    17
 -3.5240502975498261E-01 a       178     0     9     1    18
 -3.2804241028344150E-01 a       179     0     9     1    19
  5.1178653982083555E-01 a       180     0     9     1    20
  4.8263492139741704E-01 a       181     0    10     1     1
  1.3000420737907242E-01 a       182     0    10     1     2
 -5.8351481893698109E-01 a       183     0    10     1     3
 -4.6179641577516417E-01 a       184     0    10     1     4
 -6.6206827766519472E-01 a       185     0    10     1     5
 -3.2862755726298509E-01 a       186     0    10     1     6
 -1.2010801811253988E-01 a       187     0    10     1     7
 -1.1721478926205735E+00 a       188     0    10     1     8
  7.1008293345260390E-02 a       189     0    10     1     9
 -6.3186972968780633E-02 a       190     0    10     1    10
  2.9341048521323621E-01 a       191     0    10     1    11
  2.3994734958031444E-01 a       192     0    10     1    12
  2.2609563372609812E-01 a       193     0    10     1    13
 -5.7418604813012142E-01 a       194     0    10     1    14
 -8.5369528403804951E-01 a       195     0    10     1    15
 -6.4875850536104751E-01 a       196     0    10     1    16
  4.7670336536912061E-01 a       197     0    10     1    17
 -1.1538443400878247E-01 a       198     0    10     1    18
 -3.9978933847407366E-01 a       199     0    10     1    19
 -6.0305814760789911E-01 a       200     0    10     1    20
 -4.2655804307863870E-01 a       201     0    11     1     1
  3.2088784519727189E-03 a       202     0    11     1     2
 -4.7855850461790728E-01 a       203     0    11     1     3
  3.0484739570674835E-01 a       204     0    11     1     4
  3.7141901555975726E-01 a       205     0    11     1     5
 -1.0118932596583233E-01 a       206     0    11     1     6
 -1.3566990227137052E-01 a       207     0    11     1     7
 -2.1359441394557394E-01 a       208     0    11     1     8
 -1.9008836691796444E-01 a       209     0    11     1     9
 -3.2521303588986578E-01 a       210     0    11     1    10
 -1.3755707923236674E-01 a       211     0    11     1    11
  3.7499563336163139E-01 a       212     0    11     1    12
  5.0064343950563883E-01 a       213     0    11     1    13
 -1.7740785621038346E-01 a       214     0    11     1    14
 -3.1789876243087684E-01 a       215     0    11     1    15
 -2.6937568447701857E-02 a       216     0    11     1    16
  3.0608379806859258E-02 a       217     0    11     1    17
  2.0013637096768785E-01 a       218     0    11     1    18
 -2.7058753128070123E-01 a       219     0    11     1    19
  3.5984198449055538E-01 a       220     0    11     1    20
  2.5103008305340435E-01 a       221     0    12     1     1
 -4.8659950743331397E-02 a       222     0    12     1     2
 -6.5661993019584397E-01 a       223     0    12     1     3
 -9.7702052841014145E-02 a       224     0    12     1     4
  8.3601456981896383E-01 a       225     0    12     1     5
 -4.5521719669922092E-02 a       226     0    12     1     6
  2.2135404529390826E-01 a       227     0    12     1     7
  1.0285417635052954E-02 a       228     0    12     1     8
 -3.6645292075907571E-01 a       229     0    12     1     9
 -5.9870860738366161E-01 a       230     0    12     1    10
  2.0364644800378334E-01 a       231     0    12     1    11
 -6.4848390203520068E-01 a       232     0    12     1    12
  1.6546042105401665E-01 a       233     0    12     1    13
  2.5330634969979787E-01 a       234     0    12     1    14
 -7.1295093376243290E-01 a       235     0    12     1    15
 -1.0852907002201849E-01 a       236     0    12     1    16
 -2.3790214266290358E-01 a       237     0    12     1    17
 -1.5041751258742397E-01 a       238     0    12     1    18
  8.1458050288173128E-02 a       239     0    12     1    19
  3.1481871800112621E-01 a       240     0    12     1    20
 -2.9094836171819305E-01 a       241     0    13     1     1
  3.2731787771330867E-01 a       242     0    13     1     2
 -4.0433519495890941E-01 a       243     0    13     1     3
 -4.7174462365935366E-02 a       244     0    13     1     4
 -5.6809815739993408E-01 a       245     0    13     1     5
 -3.2341090373859133E-01 a       246     0    13     1     6
  3.1228506055100691E-01 a       247     0    13     1     7
 -5.5851312432386752E-02 a       248     0    13     1     8
 -2.9371105145327373E-02 a       249     0    13     1     9
 -7.8323799985300493E-02 a       250     0    13     1    10
  3.8500086633456915E-01 a       251     0    13     1    11
 -3.0257271333480484E-01 a       252     0    13     1    12
 -4.8396340897785950E-01 a       253     0    13     1    13
 -1.5822659686936960E-01 a       254     0    13     1    14
  3.6501587697904586E-01 a       255     0    13     1    15
  2.9544640206294032E-01 a       256     0    13     1    16
 -1.3449028744640482E-01 a       257     0    13     1    17
 -7.6299829920064760E-02 a       258     0    13     1    18
  5.1651550952297398E-01 a       259     0    13     1    19
 -4.4875840374944304E-01 a       260     0    13     1    20
 -4.2057542552593211E-02 a       261     0    14     1     1
 -5.4537882996176978E-01 a       262     0    14     1     2
 -3.3009812634486102E-01 a       263     0    14     1     3
 -3.7432028228084491E-01 a       264     0    14     1     4
  6.9284593165476593E-01 a       265     0    14     1     5
  1.4331685584043763E-01 a       266     0    14     1     6
  1.2194166552211519E-02 a       267     0    14     1     7
 -3.7348821798813381E-02 a       268     0    14     1     8
 -3.0058425035762010E-01 a       269     0    14     1     9
  6.6661814750445013E-03 a       270     0    14     1    10
  5.4438895261586288E-02 a       271     0    14     1    11
  2.1815413520400305E-02 a       272     0    14     1    12
  4.8302561606611188E-01 a       273     0    14     1    13
 -3.2989257565729196E-01 a       274     0    14     1    14
  5.3887220374169620E-01 a       275     0    14     1    15
 -7.3320805787909712E-03 a       276     0    14     1    16
 -1.9094209245474586E-01 a       277     0    14     1    17
  1.5973112273548543E-01 a       278     0    14     1    18
  2.2785258431749177E-02 a       279     0    14     1    19
  2.2314508468443797E-01 a       280     0    14     1    20
  3.0470937994042675E-02 b       281     1     1
  1.0237773085109028E+00 b       282     1     2
  1.0781185648329829E-01 b       283     1     3
 -1.7417558137755360E+00 b       284     1     4
  1.7383845673368923E+00 b       285     1     5
  3.4538889804222150E-01 b       286     1     6
 -2.0885495132842163E-01 b       287     1     7
  1.3789609199706401E+00 b       288     1     8
  5.7346671424231199E-01 b       289     1     9
 -1.7643174834500499E+00 b       290     1    10
  1.4128145535419550E+00 b       291     1    11
  1.4327031859511041E+00 b       292     1    12
  9.5945792154320453E-01 b       293     1    13
  8.6696927363006515E-01 b       294     1    14
 -1.7938321997416432E-01 b       295     1    15
  9.3279387120783641E-01 b       296     1    16
 -5.4546256610000010E-01 b       297     1    17
 -7.4317619071987018E-01 b       298     1    18
  1.7025786949885284E+00 b       299     1    19
  1.8850550040991163E+00 b       300     1    20
 -4.0460883923310764E-01 a       301     1     1     2     1
 -3.5273864031282465E-01 a       302     1     1     2     2
  4.6583549597250512E-01 a       303     1     1     2     3
  8.7886444588276702E-01 a       304     1     1     2     4
 -4.6207265823032440E-01 a       305     1     1     2     5
  5.9481585424351313E-01 a       306     1     1     2     6
  2.5092335471078137E-01 a       307     1     1     2     7
  2.9148036217867163E-01 a       308     1     1     2     8
  3.4077558735031349E-01 a       309     1     1     2     9
 -2.2847525515907299E-01 a       310     1     1     2    10
  4.3544114424644925E-01 a       311     1     1     2    11
  1.4189220743095263E-01 a       312     1     1     2    12
  3.2545885184190965E-01 a       313     1     1     2    13
 -2.2781442830153562E-01 a       314     1     1     2    14
  4.6982733610059613E-01 a       315     1     1     2    15
 -3.0588155007888490E-01 a       316     1     1     2    16
  2.5802260156712165E-01 a       317     1     1     2    17
  1.1318910435825044E-01 a       318     1     1     2    18
 -1.5567988076883171E-01 a       319     1     1     2    19
  6.2483301320145235E-01 a       320     1     1     2    20
  7.5430423390209134E-01 a       321     1     2     2     1
 -3.3066623865766770E-01 a       322     1     2     2     2
  2.8406970128406950E-01 a       323     1     2     2     3
 -1.3438939631895841E-01 a       324     1     2     2     4
  1.1390634143892184E-01 a       325     1     2     2     5
  1.5013709015606544E-02 a       326     1     2     2     6
 -2.0591853662881698E-01 a       327     1     2     2     7
 -1.7751965563639185E-01 a       328     1     2     2     8
  6.3568555925520553E-01 a       329     1     2     2     9
  3.7484516872831863E-01 a       330     1     2     2    10
  6.7839548767190350E-01 a       331     1     2     2    11
  6.4029216317043547E-01 a       332     1     2     2    12
  4.9554060694767255E-01 a       333     1     2     2    13
 -4.7495969670104848E-01 a       334     1     2     2    14
 -5.3808010857848543E-01 a       335     1     2     2    15
  2.1493908516217047E-01 a       336     1     2     2    16
  1.7586120311894027E-01 a       337     1     2     2    17
  5.5448390888274413E-01 a       338     1     2     2    18
 -4.9499243813049626E-01 a       339     1     2     2    19
  1.3961924192167455E-01 a       340     1     2     2    20
  4.0600996615666340E-01 a       341     1     3     2     1
  3.9622420914838746E-01 a       342     1     3     2     2
  2.7541444778558138E-01 a       343     1     3     2     3
 -3.7397801884166193E-01 a       344     1     3     2     4
 -3.4156406106268961E-01 a       345     1     3     2     5
  1.4234697349540182E-01 a       346     1     3     2     6
 -1.1504736912062425E-02 a       347     1     3     2     7
  1.7015198441306947E-01 a       348     1     3     2     8
 -4.5856697512896955E-01 a       349     1     3     2     9
  5.2960646367209464E-02 a       350     1     3     2    10
  4.1445109840117504E-02 a       351     1     3     2    11
 -1.5959616485186295E-01 a       352     1     3     2    12
  1.1647037605292629E-02 a       353     1     3     2    13
  5.9537115303470967E-01 a       354     1     3     2    14
 -2.4903720039856483E-01 a       355     1     3     2    15
 -2.1151943539932838E-01 a       356     1     3     2    16
 -2.4829553345196952E-02 a       357     1     3     2    17
  2.9122632736268839E-01 a       358     1     3     2    18
 -5.1611304886097120E-01 a       359     1     3     2    19
  9.2559971277450775E-02 a       360     1     3     2    20
 -3.9449783756640583E-01 a       361     1     4     2     1
 -2.0717850400838511E-01 a       362     1     4     2     2
 -2.0093515030378817E-01 a       363     1     4     2     3
  7.0129101537782645E-01 a       364     1     4     2     4
 -3.6700410144227252E-01 a       365     1     4     2     5
  5.0305362029696588E-01 a       366     1     4     2     6
 -3.4600463109334562E-01 a       367     1     4     2     7
  5.8052473931904836E-01 a       368     1     4     2     8
 -3.3901199639220704E-02 a       369     1     4     2     9
  5.2327173083056666E-01 a       370     1     4     2    10
 -3.5222249664407645E-01 a       371     1     4     2    11
  3.5300784663557211E-01 a       372     1     4     2    12
  2.6875329260798786E-01 a       373     1     4     2    13
  1.6173712369938226E-01 a       374     1     4     2    14
 -2.0622878196332678E-03 a       375     1     4     2    15
  3.2447769634394308E-01 a       376     1     4     2    16
  2.6368602787463113E-01 a       377     1     4     2    17
  4.6662053262155978E-01 a       378     1     4     2    18
  9.6490889730995802E-02 a       379     1     4     2    19
  5.0007065335762568E-01 a       380     1     4     2    20
 -4.5337710756115912E-01 a       381     1     5     2     1
 -2.8979735778797566E-01 a       382     1     5     2     2
  2.4871510106461475E-01 a       383     1     5     2     3
 -2.2405051173577442E-01 a       384     1     5     2     4
 -1.7254044375831512E-01 a       385     1     5     2     5
  6.2267892008088932E-01 a       386     1     5     2     6
 -1.5111576040535279E-01 a       387     1     5     2     7
  6.4501359922900758E-01 a       388     1     5     2     8
 -5.5056623042750064E-01 a       389     1     5     2     9
  3.7124801848582928E-01 a       390     1     5     2    10
 -2.0586734190460038E-01 a       391     1     5     2    11
  6.8620188737930177E-01 a       392     1     5     2    12
 -1.0374410446467697E-01 a       393     1     5     2    13
 -1.2011986347268674E-01 a       394     1     5     2    14
 -4.1630773315066774E-03 a       395     1     5     2    15
 -4.3485275415816455E-01 a       396     1     5     2    16
 -4.6988130946149992E-01 a       397     1     5     2    17
 -7.5003788139980890E-02 a       398     1     5     2    18
 -8.3053580318288800E-02 a       399     1     5     2    19
 -1.8007788876099326E-01 a       400     1     5     2    20
 -2.9350970426818729E-01 a       401     1     6     2     1
  1.0957206579414046E-01 a       402     1     6     2     2
 -3.4556982011871046E-01 a       403     1     6     2     3
 -5.2336053325194420E-01 a       404     1     6     2     4
  1.4984907665206251E-01 a       405     1     6     2     5
 -7.0798377878646490E-01 a       406     1     6     2     6
 -1.8083194930488666E-01 a       407     1     6     2     7
 -4.2521230568450313E-01 a       408     1     6     2     8
  5.4391788475912539E-01 a       409     1     6     2     9
 -3.2664338212106131E-01 a       410     1     6     2    10
  2.9010690639599201E-01 a       411     1     6     2    11
 -4.4949963946739435E-01 a       412     1     6     2    12
  4.3516972035136148E-01 a       413     1     6     2    13
  6.1335131120215207E-02 a       414     1     6     2    14
 -6.1099552985291283E-01 a       415     1     6     2    15
  2.1893108423092630E-01 a       416     1     6     2    16
  3.9398359794295074E-01 a       417     1     6     2    17
 -4.1562256475428155E-01 a       418     1     6     2    18
  3.2950570082772457E-01 a       419     1     6     2    19
 -1.1843026843300525E-01 a       420     1     6     2    20
 -1.3264962446202602E-01 a       421     1     7     2     1
 -3.5026906632072674E-01 a       422     1     7     2     2
  2.5119878342202756E-01 a       423     1     7     2     3
  1.3795304118954632E-01 a       424     1     7     2     4
 -6.0286911649065311E-01 a       425     1     7     2     5
  1.4872338966635942E-01 a       426     1     7     2     6
  2.9019471856380874E-01 a       427     1     7     2     7
  2.1032979545292075E-03 a       428     1     7     2     8
  3.2845803508425597E-01 a       429     1     7     2     9
  3.0866385654420758E-01 a       430     1     7     2    10
 -1.8514961716001288E-01 a       431     1     7     2    11
 -6.0933770101546458E-01 a       432     1     7     2    12
 -4.0999063409463771E-02 a       433     1     7     2    13
 -7.0211904460717539E-02 a       434     1     7     2    14
 -2.4999269336109659E-01 a       435     1     7     2    15
 -1.7394280229034328E-01 a       436     1     7     2    16
 -1.5742500740746918E-01 a       437     1     7     2    17
 -5.0546072916308871E-01 a       438     1     7     2    18
 -1.2962160786703608E-01 a       439     1     7     2    19
  5.4422568004694716E-01 a       440     1     7     2    20
  1.0603667063239926E-01 a       441     1     8     2     1
 -2.5649214212848892E-01 a       442     1     8     2     2
  5.4326781582754835E-01 a       443     1     8     2     3
 -8.7989333595665589E-02 a       444     1     8     2     4
  6.0689844048207042E-01 a       445     1     8     2     5
 -5.3531255996356819E-01 a       446     1     8     2     6
  2.9184599791972593E-01 a       447     1     8     2     7
  2.9877754619352725E-01 a       448     1     8     2     8
  5.6283250961075304E-01 a       449     1     8     2     9
  9.6271093875505268E-02 a       450     1     8     2    10
  8.1314772961912557E-02 a       451     1     8     2    11
  2.5291983604583690E-01 a       452     1     8     2    12
  1.0053991921795270E-01 a       453     1     8     2    13
  3.8277147837257947E-01 a       454     1     8     2    14
 -2.4142176519061317E-01 a       455     1     8     2    15
  2.8083487136687274E-01 a       456     1     8     2    16
 -9.7160122302569527E-02 a       457     1     8     2    17
  6.4812064221304511E-01 a       458     1     8     2    18
 -5.3198984064588040E-01 a       459     1     8     2    19
 -4.5524254185299318E-01 a       460     1     8     2    20
  4.9110637744778246E-01 a       461     1     9     2     1
 -1.1495537528156960E-01 a       462     1     9     2     2
  3.3295258807864730E-01 a       463     1     9     2     3
 -5.6129167679222203E-01 a       464     1     9     2     4
  4.4277063926272114E-01 a       465     1     9     2     5
 -6.4031620964216315E-02 a       466     1     9     2     6
 -2.6306729644865634E-01 a       467     1     9     2     7
  4.4129651641520529E-01 a       468     1     9     2     8
 -3.2201960702375920E-01 a       469     1     9     2     9
 -3.7652005527309523E-01 a       470     1     9     2    10
  1.9593883843029669E-03 a       471     1     9     2    11
  1.8046729303934084E-01 a       472     1     9     2    12
  1.2816783111484553E-01 a       473     1     9     2    13
 -2.2419620693357167E-01 a       474     1     9     2    14
  3.7521887207311860E-01 a       475     1     9     2    15
  4.9644176027081421E-01 a       476     1     9     2    16
 -1.6348127301364032E-01 a       477     1     9     2    17
 -1.2507540768768043E-02 a       478     1     9     2    18
  2.3875308078313309E-01 a       479     1     9     2    19
 -3.9518485074522207E-02 a       480     1     9     2    20
  1.3409882952059901E-01 a       481     1    10     2     1
  3.2576947016470270E-01 a       482     1    10     2     2
 -3.5033098517210426E-02 a       483     1    10     2     3
  7.4802042940077040E-01 a       484     1    10     2     4
 -3.1278406546508458E-01 a       485     1    10     2     5
 -6.0968958204444187E-02 a       486     1    10     2     6
 -3.6203250108109020E-01 a       487     1    10     2     7
  5.2755115280919629E-01 a       488     1    10     2     8
  5.4109861758482702E-01 a       489     1    10     2     9
  2.6135971993366236E-01 a       490     1    10     2    10
 -4.2710561584683365E-02 a       491     1    10     2    11
 -2.9106695181010478E-01 a       492     1    10     2    12
 -1.6610376455192735E-01 a       493     1    10     2    13
  3.4174457953645165E-01 a       494     1    10     2    14
 -4.5793922106475454E-01 a       495     1    10     2    15
 -3.6133307017232624E-01 a       496     1    10     2    16
 -2.3910540161006424E-01 a       497     1    10     2    17
  1.0354236862100333E-01 a       498     1    10     2    18
  1.6693515624786968E-04 a       499     1    10     2    19
 -4.4961104799902490E-01 a       500     1    10     2    20
 -2.9019410854227407E-01 a       501     1    11     2     1
  6.1107156467394574E-01 a       502     1    11     2     2
 -2.9252324900824078E-01 a       503     1    11     2     3
  2.6259438609912866E-01 a       504     1    11     2     4
  6.2603949533482872E-01 a       505     1    11     2     5
 -5.8047283760989365E-01 a       506     1    11     2     6
  5.0648473173658193E-01 a       507     1    11     2     7
  2.6119423887291315E-01 a       508     1    11     2     8
 -5.6491649029486202E-01 a       509     1    11     2     9
  3.9337219341116469E-01 a       510     1    11     2    10
  5.1059271288347896E-01 a       511     1    11     2    11
 -1.7309276599687666E-02 a       512     1    11     2    12
 -4.4134815967213503E-01 a       513     1    11     2    13
 -7.2296197539932971E-01 a       514     1    11     2    14
  5.4453828500305124E-01 a       515     1    11     2    15
 -4.0829425092532395E-01 a       516     1    11     2    16
 -3.9012795860915589E-01 a       517     1    11     2    17
  1.8255196600396151E-01 a       518     1    11     2    18
 -2.5914472082146572E-01 a       519     1    11     2    19
  2.8613542639494755E-01 a       520     1    11     2    20
 -8.0955420414004753E-01 a       521     1    12     2     1
 -6.8022712430439322E-02 a       522     1    12     2     2
  4.6035308973419137E-01 a       523     1    12     2     3
  4.4529212507546140E-01 a       524     1    12     2     4
 -2.0714140470920919E-01 a       525     1    12     2     5
  1.5586335753662331E-01 a       526     1    12     2     6
 -5.5725444452928630E-01 a       527     1    12     2     7
  3.0254356239158975E-01 a       528     1    12     2     8
  4.7222850971311786E-01 a       529     1    12     2     9
 -4.2842537672519321E-01 a       530     1    12     2    10
  5.0916796255222785E-01 a       531     1    12     2    11
  2.2343102266759715E-01 a       532     1    12     2    12
 -1.9494170002195055E-01 a       533     1    12     2    13
 -1.7129604641246146E-01 a       534     1    12     2    14
  4.3641604657495064E-01 a       535     1    12     2    15
 -5.6087268286869683E-02 a       536     1    12     2    16
 -2.6508481219402913E-01 a       537     1    12     2    17
 -9.0293766282110266E-01 a       538     1    12     2    18
 -4.8079429993423473E-01 a       539     1    12     2    19
 -7.0880276599408612E-02 a       540     1    12     2    20
  8.7169562396935806E-03 a       541     1    13     2     1
 -3.1987247696693026E-02 a       542     1    13     2     2
 -3.5390831754180363E-01 a       543     1    13     2     3
  5.0695115265548818E-01 a       544     1    13     2     4
 -8.6715274603238968E-02 a       545     1    13     2     5
 -3.0757844575851001E-01 a       546     1    13     2     6
 -3.9056868202511480E-01 a       547     1    13     2     7
 -2.6061631709706362E-01 a       548     1    13     2     8
 -2.3312354219203252E-01 a       549     1    13     2     9
  8.1353821468105368E-04 a       550     1    13     2    10
 -5.6702071043886908E-02 a       551     1    13     2    11
  8.7387125929713844E-02 a       552     1    13     2    12
 -2.5544806402564196E-01 a       553     1    13     2    13
  9.6140534484541573E-02 a       554     1    13     2    14
 -3.5218057328110897E-01 a       555     1    13     2    15
  1.8705782628325668E-01 a       556     1    13     2    16
  9.6460879599923541E-02 a       557     1    13     2    17
  4.2054787618705347E-02 a       558     1    13     2    18
  6.0098062276161941E-02 a       559     1    13     2    19
 -5.2600038104891766E-01 a       560     1    13     2    20
 -2.8903659599732064E-02 a       561     1    14     2     1
 -2.0151338450403930E-01 a       562     1    14     2     2
  3.4319169118875309E-01 a       563     1    14     2     3
  1.2425433054146508E-01 a       564     1    14     2     4
 -2.2773960859539830E-01 a       565     1    14     2     5
  3.2976670563959365E-01 a       566     1    14     2     6
  4.7627763843631044E-01 a       567     1    14     2     7
 -2.8086307201909855E-01 a       568     1    14     2     8
 -4.3216151214401222E-01 a       569     1    14     2     9
  1.4768162595727591E-01 a       570     1    14     2    10
 -1.0088832729570234E+00 a       571     1    14     2    11
  6.0032931065253958E-01 a       572     1    14     2    12
 -5.6089202531813409E-01 a       573     1    14     2    13
 -8.2434911484344731E-01 a       574     1    14     2    14
 -5.8390825597050611E-01 a       575     1    14     2    15
  2.2444806873414685E-01 a       576     1    14     2    16
 -1.3976095502757815E-01 a       577     1    14     2    17
  6.0653511225036238E-01 a       578     1    14     2    18
 -8.4346842146750756E-01 a       579     1    14     2    19
 -2.0815446026613404E-01 a       580     1    14     2    20
  2.1654456155383964E-01 a       581     1    15     2     1
 -1.8731041789970319E-02 a       582     1    15     2     2
  7.4943526719951858E-02 a       583     1    15     2     3
 -4.1512226471163993E-01 a       584     1    15     2     4
 -8.8802352725012135E-02 a       585     1    15     2     5
  3.9465475566997832E-01 a       586     1    15     2     6
  1.6240185742766766E-01 a       587     1    15     2     7
 -3.7895730056657356E-01 a       588     1    15     2     8
 -3.8193097016793776E-01 a       589     1    15     2     9
 -1.6267483548303655E-01 a       590     1    15     2    10
  2.8589395570944887E-01 a       591     1    15     2    11
  1.5046627479226413E-01 a       592     1    15     2    12
  2.8859180223072389E-01 a       593     1    15     2    13
  1.0786259630823822E-01 a       594     1    15     2    14
  1.0679443471994444E-01 a       595     1    15     2    15
  1.6556611846909267E-01 a       596     1    15     2    16
 -5.9039730543233715E-01 a       597     1    15     2    17
  2.9059867065905359E-01 a       598     1    15     2    18
 -1.4156521973070191E-01 a       599     1    15     2    19
  1.0781594260818077E-01 a       600     1    15     2    20
 -4.6420029012189046E-01 a       601     1    16     2     1
  2.5179547142228265E-01 a       602     1    16     2     2
 -4.2952299675473427E-01 a       603     1    16     2     3
 -9.8267612221732872E-02 a       604     1    16     2     4
 -5.6880154263767568E-01 a       605     1    16     2     5
  1.6883217159267275E-01 a       606     1    16     2     6
 -5.9482511696535836E-03 a       607     1    16     2     7
 -2.0801043263731589E-01 a       608     1    16     2     8
 -9.4559899462425934E-02 a       609     1    16     2     9
 -7.4591367478681903E-01 a       610     1    16     2    10
  1.1189306503940437E-01 a       611     1    16     2    11
  6.4485542209757285E-01 a       612     1    16     2    12
  5.0566952221120054E-01 a       613     1    16     2    13
  4.0710109647089299E-01 a       614     1    16     2    14
 -6.9237397323188996E-02 a       615     1    16     2    15
 -3.1561396569728689E-01 a       616     1    16     2    16
  1.0955570201892013E-01 a       617     1    16     2    17
  9.2671781506369996E-02 a       618     1    16     2    18
  4.3234717756010488E-01 a       619     1    16     2    19
 -1.2910786309860325E-01 a       620     1    16     2    20
  7.9071207689747902E-01 a       621     1    17     2     1
 -4.3112978854932582E-01 a       622     1    17     2     2
  5.2413273788873949E-02 a       623     1    17     2     3
 -1.4216786576643520E-01 a       624     1    17     2     4
  6.2945453795205828E-03 a       625     1    17     2     5
 -2.0157382026015144E-01 a       626     1    17     2     6
  3.5869586735304260E-01 a       627     1    17     2     7
 -4.6630186049552219E-01 a       628     1    17     2     8
 -9.7344218842779009E-03 a       629     1    17     2     9
 -3.4789453408618037E-01 a       630     1    17     2    10
 -9.4262213224118729E-01 a       631     1    17     2    11
  3.9405764002347488E-01 a       632     1    17     2    12
  4.0670414824653162E-01 a       633     1    17     2    13
  1.3906604655952287E-01 a       634     1    17     2    14
 -4.0277114171587325E-01 a       635     1    17     2    15
 -2.7702675474434424E-01 a       636     1    17     2    16
  6.4061734774218011E-03 a       637     1    17     2    17
  5.0153128525253221E-01 a       638     1    17     2    18
 -3.0857733520242608E-01 a       639     1    17     2    19
  4.6221228421080451E-01 a       640     1    17     2    20
  3.3269586404883464E-02 a       641     1    18     2     1
 -1.8069266862777336E-01 a       642     1    18     2     2
 -2.0246669847440560E-01 a       643     1    18     2     3
  6.1991056346746731E-01 a       644     1    18     2     4
  4.6549386088826256E-01 a       645     1    18     2     5
 -4.0617627222502195E-01 a       646     1    18     2     6
  4.8483477938807425E-02 a       647     1    18     2     7
 -2.6745977986068741E-02 a       648     1    18     2     8
 -1.5107948597837095E-01 a       649     1    18     2     9
 -2.6336826975633448E-01 a       650     1    18     2    10
 -9.2314206425881740E-01 a       651     1    18     2    11
 -8.7864489099799166E-03 a       652     1    18     2    12
 -6.0246421754571045E-01 a       653     1    18     2    13
 -2.5641636292965164E-01 a       654     1    18     2    14
  7.5521778021348476E-02 a       655     1    18     2    15
  6.2682878553276689E-01 a       656     1    18     2    16
  4.5285282164952340E-01 a       657     1    18     2    17
  4.0727937430223138E-01 a       658     1    18     2    18
 -3.3490241427936662E-02 a       659     1    18     2    19
  2.2628518954076432E-01 a       660     1    18     2    20
 -5.7669867206710856E-01 a       661     1    19     2     1
 -5.0007120721706833E-01 a       662     1    19     2     2
 -1.9950420138012928E-01 a       663     1    19     2     3
 -2.2219592683726971E-01 a       664     1    19     2     4
 -5.1953460971590126E-01 a       665     1    19     2     5
  6.0000488292770660E-01 a       666     1    19     2     6
  5.4888859088947872E-01 a       667     1    19     2     7
  2.5702810526680747E-01 a       668     1    19     2     8
  5.3679019190131916E-01 a       669     1    19     2     9
  6.3552089257828362E-02 a       670     1    19     2    10
  6.0408609313455164E-01 a       671     1    19     2    11
  6.6429696324162413E-01 a       672     1    19     2    12
  2.2009744132878303E-01 a       673     1    19     2    13
 -2.3904736529714327E-01 a       674     1    19     2    14
  2.5743741562237066E-01 a       675     1    19     2    15
  4.1571097880121755E-01 a       676     1    19     2    16
 -5.6933880365497114E-01 a       677     1    19     2    17
  1.1685410781034061E-01 a       678     1    19     2    18
 -1.1705680468048604E-01 a       679     1    19     2    19
  4.7237967646680773E-01 a       680     1    19     2    20
  4.8394684829154816E-01 a       681     1    20     2     1
 -6.8424579588829326E-01 a       682     1    20     2     2
 -1.4596357210661159E-01 a       683     1    20     2     3
 -1.4930355410814830E-01 a       684     1    20     2     4
  3.4631741690608793E-02 a       685     1    20     2     5
 -3.7255996500926430E-01 a       686     1    20     2     6
  4.6363215334316382E-01 a       687     1    20     2     7
 -1.4005190952228491E-01 a       688     1    20     2     8
  2.7602756607251927E-01 a       689     1    20     2     9
  1.7766056235205560E-01 a       690     1    20     2    10
 -1.5436339539874585E-02 a       691     1    20     2    11
 -3.1727046830225214E-01 a       692     1    20     2    12
  1.6381118875325945E-01 a       693     1    20     2    13
  4.2699247739942764E-01 a       694     1    20     2    14
 -1.2772112061731389E-01 a       695     1    20     2    15
  3.3882311332555048E-01 a       696     1    20     2    16
  4.6257660581054949E-01 a       697     1    20     2    17
  8.6931255232594618E-01 a       698     1    20     2    18
  2.0528843635694291E-01 a       699     1    20     2    19
 -1.1805855340049308E-01 a       700     1    20     2    20
 -9.4932164341538838E-01 b       701     2     1
  1.1629799755525843E+00 b       702     2     2
  1.5699986411300534E-01 b       703     2     3
 -1.2003775013785694E+00 b       704     2     4
 -2.3337187466184858E-01 b       705     2     5
 -1.0969509990092599E+00 b       706     2     6
 -1.3892620131970863E+00 b       707     2     7
  1.2277785036856823E+00 b       708     2     8
 -8.1454962280521481E-01 b       709     2     9
  9.1307120595145597E-01 b       710     2    10
 -7.8674274467305058E-02 b       711     2    11
 -1.1315947067568584E+00 b       712     2    12
 -2.8783991408013726E-01 b       713     2    13
 -1.5842359774436656E+00 b       714     2    14
 -1.1857674439995352E+00 b       715     2    15
  8.6182860061787714E-01 b       716     2    16
  7.7402679460346913E-01 b       717     2    17
 -5.6629016600234082E-02 b       718     2    18
  4.5760488390017684E-01 b       719     2    19
 -2.4272645651046729E-01 b       720     2    20
  3.6036582027321851E-01 a       721     2     1     3     1
  2.3222303774020656E-01 a       722     2     2     3     1
  9.1319715631966614E-01 a       723     2     3     3     1
 -4.8652275611854107E-01 a       724     2     4     3     1
  3.4888513893696842E-02 a       725     2     5     3     1
  7.1567176126895327E-01 a       726     2     6     3     1
 -3.6351027057142710E-01 a       727     2     7     3     1
 -9.3365302693170715E-01 a       728     2     8     3     1
  6.0452377241807076E-01 a       729     2     9     3     1
 -8.0823241216141706E-02 a       730     2    10     3     1
  7.6275354461303435E-01 a       731     2    11     3     1
 -5.2475802292233575E-01 a       732     2    12     3     1
 -3.8811612185709671E-01 a       733     2    13     3     1
 -4.2985508210356038E-01 a       734     2    14     3     1
 -4.0851922605385971E-01 a       735     2    15     3     1
 -1.0529662907309985E+00 a       736     2    16     3     1
 -2.8189504971088059E-01 a       737     2    17     3     1
  5.2930074387931736E-01 a       738     2    18     3     1
  1.0421723327994481E+00 a       739     2    19     3     1
  6.0496681863660785E-02 a       740     2    20     3     1
  3.4663088308708917E-01 b       741     3     1
