################################################################################
# Learning curves for energies and forces.
################################################################################
# Col  Name             Description
################################################################################
# 1    epoch            Current epoch.
# 2    RMSEpa_Etrain_pu RMSE of training energies per atom (physical units)
# 3    RMSEpa_Etest_pu  RMSE of test energies per atom (physical units)
# 4    RMSE_Etrain_pu   RMSE of training energies (physical units)
# 5    RMSE_Etest_pu    RMSE of test energies (physical units)
# 6    MAEpa_Etrain_pu  MAE of training energies per atom (physical units)
# 7    MAEpa_Etest_pu   MAE of test energies per atom (physical units)
# 8    MAE_Etrain_pu    MAE of training energies (physical units)
# 9    MAE_Etest_pu     MAE of test energies (physical units)
# 10   RMSE_Ftrain_pu   RMSE of training forces (physical units)
# 11   RMSE_Ftest_pu    RMSE of test forces (physical units)
# 12   MAE_Ftrain_pu    MAE of training forces (physical units)
# 13   MAE_Ftest_pu     MAE of test forces (physical units)
######################################################################################################################################################################################################################
#        1                2                3                4                5                6                7                8                9               10               11               12               13
#    epoch RMSEpa_Etrain_pu  RMSEpa_Etest_pu   RMSE_Etrain_pu    RMSE_Etest_pu  MAEpa_Etrain_pu   MAEpa_Etest_pu    MAE_Etrain_pu     MAE_Etest_pu   RMSE_Ftrain_pu    RMSE_Ftest_pu    MAE_Ftrain_pu     MAE_Ftest_pu
######################################################################################################################################################################################################################
         0   1.44209231E+00   1.41425938E+00   9.22939080E+01   9.05126001E+01   1.43563698E+00   1.40979950E+00   9.18807665E+01   9.02271678E+01   6.63719100E-01   1.00549194E+00   3.66534934E-01   4.01330774E-01
         1   1.09795533E-03   8.62371131E-04   7.02691412E-02   5.51917524E-02   6.99356925E-04   6.37997670E-04   4.47588432E-02   4.08318509E-02   1.13121918E-02   1.09426789E-02   8.31257177E-03   8.31009746E-03
         2   2.43925955E-03   2.22296731E-03   1.56112611E-01   1.42269908E-01   1.69862165E-03   1.55790251E-03   1.08711785E-01   9.97057604E-02   7.78988540E-03   8.04195015E-03   5.98373715E-03   6.03659535E-03
         3   8.43661687E-04   6.93054868E-04   5.39943480E-02   4.43555115E-02   6.60649105E-04   5.26686870E-04   4.22815427E-02   3.37079597E-02   7.15780985E-03   7.25335535E-03   5.39094627E-03   5.41936199E-03
         4   4.83625682E-04   3.81153216E-04   3.09520436E-02   2.43938058E-02   3.68979032E-04   3.02216440E-04   2.36146581E-02   1.93418521E-02   7.16317493E-03   7.04982059E-03   5.36676297E-03   5.33873528E-03
         5   3.88888354E-04   4.14391234E-04   2.48888546E-02   2.65210390E-02   3.01699685E-04   3.47904834E-04   1.93087798E-02   2.22659094E-02   7.16173831E-03   6.87395670E-03   5.39569121E-03   5.30479424E-03
         6   3.73163879E-04   3.92827591E-04   2.38824883E-02   2.51409658E-02   2.88610213E-04   3.13419907E-04   1.84710536E-02   2.00588740E-02   7.16544514E-03   6.92498348E-03   5.39501643E-03   5.31449018E-03
         7   3.55712909E-04   2.62047297E-04   2.27656262E-02   1.67710270E-02   2.77127167E-04   2.24128158E-04   1.77361387E-02   1.43442021E-02   7.12346958E-03   6.80068174E-03   5.36129226E-03   5.25137075E-03
         8   3.31797936E-04   3.30654108E-04   2.12350679E-02   2.11618629E-02   2.60075245E-04   2.66849160E-04   1.66448157E-02   1.70783462E-02   7.12290616E-03   6.84112092E-03   5.35173437E-03   5.25502835E-03
         9   3.18850322E-04   3.17105842E-04   2.04064206E-02   2.02947739E-02   2.47553210E-04   2.57635176E-04   1.58434055E-02   1.64886513E-02   7.12468617E-03   6.83302557E-03   5.35593719E-03   5.25615107E-03
        10   3.25766088E-04   3.16597297E-04   2.08490296E-02   2.02622270E-02   2.59984903E-04   2.56842231E-04   1.66390338E-02   1.64379028E-02   7.12090625E-03   6.83502601E-03   5.35294523E-03   5.25026951E-03
        11   3.34027752E-04   3.52136501E-04   2.13777761E-02   2.25367361E-02   2.60223533E-04   2.96832077E-04   1.66543061E-02   1.89972529E-02   7.08641239E-03   6.79015922E-03   5.32744450E-03   5.21536384E-03
        12   4.27392017E-04   3.94324471E-04   2.73530891E-02   2.52367662E-02   3.41770245E-04   3.06685209E-04   2.18732957E-02   1.96278534E-02   7.06276471E-03   6.74915052E-03   5.30537296E-03   5.18981581E-03
        13   3.11432172E-04   3.02231562E-04   1.99316590E-02   1.93428200E-02   2.48973941E-04   2.42374538E-04   1.59343322E-02   1.55119704E-02   7.07151562E-03   6.76191082E-03   5.31541825E-03   5.19826671E-03
        14   3.30560141E-04   3.08832809E-04   2.11558490E-02   1.97652998E-02   2.59189116E-04   2.36399235E-04   1.65881035E-02   1.51295510E-02   7.06751890E-03   6.78183227E-03   5.31718894E-03   5.21826956E-03
        15   3.04896126E-04   3.16897605E-04   1.95133521E-02   2.02814467E-02   2.38145361E-04   2.59337962E-04   1.52413031E-02   1.65976296E-02   7.06807502E-03   6.78962267E-03   5.32209580E-03   5.21826614E-03
