################################################################################
# Timing data for training loop.
################################################################################
# Col  Name    Description
################################################################################
# 1    epoch   Current epoch.
# 2    train   Time for training.
# 3    ptrain  Time for training (percentage of loop).
# 4    error   Time for error calculation.
# 5    perror  Time for error calculation (percentage of loop).
# 6    epoch   Time for this epoch.
# 7    total   Total time for all epochs.
# 8    Etrain  
# 9    Eptrain 
# 10   Ftrain  
# 11   Fptrain 
# 12   E_err   
# 13   Ep_err  
# 14   F_err   
# 15   Fp_err  
# 16   E_com   
# 17   Ep_com  
# 18   F_com   
# 19   Fp_com  
# 20   E_upd   
# 21   Ep_upd  
# 22   F_upd   
# 23   Fp_upd  
# 24   E_log   
# 25   Ep_log  
# 26   F_log   
# 27   Fp_log  
##################################################################################################################################################################################################################################################################################
#        1           2       3           4       5           6           7           8       9          10      11          12      13          14      15          16      17          18      19          20      21          22      23          24      25          26      27
#    epoch       train  ptrain       error  perror       epoch       total      Etrain Eptrain      Ftrain Fptrain       E_err  Ep_err       F_err  Fp_err       E_com  Ep_com       F_com  Fp_com       E_upd  Ep_upd       F_upd  Fp_upd       E_log  Ep_log       F_log  Fp_log
##################################################################################################################################################################################################################################################################################
         1   5.583E+00   0.945   3.248E-01   0.055   5.910E+00   1.001E+01   3.756E-01   0.067   5.207E+00   0.933   2.620E-03   0.007   1.187E+00   0.228   3.556E-01   0.947   3.872E+00   0.744   1.736E-02   0.046   1.482E-01   0.028   7.590E-07   0.000   2.155E-05   0.000
         2   6.024E+00   0.937   4.049E-01   0.063   6.431E+00   1.644E+01   4.580E-01   0.076   5.566E+00   0.924   1.382E-02   0.030   1.237E+00   0.222   4.313E-01   0.942   4.150E+00   0.746   1.291E-02   0.028   1.784E-01   0.032   1.270E-06   0.000   1.775E-05   0.000
         3   5.896E+00   0.930   4.416E-01   0.070   6.340E+00   2.278E+01   3.838E-01   0.065   5.512E+00   0.935   2.004E-03   0.005   1.136E+00   0.206   3.695E-01   0.963   4.206E+00   0.763   1.221E-02   0.032   1.704E-01   0.031   1.060E-06   0.000   1.946E-05   0.000
         4   5.544E+00   0.935   3.802E-01   0.064   5.927E+00   2.871E+01   3.622E-01   0.065   5.182E+00   0.935   2.308E-03   0.006   8.862E-01   0.171   3.477E-01   0.960   4.126E+00   0.796   1.213E-02   0.033   1.692E-01   0.033   1.940E-06   0.000   1.980E-05   0.000
         5   5.408E+00   0.971   1.569E-01   0.028   5.568E+00   3.428E+01   3.110E-01   0.058   5.097E+00   0.942   1.430E-02   0.046   8.062E-01   0.158   2.847E-01   0.915   4.133E+00   0.811   1.202E-02   0.039   1.569E-01   0.031   5.110E-07   0.000   1.152E-05   0.000
         6   6.238E+00   0.933   4.492E-01   0.067   6.690E+00   4.097E+01   3.370E-01   0.054   5.901E+00   0.946   1.064E-02   0.032   1.353E+00   0.229   3.093E-01   0.918   4.377E+00   0.742   1.707E-02   0.051   1.708E-01   0.029   9.090E-07   0.000   2.055E-05   0.000
         7   5.841E+00   0.931   4.281E-01   0.068   6.272E+00   4.724E+01   5.508E-01   0.094   5.290E+00   0.906   2.304E-03   0.004   1.330E+00   0.251   5.332E-01   0.968   3.775E+00   0.714   1.528E-02   0.028   1.849E-01   0.035   1.721E-06   0.000   1.746E-05   0.000
         8   6.565E+00   0.937   4.389E-01   0.063   7.006E+00   5.424E+01   4.723E-01   0.072   6.093E+00   0.928   2.021E-03   0.004   1.224E+00   0.201   4.428E-01   0.938   4.681E+00   0.768   2.740E-02   0.058   1.888E-01   0.031   1.030E-06   0.000   2.034E-05   0.000
         9   6.653E+00   0.947   3.685E-01   0.052   7.024E+00   6.127E+01   5.491E-01   0.083   6.103E+00   0.917   1.454E-02   0.026   1.245E+00   0.204   5.209E-01   0.949   4.672E+00   0.765   1.367E-02   0.025   1.868E-01   0.031   1.410E-06   0.000   1.787E-05   0.000
        10   7.204E+00   0.977   1.682E-01   0.023   7.375E+00   6.864E+01   5.409E-01   0.075   6.663E+00   0.925   2.486E-03   0.005   1.151E+00   0.173   5.245E-01   0.970   5.321E+00   0.799   1.389E-02   0.026   1.914E-01   0.029   1.020E-06   0.000   1.985E-05   0.000
        11   5.390E+00   0.970   1.633E-01   0.029   5.558E+00   7.420E+01   3.588E-01   0.067   5.031E+00   0.933   2.316E-03   0.006   1.098E+00   0.218   3.434E-01   0.957   3.752E+00   0.746   1.310E-02   0.037   1.814E-01   0.036   9.400E-07   0.000   1.698E-05   0.000
        12   6.170E+00   0.942   3.771E-01   0.058   6.551E+00   8.075E+01   4.397E-01   0.071   5.730E+00   0.929   1.432E-02   0.033   1.113E+00   0.194   4.133E-01   0.940   4.453E+00   0.777   1.204E-02   0.027   1.649E-01   0.029   1.329E-06   0.000   1.817E-05   0.000
        13   5.839E+00   0.929   4.444E-01   0.071   6.286E+00   8.704E+01   4.387E-01   0.075   5.400E+00   0.925   2.310E-03   0.005   1.212E+00   0.224   4.230E-01   0.964   4.011E+00   0.743   1.336E-02   0.030   1.775E-01   0.033   1.059E-06   0.000   2.046E-05   0.000
        14   6.120E+00   0.943   3.652E-01   0.056   6.488E+00   9.353E+01   5.318E-01   0.087   5.588E+00   0.913   2.008E-03   0.004   1.025E+00   0.183   5.183E-01   0.975   4.391E+00   0.786   1.146E-02   0.022   1.717E-01   0.031   1.530E-06   0.000   1.678E-05   0.000
        15   5.854E+00   0.991   5.385E-02   0.009   5.910E+00   9.944E+01   3.820E-01   0.065   5.472E+00   0.935   2.367E-03   0.006   1.128E+00   0.206   3.550E-01   0.929   4.188E+00   0.765   2.458E-02   0.064   1.562E-01   0.029   2.330E-06   0.000   1.722E-05   0.000
