################################################################################
# Neural network connection values (weights and biases).
################################################################################
# Col  Name       Description
################################################################################
# 1    connection Neural network connection value.
# 2    t          Connection type (a = weight, b = bias).
# 3    index      Index enumerating weights.
# 4    l_s        Starting point layer (end point layer for biases).
# 5    n_s        Starting point neuron in starting layer (end point neuron for biases).
# 6    l_e        End point layer.
# 7    n_e        End point neuron in end layer.
################################################################################
#                      1 2         3     4     5     6     7
#             connection t     index   l_s   n_s   l_e   n_e
############################################################
  3.9918694859500731E-01 a         1     0     1     1     1
  5.3080739330593663E-01 a         2     0     1     1     2
 -5.0369448122607119E-01 a         3     0     1     1     3
 -5.4670857155978070E-01 a         4     0     1     1     4
 -2.4778400394676983E-01 a         5     0     1     1     5
 -2.3145487893064104E-01 a         6     0     1     1     6
 -4.8750343625630344E-01 a         7     0     1     1     7
  2.3639059434876436E-01 a         8     0     1     1     8
  3.7702156869425724E-01 a         9     0     1     1     9
  9.9232147446376662E-01 a        10     0     1     1    10
 -2.6490877125586837E-01 a        11     0     1     1    11
 -3.7268241233980220E-01 a        12     0     1     1    12
 -2.4482527903330295E-01 a        13     0     1     1    13
 -2.4456553900529618E-01 a        14     0     1     1    14
 -3.0332905162636331E-01 a        15     0     1     1    15
  7.1602805717499343E-02 a        16     0     1     1    16
 -4.1499053269660496E-01 a        17     0     1     1    17
 -7.2292056816880479E-01 a        18     0     1     1    18
  2.8081027948822262E-01 a        19     0     1     1    19
  3.7020962140228691E-01 a        20     0     1     1    20
 -1.7620582477492910E-01 a        21     0     2     1     1
 -6.4316188190945298E-02 a        22     0     2     1     2
 -3.6762985874912013E-01 a        23     0     2     1     3
  1.8015195353876823E-01 a        24     0     2     1     4
 -6.5384894101931290E-01 a        25     0     2     1     5
 -4.4098015057803953E-02 a        26     0     2     1     6
  2.5363320435979070E-01 a        27     0     2     1     7
 -5.8399945642170348E-01 a        28     0     2     1     8
 -2.2593128745438348E-01 a        29     0     2     1     9
  4.4972496437214099E-01 a        30     0     2     1    10
 -8.5904259954435047E-01 a        31     0     2     1    11
  4.3121517775244067E-01 a        32     0     2     1    12
  2.4439671379145565E-02 a        33     0     2     1    13
  8.6254456046907801E-01 a        34     0     2     1    14
  1.4196460460647595E-01 a        35     0     2     1    15
 -6.0314122519672320E-01 a        36     0     2     1    16
  3.4697084003550580E-02 a        37     0     2     1    17
  4.8845702481883407E-01 a        38     0     2     1    18
 -2.6418288786958555E-01 a        39     0     2     1    19
 -4.4241926158686024E-01 a        40     0     2     1    20
  1.2547377339684904E-01 a        41     0     3     1     1
 -5.7569823417885380E-01 a        42     0     3     1     2
  2.3768742587144098E-01 a        43     0     3     1     3
  3.1228935238442190E-01 a        44     0     3     1     4
 -2.2195554966390743E-01 a        45     0     3     1     5
 -6.5385581022527772E-01 a        46     0     3     1     6
  1.6941006822741397E-01 a        47     0     3     1     7
  3.0418420303038013E-01 a        48     0     3     1     8
 -9.3454872939075825E-02 a        49     0     3     1     9
 -7.5283065139039887E-02 a        50     0     3     1    10
  7.2333004242788135E-01 a        51     0     3     1    11
 -5.2197483048285787E-01 a        52     0     3     1    12
 -1.5200703651384742E-02 a        53     0     3     1    13
 -3.7111941683053196E-01 a        54     0     3     1    14
  7.1480745285008429E-01 a        55     0     3     1    15
  2.7023041011907650E-01 a        56     0     3     1    16
  8.1232055533815206E-01 a        57     0     3     1    17
 -2.3353640740776629E-01 a        58     0     3     1    18
  5.3943136578577799E-01 a        59     0     3     1    19
 -1.2485836190760792E-01 a        60     0     3     1    20
 -2.7571686896376935E-01 a        61     0     4     1     1
  5.4127950488115542E-02 a        62     0     4     1     2
  1.0321014917226450E-01 a        63     0     4     1     3
  2.8688322975299906E-02 a        64     0     4     1     4
  4.6354149891996393E-01 a        65     0     4     1     5
  6.4090473166478784E-02 a        66     0     4     1     6
 -6.4507390958102062E-01 a        67     0     4     1     7
  4.2045832265178068E-01 a        68     0     4     1     8
 -5.4925146274871428E-01 a        69     0     4     1     9
  6.9321060504294774E-01 a        70     0     4     1    10
 -2.2783239462124646E-01 a        71     0     4     1    11
  1.8569583131751094E-01 a        72     0     4     1    12
 -3.2694457000747645E-01 a        73     0     4     1    13
  7.3793791275807721E-02 a        74     0     4     1    14
 -7.9068810144421062E-02 a        75     0     4     1    15
  5.0109365424527053E-01 a        76     0     4     1    16
  3.8847567714646231E-02 a        77     0     4     1    17
  9.9871654352261752E-02 a        78     0     4     1    18
  2.1937531894371953E-01 a        79     0     4     1    19
 -1.8911081871273602E-01 a        80     0     4     1    20
 -2.7186441849303028E-01 a        81     0     5     1     1
  6.6218776618885322E-01 a        82     0     5     1     2
 -1.7820453094284200E-01 a        83     0     5     1     3
 -4.8359042193528040E-01 a        84     0     5     1     4
 -3.9402310259756873E-01 a        85     0     5     1     5
  4.2801729385500509E-01 a        86     0     5     1     6
  1.7551325592412256E-01 a        87     0     5     1     7
 -4.7762859700434890E-01 a        88     0     5     1     8
 -6.4513654421008246E-02 a        89     0     5     1     9
  4.2001435552235694E-01 a        90     0     5     1    10
  4.3533360332709853E-01 a        91     0     5     1    11
 -2.8297719720627154E-02 a        92     0     5     1    12
  4.0414106832720620E-01 a        93     0     5     1    13
  7.0021349861091875E-01 a        94     0     5     1    14
 -2.1691400825439008E-01 a        95     0     5     1    15
 -3.5623477858162245E-01 a        96     0     5     1    16
 -7.3423073008432349E-01 a        97     0     5     1    17
 -6.0244693814083250E-01 a        98     0     5     1    18
  8.7054242693709216E-01 a        99     0     5     1    19
 -1.4283720924884005E-01 a       100     0     5     1    20
  5.3525758897631837E-01 a       101     0     6     1     1
 -5.5355023023602679E-01 a       102     0     6     1     2
  4.1133570938568231E-03 a       103     0     6     1     3
 -1.8486094524107183E-01 a       104     0     6     1     4
 -4.9822282294893999E-01 a       105     0     6     1     5
 -9.6635303463594752E-02 a       106     0     6     1     6
  3.5391084004944140E-01 a       107     0     6     1     7
  9.6059053498838876E-01 a       108     0     6     1     8
 -2.8828133332117323E-01 a       109     0     6     1     9
 -7.0706036507917613E-01 a       110     0     6     1    10
  9.2027467947266861E-01 a       111     0     6     1    11
  6.7307590019588504E-01 a       112     0     6     1    12
  5.6562828199623139E-01 a       113     0     6     1    13
 -1.5825071721511354E-02 a       114     0     6     1    14
  1.9106580662811487E-01 a       115     0     6     1    15
 -6.7024661246317552E-01 a       116     0     6     1    16
  9.1421340559042896E-01 a       117     0     6     1    17
 -5.5490981248561122E-01 a       118     0     6     1    18
  1.0848615382618997E-01 a       119     0     6     1    19
 -4.9384166965992751E-02 a       120     0     6     1    20
 -5.0905079264141029E-01 a       121     0     7     1     1
  4.3102070379570268E-01 a       122     0     7     1     2
  9.0345472515030367E-01 a       123     0     7     1     3
 -2.8982738154653986E-01 a       124     0     7     1     4
  2.9726284502016631E-01 a       125     0     7     1     5
  6.0481512795787007E-01 a       126     0     7     1     6
 -2.4734246280668490E-01 a       127     0     7     1     7
  5.7423810831660475E-02 a       128     0     7     1     8
 -6.9823964438258623E-01 a       129     0     7     1     9
 -4.7185983611188319E-03 a       130     0     7     1    10
 -2.4873682420099116E-01 a       131     0     7     1    11
  8.4588221354499143E-02 a       132     0     7     1    12
 -1.1837505857876583E-01 a       133     0     7     1    13
  4.2153640826279803E-01 a       134     0     7     1    14
 -1.9555614981495278E-01 a       135     0     7     1    15
  2.6877520973703817E-01 a       136     0     7     1    16
 -1.3969777027712313E-01 a       137     0     7     1    17
 -2.2453479204315602E-01 a       138     0     7     1    18
  6.5821124758003824E-01 a       139     0     7     1    19
 -5.1787715667975143E-01 a       140     0     7     1    20
  5.4173347587004705E-01 a       141     0     8     1     1
 -2.5956678933473443E-01 a       142     0     8     1     2
 -4.4314386827992885E-01 a       143     0     8     1     3
  4.2173035200490538E-01 a       144     0     8     1     4
  3.8142764682329505E-01 a       145     0     8     1     5
 -6.7632715697326640E-01 a       146     0     8     1     6
  7.8613137883890416E-01 a       147     0     8     1     7
 -9.1730305318601324E-01 a       148     0     8     1     8
 -3.0834998944272984E-01 a       149     0     8     1     9
  5.4572710786427414E-01 a       150     0     8     1    10
  3.3039192486708301E-02 a       151     0     8     1    11
 -4.3781119769770899E-01 a       152     0     8     1    12
 -1.2829285048888470E-01 a       153     0     8     1    13
 -5.9917894058491634E-02 a       154     0     8     1    14
  6.4450962506674847E-01 a       155     0     8     1    15
  7.2662884652013926E-01 a       156     0     8     1    16
 -2.2197128994021847E-01 a       157     0     8     1    17
 -8.9540023856457496E-01 a       158     0     8     1    18
  1.5188875837758550E-01 a       159     0     8     1    19
  2.4790631292644147E-01 a       160     0     8     1    20
  2.4514435461313858E-01 a       161     0     9     1     1
 -6.3465957158960817E-01 a       162     0     9     1     2
  4.9240164995828506E-01 a       163     0     9     1     3
 -1.1330074296975075E-01 a       164     0     9     1     4
  5.2118139407775776E-01 a       165     0     9     1     5
 -1.1374025476178414E-02 a       166     0     9     1     6
 -4.4943473019226426E-01 a       167     0     9     1     7
  4.4152542189565919E-01 a       168     0     9     1     8
 -2.4850507156383239E-01 a       169     0     9     1     9
  5.4261252513195080E-01 a       170     0     9     1    10
 -9.6429469856251764E-03 a       171     0     9     1    11
  6.4563322226904563E-01 a       172     0     9     1    12
 -3.7526405216571013E-01 a       173     0     9     1    13
 -4.8409337000904396E-01 a       174     0     9     1    14
 -1.9678205135575122E-01 a       175     0     9     1    15
  2.1512221697042352E-01 a       176     0     9     1    16
  1.5494291431873666E-01 a       177     0     9     1    17
 -3.2152935002938265E-01 a       178     0     9     1    18
 -3.0440039066316915E-01 a       179     0     9     1    19
 -2.9419050889908671E-01 a       180     0     9     1    20
  4.8909186009470362E-01 a       181     0    10     1     1
  3.5622982427677113E-01 a       182     0    10     1     2
 -2.5366911804821657E-01 a       183     0    10     1     3
 -1.5654054224340497E-01 a       184     0    10     1     4
 -1.5258796815898107E-01 a       185     0    10     1     5
 -4.4853277707787881E-01 a       186     0    10     1     6
  6.7992383341978535E-01 a       187     0    10     1     7
  5.6286439927435383E-01 a       188     0    10     1     8
 -2.4054260056569954E-01 a       189     0    10     1     9
 -3.4224438993792455E-01 a       190     0    10     1    10
  5.5148280276874939E-01 a       191     0    10     1    11
  1.7942948233762315E-02 a       192     0    10     1    12
 -6.2236534643454311E-01 a       193     0    10     1    13
  2.3382829944093658E-01 a       194     0    10     1    14
 -1.5906924213585757E-01 a       195     0    10     1    15
  3.1965299556904381E-01 a       196     0    10     1    16
 -1.0767351796395365E-01 a       197     0    10     1    17
  1.1914407622874817E-01 a       198     0    10     1    18
  4.5119916586744241E-01 a       199     0    10     1    19
  7.5318696624572212E-01 a       200     0    10     1    20
 -3.3795395253396593E-01 a       201     0    11     1     1
 -3.1413410045037182E-01 a       202     0    11     1     2
 -5.0294355007462471E-03 a       203     0    11     1     3
 -4.0533046660132582E-01 a       204     0    11     1     4
 -2.6337321597765340E-01 a       205     0    11     1     5
  1.4841503638856524E-01 a       206     0    11     1     6
  6.4125765726588502E-01 a       207     0    11     1     7
 -4.3483698759740425E-02 a       208     0    11     1     8
 -8.9943664475422724E-01 a       209     0    11     1     9
  1.7752403869945216E-01 a       210     0    11     1    10
  4.5152384875870477E-02 a       211     0    11     1    11
  6.9597402389322749E-01 a       212     0    11     1    12
  7.3136843035269949E-01 a       213     0    11     1    13
  4.7169431297904338E-02 a       214     0    11     1    14
  9.4131863008413918E-04 a       215     0    11     1    15
 -1.8630852270313134E-01 a       216     0    11     1    16
 -3.6528329246105322E-02 a       217     0    11     1    17
 -4.8695922034783562E-01 a       218     0    11     1    18
  2.3438516810256266E-01 a       219     0    11     1    19
  3.9817296838616995E-01 a       220     0    11     1    20
  1.8111628341309133E-01 a       221     0    12     1     1
  5.6237442380502234E-01 a       222     0    12     1     2
  7.1821590235647281E-01 a       223     0    12     1     3
 -4.2481267116448823E-01 a       224     0    12     1     4
 -7.3857914727355356E-01 a       225     0    12     1     5
  6.1822411151034684E-01 a       226     0    12     1     6
 -4.5486133951038321E-01 a       227     0    12     1     7
 -1.9845114218705759E-01 a       228     0    12     1     8
  4.8154914512213792E-01 a       229     0    12     1     9
  4.5707076658483253E-01 a       230     0    12     1    10
  3.8080517173276091E-01 a       231     0    12     1    11
  6.8625086409826286E-01 a       232     0    12     1    12
  4.1416333189623050E-01 a       233     0    12     1    13
  4.9490429663792285E-01 a       234     0    12     1    14
 -5.1491167702199192E-01 a       235     0    12     1    15
  4.3522443142703521E-01 a       236     0    12     1    16
 -2.8174920106648182E-01 a       237     0    12     1    17
 -3.2416511940663661E-01 a       238     0    12     1    18
 -2.7855061917068290E-02 a       239     0    12     1    19
 -5.7442277071583857E-02 a       240     0    12     1    20
 -3.3402595458532852E-01 a       241     0    13     1     1
 -3.8574513386391784E-01 a       242     0    13     1     2
 -1.2969092714886615E-01 a       243     0    13     1     3
  2.0333629242800971E-01 a       244     0    13     1     4
 -2.6208134805295247E-01 a       245     0    13     1     5
  7.8647046869450468E-02 a       246     0    13     1     6
  1.2745037190630348E-01 a       247     0    13     1     7
 -7.8345754424210587E-02 a       248     0    13     1     8
  5.7062984474058209E-01 a       249     0    13     1     9
  1.1219819340330711E-01 a       250     0    13     1    10
 -1.1966435695812146E-01 a       251     0    13     1    11
  1.3104080437894022E-01 a       252     0    13     1    12
  3.6914656642591026E-01 a       253     0    13     1    13
  3.9403862747207435E-01 a       254     0    13     1    14
  1.0229996716057063E-01 a       255     0    13     1    15
  5.2888577648412693E-01 a       256     0    13     1    16
  3.1891022092162996E-01 a       257     0    13     1    17
  1.0770219650516008E-01 a       258     0    13     1    18
  1.3910858317910377E-01 a       259     0    13     1    19
  4.6122689239035858E-01 a       260     0    13     1    20
 -6.5478614984825334E-01 a       261     0    14     1     1
 -1.3898350260484929E-01 a       262     0    14     1     2
 -2.9939303292844505E-01 a       263     0    14     1     3
 -4.8564595961266582E-01 a       264     0    14     1     4
  2.3378692321190755E-01 a       265     0    14     1     5
  3.6735614413046741E-01 a       266     0    14     1     6
 -8.2359685135513450E-02 a       267     0    14     1     7
  1.5970673423845758E-01 a       268     0    14     1     8
 -2.4645971972036645E-01 a       269     0    14     1     9
 -4.9370723111616072E-01 a       270     0    14     1    10
  5.0992687529958591E-01 a       271     0    14     1    11
  4.7545854520550695E-01 a       272     0    14     1    12
 -2.2880283136287924E-01 a       273     0    14     1    13
 -6.0007049084292796E-01 a       274     0    14     1    14
  7.4448853048803457E-02 a       275     0    14     1    15
 -4.3084895283050995E-01 a       276     0    14     1    16
  3.9959144676004726E-01 a       277     0    14     1    17
 -4.3403065551701286E-01 a       278     0    14     1    18
  5.7077712008498893E-01 a       279     0    14     1    19
  7.7805181979169757E-01 a       280     0    14     1    20
  2.5495714660793717E-01 b       281     1     1
 -8.8515305172383729E-01 b       282     1     2
 -1.7546263806971305E+00 b       283     1     3
 -2.4379137817663268E-01 b       284     1     4
  8.2352870985279059E-01 b       285     1     5
 -9.9627212598613535E-01 b       286     1     6
  7.3686341155338653E-01 b       287     1     7
  1.3582071710388999E+00 b       288     1     8
  1.9589981044644647E+00 b       289     1     9
  6.1482771618084153E-01 b       290     1    10
 -1.2161395707953018E+00 b       291     1    11
 -9.4852233024501786E-01 b       292     1    12
 -6.8027322361151432E-01 b       293     1    13
 -1.0522719851583502E+00 b       294     1    14
 -9.6193949070009721E-01 b       295     1    15
  1.2585314056113406E+00 b       296     1    16
 -1.6329994849677174E-01 b       297     1    17
 -1.7962965960231989E-01 b       298     1    18
 -7.8156258187519123E-01 b       299     1    19
  1.7900548400015690E+00 b       300     1    20
  2.7637000467782219E-01 a       301     1     1     2     1
  4.7696667591737563E-01 a       302     1     1     2     2
  1.1962683585708571E-01 a       303     1     1     2     3
 -3.0507939136660066E-02 a       304     1     1     2     4
 -6.6056672831639920E-02 a       305     1     1     2     5
 -3.2302653109188326E-02 a       306     1     1     2     6
 -6.2124197583384433E-01 a       307     1     1     2     7
 -6.3386656437622368E-02 a       308     1     1     2     8
  1.9628050327639746E-01 a       309     1     1     2     9
 -4.8694557876929750E-02 a       310     1     1     2    10
 -4.0632412566103787E-01 a       311     1     1     2    11
  1.3215552984981810E-01 a       312     1     1     2    12
  4.4579980695118582E-01 a       313     1     1     2    13
  4.7021799061541575E-01 a       314     1     1     2    14
 -3.2255143729150748E-01 a       315     1     1     2    15
  3.3338307543663017E-04 a       316     1     1     2    16
  1.3748828229855317E-01 a       317     1     1     2    17
 -4.2599220892638656E-01 a       318     1     1     2    18
  2.9926538490369653E-01 a       319     1     1     2    19
 -7.0949829981571233E-02 a       320     1     1     2    20
  1.4680988526686076E-01 a       321     1     2     2     1
  4.4863518367776822E-01 a       322     1     2     2     2
 -2.1859800845341007E-01 a       323     1     2     2     3
  6.7173852067322359E-01 a       324     1     2     2     4
 -6.8058493938636744E-01 a       325     1     2     2     5
 -4.3463627543649458E-01 a       326     1     2     2     6
 -4.2567194711625722E-01 a       327     1     2     2     7
  6.0473363676744207E-01 a       328     1     2     2     8
 -2.7171811224725384E-01 a       329     1     2     2     9
 -2.3987505048051957E-01 a       330     1     2     2    10
  6.4385612623043431E-02 a       331     1     2     2    11
 -7.3388695516170610E-02 a       332     1     2     2    12
  3.7006718396971942E-02 a       333     1     2     2    13
 -3.8590708467379686E-01 a       334     1     2     2    14
 -2.3278390692161902E-01 a       335     1     2     2    15
  1.8541822321750853E-01 a       336     1     2     2    16
  1.5322115185834068E-02 a       337     1     2     2    17
 -2.1669700106571119E-01 a       338     1     2     2    18
  2.2418662026653000E-01 a       339     1     2     2    19
  1.7750139297560660E-01 a       340     1     2     2    20
  5.5729307081069857E-01 a       341     1     3     2     1
 -6.8713761710309140E-01 a       342     1     3     2     2
 -6.5959732881759325E-01 a       343     1     3     2     3
  4.9114217704720275E-01 a       344     1     3     2     4
  5.4058648076105265E-01 a       345     1     3     2     5
  6.1214795084317342E-01 a       346     1     3     2     6
  1.8194309340838419E-01 a       347     1     3     2     7
 -1.0397499234183949E-01 a       348     1     3     2     8
 -3.0900902972264782E-01 a       349     1     3     2     9
  4.9678317222249679E-01 a       350     1     3     2    10
  1.7003688865374791E-01 a       351     1     3     2    11
 -3.7927409994526989E-01 a       352     1     3     2    12
 -3.6348373722575550E-01 a       353     1     3     2    13
 -4.3933596590669843E-01 a       354     1     3     2    14
 -1.5625834311272566E-01 a       355     1     3     2    15
 -5.1129074193954327E-01 a       356     1     3     2    16
 -2.1772257135021172E-01 a       357     1     3     2    17
  4.1377187015733835E-01 a       358     1     3     2    18
  4.4171140636858747E-01 a       359     1     3     2    19
  1.3602539438505140E-01 a       360     1     3     2    20
  3.9397082809798706E-01 a       361     1     4     2     1
  1.0401681534557478E-01 a       362     1     4     2     2
  5.1195733298671964E-01 a       363     1     4     2     3
  4.5321141469734527E-01 a       364     1     4     2     4
 -9.9281754067621686E-02 a       365     1     4     2     5
 -3.6977377555494528E-01 a       366     1     4     2     6
  3.4159200136061796E-01 a       367     1     4     2     7
  1.8393704380211803E-02 a       368     1     4     2     8
 -8.3963976354813605E-02 a       369     1     4     2     9
 -4.0386045398906772E-01 a       370     1     4     2    10
  3.4430774323735498E-04 a       371     1     4     2    11
  1.7533861021423655E-01 a       372     1     4     2    12
 -2.8738811320215801E-01 a       373     1     4     2    13
 -2.5328352887736366E-01 a       374     1     4     2    14
 -1.9794508902247437E-01 a       375     1     4     2    15
 -2.1305719400827667E-02 a       376     1     4     2    16
 -1.3109835002568232E-01 a       377     1     4     2    17
  3.4580398108326099E-01 a       378     1     4     2    18
 -1.1608400039229430E-01 a       379     1     4     2    19
  3.4965469003500105E-01 a       380     1     4     2    20
  4.8700765968893744E-01 a       381     1     5     2     1
 -1.2711096335037669E-01 a       382     1     5     2     2
  2.9369636463341681E-01 a       383     1     5     2     3
  2.8292489778249685E-01 a       384     1     5     2     4
 -3.2955280144817706E-01 a       385     1     5     2     5
  4.6490466507790051E-01 a       386     1     5     2     6
 -6.3002241540563408E-01 a       387     1     5     2     7
  4.8136079691658229E-01 a       388     1     5     2     8
  1.7038959974588577E-01 a       389     1     5     2     9
  2.1551507522183708E-01 a       390     1     5     2    10
  1.6708877573198780E-01 a       391     1     5     2    11
  4.8600527380064990E-01 a       392     1     5     2    12
  2.9970720712503451E-01 a       393     1     5     2    13
 -5.4726793318017986E-01 a       394     1     5     2    14
 -2.9104211627765653E-01 a       395     1     5     2    15
  1.6178776846487852E-01 a       396     1     5     2    16
 -1.3839567992154908E-01 a       397     1     5     2    17
  1.2025626693689279E-01 a       398     1     5     2    18
 -6.3392815847607742E-01 a       399     1     5     2    19
 -2.4553729545589309E-01 a       400     1     5     2    20
  2.0883430602542541E-01 a       401     1     6     2     1
 -1.4544428174970497E-01 a       402     1     6     2     2
 -1.2960813229772972E-01 a       403     1     6     2     3
 -3.0108393225517549E-01 a       404     1     6     2     4
  8.5438138958432330E-02 a       405     1     6     2     5
 -7.5209742455786419E-02 a       406     1     6     2     6
  2.1855393812793372E-01 a       407     1     6     2     7
  5.0964679408182756E-01 a       408     1     6     2     8
 -1.1811834620133688E-01 a       409     1     6     2     9
  4.6303814917005144E-02 a       410     1     6     2    10
  6.0335668162935374E-01 a       411     1     6     2    11
 -5.8669503854686800E-01 a       412     1     6     2    12
  4.4793496343848505E-01 a       413     1     6     2    13
  1.8245357182898861E-01 a       414     1     6     2    14
 -3.8536047028108716E-01 a       415     1     6     2    15
  6.9079356949415816E-01 a       416     1     6     2    16
  4.2593173621593696E-03 a       417     1     6     2    17
 -2.1122700592936217E-01 a       418     1     6     2    18
 -2.4753061495540371E-01 a       419     1     6     2    19
 -2.7840556520077991E-01 a       420     1     6     2    20
 -5.6253810436815466E-01 a       421     1     7     2     1
 -4.3718993610454249E-01 a       422     1     7     2     2
  5.3456332932556971E-01 a       423     1     7     2     3
 -3.6287344390463627E-01 a       424     1     7     2     4
 -4.6805002446529592E-01 a       425     1     7     2     5
 -6.0005625515153344E-02 a       426     1     7     2     6
  1.0775101669849810E-01 a       427     1     7     2     7
 -2.0195598822946606E-01 a       428     1     7     2     8
  3.2832952866674547E-01 a       429     1     7     2     9
 -7.0692301716343409E-01 a       430     1     7     2    10
 -1.5055989800283884E-01 a       431     1     7     2    11
  6.1159302988651465E-02 a       432     1     7     2    12
  4.0837685606181240E-01 a       433     1     7     2    13
  1.6494119284728506E-01 a       434     1     7     2    14
  1.0164821324779130E-01 a       435     1     7     2    15
 -4.7003094925615840E-01 a       436     1     7     2    16
 -4.5613429771180064E-01 a       437     1     7     2    17
  2.5505099732940663E-02 a       438     1     7     2    18
 -3.5499201561043570E-01 a       439     1     7     2    19
 -2.1867505491932132E-01 a       440     1     7     2    20
 -5.7036328365697908E-01 a       441     1     8     2     1
 -3.7900499067876503E-01 a       442     1     8     2     2
  4.4726076155002376E-01 a       443     1     8     2     3
 -4.8610985005081653E-02 a       444     1     8     2     4
  1.0161045048504788E-01 a       445     1     8     2     5
 -4.3907372823373275E-01 a       446     1     8     2     6
 -3.1786260676802236E-01 a       447     1     8     2     7
  3.1445791339730619E-02 a       448     1     8     2     8
  4.2404334731753396E-01 a       449     1     8     2     9
 -1.1309531234774681E-01 a       450     1     8     2    10
 -2.1587267568544455E-01 a       451     1     8     2    11
  3.8393286745163252E-01 a       452     1     8     2    12
  4.7067127044038892E-01 a       453     1     8     2    13
 -3.3928085459679219E-01 a       454     1     8     2    14
 -9.8877488121379656E-02 a       455     1     8     2    15
  3.5990094567283659E-01 a       456     1     8     2    16
  3.6364068732585370E-01 a       457     1     8     2    17
 -3.0822624049732478E-01 a       458     1     8     2    18
  4.4128244955239743E-01 a       459     1     8     2    19
  7.5734267563502700E-01 a       460     1     8     2    20
 -3.7615206334974022E-01 a       461     1     9     2     1
 -1.1799659698775716E-01 a       462     1     9     2     2
 -4.1566220254326568E-02 a       463     1     9     2     3
 -2.8531435821872403E-01 a       464     1     9     2     4
 -1.4033521073183050E-01 a       465     1     9     2     5
 -6.8177985034963917E-01 a       466     1     9     2     6
  1.9442988041008452E-01 a       467     1     9     2     7
  4.8269665265340833E-01 a       468     1     9     2     8
 -4.0281129725999704E-01 a       469     1     9     2     9
  1.7283284948112937E-01 a       470     1     9     2    10
  6.1832830470438505E-01 a       471     1     9     2    11
  4.7181748394227280E-01 a       472     1     9     2    12
 -2.9518005525382818E-01 a       473     1     9     2    13
 -4.6189320566448550E-01 a       474     1     9     2    14
  9.0739934908158085E-02 a       475     1     9     2    15
 -4.1824839045053008E-01 a       476     1     9     2    16
 -1.0152970185155649E-01 a       477     1     9     2    17
 -4.3149440626691915E-01 a       478     1     9     2    18
 -3.5278513072388956E-01 a       479     1     9     2    19
 -6.0489584274345487E-01 a       480     1     9     2    20
  2.9935398545967140E-01 a       481     1    10     2     1
 -2.5952206074018402E-01 a       482     1    10     2     2
 -1.5417469534407882E-01 a       483     1    10     2     3
  3.8615148908155189E-01 a       484     1    10     2     4
 -3.3323357085245897E-01 a       485     1    10     2     5
 -5.3631851064522756E-02 a       486     1    10     2     6
 -5.5293113270937799E-01 a       487     1    10     2     7
  2.0666459439438900E-01 a       488     1    10     2     8
 -3.6340662688014369E-01 a       489     1    10     2     9
  3.9557558473945670E-01 a       490     1    10     2    10
 -2.6931377573140874E-01 a       491     1    10     2    11
 -6.4699351230132829E-01 a       492     1    10     2    12
 -6.3314034859889623E-02 a       493     1    10     2    13
  1.8745495974617934E-01 a       494     1    10     2    14
  3.5915991547431400E-02 a       495     1    10     2    15
  4.3914034588947118E-02 a       496     1    10     2    16
 -2.7747277198780361E-02 a       497     1    10     2    17
 -6.1647126020845422E-01 a       498     1    10     2    18
  6.6279410161192653E-01 a       499     1    10     2    19
  3.6157832540960977E-01 a       500     1    10     2    20
  2.9275936567397970E-01 a       501     1    11     2     1
 -2.1685941350630630E-01 a       502     1    11     2     2
 -8.8420844402619136E-01 a       503     1    11     2     3
 -3.7539600897350567E-01 a       504     1    11     2     4
 -5.0279676932511519E-01 a       505     1    11     2     5
 -1.5959858478527308E-01 a       506     1    11     2     6
  3.8659566142553486E-01 a       507     1    11     2     7
  3.0186133734719378E-01 a       508     1    11     2     8
  5.1475634346632049E-01 a       509     1    11     2     9
 -2.0391436443959218E-01 a       510     1    11     2    10
  3.8272134122945133E-02 a       511     1    11     2    11
 -9.4102806720886015E-02 a       512     1    11     2    12
 -3.4371683311350881E-01 a       513     1    11     2    13
  3.6446165071941372E-02 a       514     1    11     2    14
  4.6053936754099256E-01 a       515     1    11     2    15
 -3.7763961156286996E-01 a       516     1    11     2    16
  8.5185704620274982E-01 a       517     1    11     2    17
  1.7334889508251741E-01 a       518     1    11     2    18
  6.3208446431172749E-01 a       519     1    11     2    19
 -2.1227810825500026E-01 a       520     1    11     2    20
  7.2254172230821520E-02 a       521     1    12     2     1
 -1.5643003455443816E-01 a       522     1    12     2     2
  7.2840293457092961E-02 a       523     1    12     2     3
  1.1283884507341319E-02 a       524     1    12     2     4
  8.1042461781799524E-01 a       525     1    12     2     5
 -3.9169528361093148E-01 a       526     1    12     2     6
  5.1992783232380779E-01 a       527     1    12     2     7
 -1.1734983424335078E-01 a       528     1    12     2     8
  3.7972021982072203E-02 a       529     1    12     2     9
  3.5828466279538657E-01 a       530     1    12     2    10
  7.9240376517202704E-01 a       531     1    12     2    11
  3.1321233312881330E-01 a       532     1    12     2    12
  3.9269575064352458E-01 a       533     1    12     2    13
 -3.0949331269522140E-01 a       534     1    12     2    14
  5.8073569926012791E-01 a       535     1    12     2    15
 -4.3475287531563533E-01 a       536     1    12     2    16
  2.9219482773054456E-01 a       537     1    12     2    17
  5.3399654531167651E-01 a       538     1    12     2    18
  2.3535930871524458E-01 a       539     1    12     2    19
 -4.9054622002583409E-01 a       540     1    12     2    20
  2.2680682922501746E-01 a       541     1    13     2     1
  5.0344623781482516E-02 a       542     1    13     2     2
  3.1046469203166055E-01 a       543     1    13     2     3
 -1.1616447439143493E-02 a       544     1    13     2     4
 -2.6232451296413967E-01 a       545     1    13     2     5
  4.1157030865791633E-01 a       546     1    13     2     6
 -1.2454227951396318E-01 a       547     1    13     2     7
  1.8568542290267059E-01 a       548     1    13     2     8
  4.2143349035606703E-01 a       549     1    13     2     9
  3.2873902733325316E-01 a       550     1    13     2    10
  3.9770065206749979E-02 a       551     1    13     2    11
  5.3485377017188196E-01 a       552     1    13     2    12
 -4.1512299873736286E-01 a       553     1    13     2    13
  1.1203802499251313E-01 a       554     1    13     2    14
 -3.1373058279767843E-02 a       555     1    13     2    15
  4.2511458464295027E-01 a       556     1    13     2    16
  4.5478274348018835E-02 a       557     1    13     2    17
 -3.0310264583703676E-02 a       558     1    13     2    18
 -1.4336157151989552E-02 a       559     1    13     2    19
 -3.0382696572148177E-01 a       560     1    13     2    20
  4.7768578514926419E-01 a       561     1    14     2     1
 -4.4824495142844101E-01 a       562     1    14     2     2
 -9.1147965843915144E-02 a       563     1    14     2     3
 -2.2078921279110644E-01 a       564     1    14     2     4
  1.2265059671920574E-01 a       565     1    14     2     5
  1.9530590025980545E-02 a       566     1    14     2     6
 -2.1811546590444336E-01 a       567     1    14     2     7
  2.3175403418101131E-01 a       568     1    14     2     8
  6.5145753368437931E-01 a       569     1    14     2     9
 -1.4354898937249883E-02 a       570     1    14     2    10
 -4.7443069078636307E-01 a       571     1    14     2    11
 -6.7068569772312861E-02 a       572     1    14     2    12
 -3.1068089352448608E-01 a       573     1    14     2    13
  5.8813086172550644E-01 a       574     1    14     2    14
  6.7326335117883468E-02 a       575     1    14     2    15
  3.2130819089325791E-01 a       576     1    14     2    16
  5.0163948766501798E-01 a       577     1    14     2    17
  3.9910318475266160E-01 a       578     1    14     2    18
 -5.2569330524280444E-01 a       579     1    14     2    19
  2.5673058192837139E-01 a       580     1    14     2    20
 -2.1052406824880959E-01 a       581     1    15     2     1
  3.2144518724777936E-02 a       582     1    15     2     2
 -2.0783394350376716E-01 a       583     1    15     2     3
  3.9026125724597294E-01 a       584     1    15     2     4
  3.3296204801309032E-01 a       585     1    15     2     5
  5.8626453777547061E-01 a       586     1    15     2     6
 -4.3168574136353621E-01 a       587     1    15     2     7
 -4.6991761097390716E-01 a       588     1    15     2     8
  1.6476972692381490E-03 a       589     1    15     2     9
 -3.7089705038918636E-01 a       590     1    15     2    10
  1.1779804406901619E-01 a       591     1    15     2    11
 -2.9915594335703349E-01 a       592     1    15     2    12
 -4.3739958069906609E-01 a       593     1    15     2    13
 -4.0110521144693168E-01 a       594     1    15     2    14
  5.3978906671211568E-01 a       595     1    15     2    15
 -2.6563231224331407E-01 a       596     1    15     2    16
  3.5018249997821249E-01 a       597     1    15     2    17
 -5.5670625064249513E-01 a       598     1    15     2    18
 -2.9950640165866266E-01 a       599     1    15     2    19
  4.5048451752721097E-01 a       600     1    15     2    20
 -3.3466295779867850E-01 a       601     1    16     2     1
 -7.0275991778553137E-01 a       602     1    16     2     2
  2.6102693162591756E-02 a       603     1    16     2     3
 -6.1095758523460353E-01 a       604     1    16     2     4
 -8.2466705071595048E-01 a       605     1    16     2     5
 -2.1457803414064072E-01 a       606     1    16     2     6
 -3.5830978014825321E-01 a       607     1    16     2     7
 -4.7020993116155918E-01 a       608     1    16     2     8
 -2.9336317214749369E-01 a       609     1    16     2     9
 -5.9342668029127854E-02 a       610     1    16     2    10
  4.6957903281718040E-02 a       611     1    16     2    11
  4.0386758441168719E-01 a       612     1    16     2    12
 -2.1742380324235652E-01 a       613     1    16     2    13
  3.7028505345841356E-01 a       614     1    16     2    14
  7.0371397258310286E-01 a       615     1    16     2    15
 -6.7891241677075653E-01 a       616     1    16     2    16
 -4.1910144788661646E-01 a       617     1    16     2    17
 -5.1900636561305136E-01 a       618     1    16     2    18
 -3.3114647413329629E-01 a       619     1    16     2    19
  9.7111057220787500E-02 a       620     1    16     2    20
  4.2255491538054990E-01 a       621     1    17     2     1
 -2.6681627843074135E-01 a       622     1    17     2     2
  2.1699207459621864E-01 a       623     1    17     2     3
 -5.2737570966878522E-01 a       624     1    17     2     4
  1.8952663752293436E-01 a       625     1    17     2     5
  3.3158502978174853E-01 a       626     1    17     2     6
 -5.7230956372706920E-02 a       627     1    17     2     7
  6.1854042609979065E-01 a       628     1    17     2     8
  3.7217530154667128E-01 a       629     1    17     2     9
 -2.9042257326860493E-01 a       630     1    17     2    10
 -3.3646608024384178E-01 a       631     1    17     2    11
 -3.6013331086949846E-01 a       632     1    17     2    12
  3.8505357643335569E-01 a       633     1    17     2    13
  4.4153086633569300E-01 a       634     1    17     2    14
  1.6767734100644457E-01 a       635     1    17     2    15
 -2.9604582520848483E-01 a       636     1    17     2    16
  2.4501538333747183E-01 a       637     1    17     2    17
 -3.6929811962925424E-01 a       638     1    17     2    18
  3.0698261128883747E-01 a       639     1    17     2    19
  3.0252379408220009E-01 a       640     1    17     2    20
 -4.5495135690227606E-01 a       641     1    18     2     1
 -3.5278397908726622E-01 a       642     1    18     2     2
  2.6921125013011582E-01 a       643     1    18     2     3
  1.5179843937528467E-01 a       644     1    18     2     4
  1.6114516233520093E-01 a       645     1    18     2     5
 -2.4588165305945014E-01 a       646     1    18     2     6
 -2.7638270034664292E-01 a       647     1    18     2     7
 -1.5453993230688775E-02 a       648     1    18     2     8
 -5.7785597291313266E-02 a       649     1    18     2     9
  3.8789432314127031E-01 a       650     1    18     2    10
  5.3589847513741673E-01 a       651     1    18     2    11
  2.2934163103687047E-01 a       652     1    18     2    12
  3.8643375845766814E-01 a       653     1    18     2    13
 -2.6167184652266268E-01 a       654     1    18     2    14
  4.5511257520494214E-01 a       655     1    18     2    15
 -2.6165929673404126E-01 a       656     1    18     2    16
 -1.4046758630042849E-02 a       657     1    18     2    17
 -5.1126904340128476E-01 a       658     1    18     2    18
  8.4869633107599693E-02 a       659     1    18     2    19
 -4.8344909963356469E-01 a       660     1    18     2    20
 -2.0091886019851946E-01 a       661     1    19     2     1
 -2.0265146015257549E-01 a       662     1    19     2     2
  2.3830482266523162E-01 a       663     1    19     2     3
  1.5318475339449553E-01 a       664     1    19     2     4
  4.0481407138824327E-01 a       665     1    19     2     5
 -6.1775037064609746E-02 a       666     1    19     2     6
  3.7234972969681185E-01 a       667     1    19     2     7
 -7.0954783992288023E-02 a       668     1    19     2     8
 -6.3758556487741447E-01 a       669     1    19     2     9
  2.7654803343045120E-01 a       670     1    19     2    10
  3.0272501903515697E-01 a       671     1    19     2    11
  5.6109395052996280E-01 a       672     1    19     2    12
 -2.5640936405933284E-01 a       673     1    19     2    13
  6.4669733044015754E-01 a       674     1    19     2    14
 -8.9968177355775739E-02 a       675     1    19     2    15
  1.8191636151665475E-01 a       676     1    19     2    16
 -5.7767718860404926E-01 a       677     1    19     2    17
  2.4750572367519258E-01 a       678     1    19     2    18
 -6.2046585376866503E-01 a       679     1    19     2    19
  1.7649349341832529E-01 a       680     1    19     2    20
  1.2329980687361047E-01 a       681     1    20     2     1
 -1.7959770418978929E-01 a       682     1    20     2     2
  2.6191199380530539E-01 a       683     1    20     2     3
  5.9920257682622036E-01 a       684     1    20     2     4
  3.4752567377510485E-01 a       685     1    20     2     5
 -1.4283567325847293E-01 a       686     1    20     2     6
 -3.2673310123409877E-01 a       687     1    20     2     7
  3.3905147400091795E-01 a       688     1    20     2     8
 -4.0595727581689595E-01 a       689     1    20     2     9
 -1.7842201180370640E-01 a       690     1    20     2    10
  1.0768869292812565E-01 a       691     1    20     2    11
 -1.8539117821230500E-01 a       692     1    20     2    12
  4.5922890204813199E-01 a       693     1    20     2    13
  2.7053204108623546E-01 a       694     1    20     2    14
  6.7809274529855135E-02 a       695     1    20     2    15
 -3.3649494028799609E-01 a       696     1    20     2    16
  1.8892368698827999E-01 a       697     1    20     2    17
  5.6185115933809227E-01 a       698     1    20     2    18
 -2.2297617944105411E-01 a       699     1    20     2    19
 -1.8387185869234046E-01 a       700     1    20     2    20
 -1.0376158862437970E+00 b       701     2     1
  1.2585036239288387E+00 b       702     2     2
 -1.5158570224666708E+00 b       703     2     3
 -3.5159750775252248E-02 b       704     2     4
 -8.1461873885201697E-01 b       705     2     5
 -6.0776402462528445E-01 b       706     2     6
 -8.7312505748975755E-01 b       707     2     7
 -1.0903881624001406E+00 b       708     2     8
  2.1321796658836409E-01 b       709     2     9
 -1.6882724376077667E+00 b       710     2    10
 -3.5600554417868435E-01 b       711     2    11
  1.5762087584462379E+00 b       712     2    12
  6.3493977409756408E-01 b       713     2    13
  1.4726031518683200E+00 b       714     2    14
 -9.3961992240490699E-01 b       715     2    15
 -7.9317439633324305E-01 b       716     2    16
  8.2957267381382127E-01 b       717     2    17
  1.4134150907131737E+00 b       718     2    18
 -9.1400886857655206E-01 b       719     2    19
 -1.3289584473060352E+00 b       720     2    20
  9.7743954510096598E-02 a       721     2     1     3     1
  2.5230295001478542E-01 a       722     2     2     3     1
  1.0177624133471988E-01 a       723     2     3     3     1
 -6.1736153238374871E-04 a       724     2     4     3     1
 -1.0289223785022021E+00 a       725     2     5     3     1
 -1.1042435553408438E+00 a       726     2     6     3     1
  6.8196734005216941E-01 a       727     2     7     3     1
  5.8015800892252989E-01 a       728     2     8     3     1
  6.9742535301936692E-02 a       729     2     9     3     1
  7.8448282819129744E-01 a       730     2    10     3     1
 -1.6456051249622400E-01 a       731     2    11     3     1
  4.8997969043894751E-01 a       732     2    12     3     1
 -4.1662101407304769E-01 a       733     2    13     3     1
 -6.0147481649252557E-02 a       734     2    14     3     1
  3.6781017211503464E-01 a       735     2    15     3     1
 -1.9448072182016996E-01 a       736     2    16     3     1
 -2.6183701148631822E-01 a       737     2    17     3     1
  1.0614154739752556E-01 a       738     2    18     3     1
  6.1926910465702645E-01 a       739     2    19     3     1
  2.5225729908761402E-01 a       740     2    20     3     1
 -5.1195890123556786E-01 b       741     3     1
