################################################################################
# Timing data for training loop.
################################################################################
# Col  Name    Description
################################################################################
# 1    epoch   Current epoch.
# 2    train   Time for training.
# 3    ptrain  Time for training (percentage of loop).
# 4    error   Time for error calculation.
# 5    perror  Time for error calculation (percentage of loop).
# 6    epoch   Time for this epoch.
# 7    total   Total time for all epochs.
# 8    Etrain  
# 9    Eptrain 
# 10   Ftrain  
# 11   Fptrain 
# 12   E_err   
# 13   Ep_err  
# 14   F_err   
# 15   Fp_err  
# 16   E_com   
# 17   Ep_com  
# 18   F_com   
# 19   Fp_com  
# 20   E_upd   
# 21   Ep_upd  
# 22   F_upd   
# 23   Fp_upd  
# 24   E_log   
# 25   Ep_log  
# 26   F_log   
# 27   Fp_log  
##################################################################################################################################################################################################################################################################################
#        1           2       3           4       5           6           7           8       9          10      11          12      13          14      15          16      17          18      19          20      21          22      23          24      25          26      27
#    epoch       train  ptrain       error  perror       epoch       total      Etrain Eptrain      Ftrain Fptrain       E_err  Ep_err       F_err  Fp_err       E_com  Ep_com       F_com  Fp_com       E_upd  Ep_upd       F_upd  Fp_upd       E_log  Ep_log       F_log  Fp_log
##################################################################################################################################################################################################################################################################################
         1   1.515E+00   0.802   3.647E-01   0.193   1.890E+00   2.976E+00   7.659E-02   0.051   1.438E+00   0.949   5.994E-04   0.008   2.161E-01   0.150   7.394E-02   0.965   1.191E+00   0.828   2.052E-03   0.027   3.159E-02   0.022   1.900E-07   0.000   2.638E-06   0.000
         2   1.543E+00   0.798   3.854E-01   0.199   1.933E+00   4.909E+00   1.478E-01   0.096   1.395E+00   0.904   3.892E-04   0.003   2.091E-01   0.150   1.452E-01   0.982   1.157E+00   0.829   2.212E-03   0.015   2.906E-02   0.021   1.500E-07   0.000   2.801E-06   0.000
         3   1.493E+00   0.788   3.982E-01   0.210   1.893E+00   6.802E+00   7.821E-02   0.052   1.414E+00   0.948   6.122E-04   0.008   1.973E-01   0.140   7.582E-02   0.969   1.186E+00   0.839   1.778E-03   0.023   3.051E-02   0.022   1.200E-07   0.000   3.219E-06   0.000
         4   1.614E+00   0.800   3.995E-01   0.198   2.016E+00   8.818E+00   8.381E-02   0.052   1.530E+00   0.948   3.652E-04   0.004   1.896E-01   0.124   8.162E-02   0.974   1.311E+00   0.857   1.830E-03   0.022   2.973E-02   0.019   1.500E-07   0.000   2.281E-06   0.000
         5   1.603E+00   0.924   1.296E-01   0.075   1.734E+00   1.055E+01   1.965E-01   0.123   1.406E+00   0.877   6.023E-04   0.003   3.236E-01   0.230   1.935E-01   0.985   1.038E+00   0.738   2.383E-03   0.012   4.409E-02   0.031   1.290E-07   0.000   2.481E-06   0.000
         6   1.472E+00   0.859   2.374E-01   0.138   1.714E+00   1.227E+01   2.987E-03   0.002   1.469E+00   0.998   5.863E-04   0.196   2.262E-01   0.154   1.508E-04   0.050   1.214E+00   0.826   2.249E-03   0.753   2.907E-02   0.020   2.700E-07   0.000   3.380E-06   0.000
         7   1.256E+00   0.751   4.141E-01   0.248   1.673E+00   1.394E+01   4.264E-02   0.034   1.214E+00   0.966   5.845E-04   0.014   3.467E-01   0.286   4.015E-02   0.942   8.350E-01   0.688   1.898E-03   0.045   3.211E-02   0.026   1.500E-07   0.000   2.191E-06   0.000
         8   1.459E+00   0.819   3.182E-01   0.179   1.782E+00   1.572E+01   1.148E-01   0.079   1.344E+00   0.921   4.009E-04   0.003   3.610E-01   0.269   1.096E-01   0.954   9.540E-01   0.710   4.835E-03   0.042   2.886E-02   0.021   3.700E-07   0.000   3.880E-06   0.000
         9   1.457E+00   0.909   1.413E-01   0.088   1.603E+00   1.732E+01   8.763E-02   0.060   1.369E+00   0.940   5.882E-04   0.007   3.580E-01   0.261   8.534E-02   0.974   9.826E-01   0.718   1.698E-03   0.019   2.859E-02   0.021   1.200E-07   0.000   2.820E-06   0.000
        10   1.309E+00   0.798   3.137E-01   0.191   1.640E+00   1.896E+01   5.847E-02   0.045   1.250E+00   0.955   6.649E-04   0.011   3.626E-01   0.290   5.450E-02   0.932   8.579E-01   0.686   3.303E-03   0.057   2.982E-02   0.024   2.100E-07   0.000   2.449E-06   0.000
        11   1.314E+00   0.804   3.046E-01   0.186   1.634E+00   2.060E+01   3.144E-02   0.024   1.282E+00   0.976   5.789E-04   0.018   3.604E-01   0.281   2.867E-02   0.912   8.924E-01   0.696   2.187E-03   0.070   2.924E-02   0.023   1.100E-07   0.000   2.688E-06   0.000
        12   1.601E+00   0.803   3.900E-01   0.196   1.994E+00   2.259E+01   4.338E-02   0.027   1.558E+00   0.973   5.884E-04   0.014   3.079E-01   0.198   4.118E-02   0.949   1.209E+00   0.776   1.618E-03   0.037   4.033E-02   0.026   1.100E-07   0.000   3.110E-06   0.000
        13   1.475E+00   0.761   4.613E-01   0.238   1.938E+00   2.453E+01   5.217E-02   0.035   1.423E+00   0.965   3.890E-04   0.007   2.980E-01   0.209   4.950E-02   0.949   1.095E+00   0.769   2.285E-03   0.044   3.044E-02   0.021   1.000E-07   0.000   2.130E-06   0.000
        14   1.151E+00   0.763   3.542E-01   0.235   1.508E+00   2.604E+01   4.649E-02   0.040   1.105E+00   0.960   6.268E-04   0.013   3.249E-01   0.294   4.414E-02   0.950   7.431E-01   0.673   1.717E-03   0.037   3.661E-02   0.033   2.300E-07   0.000   2.421E-06   0.000
        15   1.514E+00   0.824   3.217E-01   0.175   1.837E+00   2.788E+01   6.278E-02   0.041   1.451E+00   0.959   5.771E-04   0.009   3.416E-01   0.235   4.522E-02   0.720   1.079E+00   0.743   1.698E-02   0.270   3.069E-02   0.021   1.600E-07   0.000   2.362E-06   0.000
