################################################################################
# Neural network connection values (weights and biases).
################################################################################
# Col  Name       Description
################################################################################
# 1    connection Neural network connection value.
# 2    t          Connection type (a = weight, b = bias).
# 3    index      Index enumerating weights.
# 4    l_s        Starting point layer (end point layer for biases).
# 5    n_s        Starting point neuron in starting layer (end point neuron for biases).
# 6    l_e        End point layer.
# 7    n_e        End point neuron in end layer.
################################################################################
#                      1 2         3     4     5     6     7
#             connection t     index   l_s   n_s   l_e   n_e
############################################################
 -1.9385166632032058E-01 a         1     0     1     1     1
 -1.2256456455374093E-01 a         2     0     1     1     2
  5.1607461606349880E-01 a         3     0     1     1     3
 -4.4612137189923867E-01 a         4     0     1     1     4
  3.3452791166585172E-01 a         5     0     1     1     5
  7.9783635719980150E-01 a         6     0     1     1     6
 -2.1459715666193932E-01 a         7     0     1     1     7
  3.4616821309935292E-02 a         8     0     1     1     8
 -1.1001356707263696E-01 a         9     0     1     1     9
  5.3053712138176889E-01 a        10     0     1     1    10
  6.4199352973042356E-01 a        11     0     1     1    11
 -4.3452428588696124E-01 a        12     0     1     1    12
 -7.6181228443176674E-01 a        13     0     1     1    13
  5.3299841895896660E-01 a        14     0     1     1    14
 -1.7110044395523843E-01 a        15     0     1     1    15
  4.3386974725904837E-01 a        16     0     1     1    16
 -3.0389428708316163E-01 a        17     0     1     1    17
  3.3295386762910445E-01 a        18     0     1     1    18
  6.2396141890352563E-01 a        19     0     1     1    19
  2.6214904221399404E-01 a        20     0     1     1    20
  4.5706873415208238E-02 a        21     0     2     1     1
  3.3480847070097647E-01 a        22     0     2     1     2
  7.9906903436382759E-01 a        23     0     2     1     3
  8.1451993306750448E-01 a        24     0     2     1     4
 -4.2461785651805556E-01 a        25     0     2     1     5
  1.3746552299482717E-01 a        26     0     2     1     6
  1.5595500558160297E-01 a        27     0     2     1     7
 -6.6128957421889289E-01 a        28     0     2     1     8
  6.1181598536462234E-01 a        29     0     2     1     9
  3.8628137005996632E-01 a        30     0     2     1    10
  4.2689113039945564E-01 a        31     0     2     1    11
  5.6929399125124724E-01 a        32     0     2     1    12
 -2.2549920771362347E-01 a        33     0     2     1    13
 -6.9006571349630763E-01 a        34     0     2     1    14
  2.8098218526309865E-01 a        35     0     2     1    15
 -1.5570256129663673E-01 a        36     0     2     1    16
  4.3241186371511642E-01 a        37     0     2     1    17
  5.3057005516137856E-01 a        38     0     2     1    18
  4.5114193703748320E-02 a        39     0     2     1    19
  1.5148928367675937E-01 a        40     0     2     1    20
  4.4677820476040842E-01 a        41     0     3     1     1
  4.8301012411179395E-01 a        42     0     3     1     2
 -2.4610418250987673E-01 a        43     0     3     1     3
 -1.7998967837286142E-01 a        44     0     3     1     4
 -3.7691133049836278E-01 a        45     0     3     1     5
  3.5205106394171110E-01 a        46     0     3     1     6
 -6.5651528964021222E-01 a        47     0     3     1     7
  1.3705861152722734E-01 a        48     0     3     1     8
 -2.4506444777782255E-01 a        49     0     3     1     9
  4.2734779396526729E-01 a        50     0     3     1    10
 -3.0206034994974523E-01 a        51     0     3     1    11
 -4.4094187139256408E-01 a        52     0     3     1    12
 -3.5934773835395928E-01 a        53     0     3     1    13
 -3.3002174037390523E-02 a        54     0     3     1    14
 -6.7412874431330011E-02 a        55     0     3     1    15
  1.0988790008698653E-01 a        56     0     3     1    16
  3.7932723221459708E-01 a        57     0     3     1    17
  2.7470528741900230E-01 a        58     0     3     1    18
  5.8048792785598413E-01 a        59     0     3     1    19
  8.6596738547244800E-01 a        60     0     3     1    20
  1.2259560957488772E-01 a        61     0     4     1     1
  4.7168797264675272E-01 a        62     0     4     1     2
 -1.4658596836975785E-01 a        63     0     4     1     3
  4.9328017082872871E-01 a        64     0     4     1     4
 -1.0425590288547050E-01 a        65     0     4     1     5
 -2.5981288226504556E-01 a        66     0     4     1     6
 -1.5209060872147573E-01 a        67     0     4     1     7
 -1.6362334558519978E-01 a        68     0     4     1     8
 -1.2390497415169666E-01 a        69     0     4     1     9
 -5.2602905199261452E-01 a        70     0     4     1    10
  6.0001326815289957E-01 a        71     0     4     1    11
  4.0557086262945169E-01 a        72     0     4     1    12
 -3.3631898497240809E-01 a        73     0     4     1    13
  1.3228919478705248E-01 a        74     0     4     1    14
  4.2365555251901799E-01 a        75     0     4     1    15
  5.9472880297383690E-01 a        76     0     4     1    16
  7.0504998884838410E-01 a        77     0     4     1    17
  9.6446837268435490E-02 a        78     0     4     1    18
  4.0118655084845661E-01 a        79     0     4     1    19
 -6.8298671906472053E-01 a        80     0     4     1    20
  2.1527496968085616E-01 a        81     0     5     1     1
 -8.6063896984137578E-01 a        82     0     5     1     2
 -6.0425300816217542E-01 a        83     0     5     1     3
  4.9002299433906121E-01 a        84     0     5     1     4
 -4.3934288268550620E-01 a        85     0     5     1     5
  4.8512282345892671E-01 a        86     0     5     1     6
  4.7229143238211768E-01 a        87     0     5     1     7
 -5.5023934461430157E-01 a        88     0     5     1     8
  2.7999688333738332E-01 a        89     0     5     1     9
  3.3395104216853899E-01 a        90     0     5     1    10
  3.2999958939675061E-01 a        91     0     5     1    11
 -5.2632415642927577E-01 a        92     0     5     1    12
  5.5457412502563752E-01 a        93     0     5     1    13
  2.1544594229746653E-01 a        94     0     5     1    14
 -3.3096370733341568E-01 a        95     0     5     1    15
  4.9227469534518525E-01 a        96     0     5     1    16
  4.5462677004062207E-01 a        97     0     5     1    17
 -5.9136497816523959E-01 a        98     0     5     1    18
 -2.8290169134944870E-01 a        99     0     5     1    19
 -2.5360891031718508E-01 a       100     0     5     1    20
  1.4669051817754830E-01 a       101     0     6     1     1
 -1.1134482952810076E-01 a       102     0     6     1     2
  6.4433981781202698E-01 a       103     0     6     1     3
 -2.4804089929682017E-02 a       104     0     6     1     4
  6.0190892395098472E-01 a       105     0     6     1     5
  5.4718741930703796E-01 a       106     0     6     1     6
  4.3666812612159589E-01 a       107     0     6     1     7
 -1.7683813057388989E-02 a       108     0     6     1     8
  5.4486342904414009E-01 a       109     0     6     1     9
 -8.2928572939152054E-02 a       110     0     6     1    10
  6.5527241720454688E-01 a       111     0     6     1    11
  1.0658989524419970E-02 a       112     0     6     1    12
 -2.1480496354287004E-01 a       113     0     6     1    13
 -2.9065776143734279E-01 a       114     0     6     1    14
 -1.1039387349431350E-01 a       115     0     6     1    15
 -3.1354650901797171E-01 a       116     0     6     1    16
 -6.4069169196677078E-01 a       117     0     6     1    17
  7.6922413880197549E-01 a       118     0     6     1    18
 -2.4167203041971938E-01 a       119     0     6     1    19
  1.0549012734013333E-01 a       120     0     6     1    20
 -9.1410968129596237E-01 a       121     0     7     1     1
  2.3427244707067307E-01 a       122     0     7     1     2
 -3.0481288626514069E-01 a       123     0     7     1     3
 -2.6187498398890124E-01 a       124     0     7     1     4
  7.4859487236225075E-01 a       125     0     7     1     5
 -1.4984021695185432E-01 a       126     0     7     1     6
  5.1049983523841891E-01 a       127     0     7     1     7
  2.5101766325992597E-01 a       128     0     7     1     8
 -5.0506550357017166E-01 a       129     0     7     1     9
 -2.1974419421796967E-01 a       130     0     7     1    10
  5.9057848032856811E-02 a       131     0     7     1    11
 -1.8620129851513412E-01 a       132     0     7     1    12
  7.6908427806359458E-01 a       133     0     7     1    13
  7.5141275443245364E-02 a       134     0     7     1    14
  5.4047275923294957E-01 a       135     0     7     1    15
  7.6509033549554850E-01 a       136     0     7     1    16
 -4.5655037950247196E-02 a       137     0     7     1    17
  6.9926178266432948E-01 a       138     0     7     1    18
 -1.3623200524348256E-01 a       139     0     7     1    19
 -7.7259118487178313E-01 a       140     0     7     1    20
 -2.4111088378676739E-02 a       141     0     8     1     1
 -4.9929177449042133E-03 a       142     0     8     1     2
 -4.5628405968217794E-02 a       143     0     8     1     3
  2.8281452110249200E-01 a       144     0     8     1     4
  2.5395775952987454E-01 a       145     0     8     1     5
  1.8399638890728165E-01 a       146     0     8     1     6
  3.6734773353832245E-01 a       147     0     8     1     7
  4.1431823050530253E-01 a       148     0     8     1     8
  7.7143219541063079E-01 a       149     0     8     1     9
 -6.0422922518317312E-01 a       150     0     8     1    10
  4.7940716781485648E-01 a       151     0     8     1    11
 -9.0868946108562898E-01 a       152     0     8     1    12
  1.2921417252044509E-01 a       153     0     8     1    13
  6.7295789666343453E-01 a       154     0     8     1    14
  2.5383164966757682E-01 a       155     0     8     1    15
  3.1731756109392217E-02 a       156     0     8     1    16
 -2.2546586118011810E-01 a       157     0     8     1    17
 -3.1016038928913947E-01 a       158     0     8     1    18
 -4.2648707962250182E-01 a       159     0     8     1    19
 -6.0127113864154513E-01 a       160     0     8     1    20
 -3.8423346997815841E-02 a       161     0     9     1     1
 -1.4022107887845189E-01 a       162     0     9     1     2
 -3.3309582888216493E-01 a       163     0     9     1     3
  8.7008781451548903E-02 a       164     0     9     1     4
 -4.3004492696057406E-01 a       165     0     9     1     5
 -6.5368100190738021E-01 a       166     0     9     1     6
  5.7161292282375897E-01 a       167     0     9     1     7
 -1.1338853077911369E-01 a       168     0     9     1     8
 -2.2861680402430234E-01 a       169     0     9     1     9
  9.0106665181435408E-01 a       170     0     9     1    10
  2.2314210333104526E-01 a       171     0     9     1    11
 -5.3023666780462730E-03 a       172     0     9     1    12
  4.2582360457754631E-01 a       173     0     9     1    13
 -4.4711252297992971E-01 a       174     0     9     1    14
  2.2430815222625872E-01 a       175     0     9     1    15
 -5.4147246679677352E-01 a       176     0     9     1    16
 -3.7131271606794042E-01 a       177     0     9     1    17
 -4.2167639379965399E-01 a       178     0     9     1    18
 -6.5523122097260589E-01 a       179     0     9     1    19
  5.5000901312518391E-01 a       180     0     9     1    20
  6.9081275123268626E-01 a       181     0    10     1     1
  2.9874835026473156E-02 a       182     0    10     1     2
 -1.7533245432805564E-01 a       183     0    10     1     3
  7.1567718713816031E-01 a       184     0    10     1     4
 -3.0597493829846267E-01 a       185     0    10     1     5
  5.4748037453134812E-01 a       186     0    10     1     6
  1.4107463809016823E-02 a       187     0    10     1     7
 -4.6256699058387291E-01 a       188     0    10     1     8
 -6.0878592056871517E-01 a       189     0    10     1     9
 -5.0096210137273234E-01 a       190     0    10     1    10
  5.8468561463043023E-01 a       191     0    10     1    11
  7.9245564833275564E-02 a       192     0    10     1    12
  3.3975756311257566E-01 a       193     0    10     1    13
 -5.2931315884151897E-01 a       194     0    10     1    14
  4.9378695754918694E-01 a       195     0    10     1    15
  4.5843021778044328E-02 a       196     0    10     1    16
  3.2643598981414773E-01 a       197     0    10     1    17
 -2.9490209515583440E-02 a       198     0    10     1    18
 -2.8874627921988955E-01 a       199     0    10     1    19
  4.1918111143907777E-01 a       200     0    10     1    20
 -3.4736309348298666E-01 a       201     0    11     1     1
 -1.5376708456759858E-01 a       202     0    11     1     2
  1.5205727139897049E-01 a       203     0    11     1     3
  6.0280978236008020E-01 a       204     0    11     1     4
 -3.2915251527233008E-01 a       205     0    11     1     5
  1.0840168066515424E-01 a       206     0    11     1     6
  2.8685831686371427E-01 a       207     0    11     1     7
 -3.7576366796955540E-01 a       208     0    11     1     8
  2.0607932718561187E-01 a       209     0    11     1     9
 -3.7499864508507968E-01 a       210     0    11     1    10
 -9.2152059148256291E-02 a       211     0    11     1    11
  3.9698526928271066E-01 a       212     0    11     1    12
  4.9829510779421149E-01 a       213     0    11     1    13
  1.5988998546360828E-01 a       214     0    11     1    14
 -6.6158199006898177E-01 a       215     0    11     1    15
 -3.8757529909405258E-01 a       216     0    11     1    16
 -2.7232374888477906E-01 a       217     0    11     1    17
  3.2148804223947319E-01 a       218     0    11     1    18
  4.6912990776517299E-01 a       219     0    11     1    19
 -3.2352773903526671E-02 a       220     0    11     1    20
  7.5625234325323676E-01 a       221     0    12     1     1
 -5.8528019534842490E-01 a       222     0    12     1     2
  1.8252576148257621E-01 a       223     0    12     1     3
 -4.7861778059920546E-01 a       224     0    12     1     4
 -5.6131057821866481E-01 a       225     0    12     1     5
  2.0676029070752930E-01 a       226     0    12     1     6
  1.2989030949158756E-01 a       227     0    12     1     7
  5.9824426077577919E-01 a       228     0    12     1     8
 -2.4202634659740269E-01 a       229     0    12     1     9
 -8.1445924012290927E-01 a       230     0    12     1    10
 -2.7348178626091446E-01 a       231     0    12     1    11
 -7.8561310566651799E-01 a       232     0    12     1    12
  5.5726384272794693E-01 a       233     0    12     1    13
 -1.7075392955352794E-01 a       234     0    12     1    14
  6.3424927762892058E-01 a       235     0    12     1    15
  2.9603868866234806E-01 a       236     0    12     1    16
 -6.6835553344922016E-01 a       237     0    12     1    17
 -6.2061843072354661E-01 a       238     0    12     1    18
  6.9654095400463556E-01 a       239     0    12     1    19
  5.6739124502412963E-01 a       240     0    12     1    20
  1.6910179618590918E-01 a       241     0    13     1     1
 -2.9648075180006500E-01 a       242     0    13     1     2
  5.7246076635886411E-01 a       243     0    13     1     3
  4.1870135028034139E-01 a       244     0    13     1     4
  3.8753630851624943E-01 a       245     0    13     1     5
 -1.4272516302656946E-01 a       246     0    13     1     6
  6.5261515585942376E-01 a       247     0    13     1     7
  3.9013436976880006E-01 a       248     0    13     1     8
  3.8028551024677459E-01 a       249     0    13     1     9
  6.9973726598800179E-01 a       250     0    13     1    10
  3.5419089353998906E-01 a       251     0    13     1    11
  4.6626758748126140E-01 a       252     0    13     1    12
 -1.9146144323935133E-01 a       253     0    13     1    13
 -7.9511747542521938E-01 a       254     0    13     1    14
  8.3198030943258361E-01 a       255     0    13     1    15
  2.9198100429672430E-01 a       256     0    13     1    16
 -2.3225536285471471E-01 a       257     0    13     1    17
 -1.7430056974511021E-01 a       258     0    13     1    18
 -4.7768944554497261E-01 a       259     0    13     1    19
  5.2823358714926794E-01 a       260     0    13     1    20
 -1.9501409103528577E-01 a       261     0    14     1     1
  6.9453947725544574E-01 a       262     0    14     1     2
  7.3275753881694738E-01 a       263     0    14     1     3
 -4.8362057869419363E-02 a       264     0    14     1     4
  1.0015255636494645E-01 a       265     0    14     1     5
 -4.3906248438899548E-01 a       266     0    14     1     6
 -4.7241706217704738E-01 a       267     0    14     1     7
  3.9376344878131148E-01 a       268     0    14     1     8
 -4.0851672545594347E-01 a       269     0    14     1     9
 -3.7242150857421041E-01 a       270     0    14     1    10
 -4.4912589572281653E-01 a       271     0    14     1    11
  1.6185532529617971E-01 a       272     0    14     1    12
  3.3636099190161539E-01 a       273     0    14     1    13
 -1.2425408169440266E-01 a       274     0    14     1    14
 -6.3361660381258700E-01 a       275     0    14     1    15
 -6.7676723211950052E-01 a       276     0    14     1    16
  4.9368375382079172E-01 a       277     0    14     1    17
 -3.1145229998223428E-01 a       278     0    14     1    18
 -1.2794732725544758E-01 a       279     0    14     1    19
  4.0315411672647411E-01 a       280     0    14     1    20
  2.0898137097326397E-01 b       281     1     1
  6.2197631512430729E-01 b       282     1     2
 -1.7829529305005503E+00 b       283     1     3
 -1.1969956592817093E+00 b       284     1     4
 -6.5300827251576510E-01 b       285     1     5
  1.3043722126265012E+00 b       286     1     6
 -1.0438373799201281E+00 b       287     1     7
 -2.3401463190560298E-01 b       288     1     8
  1.8219669764678272E+00 b       289     1     9
  6.8077707234180040E-01 b       290     1    10
 -1.5098775427128925E+00 b       291     1    11
  9.9994286261937382E-01 b       292     1    12
 -5.8700604118401134E-01 b       293     1    13
 -1.5611880880101765E+00 b       294     1    14
 -1.5093353796722826E+00 b       295     1    15
  5.4521051988576985E-01 b       296     1    16
 -8.2313608647655390E-01 b       297     1    17
 -5.0465234697041683E-01 b       298     1    18
 -1.1901105515988730E+00 b       299     1    19
  1.1320578093136244E+00 b       300     1    20
 -1.1171323088599094E-01 a       301     1     1     2     1
  6.1110975734846007E-01 a       302     1     1     2     2
  4.1679527633799818E-01 a       303     1     1     2     3
 -1.4616255231859154E-01 a       304     1     1     2     4
 -1.2369813841609550E-01 a       305     1     1     2     5
 -3.0696416448427194E-01 a       306     1     1     2     6
 -5.0996336937513886E-01 a       307     1     1     2     7
  5.9692783182716203E-01 a       308     1     1     2     8
  3.9475537036854647E-01 a       309     1     1     2     9
 -1.5590302775388895E-01 a       310     1     1     2    10
 -2.9825922215972694E-01 a       311     1     1     2    11
 -3.0461192578513936E-02 a       312     1     1     2    12
 -4.4052362567069253E-01 a       313     1     1     2    13
  4.0750287934807816E-01 a       314     1     1     2    14
 -1.8418372015530843E-01 a       315     1     1     2    15
 -2.5590995184939541E-01 a       316     1     1     2    16
 -3.8285977722686398E-01 a       317     1     1     2    17
  6.2340492269921011E-01 a       318     1     1     2    18
  5.6998900281730447E-01 a       319     1     1     2    19
 -2.7707017725839822E-01 a       320     1     1     2    20
 -5.9643656271564438E-01 a       321     1     2     2     1
 -2.8068478198253183E-01 a       322     1     2     2     2
  2.0222186405200823E-01 a       323     1     2     2     3
  1.9871412180118952E-01 a       324     1     2     2     4
  1.0720543696714172E-01 a       325     1     2     2     5
  5.9261542939249623E-01 a       326     1     2     2     6
  1.8478775814574763E-01 a       327     1     2     2     7
 -4.1613134199054463E-01 a       328     1     2     2     8
  3.2116462107549282E-01 a       329     1     2     2     9
  4.5457491186512278E-01 a       330     1     2     2    10
 -1.6769444950294748E-01 a       331     1     2     2    11
  2.2544260311573638E-01 a       332     1     2     2    12
 -1.8854796272656965E-01 a       333     1     2     2    13
  2.2515223143990629E-01 a       334     1     2     2    14
  1.8310722128032433E-01 a       335     1     2     2    15
 -2.6673204657639638E-01 a       336     1     2     2    16
  4.4200385601451020E-01 a       337     1     2     2    17
 -4.8149608556049456E-01 a       338     1     2     2    18
 -2.6479882478608645E-02 a       339     1     2     2    19
 -2.1910712564817142E-01 a       340     1     2     2    20
  5.0065598843068559E-01 a       341     1     3     2     1
  6.8351618266311198E-01 a       342     1     3     2     2
 -6.6972022922056729E-01 a       343     1     3     2     3
  3.9793691968376765E-01 a       344     1     3     2     4
 -1.2352503920484166E-01 a       345     1     3     2     5
 -2.0751590159748390E-01 a       346     1     3     2     6
  8.2849683591017090E-02 a       347     1     3     2     7
  1.1465340140075954E-01 a       348     1     3     2     8
 -3.3485435362546551E-01 a       349     1     3     2     9
  2.1358906260587548E-01 a       350     1     3     2    10
  2.2097282202314200E-01 a       351     1     3     2    11
  4.1443673281698082E-02 a       352     1     3     2    12
 -2.6898896400164762E-01 a       353     1     3     2    13
  3.0750136509830372E-01 a       354     1     3     2    14
  1.3110829658235595E-01 a       355     1     3     2    15
 -4.7771928649677253E-01 a       356     1     3     2    16
 -4.9153110341599743E-01 a       357     1     3     2    17
 -2.5243148936475512E-02 a       358     1     3     2    18
 -1.2852272545700075E-01 a       359     1     3     2    19
 -5.3367674957381706E-01 a       360     1     3     2    20
  3.6530798532220649E-01 a       361     1     4     2     1
 -4.2507057880168392E-01 a       362     1     4     2     2
 -4.0601940466850139E-01 a       363     1     4     2     3
  7.4324080567109219E-01 a       364     1     4     2     4
  2.0827290984883223E-01 a       365     1     4     2     5
 -4.3772876215199569E-01 a       366     1     4     2     6
  4.7188935964855433E-02 a       367     1     4     2     7
 -2.3775472446450976E-02 a       368     1     4     2     8
 -5.8156799871418396E-01 a       369     1     4     2     9
  2.8504998318876862E-01 a       370     1     4     2    10
  4.6430130127377617E-01 a       371     1     4     2    11
 -1.7501437843459998E-02 a       372     1     4     2    12
 -2.7519557831030023E-01 a       373     1     4     2    13
  6.1745784245275559E-01 a       374     1     4     2    14
  6.8504931312152489E-02 a       375     1     4     2    15
 -6.8142403541666863E-01 a       376     1     4     2    16
  3.2990057283393420E-01 a       377     1     4     2    17
  1.5967106732497041E-01 a       378     1     4     2    18
 -6.3116986779116246E-01 a       379     1     4     2    19
 -4.5152917476653265E-01 a       380     1     4     2    20
  6.2190121048034908E-01 a       381     1     5     2     1
 -6.1353117075107710E-02 a       382     1     5     2     2
  3.3419520806943376E-01 a       383     1     5     2     3
 -2.4541712134851709E-01 a       384     1     5     2     4
  4.4380984300715041E-02 a       385     1     5     2     5
  3.7912888686590063E-01 a       386     1     5     2     6
 -5.6995903898189082E-01 a       387     1     5     2     7
 -3.0429168164138509E-01 a       388     1     5     2     8
  4.5819648765927501E-01 a       389     1     5     2     9
  1.1795887712029895E-02 a       390     1     5     2    10
 -1.5836734998767327E-01 a       391     1     5     2    11
  7.2024304560758451E-02 a       392     1     5     2    12
 -9.9228519130057757E-02 a       393     1     5     2    13
  4.2202183116135322E-01 a       394     1     5     2    14
 -5.1607848744343421E-01 a       395     1     5     2    15
 -3.0974108966793618E-01 a       396     1     5     2    16
 -1.6715852906807052E-01 a       397     1     5     2    17
 -1.2563542939908900E-01 a       398     1     5     2    18
  4.3264251061583769E-01 a       399     1     5     2    19
 -1.5524331956226361E-02 a       400     1     5     2    20
 -1.7944620496116748E-01 a       401     1     6     2     1
  3.5937458439227116E-01 a       402     1     6     2     2
  3.4318863224324453E-01 a       403     1     6     2     3
 -1.6556669232850135E-02 a       404     1     6     2     4
 -1.2558503529901611E-02 a       405     1     6     2     5
 -5.6653889301311988E-02 a       406     1     6     2     6
 -8.9430849030465581E-02 a       407     1     6     2     7
  7.1436626800015779E-01 a       408     1     6     2     8
  4.1463763722497871E-01 a       409     1     6     2     9
 -5.8516342128529353E-02 a       410     1     6     2    10
  1.3132215352486640E-01 a       411     1     6     2    11
 -4.9447481754930478E-01 a       412     1     6     2    12
  4.7732554374748093E-01 a       413     1     6     2    13
 -6.4893385298402018E-01 a       414     1     6     2    14
  2.4743975740373850E-01 a       415     1     6     2    15
 -5.0221169824943790E-01 a       416     1     6     2    16
 -9.7261053728715088E-02 a       417     1     6     2    17
  1.0330336195320718E-01 a       418     1     6     2    18
  3.4878497581426227E-01 a       419     1     6     2    19
 -3.4040757640917685E-01 a       420     1     6     2    20
 -1.5409402951138285E-01 a       421     1     7     2     1
  8.3823495843755494E-02 a       422     1     7     2     2
 -4.3027058746821406E-01 a       423     1     7     2     3
  1.5831976725300290E-01 a       424     1     7     2     4
  2.1674241658301485E-04 a       425     1     7     2     5
 -6.3948855442419059E-02 a       426     1     7     2     6
  5.8620226306851077E-02 a       427     1     7     2     7
 -1.9643503403475499E-01 a       428     1     7     2     8
 -1.0532680736206933E-01 a       429     1     7     2     9
  9.0524228121374034E-02 a       430     1     7     2    10
 -1.5411896608925851E-01 a       431     1     7     2    11
 -1.9077266929514142E-01 a       432     1     7     2    12
 -1.6057944260924351E-01 a       433     1     7     2    13
  2.7264009708349440E-01 a       434     1     7     2    14
 -2.8656151305936395E-01 a       435     1     7     2    15
  6.0129115042781234E-01 a       436     1     7     2    16
 -4.6503890254685581E-01 a       437     1     7     2    17
  3.5907634228136581E-01 a       438     1     7     2    18
  3.7191952933334466E-01 a       439     1     7     2    19
 -4.7153287495763002E-01 a       440     1     7     2    20
 -1.2516485923793028E-01 a       441     1     8     2     1
 -6.1784112607814679E-01 a       442     1     8     2     2
  1.1857184148717360E-01 a       443     1     8     2     3
  1.2241957098325620E-01 a       444     1     8     2     4
  2.7868924664834166E-01 a       445     1     8     2     5
 -4.5888106956065644E-01 a       446     1     8     2     6
  3.6866409975143816E-01 a       447     1     8     2     7
 -5.2583678750647855E-01 a       448     1     8     2     8
 -4.1359283431824828E-01 a       449     1     8     2     9
 -7.9284644993604006E-02 a       450     1     8     2    10
  1.0777175393157808E-01 a       451     1     8     2    11
 -3.1080350996032086E-01 a       452     1     8     2    12
 -6.7758453071510377E-02 a       453     1     8     2    13
 -1.8633279668432357E-01 a       454     1     8     2    14
 -4.9937074645553609E-01 a       455     1     8     2    15
  8.2195779316402137E-02 a       456     1     8     2    16
 -3.1498592101357675E-01 a       457     1     8     2    17
 -4.9222971221408318E-01 a       458     1     8     2    18
 -4.2558664227887621E-01 a       459     1     8     2    19
 -4.5763750907444622E-01 a       460     1     8     2    20
 -3.0753054387719247E-01 a       461     1     9     2     1
 -4.3058730958413333E-01 a       462     1     9     2     2
 -2.0919202070093743E-01 a       463     1     9     2     3
  4.3225338430791288E-01 a       464     1     9     2     4
  8.0529177537157492E-01 a       465     1     9     2     5
 -6.0709608745308757E-02 a       466     1     9     2     6
 -5.6673978531900637E-01 a       467     1     9     2     7
  5.7641346546614158E-01 a       468     1     9     2     8
 -3.5005569044416202E-01 a       469     1     9     2     9
  1.8943678721750812E-01 a       470     1     9     2    10
  8.0989865579675815E-02 a       471     1     9     2    11
  4.1666536160948625E-01 a       472     1     9     2    12
 -1.7979374619534608E-01 a       473     1     9     2    13
 -3.4481467191295873E-01 a       474     1     9     2    14
 -6.9925472360840357E-01 a       475     1     9     2    15
 -4.5198036497771654E-01 a       476     1     9     2    16
 -5.5245043597983901E-01 a       477     1     9     2    17
  4.3411227618722764E-01 a       478     1     9     2    18
  4.3236153521064580E-01 a       479     1     9     2    19
 -2.0583390960977033E-01 a       480     1     9     2    20
 -3.3210964556796724E-01 a       481     1    10     2     1
 -5.3360365956757727E-01 a       482     1    10     2     2
  3.1657399491996618E-01 a       483     1    10     2     3
 -4.9725630713024366E-01 a       484     1    10     2     4
 -2.8829791497870261E-01 a       485     1    10     2     5
 -2.3202198988436798E-01 a       486     1    10     2     6
  5.3756758181985762E-02 a       487     1    10     2     7
  4.0114050134893442E-01 a       488     1    10     2     8
 -4.7171786480696709E-01 a       489     1    10     2     9
 -2.4860943966095245E-01 a       490     1    10     2    10
 -7.7344849068456267E-01 a       491     1    10     2    11
  2.3723265620323647E-01 a       492     1    10     2    12
  4.5841043719581814E-01 a       493     1    10     2    13
 -3.9594194027114796E-02 a       494     1    10     2    14
  3.5388220071369991E-01 a       495     1    10     2    15
 -1.4587095151941837E-01 a       496     1    10     2    16
  1.2058897047084549E-01 a       497     1    10     2    17
 -3.9288383824873575E-02 a       498     1    10     2    18
  2.8185731721958529E-01 a       499     1    10     2    19
 -3.3747568585002097E-01 a       500     1    10     2    20
  2.6121307407219962E-01 a       501     1    11     2     1
 -2.1893340100086773E-02 a       502     1    11     2     2
 -1.9778875834558957E-01 a       503     1    11     2     3
 -9.4933612981502144E-02 a       504     1    11     2     4
 -3.0615534376066811E-01 a       505     1    11     2     5
  2.3608677336030578E-01 a       506     1    11     2     6
  3.4349482945526577E-01 a       507     1    11     2     7
 -1.0769251650550352E-02 a       508     1    11     2     8
 -3.2434172423766577E-01 a       509     1    11     2     9
  5.2754732561048989E-01 a       510     1    11     2    10
  2.0480985186943881E-01 a       511     1    11     2    11
  7.1593280418207239E-01 a       512     1    11     2    12
 -7.1854112182279195E-01 a       513     1    11     2    13
 -4.0004005248236207E-01 a       514     1    11     2    14
 -6.0417922475576047E-01 a       515     1    11     2    15
  3.6181787874467947E-01 a       516     1    11     2    16
  5.3717976240222343E-01 a       517     1    11     2    17
 -2.1943733709330210E-01 a       518     1    11     2    18
 -7.8126750815001839E-02 a       519     1    11     2    19
  5.1296535549434852E-01 a       520     1    11     2    20
  4.5811941403585954E-01 a       521     1    12     2     1
  3.9289082769185968E-01 a       522     1    12     2     2
 -2.5258431573844337E-01 a       523     1    12     2     3
 -3.7418317917525382E-02 a       524     1    12     2     4
  3.9731633298223901E-01 a       525     1    12     2     5
 -2.0604831747750463E-01 a       526     1    12     2     6
 -2.9779594534920556E-01 a       527     1    12     2     7
  2.9883844539819165E-03 a       528     1    12     2     8
 -1.6489228042182616E-01 a       529     1    12     2     9
 -5.6122552096413858E-01 a       530     1    12     2    10
 -2.3910146374364441E-01 a       531     1    12     2    11
  3.6891672567983191E-01 a       532     1    12     2    12
 -2.4240761365969429E-01 a       533     1    12     2    13
 -1.3254667019856337E-01 a       534     1    12     2    14
 -1.8945240815663827E-02 a       535     1    12     2    15
 -2.7538307110704535E-01 a       536     1    12     2    16
  3.7561163902019079E-02 a       537     1    12     2    17
 -3.1890071839789376E-02 a       538     1    12     2    18
 -4.7876792297312887E-01 a       539     1    12     2    19
  5.1651379602585745E-01 a       540     1    12     2    20
 -2.1390255825017454E-01 a       541     1    13     2     1
 -2.5287031465896243E-01 a       542     1    13     2     2
  1.1771121902923771E-02 a       543     1    13     2     3
 -5.6175219584685432E-01 a       544     1    13     2     4
  5.3676772902382019E-01 a       545     1    13     2     5
  2.7311351123035860E-01 a       546     1    13     2     6
 -1.2768845563916287E-01 a       547     1    13     2     7
  1.9626415009426748E-01 a       548     1    13     2     8
 -2.3099636547873649E-02 a       549     1    13     2     9
 -3.9698893772806854E-01 a       550     1    13     2    10
 -7.7813532090857018E-01 a       551     1    13     2    11
  4.8884828497167426E-01 a       552     1    13     2    12
 -2.0299471727496618E-01 a       553     1    13     2    13
 -3.6605804939258318E-01 a       554     1    13     2    14
  2.9505676895726810E-02 a       555     1    13     2    15
  2.3762898782843700E-01 a       556     1    13     2    16
 -3.2941671977139420E-01 a       557     1    13     2    17
  6.1059937847938783E-01 a       558     1    13     2    18
 -3.2477858886192090E-01 a       559     1    13     2    19
 -4.6936151751728994E-01 a       560     1    13     2    20
  2.7547069153216758E-01 a       561     1    14     2     1
  3.1245087798777799E-01 a       562     1    14     2     2
 -5.4973019164064107E-01 a       563     1    14     2     3
 -2.8985660154153642E-01 a       564     1    14     2     4
  1.1865711182583308E-01 a       565     1    14     2     5
  7.1265380862506544E-01 a       566     1    14     2     6
  7.7128935681257671E-02 a       567     1    14     2     7
 -3.7018116099757287E-01 a       568     1    14     2     8
  1.2195882845328566E-01 a       569     1    14     2     9
  1.1298627137234127E-01 a       570     1    14     2    10
 -8.5045610488644521E-02 a       571     1    14     2    11
 -3.1730869743098328E-01 a       572     1    14     2    12
  4.2901902141169174E-01 a       573     1    14     2    13
 -1.5364398656216532E-01 a       574     1    14     2    14
  1.5982641955225169E-01 a       575     1    14     2    15
  9.9028187873918205E-02 a       576     1    14     2    16
  4.5593903618045439E-01 a       577     1    14     2    17
 -6.2838009940873496E-01 a       578     1    14     2    18
  5.4330006600627765E-03 a       579     1    14     2    19
  3.8921424170960051E-01 a       580     1    14     2    20
  2.5619159327242053E-01 a       581     1    15     2     1
 -2.7621399559368370E-01 a       582     1    15     2     2
 -2.1157087888472223E-01 a       583     1    15     2     3
  1.8543475380530247E-01 a       584     1    15     2     4
  4.3878377436599486E-01 a       585     1    15     2     5
  1.7816610208762787E-01 a       586     1    15     2     6
 -4.1856854519781328E-01 a       587     1    15     2     7
 -2.3039647263524532E-01 a       588     1    15     2     8
  5.1635365170776444E-03 a       589     1    15     2     9
 -2.3000083092797310E-01 a       590     1    15     2    10
  1.8443534183143009E-01 a       591     1    15     2    11
  2.9258008247843217E-02 a       592     1    15     2    12
 -4.8008371223602547E-01 a       593     1    15     2    13
 -1.5280071913155563E-01 a       594     1    15     2    14
 -1.4512244264490723E-01 a       595     1    15     2    15
 -9.1578801324476822E-02 a       596     1    15     2    16
 -4.8316942510517429E-02 a       597     1    15     2    17
  4.3710147516847830E-01 a       598     1    15     2    18
  4.6587582230811231E-01 a       599     1    15     2    19
 -1.2118655544117120E-01 a       600     1    15     2    20
  2.7511344323269232E-01 a       601     1    16     2     1
  3.4795128755596394E-01 a       602     1    16     2     2
 -2.9234889330544733E-01 a       603     1    16     2     3
 -6.8192911258351452E-01 a       604     1    16     2     4
 -7.9541677102112207E-01 a       605     1    16     2     5
 -6.3826102688096728E-02 a       606     1    16     2     6
  1.2800457044222116E-01 a       607     1    16     2     7
  1.7501230954797442E-01 a       608     1    16     2     8
  2.6497356769344493E-01 a       609     1    16     2     9
 -2.5412364461587156E-01 a       610     1    16     2    10
  1.4910454367803583E-01 a       611     1    16     2    11
  4.8505531756726766E-01 a       612     1    16     2    12
  5.7182789419520819E-01 a       613     1    16     2    13
  6.1787333956106964E-02 a       614     1    16     2    14
  5.1088289932306508E-01 a       615     1    16     2    15
  4.9627012516988067E-03 a       616     1    16     2    16
 -4.9146730337110461E-01 a       617     1    16     2    17
 -2.0231867532974201E-01 a       618     1    16     2    18
  1.5708357846302365E-01 a       619     1    16     2    19
  1.3368601631540673E-02 a       620     1    16     2    20
  4.4604289076899067E-01 a       621     1    17     2     1
  1.7637587466520196E-01 a       622     1    17     2     2
 -6.1558866084572150E-01 a       623     1    17     2     3
  1.0025522996410539E-01 a       624     1    17     2     4
 -9.2351128743918168E-02 a       625     1    17     2     5
 -3.4189635104202237E-01 a       626     1    17     2     6
  1.4571880240479990E-01 a       627     1    17     2     7
  5.1224205763015307E-01 a       628     1    17     2     8
 -1.2989138192024816E-01 a       629     1    17     2     9
 -1.5939908593660154E-01 a       630     1    17     2    10
  2.7142632746760759E-01 a       631     1    17     2    11
 -1.0206907480180137E-01 a       632     1    17     2    12
 -2.9736576337588222E-01 a       633     1    17     2    13
  3.6272449191175610E-01 a       634     1    17     2    14
 -1.6933141511181712E-01 a       635     1    17     2    15
 -6.0096961116804466E-02 a       636     1    17     2    16
 -1.5027087328759234E-01 a       637     1    17     2    17
  5.5464729900771037E-01 a       638     1    17     2    18
 -5.2628797371855919E-03 a       639     1    17     2    19
 -5.0439865774373760E-01 a       640     1    17     2    20
 -4.3938664154846541E-01 a       641     1    18     2     1
 -3.4612169239016916E-01 a       642     1    18     2     2
 -1.5324165168862719E-01 a       643     1    18     2     3
  4.6086934267538671E-01 a       644     1    18     2     4
  1.8534504196518121E-02 a       645     1    18     2     5
 -4.1493249780129565E-01 a       646     1    18     2     6
 -2.7072671035780671E-01 a       647     1    18     2     7
 -6.2327115064869536E-02 a       648     1    18     2     8
 -5.3387132460529729E-01 a       649     1    18     2     9
  2.7717064695595472E-01 a       650     1    18     2    10
 -2.1023543342291703E-01 a       651     1    18     2    11
 -5.5620077686933334E-01 a       652     1    18     2    12
 -4.9911070096805110E-01 a       653     1    18     2    13
  5.1313925980678377E-01 a       654     1    18     2    14
  4.5854144701735405E-01 a       655     1    18     2    15
  4.6201962454236079E-01 a       656     1    18     2    16
  1.8097775520048662E-01 a       657     1    18     2    17
  2.6741073886308053E-01 a       658     1    18     2    18
  4.6890131971200566E-01 a       659     1    18     2    19
 -2.8585544388876549E-01 a       660     1    18     2    20
 -5.2479729233906008E-02 a       661     1    19     2     1
 -2.0013062182392102E-01 a       662     1    19     2     2
 -3.1286212484764309E-01 a       663     1    19     2     3
 -3.7503528953712945E-01 a       664     1    19     2     4
  2.1199323200240427E-01 a       665     1    19     2     5
  2.4070134003004623E-01 a       666     1    19     2     6
  6.1685424649700027E-01 a       667     1    19     2     7
  1.0940303081935188E-01 a       668     1    19     2     8
  1.6996306228302172E-01 a       669     1    19     2     9
 -1.2523316911245874E-01 a       670     1    19     2    10
  4.1087312384478006E-02 a       671     1    19     2    11
  4.1064431211970800E-02 a       672     1    19     2    12
  3.9639624053011729E-01 a       673     1    19     2    13
  2.0544799397547708E-01 a       674     1    19     2    14
 -1.8803935672977945E-01 a       675     1    19     2    15
 -1.2180779585656279E-01 a       676     1    19     2    16
  1.7484177899737546E-01 a       677     1    19     2    17
  1.9890567256985239E-01 a       678     1    19     2    18
  2.1922595874122150E-01 a       679     1    19     2    19
 -2.3553662106506326E-01 a       680     1    19     2    20
  5.5232953581750299E-01 a       681     1    20     2     1
 -6.4394554075137111E-02 a       682     1    20     2     2
 -5.1080435173900429E-01 a       683     1    20     2     3
 -5.3642141077701344E-01 a       684     1    20     2     4
 -4.9106445891044959E-01 a       685     1    20     2     5
  7.8125993266512539E-02 a       686     1    20     2     6
 -6.2039836412788985E-01 a       687     1    20     2     7
  5.0230729996340018E-01 a       688     1    20     2     8
 -2.6128821443520744E-01 a       689     1    20     2     9
 -4.4302151133297918E-01 a       690     1    20     2    10
 -2.4894581740706725E-01 a       691     1    20     2    11
  5.4293548228412825E-01 a       692     1    20     2    12
 -1.8183086436543167E-01 a       693     1    20     2    13
  2.6482044593509163E-01 a       694     1    20     2    14
 -6.5776834439436649E-01 a       695     1    20     2    15
 -5.2681575012098403E-01 a       696     1    20     2    16
 -2.9071698357911260E-02 a       697     1    20     2    17
  1.4458455116094171E-01 a       698     1    20     2    18
  5.2503833471116157E-01 a       699     1    20     2    19
 -2.2830648954574481E-01 a       700     1    20     2    20
 -9.0513498274009163E-01 b       701     2     1
  4.3902935297184720E-01 b       702     2     2
 -6.4146290929265681E-01 b       703     2     3
  1.3565036993104962E-01 b       704     2     4
  7.1060348211255189E-02 b       705     2     5
 -9.9785470455125813E-01 b       706     2     6
 -2.7149295525116141E-01 b       707     2     7
  1.6131961824861394E+00 b       708     2     8
  6.4725596491060522E-01 b       709     2     9
  2.0381265063781534E-01 b       710     2    10
  5.4865921303957776E-01 b       711     2    11
  6.0240310922184881E-01 b       712     2    12
  1.1468763742536630E+00 b       713     2    13
 -7.7685891734687665E-02 b       714     2    14
  1.5684131474384604E+00 b       715     2    15
 -1.1492119753582370E+00 b       716     2    16
 -1.3045054889415932E+00 b       717     2    17
 -7.2213476855724634E-01 b       718     2    18
  2.9350735559056124E-01 b       719     2    19
  5.9863969052704769E-01 b       720     2    20
  1.2005941814592017E-01 a       721     2     1     3     1
  7.0364830659679162E-02 a       722     2     2     3     1
  9.3813558247276185E-01 a       723     2     3     3     1
 -7.3184522660951168E-01 a       724     2     4     3     1
  4.0624317288259332E-01 a       725     2     5     3     1
 -1.1983836537589905E+00 a       726     2     6     3     1
 -7.2191096175438552E-01 a       727     2     7     3     1
 -8.5001274252086378E-01 a       728     2     8     3     1
 -5.6683350806892052E-01 a       729     2     9     3     1
  6.8664566949911365E-01 a       730     2    10     3     1
  3.1603862679904088E-01 a       731     2    11     3     1
  6.5998328426669461E-01 a       732     2    12     3     1
 -8.1669014296736153E-01 a       733     2    13     3     1
  4.4528316139101815E-01 a       734     2    14     3     1
  4.5295068464577354E-01 a       735     2    15     3     1
  7.8422719898494697E-01 a       736     2    16     3     1
  1.0726207671446708E+00 a       737     2    17     3     1
  6.7940943177856924E-03 a       738     2    18     3     1
  9.8706350428038228E-02 a       739     2    19     3     1
  1.1387378461473478E-01 a       740     2    20     3     1
  9.0891915087155301E-02 b       741     3     1
