################################################################################
# Neural network connection values (weights and biases).
################################################################################
# Col  Name       Description
################################################################################
# 1    connection Neural network connection value.
# 2    t          Connection type (a = weight, b = bias).
# 3    index      Index enumerating weights.
# 4    l_s        Starting point layer (end point layer for biases).
# 5    n_s        Starting point neuron in starting layer (end point neuron for biases).
# 6    l_e        End point layer.
# 7    n_e        End point neuron in end layer.
################################################################################
#                      1 2         3     4     5     6     7
#             connection t     index   l_s   n_s   l_e   n_e
############################################################
 -1.3594444131717623E-01 a         1     0     1     1     1
 -5.8761915872617927E-02 a         2     0     1     1     2
  2.7836007838125448E-01 a         3     0     1     1     3
  1.0297463914962916E-02 a         4     0     1     1     4
  6.0748919790758393E-01 a         5     0     1     1     5
  6.8726216281717045E-01 a         6     0     1     1     6
  3.9436460697430742E-01 a         7     0     1     1     7
 -5.5989253208987677E-01 a         8     0     1     1     8
  6.5623389096702167E-01 a         9     0     1     1     9
  3.9758962668605000E-02 a        10     0     1     1    10
  5.4729076474985205E-01 a        11     0     1     1    11
  2.3939238821818634E-01 a        12     0     1     1    12
 -1.6605485725067670E-01 a        13     0     1     1    13
 -2.1401787639055753E-01 a        14     0     1     1    14
  3.2351784860512239E-01 a        15     0     1     1    15
  8.0452825958895235E-01 a        16     0     1     1    16
  7.0071314763870440E-01 a        17     0     1     1    17
  5.8966173997562521E-01 a        18     0     1     1    18
 -4.4904828563600896E-01 a        19     0     1     1    19
 -4.6118638274702833E-01 a        20     0     1     1    20
 -4.9543553120997064E-01 a        21     0     2     1     1
  7.5991091354578433E-01 a        22     0     2     1     2
  6.3072088567805962E-01 a        23     0     2     1     3
  4.5554757851506095E-01 a        24     0     2     1     4
  5.0115837035890398E-01 a        25     0     2     1     5
 -2.5644853307342969E-01 a        26     0     2     1     6
 -5.7010610153633567E-01 a        27     0     2     1     7
 -5.8406632708405648E-01 a        28     0     2     1     8
 -3.1868545143790394E-01 a        29     0     2     1     9
  5.6944906632524528E-01 a        30     0     2     1    10
  5.9845762629130106E-01 a        31     0     2     1    11
  4.9094454638874468E-01 a        32     0     2     1    12
  6.8255455690720862E-02 a        33     0     2     1    13
 -5.5245593466344367E-01 a        34     0     2     1    14
 -6.4567712188804083E-01 a        35     0     2     1    15
  5.7493303943994700E-01 a        36     0     2     1    16
  5.7155215021449890E-01 a        37     0     2     1    17
  3.3885621357092077E-01 a        38     0     2     1    18
 -1.8424176515138369E-01 a        39     0     2     1    19
 -7.3322806954987252E-01 a        40     0     2     1    20
 -4.3123997782959930E-02 a        41     0     3     1     1
 -6.2513994137386331E-01 a        42     0     3     1     2
 -4.1553460729356051E-01 a        43     0     3     1     3
 -7.8825814323902155E-01 a        44     0     3     1     4
 -5.3624394297343336E-01 a        45     0     3     1     5
  2.7670141683753491E-01 a        46     0     3     1     6
 -4.2249812290891509E-01 a        47     0     3     1     7
 -1.0874529050944692E-01 a        48     0     3     1     8
  3.6934813080038220E-01 a        49     0     3     1     9
 -1.6900073233492149E-01 a        50     0     3     1    10
 -2.6641878252999507E-01 a        51     0     3     1    11
  3.6223262686202806E-01 a        52     0     3     1    12
 -1.3670775898606708E-02 a        53     0     3     1    13
 -1.8816591038501254E-01 a        54     0     3     1    14
  5.4368641279320784E-01 a        55     0     3     1    15
  4.8226193269163560E-02 a        56     0     3     1    16
 -3.7690867788575166E-01 a        57     0     3     1    17
 -6.0752561292916196E-01 a        58     0     3     1    18
  5.2486653180929954E-01 a        59     0     3     1    19
  5.9528515062534808E-02 a        60     0     3     1    20
  5.9222203970145992E-01 a        61     0     4     1     1
 -3.6736314728949088E-01 a        62     0     4     1     2
 -3.4607910713972490E-01 a        63     0     4     1     3
  4.2716379351987038E-01 a        64     0     4     1     4
 -2.8805874124006492E-01 a        65     0     4     1     5
  3.6912518111233583E-01 a        66     0     4     1     6
 -4.7530024743134275E-01 a        67     0     4     1     7
 -3.9034234986943261E-01 a        68     0     4     1     8
  4.4474962977999821E-01 a        69     0     4     1     9
 -4.8952738884705443E-01 a        70     0     4     1    10
  6.3366372504609036E-01 a        71     0     4     1    11
 -4.0492281587662876E-01 a        72     0     4     1    12
 -2.1131197043854380E-01 a        73     0     4     1    13
 -1.3901783104631199E-01 a        74     0     4     1    14
  1.3147366869956406E-01 a        75     0     4     1    15
 -1.0055706241729670E-01 a        76     0     4     1    16
 -1.6285580623011631E-01 a        77     0     4     1    17
 -5.3489450937902006E-01 a        78     0     4     1    18
 -4.7369851118395694E-02 a        79     0     4     1    19
 -1.8027089310219432E-01 a        80     0     4     1    20
  1.3920450303217577E-01 a        81     0     5     1     1
 -3.6605627943796137E-01 a        82     0     5     1     2
  5.0966010200126766E-01 a        83     0     5     1     3
  4.1651007907591608E-01 a        84     0     5     1     4
 -9.8469240550081230E-03 a        85     0     5     1     5
  6.7615872591898740E-01 a        86     0     5     1     6
  2.7788087641767104E-02 a        87     0     5     1     7
  1.0570603683552458E-01 a        88     0     5     1     8
  5.2524987123773703E-01 a        89     0     5     1     9
 -3.6256550309954710E-01 a        90     0     5     1    10
  2.4894952359961869E-01 a        91     0     5     1    11
 -3.3503590758413904E-01 a        92     0     5     1    12
  2.4050001277596536E-01 a        93     0     5     1    13
  3.8465608705767498E-02 a        94     0     5     1    14
  2.9870746579840174E-01 a        95     0     5     1    15
 -2.7610941388921856E-01 a        96     0     5     1    16
 -6.3236205615733543E-01 a        97     0     5     1    17
  1.1054959162170382E-01 a        98     0     5     1    18
  4.6282369122894240E-01 a        99     0     5     1    19
 -1.2502960717054509E-01 a       100     0     5     1    20
 -5.7787647784983509E-01 a       101     0     6     1     1
 -5.5619294478063841E-01 a       102     0     6     1     2
  3.4883032649089585E-01 a       103     0     6     1     3
 -2.1788030448966084E-01 a       104     0     6     1     4
 -3.3641173171463529E-01 a       105     0     6     1     5
 -2.0780559502705478E-01 a       106     0     6     1     6
  5.6207225452035570E-01 a       107     0     6     1     7
 -5.6715392012607990E-01 a       108     0     6     1     8
 -6.5366952636118214E-01 a       109     0     6     1     9
 -6.4395642085705607E-01 a       110     0     6     1    10
  5.2474471829508107E-01 a       111     0     6     1    11
  6.0322847169811300E-01 a       112     0     6     1    12
 -9.6620383610006311E-01 a       113     0     6     1    13
 -5.3951117665039594E-01 a       114     0     6     1    14
  5.7910327353430502E-01 a       115     0     6     1    15
  2.9825950436621412E-01 a       116     0     6     1    16
  1.6973659010217257E-01 a       117     0     6     1    17
  1.4437456357231929E-02 a       118     0     6     1    18
 -6.2967435144382466E-01 a       119     0     6     1    19
 -3.4646361381860646E-01 a       120     0     6     1    20
  1.3365439853688674E-01 a       121     0     7     1     1
 -4.1603000715604471E-01 a       122     0     7     1     2
  4.6213116367292190E-01 a       123     0     7     1     3
 -2.4238115956428827E-01 a       124     0     7     1     4
 -4.4909657807462061E-01 a       125     0     7     1     5
  2.7067154277522109E-02 a       126     0     7     1     6
 -1.0672885271029284E-01 a       127     0     7     1     7
  1.1729659197241782E-01 a       128     0     7     1     8
 -4.9614573319074479E-01 a       129     0     7     1     9
  1.7988225244478623E-01 a       130     0     7     1    10
 -1.6988209969939766E-01 a       131     0     7     1    11
  3.9156954444815123E-01 a       132     0     7     1    12
 -8.1205751333350251E-01 a       133     0     7     1    13
 -1.6927069492767177E-01 a       134     0     7     1    14
  5.3724017971479432E-01 a       135     0     7     1    15
 -1.9994427330089592E-01 a       136     0     7     1    16
 -2.0857974484445860E-01 a       137     0     7     1    17
  4.8893341518001904E-01 a       138     0     7     1    18
  5.2326014989935110E-01 a       139     0     7     1    19
  6.7232944935228656E-01 a       140     0     7     1    20
  4.2167594617238496E-01 a       141     0     8     1     1
  3.3857307915692458E-01 a       142     0     8     1     2
 -4.8239614219454996E-01 a       143     0     8     1     3
 -2.1930880457969903E-01 a       144     0     8     1     4
 -5.2584048413324280E-01 a       145     0     8     1     5
  5.2069977973372228E-01 a       146     0     8     1     6
 -2.7502837418255111E-01 a       147     0     8     1     7
  3.2016829538525771E-01 a       148     0     8     1     8
 -6.0774934309240325E-01 a       149     0     8     1     9
  6.7837514307891034E-01 a       150     0     8     1    10
  4.0678632717576890E-01 a       151     0     8     1    11
  3.5292583793216054E-01 a       152     0     8     1    12
  1.5630491325230647E-01 a       153     0     8     1    13
  1.4504875229648267E-01 a       154     0     8     1    14
 -1.1809040300693356E-01 a       155     0     8     1    15
  4.6246144915221454E-01 a       156     0     8     1    16
 -2.5005379769211689E-01 a       157     0     8     1    17
  6.1960682715909399E-01 a       158     0     8     1    18
 -1.8917653898405459E-01 a       159     0     8     1    19
 -2.3536824101665671E-01 a       160     0     8     1    20
 -1.0871901862562677E-01 a       161     0     9     1     1
 -8.6174725688884693E-02 a       162     0     9     1     2
  2.8625040393657675E-01 a       163     0     9     1     3
  6.0842247082399548E-02 a       164     0     9     1     4
  1.4112842244939472E-01 a       165     0     9     1     5
 -8.1173882622449983E-02 a       166     0     9     1     6
 -5.8657862647901526E-01 a       167     0     9     1     7
 -5.3994300156360497E-01 a       168     0     9     1     8
  2.1733802848262870E-02 a       169     0     9     1     9
 -2.6109653451033238E-01 a       170     0     9     1    10
 -2.2085752618489979E-01 a       171     0     9     1    11
 -4.5377113386884749E-01 a       172     0     9     1    12
 -4.4528493351567677E-01 a       173     0     9     1    13
  3.5767720268849043E-02 a       174     0     9     1    14
 -3.1547713232277808E-01 a       175     0     9     1    15
  1.8666897486096354E-01 a       176     0     9     1    16
 -2.8994265123968216E-01 a       177     0     9     1    17
  1.5054761130859823E-01 a       178     0     9     1    18
 -3.5918013354508116E-02 a       179     0     9     1    19
  3.6045205768620642E-01 a       180     0     9     1    20
  2.6978579739390696E-01 a       181     0    10     1     1
 -5.0955308895447293E-01 a       182     0    10     1     2
 -2.9170277290355778E-01 a       183     0    10     1     3
  2.4841197002209089E-01 a       184     0    10     1     4
  3.7833627613472687E-01 a       185     0    10     1     5
 -2.0461075158594397E-01 a       186     0    10     1     6
  8.0092650982908187E-02 a       187     0    10     1     7
  2.1242266549757000E-01 a       188     0    10     1     8
  5.9262060730976929E-01 a       189     0    10     1     9
 -4.4530275786622814E-01 a       190     0    10     1    10
 -2.6941752151164455E-01 a       191     0    10     1    11
  5.8812924253485799E-01 a       192     0    10     1    12
 -5.1195762133423273E-01 a       193     0    10     1    13
  4.4195129226988805E-01 a       194     0    10     1    14
  4.1739074646654206E-01 a       195     0    10     1    15
 -1.3121545650989225E-01 a       196     0    10     1    16
  1.3538944782114573E-01 a       197     0    10     1    17
 -7.9861104149058407E-02 a       198     0    10     1    18
 -5.1084280707168017E-01 a       199     0    10     1    19
  4.5390658639662995E-01 a       200     0    10     1    20
 -6.0717747784710352E-01 a       201     0    11     1     1
 -3.4654799403854247E-01 a       202     0    11     1     2
 -1.3716111673053588E-01 a       203     0    11     1     3
  5.3433556721263964E-01 a       204     0    11     1     4
 -3.9434778067141485E-01 a       205     0    11     1     5
 -6.0667949119550291E-01 a       206     0    11     1     6
 -4.0870037574834245E-01 a       207     0    11     1     7
  1.1056444282437879E-01 a       208     0    11     1     8
  4.5616163196675918E-01 a       209     0    11     1     9
 -2.1769262425318942E-01 a       210     0    11     1    10
 -8.7981141697025325E-02 a       211     0    11     1    11
 -6.1766950562180534E-01 a       212     0    11     1    12
  3.0495494190372191E-01 a       213     0    11     1    13
 -5.0815448911545136E-01 a       214     0    11     1    14
 -4.9706821167480025E-01 a       215     0    11     1    15
  8.2038816618243660E-01 a       216     0    11     1    16
 -4.6715202013000494E-02 a       217     0    11     1    17
  3.2598801030688135E-01 a       218     0    11     1    18
  4.2255365984464799E-01 a       219     0    11     1    19
  3.7449475321501552E-01 a       220     0    11     1    20
  7.2140256462019470E-01 a       221     0    12     1     1
  2.2571377717845967E-01 a       222     0    12     1     2
  5.1170669782084599E-01 a       223     0    12     1     3
  3.1625920926407081E-01 a       224     0    12     1     4
 -2.0217073134823188E-01 a       225     0    12     1     5
  1.9496574731447661E-01 a       226     0    12     1     6
 -3.8684124112279261E-01 a       227     0    12     1     7
 -4.7140004572935773E-01 a       228     0    12     1     8
  4.2076564726358662E-01 a       229     0    12     1     9
  6.1436412040849797E-01 a       230     0    12     1    10
  7.0942574467827735E-01 a       231     0    12     1    11
 -3.3460679946318539E-01 a       232     0    12     1    12
  5.0813152839401010E-01 a       233     0    12     1    13
  5.8225323700157994E-01 a       234     0    12     1    14
  3.9697460976871590E-01 a       235     0    12     1    15
  2.3978480316619356E-02 a       236     0    12     1    16
  2.8246968327620980E-01 a       237     0    12     1    17
  4.9208703584699032E-01 a       238     0    12     1    18
 -5.7155174265791497E-01 a       239     0    12     1    19
 -1.7077633285144625E-01 a       240     0    12     1    20
  6.8698563388293721E-01 a       241     0    13     1     1
 -4.9400254383972997E-01 a       242     0    13     1     2
  5.3123784154889697E-01 a       243     0    13     1     3
 -2.2200390483942078E-02 a       244     0    13     1     4
 -4.9066151522100249E-01 a       245     0    13     1     5
 -4.8272525075363637E-01 a       246     0    13     1     6
  4.8523679121152996E-01 a       247     0    13     1     7
  1.7280300651107383E-01 a       248     0    13     1     8
 -1.5865741141150314E-01 a       249     0    13     1     9
  3.0614526949989085E-01 a       250     0    13     1    10
 -5.1795837033328862E-01 a       251     0    13     1    11
  4.3505404025898026E-01 a       252     0    13     1    12
  2.2341059092745139E-01 a       253     0    13     1    13
 -6.9704863172589726E-01 a       254     0    13     1    14
  4.4717807064091980E-01 a       255     0    13     1    15
  2.4763752297231817E-01 a       256     0    13     1    16
 -9.9660350654962204E-02 a       257     0    13     1    17
  1.9152797641101421E-01 a       258     0    13     1    18
  4.3364314535777054E-01 a       259     0    13     1    19
  5.7441872378669656E-01 a       260     0    13     1    20
  4.5605207713767798E-01 a       261     0    14     1     1
  1.2125958208559090E-01 a       262     0    14     1     2
  4.1676011745201212E-02 a       263     0    14     1     3
  7.7501403250627054E-01 a       264     0    14     1     4
 -6.8616056371385681E-01 a       265     0    14     1     5
  6.2770344741991402E-01 a       266     0    14     1     6
 -4.2812462364973181E-01 a       267     0    14     1     7
  3.1160657115156223E-02 a       268     0    14     1     8
 -3.0219105648536443E-01 a       269     0    14     1     9
 -2.6426077259532538E-01 a       270     0    14     1    10
 -6.0693575250487941E-01 a       271     0    14     1    11
 -2.7005580510135352E-01 a       272     0    14     1    12
 -4.1179311846452749E-01 a       273     0    14     1    13
 -6.2993586949349267E-01 a       274     0    14     1    14
 -2.0389183251840895E-01 a       275     0    14     1    15
  2.5106571227562108E-01 a       276     0    14     1    16
  7.2927010548930815E-01 a       277     0    14     1    17
  1.2894964930785660E-01 a       278     0    14     1    18
 -4.2827523506820442E-01 a       279     0    14     1    19
 -5.3945156264530858E-01 a       280     0    14     1    20
 -1.9988858895750503E+00 b       281     1     1
 -5.1766371555906898E-01 b       282     1     2
 -4.4521179741451122E-01 b       283     1     3
 -1.0481392699249799E+00 b       284     1     4
 -1.2174557499387564E+00 b       285     1     5
  6.3983653530840301E-01 b       286     1     6
  1.5946915749010240E+00 b       287     1     7
  8.6469071780581075E-01 b       288     1     8
  1.5347896391735232E+00 b       289     1     9
 -9.5581644565791635E-01 b       290     1    10
 -1.6994512246152442E+00 b       291     1    11
  8.4337803811672829E-01 b       292     1    12
 -1.1835829211701139E+00 b       293     1    13
  6.8391570950630320E-01 b       294     1    14
  8.0936824969133170E-01 b       295     1    15
  4.6390046019553427E-01 b       296     1    16
  1.0820428671391538E+00 b       297     1    17
  2.3554393145064262E-01 b       298     1    18
  1.7142605499270533E+00 b       299     1    19
  1.3961879101732095E+00 b       300     1    20
  5.0933736494020088E-01 a       301     1     1     2     1
  3.1691610400362731E-02 a       302     1     1     2     2
 -1.5276589222183215E-01 a       303     1     1     2     3
  1.1368534120722640E-01 a       304     1     1     2     4
 -2.3893247647556418E-01 a       305     1     1     2     5
 -2.9261443517447805E-01 a       306     1     1     2     6
  5.8507660751052204E-01 a       307     1     1     2     7
  1.4547866175501814E-01 a       308     1     1     2     8
 -5.0157770670136514E-01 a       309     1     1     2     9
  6.2056553608626885E-01 a       310     1     1     2    10
  3.2181313373399678E-01 a       311     1     1     2    11
  1.1801728296775117E-01 a       312     1     1     2    12
 -1.1513272623260230E-01 a       313     1     1     2    13
 -1.7629944808013878E-01 a       314     1     1     2    14
  4.6443203279842243E-01 a       315     1     1     2    15
 -1.3450382334473035E-01 a       316     1     1     2    16
 -5.3007155382899296E-01 a       317     1     1     2    17
 -5.8948723303689921E-01 a       318     1     1     2    18
  3.0826634184900170E-01 a       319     1     1     2    19
 -3.6041358072683938E-01 a       320     1     1     2    20
 -4.4636311789339453E-02 a       321     1     2     2     1
  1.5468574742176491E-01 a       322     1     2     2     2
 -4.0012382132931276E-02 a       323     1     2     2     3
  7.1887701113157718E-02 a       324     1     2     2     4
  4.4217855445559212E-01 a       325     1     2     2     5
  6.9063838154340540E-01 a       326     1     2     2     6
  5.0165274278228411E-01 a       327     1     2     2     7
 -5.5267322938147267E-01 a       328     1     2     2     8
  5.3101222358337430E-01 a       329     1     2     2     9
  6.1728633327316686E-02 a       330     1     2     2    10
  1.2392092504511181E-02 a       331     1     2     2    11
 -3.9002014182065353E-01 a       332     1     2     2    12
  3.7007075770853382E-01 a       333     1     2     2    13
 -4.9212109608144705E-01 a       334     1     2     2    14
  7.0926226002376458E-01 a       335     1     2     2    15
 -2.2607372568608602E-01 a       336     1     2     2    16
 -2.9755685900166101E-01 a       337     1     2     2    17
  9.7516754930389443E-02 a       338     1     2     2    18
 -2.5170564718428806E-01 a       339     1     2     2    19
 -4.1722685905538243E-01 a       340     1     2     2    20
 -2.3730184861563794E-01 a       341     1     3     2     1
  1.9120469012848640E-01 a       342     1     3     2     2
 -2.2559527504122717E-01 a       343     1     3     2     3
  4.4921330123049652E-01 a       344     1     3     2     4
 -1.7407966023812024E-01 a       345     1     3     2     5
 -1.8556874070233617E-01 a       346     1     3     2     6
 -1.5358621647257556E-01 a       347     1     3     2     7
 -1.0141295117776652E-01 a       348     1     3     2     8
 -1.5978743943700158E-01 a       349     1     3     2     9
 -1.2074148592601412E-01 a       350     1     3     2    10
 -2.9264615766598534E-01 a       351     1     3     2    11
  1.5927594823818331E-01 a       352     1     3     2    12
  4.5944161950762780E-01 a       353     1     3     2    13
 -1.0515868606173916E-01 a       354     1     3     2    14
  3.0197450885401411E-01 a       355     1     3     2    15
  3.5421193699569176E-01 a       356     1     3     2    16
 -3.2762586476755595E-01 a       357     1     3     2    17
 -5.6088326988414072E-01 a       358     1     3     2    18
  1.9984495791679899E-01 a       359     1     3     2    19
  3.6362537144462620E-01 a       360     1     3     2    20
  9.2517614474472029E-02 a       361     1     4     2     1
  4.9042159985776407E-01 a       362     1     4     2     2
  4.9857610202042862E-01 a       363     1     4     2     3
 -5.6907062232646230E-02 a       364     1     4     2     4
 -7.4728944448520865E-02 a       365     1     4     2     5
  4.1617480237550925E-01 a       366     1     4     2     6
 -2.0798674117979182E-02 a       367     1     4     2     7
 -5.4636992044433275E-01 a       368     1     4     2     8
  2.1392084313614107E-01 a       369     1     4     2     9
 -3.4601725462404531E-01 a       370     1     4     2    10
 -4.9302384086356671E-01 a       371     1     4     2    11
 -1.9761481682068335E-01 a       372     1     4     2    12
  2.3783765937574980E-01 a       373     1     4     2    13
 -4.7248672864871932E-01 a       374     1     4     2    14
  4.4435946293855200E-01 a       375     1     4     2    15
 -6.6207920869538295E-01 a       376     1     4     2    16
  1.4834016378774978E-01 a       377     1     4     2    17
 -3.0198417752568062E-02 a       378     1     4     2    18
 -2.9901949773275549E-01 a       379     1     4     2    19
  1.1995207674084046E-01 a       380     1     4     2    20
 -6.0760768687997768E-01 a       381     1     5     2     1
  9.4097720432196386E-02 a       382     1     5     2     2
  2.8311142304105580E-01 a       383     1     5     2     3
  1.8283959902026695E-01 a       384     1     5     2     4
 -4.5549626709718821E-01 a       385     1     5     2     5
 -3.1361438434173494E-01 a       386     1     5     2     6
 -5.4643635014690384E-01 a       387     1     5     2     7
 -2.8409158986640176E-01 a       388     1     5     2     8
 -3.1589988390394780E-01 a       389     1     5     2     9
 -1.8043593428618110E-01 a       390     1     5     2    10
  3.7909630644771464E-01 a       391     1     5     2    11
 -4.6501893861298244E-01 a       392     1     5     2    12
 -5.2095870661230015E-01 a       393     1     5     2    13
 -1.8237258397132686E-01 a       394     1     5     2    14
  1.4264318135854934E-01 a       395     1     5     2    15
 -4.3530524076422533E-01 a       396     1     5     2    16
  1.6226726569960270E-01 a       397     1     5     2    17
  1.4595124424506567E-01 a       398     1     5     2    18
 -2.8957432123217891E-01 a       399     1     5     2    19
  1.3664879697858687E-01 a       400     1     5     2    20
 -3.0960096166266016E-01 a       401     1     6     2     1
  1.0812330067576570E-01 a       402     1     6     2     2
 -4.1153508217062407E-01 a       403     1     6     2     3
  2.0648675065114314E-01 a       404     1     6     2     4
  5.0896828185373799E-01 a       405     1     6     2     5
  2.0099659006565379E-01 a       406     1     6     2     6
  3.6949464373733210E-01 a       407     1     6     2     7
  2.0653048760523279E-01 a       408     1     6     2     8
 -3.1417642810029700E-01 a       409     1     6     2     9
 -4.0374607705380028E-01 a       410     1     6     2    10
  2.0619700351116402E-01 a       411     1     6     2    11
  2.1251670290290883E-01 a       412     1     6     2    12
 -1.9198289960050377E-01 a       413     1     6     2    13
  1.1949115818944946E-01 a       414     1     6     2    14
 -4.3243854011875631E-02 a       415     1     6     2    15
  4.6754146791048506E-01 a       416     1     6     2    16
 -4.2054213284566638E-01 a       417     1     6     2    17
 -1.8512459349948984E-01 a       418     1     6     2    18
  4.3214676082554343E-01 a       419     1     6     2    19
 -4.1998860732215528E-03 a       420     1     6     2    20
  4.3721414858160107E-01 a       421     1     7     2     1
 -3.2089934887205629E-01 a       422     1     7     2     2
 -6.3388394359451883E-01 a       423     1     7     2     3
  4.3296787393147129E-02 a       424     1     7     2     4
  5.3492578556071091E-01 a       425     1     7     2     5
 -5.7803177667738448E-01 a       426     1     7     2     6
  1.8558008227829995E-01 a       427     1     7     2     7
  4.8576627961291957E-01 a       428     1     7     2     8
  3.9108847702099647E-01 a       429     1     7     2     9
 -1.3523223220474501E-01 a       430     1     7     2    10
  3.6949709104692852E-01 a       431     1     7     2    11
 -2.1226832826988512E-01 a       432     1     7     2    12
 -2.6362403325279138E-01 a       433     1     7     2    13
  4.7628775273064633E-01 a       434     1     7     2    14
  2.9230406581091606E-02 a       435     1     7     2    15
  2.9731470379899261E-01 a       436     1     7     2    16
  2.0045834609396540E-01 a       437     1     7     2    17
 -2.2035292543760136E-02 a       438     1     7     2    18
  1.7412072554653604E-01 a       439     1     7     2    19
 -6.6109513492461802E-01 a       440     1     7     2    20
 -8.3071516275638885E-02 a       441     1     8     2     1
  3.3136820415412016E-01 a       442     1     8     2     2
 -2.0920961423542364E-01 a       443     1     8     2     3
 -2.6563784257519868E-01 a       444     1     8     2     4
  1.9265786753997795E-03 a       445     1     8     2     5
  2.5753390411919391E-01 a       446     1     8     2     6
  3.1401114039949241E-01 a       447     1     8     2     7
 -1.1639069553781174E-02 a       448     1     8     2     8
  2.8717981722685987E-01 a       449     1     8     2     9
 -6.6309265309715471E-01 a       450     1     8     2    10
 -3.6139334376022253E-01 a       451     1     8     2    11
 -2.0651766162397125E-01 a       452     1     8     2    12
  4.3896518712165894E-01 a       453     1     8     2    13
  3.4197658901964989E-01 a       454     1     8     2    14
 -1.3842090097707005E-01 a       455     1     8     2    15
 -4.0474524390810984E-01 a       456     1     8     2    16
  1.4152343511161564E-01 a       457     1     8     2    17
  5.0522328475603673E-01 a       458     1     8     2    18
  1.4426587641690852E-01 a       459     1     8     2    19
  3.8210129772707387E-02 a       460     1     8     2    20
  5.8309422047949744E-01 a       461     1     9     2     1
  2.6366689427545592E-01 a       462     1     9     2     2
  4.2713448233757256E-01 a       463     1     9     2     3
  2.1921413323457848E-02 a       464     1     9     2     4
 -2.5130721204259188E-01 a       465     1     9     2     5
 -2.6783919597799133E-01 a       466     1     9     2     6
  6.8735632873205242E-03 a       467     1     9     2     7
 -3.5172306319415741E-01 a       468     1     9     2     8
 -3.1394287319417169E-01 a       469     1     9     2     9
  4.4102144081927042E-01 a       470     1     9     2    10
 -1.5302537334150104E-01 a       471     1     9     2    11
  3.0034986255395141E-01 a       472     1     9     2    12
  7.1257136810934138E-02 a       473     1     9     2    13
  5.5049423449499757E-01 a       474     1     9     2    14
  1.0130640834063567E-01 a       475     1     9     2    15
  4.5581322584646994E-01 a       476     1     9     2    16
 -1.9970293701917021E-02 a       477     1     9     2    17
 -6.4129500926278227E-01 a       478     1     9     2    18
 -3.4158888480294186E-01 a       479     1     9     2    19
  2.2317220934218646E-01 a       480     1     9     2    20
 -5.5594768798136951E-01 a       481     1    10     2     1
 -1.1259591083455699E-01 a       482     1    10     2     2
 -4.6446446254703666E-01 a       483     1    10     2     3
 -2.7147577589617661E-01 a       484     1    10     2     4
 -3.7762449089075428E-01 a       485     1    10     2     5
  5.2706153521032681E-02 a       486     1    10     2     6
 -5.7802555069455841E-01 a       487     1    10     2     7
 -4.2831748046745968E-03 a       488     1    10     2     8
  3.7463987520791298E-01 a       489     1    10     2     9
 -1.3886912937837925E-01 a       490     1    10     2    10
  4.2144525484614087E-01 a       491     1    10     2    11
 -3.3418492748459794E-01 a       492     1    10     2    12
 -9.0660662816035402E-03 a       493     1    10     2    13
  4.7351401693563544E-01 a       494     1    10     2    14
 -1.6817751669515238E-01 a       495     1    10     2    15
 -5.1582094786017441E-01 a       496     1    10     2    16
 -9.3675439356400228E-02 a       497     1    10     2    17
  3.4090028808768980E-01 a       498     1    10     2    18
  2.8311871291465791E-02 a       499     1    10     2    19
  1.1922152488151896E-01 a       500     1    10     2    20
 -2.1699650094362299E-01 a       501     1    11     2     1
  1.1934537355282138E-01 a       502     1    11     2     2
 -4.8495642479351958E-01 a       503     1    11     2     3
 -3.6011660102352638E-01 a       504     1    11     2     4
 -2.8335405248780979E-02 a       505     1    11     2     5
 -7.4569439754291728E-02 a       506     1    11     2     6
  7.2859608832004971E-02 a       507     1    11     2     7
 -3.5446237782989820E-01 a       508     1    11     2     8
 -5.4512686980616476E-01 a       509     1    11     2     9
 -3.4765224319348287E-01 a       510     1    11     2    10
  1.4583306822823142E-01 a       511     1    11     2    11
  3.1421691191875062E-01 a       512     1    11     2    12
  1.7083545562166769E-01 a       513     1    11     2    13
 -4.9483713594419454E-01 a       514     1    11     2    14
  7.1033098796133648E-02 a       515     1    11     2    15
 -1.5055901483569509E-01 a       516     1    11     2    16
  3.7414731239833915E-01 a       517     1    11     2    17
 -8.1393506476216335E-02 a       518     1    11     2    18
  4.6790641274466316E-01 a       519     1    11     2    19
  3.6240972794545673E-01 a       520     1    11     2    20
  3.3205623518360677E-01 a       521     1    12     2     1
  7.5381742273374697E-01 a       522     1    12     2     2
 -2.3229239019910908E-01 a       523     1    12     2     3
  2.1616077077702958E-01 a       524     1    12     2     4
  4.5178041515072209E-01 a       525     1    12     2     5
 -5.5658782604851786E-01 a       526     1    12     2     6
  4.5126268972907846E-01 a       527     1    12     2     7
  3.6352171475552081E-01 a       528     1    12     2     8
 -4.0685192670107451E-02 a       529     1    12     2     9
 -4.4811404810718700E-02 a       530     1    12     2    10
 -3.5727628065603856E-01 a       531     1    12     2    11
 -2.2539033337540965E-01 a       532     1    12     2    12
  5.0138724601917672E-01 a       533     1    12     2    13
  8.4161651153709924E-02 a       534     1    12     2    14
  4.3461221693599855E-01 a       535     1    12     2    15
  3.0040197827457149E-01 a       536     1    12     2    16
  4.0465571944660333E-01 a       537     1    12     2    17
 -1.6581143196530765E-01 a       538     1    12     2    18
 -5.0798446711061718E-01 a       539     1    12     2    19
  8.7674309393902611E-02 a       540     1    12     2    20
 -2.4856391587658452E-01 a       541     1    13     2     1
  6.3541409445313923E-01 a       542     1    13     2     2
  3.4359862358522641E-01 a       543     1    13     2     3
  1.0678595511833866E-01 a       544     1    13     2     4
 -2.5642264029946360E-01 a       545     1    13     2     5
  1.3653802727325454E-01 a       546     1    13     2     6
 -1.3187904621271162E-02 a       547     1    13     2     7
 -1.0454368648766908E-01 a       548     1    13     2     8
 -5.1342193333216368E-01 a       549     1    13     2     9
  1.5348940178094347E-01 a       550     1    13     2    10
 -2.3540919777919353E-01 a       551     1    13     2    11
  1.7556308168417606E-01 a       552     1    13     2    12
 -1.7020370659270759E-01 a       553     1    13     2    13
 -2.3266617297868747E-01 a       554     1    13     2    14
  1.7613451157137144E-01 a       555     1    13     2    15
 -3.1318108010420440E-02 a       556     1    13     2    16
 -3.5733368931875326E-01 a       557     1    13     2    17
 -2.9756115233633301E-01 a       558     1    13     2    18
 -3.2989396497448215E-01 a       559     1    13     2    19
  4.0100549469715985E-01 a       560     1    13     2    20
  4.6404708295573738E-01 a       561     1    14     2     1
 -4.6062026439065332E-02 a       562     1    14     2     2
  4.2409638522774962E-02 a       563     1    14     2     3
  5.6060731046715828E-01 a       564     1    14     2     4
 -3.1225575317094134E-01 a       565     1    14     2     5
 -2.6197108632788586E-02 a       566     1    14     2     6
 -6.9420657806098005E-02 a       567     1    14     2     7
  2.3299597452155774E-01 a       568     1    14     2     8
  2.8419935383624417E-01 a       569     1    14     2     9
  2.0443074964615440E-01 a       570     1    14     2    10
 -1.3463189769906567E-01 a       571     1    14     2    11
  2.2444967078936376E-01 a       572     1    14     2    12
  4.3593497092145206E-01 a       573     1    14     2    13
 -2.1090478422227163E-01 a       574     1    14     2    14
 -2.4794170069640487E-01 a       575     1    14     2    15
  6.0069336041063563E-02 a       576     1    14     2    16
 -4.0745251111133668E-01 a       577     1    14     2    17
  1.0271548641840757E-01 a       578     1    14     2    18
  2.7115775441818324E-01 a       579     1    14     2    19
  3.5343706670655733E-01 a       580     1    14     2    20
 -1.1785672694055184E-01 a       581     1    15     2     1
 -4.0231613704596242E-01 a       582     1    15     2     2
 -3.7612461459658825E-01 a       583     1    15     2     3
  1.7180727015703118E-01 a       584     1    15     2     4
  5.2002610058492404E-01 a       585     1    15     2     5
  4.5344449105826040E-01 a       586     1    15     2     6
 -4.4503154853201421E-01 a       587     1    15     2     7
 -4.5017203009684764E-01 a       588     1    15     2     8
  3.5112945434545723E-01 a       589     1    15     2     9
 -1.7743218889716955E-01 a       590     1    15     2    10
 -2.4631411039075635E-01 a       591     1    15     2    11
 -1.5355707537652349E-01 a       592     1    15     2    12
 -1.7714136124176588E-01 a       593     1    15     2    13
 -4.5748090287980414E-01 a       594     1    15     2    14
 -4.3534871012738313E-01 a       595     1    15     2    15
  1.0294782156274235E-01 a       596     1    15     2    16
  2.3769941085673971E-02 a       597     1    15     2    17
  1.3151520854838089E-01 a       598     1    15     2    18
 -1.7599674246082642E-01 a       599     1    15     2    19
 -1.7538442070663079E-01 a       600     1    15     2    20
  3.1262452012700426E-01 a       601     1    16     2     1
 -3.3952051750117057E-01 a       602     1    16     2     2
 -1.6844767051976839E-01 a       603     1    16     2     3
  4.6394269651004610E-01 a       604     1    16     2     4
  4.0629733639455834E-01 a       605     1    16     2     5
  1.0209009804965138E-01 a       606     1    16     2     6
 -2.5864583435712218E-01 a       607     1    16     2     7
  5.0633703022049925E-01 a       608     1    16     2     8
  2.1164774698012506E-02 a       609     1    16     2     9
 -2.8431958708013844E-01 a       610     1    16     2    10
 -3.4173850539747941E-01 a       611     1    16     2    11
 -3.4508710584456137E-01 a       612     1    16     2    12
  4.7249687812741265E-01 a       613     1    16     2    13
  3.5713009216420538E-01 a       614     1    16     2    14
 -4.2657333598827185E-01 a       615     1    16     2    15
  2.5219696045848422E-01 a       616     1    16     2    16
 -6.3380102100280022E-01 a       617     1    16     2    17
  1.4688827805816516E-02 a       618     1    16     2    18
  2.0222607266119508E-01 a       619     1    16     2    19
 -3.1627596814196035E-01 a       620     1    16     2    20
 -3.4189156921942541E-02 a       621     1    17     2     1
  5.7930855785522639E-01 a       622     1    17     2     2
 -6.2739428501190753E-01 a       623     1    17     2     3
 -3.7476938064207954E-01 a       624     1    17     2     4
  2.9996508604902373E-02 a       625     1    17     2     5
 -4.0807901671709113E-02 a       626     1    17     2     6
  3.5368368680812762E-01 a       627     1    17     2     7
  5.1708082218821116E-01 a       628     1    17     2     8
 -5.8870753086699701E-01 a       629     1    17     2     9
 -1.7314927122075899E-01 a       630     1    17     2    10
  4.2646371337316402E-01 a       631     1    17     2    11
  1.4795662024636391E-01 a       632     1    17     2    12
 -2.9529671097144039E-01 a       633     1    17     2    13
 -1.1636658400442693E-01 a       634     1    17     2    14
 -3.7375885752803562E-01 a       635     1    17     2    15
 -2.8743789768081890E-01 a       636     1    17     2    16
 -2.9222634893383048E-01 a       637     1    17     2    17
  2.3709082324666758E-02 a       638     1    17     2    18
 -2.2585542137287909E-01 a       639     1    17     2    19
  5.2791638845616384E-01 a       640     1    17     2    20
  4.0492038809241293E-01 a       641     1    18     2     1
  5.7338611353531388E-01 a       642     1    18     2     2
  3.2926336026098779E-01 a       643     1    18     2     3
 -4.4659114057666582E-01 a       644     1    18     2     4
 -3.9530242319129072E-01 a       645     1    18     2     5
  2.5628044211662171E-01 a       646     1    18     2     6
 -1.3962456170948062E-01 a       647     1    18     2     7
 -8.5859907752613332E-02 a       648     1    18     2     8
  1.1380145539805218E-01 a       649     1    18     2     9
  3.5188848432923281E-01 a       650     1    18     2    10
 -1.7355164464447248E-01 a       651     1    18     2    11
 -1.0037438977575951E-01 a       652     1    18     2    12
 -6.9897880035659488E-01 a       653     1    18     2    13
  1.6395567726314703E-01 a       654     1    18     2    14
  7.0138218405793884E-01 a       655     1    18     2    15
 -5.5464883044115665E-01 a       656     1    18     2    16
 -4.2936866848260963E-01 a       657     1    18     2    17
  6.4805285813919256E-01 a       658     1    18     2    18
 -3.6958338507652150E-01 a       659     1    18     2    19
 -3.2405009326614104E-01 a       660     1    18     2    20
 -1.8229438896002245E-01 a       661     1    19     2     1
 -4.0554410785943806E-01 a       662     1    19     2     2
  4.4486922997803768E-01 a       663     1    19     2     3
  3.8181206628416980E-01 a       664     1    19     2     4
 -3.0197569322483752E-02 a       665     1    19     2     5
  5.9138203462206579E-02 a       666     1    19     2     6
  6.2843073633491442E-01 a       667     1    19     2     7
  2.6550037617983729E-01 a       668     1    19     2     8
  6.6165162616184534E-02 a       669     1    19     2     9
 -1.9961453850809474E-01 a       670     1    19     2    10
 -5.0790657689279839E-01 a       671     1    19     2    11
  1.6457080802702681E-01 a       672     1    19     2    12
 -1.2096166064794596E-01 a       673     1    19     2    13
 -5.1008766448296841E-02 a       674     1    19     2    14
  5.4370633463013074E-01 a       675     1    19     2    15
  3.4415309307598030E-01 a       676     1    19     2    16
 -3.4515682106706935E-01 a       677     1    19     2    17
 -3.7162397662371410E-01 a       678     1    19     2    18
 -2.9229653342366568E-01 a       679     1    19     2    19
 -1.9743694357036426E-01 a       680     1    19     2    20
  5.9451575650230237E-01 a       681     1    20     2     1
  8.0391170544027141E-02 a       682     1    20     2     2
  4.5778961315021977E-01 a       683     1    20     2     3
 -5.6240812218631409E-01 a       684     1    20     2     4
 -6.3548540015348487E-02 a       685     1    20     2     5
  1.0933370420519513E-01 a       686     1    20     2     6
 -4.1537783385650912E-01 a       687     1    20     2     7
  5.5438500387862499E-01 a       688     1    20     2     8
  2.3819740334768283E-01 a       689     1    20     2     9
 -3.8512674299830063E-01 a       690     1    20     2    10
 -4.0875821344087337E-01 a       691     1    20     2    11
  4.0676855313256866E-01 a       692     1    20     2    12
 -2.5419016421988733E-01 a       693     1    20     2    13
 -3.7738086885865540E-01 a       694     1    20     2    14
 -1.8393046137097091E-01 a       695     1    20     2    15
  4.6232688189270305E-01 a       696     1    20     2    16
  4.7699854205522269E-01 a       697     1    20     2    17
  8.8864772672325398E-02 a       698     1    20     2    18
  2.9667684505114433E-01 a       699     1    20     2    19
 -9.2154960567582558E-02 a       700     1    20     2    20
  5.7049267206304866E-01 b       701     2     1
 -5.1549697469082423E-01 b       702     2     2
 -1.5827656783035338E+00 b       703     2     3
 -1.5208884427668325E+00 b       704     2     4
 -1.0338453687621085E+00 b       705     2     5
 -1.1571171767987043E+00 b       706     2     6
 -1.1414432466879136E+00 b       707     2     7
 -9.0569390126178692E-02 b       708     2     8
 -1.6065992659323505E+00 b       709     2     9
 -1.9397015181739510E-01 b       710     2    10
  1.5955930973425529E+00 b       711     2    11
 -1.1903867876153533E+00 b       712     2    12
 -4.4308637594156258E-01 b       713     2    13
 -4.1125147557962899E-01 b       714     2    14
 -7.7221291870730002E-01 b       715     2    15
 -1.2190767294962612E+00 b       716     2    16
  2.6245975089039159E-01 b       717     2    17
 -1.0299266293865554E+00 b       718     2    18
 -1.7143242056894178E-01 b       719     2    19
  4.1491610077869256E-01 b       720     2    20
 -4.3064329988071259E-01 a       721     2     1     3     1
 -1.6333750379631362E-01 a       722     2     2     3     1
  4.5490684790633534E-01 a       723     2     3     3     1
 -4.0985529875905380E-01 a       724     2     4     3     1
  4.1189733163657216E-01 a       725     2     5     3     1
 -5.1612786635564245E-01 a       726     2     6     3     1
  9.8708963150938925E-02 a       727     2     7     3     1
  1.8334513465146821E-01 a       728     2     8     3     1
  7.7298279716413135E-02 a       729     2     9     3     1
  7.5724542221970736E-01 a       730     2    10     3     1
 -2.0187861712358984E-01 a       731     2    11     3     1
 -4.6618195151442121E-01 a       732     2    12     3     1
 -2.2779657594563044E-01 a       733     2    13     3     1
  2.6464820339290679E-01 a       734     2    14     3     1
  3.8170690022743203E-01 a       735     2    15     3     1
 -7.7676208368688449E-01 a       736     2    16     3     1
 -2.3878023968161875E-02 a       737     2    17     3     1
 -1.1336622467063560E-01 a       738     2    18     3     1
  3.8407119017982605E-01 a       739     2    19     3     1
  4.8266230730535581E-01 a       740     2    20     3     1
  8.0070790835377603E-02 b       741     3     1
