################################################################################
# Learning curves for energies and forces.
################################################################################
# Col  Name             Description
################################################################################
# 1    epoch            Current epoch.
# 2    RMSEpa_Etrain_pu RMSE of training energies per atom (physical units)
# 3    RMSEpa_Etest_pu  RMSE of test energies per atom (physical units)
# 4    RMSE_Etrain_pu   RMSE of training energies (physical units)
# 5    RMSE_Etest_pu    RMSE of test energies (physical units)
# 6    MAEpa_Etrain_pu  MAE of training energies per atom (physical units)
# 7    MAEpa_Etest_pu   MAE of test energies per atom (physical units)
# 8    MAE_Etrain_pu    MAE of training energies (physical units)
# 9    MAE_Etest_pu     MAE of test energies (physical units)
# 10   RMSE_Ftrain_pu   RMSE of training forces (physical units)
# 11   RMSE_Ftest_pu    RMSE of test forces (physical units)
# 12   MAE_Ftrain_pu    MAE of training forces (physical units)
# 13   MAE_Ftest_pu     MAE of test forces (physical units)
######################################################################################################################################################################################################################
#        1                2                3                4                5                6                7                8                9               10               11               12               13
#    epoch RMSEpa_Etrain_pu  RMSEpa_Etest_pu   RMSE_Etrain_pu    RMSE_Etest_pu  MAEpa_Etrain_pu   MAEpa_Etest_pu    MAE_Etrain_pu     MAE_Etest_pu   RMSE_Ftrain_pu    RMSE_Ftest_pu    MAE_Ftrain_pu     MAE_Ftest_pu
######################################################################################################################################################################################################################
         0   1.64789516E+00   1.65479006E+00   1.05465290E+02   1.05906564E+02   1.64532485E+00   1.65302127E+00   1.05300791E+02   1.05793361E+02   6.88721038E-01   6.67326358E-01   5.03822680E-01   5.30906480E-01
         1   1.04905663E-03   1.25744335E-03   6.71396243E-02   8.04763746E-02   8.47780229E-04   9.36367496E-04   5.42579347E-02   5.99275198E-02   1.24799023E-02   9.92032372E-03   7.99199043E-03   7.57176062E-03
         2   8.04079414E-04   6.88088552E-04   5.14610825E-02   4.40376673E-02   6.24888240E-04   5.39660035E-04   3.99928473E-02   3.45382423E-02   7.50146831E-03   7.12995440E-03   5.64959507E-03   5.36265667E-03
         3   6.79441230E-04   7.31123326E-04   4.34842387E-02   4.67918929E-02   4.91604866E-04   5.22950874E-04   3.14627114E-02   3.34688559E-02   7.17750790E-03   6.88875313E-03   5.41362912E-03   5.20631580E-03
         4   4.46357940E-04   5.52377503E-04   2.85669082E-02   3.53521602E-02   3.23292606E-04   3.48794400E-04   2.06907268E-02   2.23228416E-02   7.12138634E-03   6.81020991E-03   5.35543912E-03   5.12720657E-03
         5   3.64010331E-04   3.64364177E-04   2.32966612E-02   2.33193073E-02   2.82329796E-04   2.41059490E-04   1.80691070E-02   1.54278074E-02   7.10140640E-03   6.80110407E-03   5.35141537E-03   5.12987113E-03
         6   4.47923929E-04   4.35705858E-04   2.86671315E-02   2.78851749E-02   3.63192808E-04   3.64493898E-04   2.32443397E-02   2.33276095E-02   7.01214551E-03   6.69493201E-03   5.27872203E-03   5.05147975E-03
         7   3.31751744E-04   4.01343554E-04   2.12321116E-02   2.56859875E-02   2.57329855E-04   2.21746141E-04   1.64691107E-02   1.41917530E-02   6.99816006E-03   6.72187052E-03   5.28337576E-03   5.07921587E-03
         8   3.43822524E-04   3.92038427E-04   2.20046415E-02   2.50904593E-02   2.70528017E-04   2.65142174E-04   1.73137931E-02   1.69690991E-02   7.01317917E-03   6.72937267E-03   5.29265534E-03   5.08524604E-03
         9   3.07058604E-04   3.71022590E-04   1.96517506E-02   2.37454457E-02   2.42684173E-04   2.07365991E-04   1.55317871E-02   1.32714234E-02   7.02105770E-03   6.74854401E-03   5.30129286E-03   5.09929651E-03
        10   3.07977768E-04   4.17769971E-04   1.97105771E-02   2.67372781E-02   2.27633839E-04   2.10146122E-04   1.45685657E-02   1.34493518E-02   7.00829609E-03   6.72156365E-03   5.28615771E-03   5.07683374E-03
        11   3.35135280E-04   3.50904330E-04   2.14486579E-02   2.24578771E-02   2.69118042E-04   2.50619737E-04   1.72235547E-02   1.60396632E-02   7.00144806E-03   6.72142285E-03   5.28629012E-03   5.07865841E-03
        12   3.37165900E-04   4.40158413E-04   2.15786176E-02   2.81701384E-02   2.52071992E-04   2.76484554E-04   1.61326075E-02   1.76950115E-02   6.97340889E-03   6.70743361E-03   5.26257709E-03   5.06455703E-03
        13   3.03124315E-04   3.90338600E-04   1.93999562E-02   2.49816704E-02   2.32539498E-04   2.30876842E-04   1.48825279E-02   1.47761179E-02   6.97856517E-03   6.73354474E-03   5.27411755E-03   5.10050864E-03
        14   3.03804491E-04   3.43637857E-04   1.94434874E-02   2.19928229E-02   2.44910445E-04   2.23080243E-04   1.56742685E-02   1.42771355E-02   6.96798742E-03   6.71314870E-03   5.25590665E-03   5.07142400E-03
        15   3.00678514E-04   3.38049511E-04   1.92434249E-02   2.16351687E-02   2.43698459E-04   2.22133968E-04   1.55967014E-02   1.42165740E-02   6.96442898E-03   6.70652676E-03   5.25054504E-03   5.06511598E-03
