################################################################################
# Neural network connection values (weights and biases).
################################################################################
# Col  Name       Description
################################################################################
# 1    connection Neural network connection value.
# 2    t          Connection type (a = weight, b = bias).
# 3    index      Index enumerating weights.
# 4    l_s        Starting point layer (end point layer for biases).
# 5    n_s        Starting point neuron in starting layer (end point neuron for biases).
# 6    l_e        End point layer.
# 7    n_e        End point neuron in end layer.
################################################################################
#                      1 2         3     4     5     6     7
#             connection t     index   l_s   n_s   l_e   n_e
############################################################
 -1.7715208510286368E-01 a         1     0     1     1     1
 -1.9475070226264771E-01 a         2     0     1     1     2
  5.0019227212505712E-01 a         3     0     1     1     3
 -4.0636429829456028E-01 a         4     0     1     1     4
  3.9961751076371665E-01 a         5     0     1     1     5
  7.2544522255966803E-01 a         6     0     1     1     6
 -1.4570794262544293E-01 a         7     0     1     1     7
  6.0609412727023332E-02 a         8     0     1     1     8
 -1.0885648480392865E-01 a         9     0     1     1     9
  3.6121511635969172E-01 a        10     0     1     1    10
  6.5805073171510975E-01 a        11     0     1     1    11
 -2.8335072287206853E-01 a        12     0     1     1    12
 -7.6884143786815118E-01 a        13     0     1     1    13
  4.9036797402910953E-01 a        14     0     1     1    14
 -1.1053822070149694E-01 a        15     0     1     1    15
  3.1351031678667357E-01 a        16     0     1     1    16
 -3.9815265712942483E-01 a        17     0     1     1    17
  5.0416147781169263E-01 a        18     0     1     1    18
  5.7093220957198942E-01 a        19     0     1     1    19
  1.9765897885667966E-01 a        20     0     1     1    20
  7.1089350354413799E-02 a        21     0     2     1     1
  4.9052768290281962E-01 a        22     0     2     1     2
  7.1132155283601528E-01 a        23     0     2     1     3
  7.5584448059520104E-01 a        24     0     2     1     4
 -4.9277677930393210E-01 a        25     0     2     1     5
  1.6541169226001788E-02 a        26     0     2     1     6
  2.4375117014712289E-01 a        27     0     2     1     7
 -6.4079630313087921E-01 a        28     0     2     1     8
  6.6770074745308294E-01 a        29     0     2     1     9
  4.3399311300979559E-01 a        30     0     2     1    10
  5.0345502882015558E-01 a        31     0     2     1    11
  5.6882141250430152E-01 a        32     0     2     1    12
 -3.8028041982505539E-01 a        33     0     2     1    13
 -7.4936218337318028E-01 a        34     0     2     1    14
  2.6022497729861432E-01 a        35     0     2     1    15
 -4.3522937769840953E-02 a        36     0     2     1    16
  5.8231224155565897E-01 a        37     0     2     1    17
  5.1750662718273210E-01 a        38     0     2     1    18
 -7.1371831593860624E-02 a        39     0     2     1    19
  1.3123224271637340E-02 a        40     0     2     1    20
  5.1417575773875113E-01 a        41     0     3     1     1
  4.8085002249722991E-01 a        42     0     3     1     2
 -2.2542932240864105E-01 a        43     0     3     1     3
 -2.4138209196391708E-01 a        44     0     3     1     4
 -4.6303876741571953E-01 a        45     0     3     1     5
  3.3797821999671807E-01 a        46     0     3     1     6
 -7.1097036010233161E-01 a        47     0     3     1     7
  2.8270415763080842E-01 a        48     0     3     1     8
 -1.5403993036627822E-01 a        49     0     3     1     9
  5.7864258816364289E-01 a        50     0     3     1    10
 -4.2747061121044810E-01 a        51     0     3     1    11
 -4.6324794927035862E-01 a        52     0     3     1    12
 -3.4527058846088443E-01 a        53     0     3     1    13
 -2.8807474302057622E-02 a        54     0     3     1    14
  2.1639305897343194E-02 a        55     0     3     1    15
  2.4641512029063620E-01 a        56     0     3     1    16
  5.4582280686659024E-01 a        57     0     3     1    17
  2.5159217272816564E-01 a        58     0     3     1    18
  4.9623679613496940E-01 a        59     0     3     1    19
  7.1705404849385068E-01 a        60     0     3     1    20
  2.4894140652971417E-01 a        61     0     4     1     1
  4.8078986053769929E-01 a        62     0     4     1     2
 -1.4354649747537954E-01 a        63     0     4     1     3
  3.6246726905073534E-01 a        64     0     4     1     4
 -1.1974044890399003E-01 a        65     0     4     1     5
 -3.1643172615037279E-01 a        66     0     4     1     6
 -1.6133914421678955E-01 a        67     0     4     1     7
 -3.0056559879458661E-01 a        68     0     4     1     8
 -1.8211236104892900E-01 a        69     0     4     1     9
 -4.0934949380136848E-01 a        70     0     4     1    10
  3.7383805213792493E-01 a        71     0     4     1    11
  4.7177276648819416E-01 a        72     0     4     1    12
 -3.5101361611262344E-01 a        73     0     4     1    13
  2.1317316400264569E-01 a        74     0     4     1    14
  5.4530338740124495E-01 a        75     0     4     1    15
  6.4790075213562059E-01 a        76     0     4     1    16
  6.3093924901490817E-01 a        77     0     4     1    17
  1.4666838931000989E-01 a        78     0     4     1    18
  3.6858323645404789E-01 a        79     0     4     1    19
 -5.2087672276911356E-01 a        80     0     4     1    20
  2.2992544388787398E-01 a        81     0     5     1     1
 -8.9073380072986241E-01 a        82     0     5     1     2
 -5.7396371799051915E-01 a        83     0     5     1     3
  4.8542990664987512E-01 a        84     0     5     1     4
 -5.7527698283609896E-01 a        85     0     5     1     5
  6.2732489201132979E-01 a        86     0     5     1     6
  1.4962193845500010E-01 a        87     0     5     1     7
 -5.6195374657329444E-01 a        88     0     5     1     8
  2.3694948689757719E-01 a        89     0     5     1     9
  4.5296658147357760E-01 a        90     0     5     1    10
  4.0828621985747082E-01 a        91     0     5     1    11
 -6.0763684983553090E-01 a        92     0     5     1    12
  5.1299167843296789E-01 a        93     0     5     1    13
  1.4299256233201860E-01 a        94     0     5     1    14
 -3.1664730742268493E-01 a        95     0     5     1    15
  4.2768416458362757E-01 a        96     0     5     1    16
  4.3364275130036722E-01 a        97     0     5     1    17
 -5.8745303532225435E-01 a        98     0     5     1    18
 -3.8238089001494452E-01 a        99     0     5     1    19
 -9.0082642609835825E-02 a       100     0     5     1    20
  1.3170086233567724E-01 a       101     0     6     1     1
 -1.7017178439792108E-01 a       102     0     6     1     2
  6.6711588886158246E-01 a       103     0     6     1     3
 -5.2635350769700336E-02 a       104     0     6     1     4
  6.2457012751533092E-01 a       105     0     6     1     5
  5.3258423228261509E-01 a       106     0     6     1     6
  4.6864110059099801E-01 a       107     0     6     1     7
  5.0428380648419389E-02 a       108     0     6     1     8
  6.1260850618780904E-01 a       109     0     6     1     9
 -2.3193476387264444E-02 a       110     0     6     1    10
  6.8119107330215345E-01 a       111     0     6     1    11
 -1.1964744503835137E-01 a       112     0     6     1    12
 -1.8740031046980457E-01 a       113     0     6     1    13
 -3.0504513375197861E-01 a       114     0     6     1    14
 -1.3129492083681066E-01 a       115     0     6     1    15
 -3.1070096666232772E-01 a       116     0     6     1    16
 -5.8810289323432063E-01 a       117     0     6     1    17
  7.2769036919288432E-01 a       118     0     6     1    18
 -3.0417289888301324E-01 a       119     0     6     1    19
  2.8484138427207140E-01 a       120     0     6     1    20
 -9.0636044166480512E-01 a       121     0     7     1     1
  7.7697191152592882E-02 a       122     0     7     1     2
 -3.8686728602981157E-01 a       123     0     7     1     3
 -2.6773717078180509E-01 a       124     0     7     1     4
  6.8373996095689749E-01 a       125     0     7     1     5
 -2.9500751115945162E-01 a       126     0     7     1     6
  4.8031552325599214E-01 a       127     0     7     1     7
  5.1790910827007042E-01 a       128     0     7     1     8
 -3.9348726947384793E-01 a       129     0     7     1     9
 -1.5825235272732041E-01 a       130     0     7     1    10
  8.0849655361834610E-02 a       131     0     7     1    11
 -2.0782870505857018E-01 a       132     0     7     1    12
  5.4637271817990007E-01 a       133     0     7     1    13
  7.8085989538451389E-02 a       134     0     7     1    14
  5.2430853753250584E-01 a       135     0     7     1    15
  7.2504171829982011E-01 a       136     0     7     1    16
 -1.5445578454923697E-01 a       137     0     7     1    17
  6.3959445789573810E-01 a       138     0     7     1    18
 -2.1081425163250886E-01 a       139     0     7     1    19
 -5.2110556632452054E-01 a       140     0     7     1    20
  1.2873925045256938E-04 a       141     0     8     1     1
  5.7084222967496726E-02 a       142     0     8     1     2
 -1.4013487093873053E-01 a       143     0     8     1     3
  2.1045927100847858E-01 a       144     0     8     1     4
  1.0535114425169860E-01 a       145     0     8     1     5
  1.9196012396682377E-01 a       146     0     8     1     6
  4.4538047422104426E-01 a       147     0     8     1     7
  5.6877306143151618E-01 a       148     0     8     1     8
  7.2057294687840556E-01 a       149     0     8     1     9
 -4.0455168882783493E-01 a       150     0     8     1    10
  4.4534550544512530E-01 a       151     0     8     1    11
 -6.6240927919062975E-01 a       152     0     8     1    12
 -5.9619919868464648E-02 a       153     0     8     1    13
  6.9471082109242432E-01 a       154     0     8     1    14
  1.8043024672985167E-01 a       155     0     8     1    15
  8.3230340033779548E-02 a       156     0     8     1    16
 -3.2728000988168332E-01 a       157     0     8     1    17
 -2.2336311441277881E-01 a       158     0     8     1    18
 -3.9640218338058231E-01 a       159     0     8     1    19
 -5.6115420138662542E-01 a       160     0     8     1    20
  5.5557862419627008E-03 a       161     0     9     1     1
 -1.5116406399394869E-01 a       162     0     9     1     2
 -3.9455746435374178E-01 a       163     0     9     1     3
  1.4532292788476975E-01 a       164     0     9     1     4
 -2.5203076285614545E-01 a       165     0     9     1     5
 -5.4330152222985906E-01 a       166     0     9     1     6
  6.0367181272782111E-01 a       167     0     9     1     7
 -1.4618663301595600E-01 a       168     0     9     1     8
 -3.2799867269950450E-01 a       169     0     9     1     9
  7.2390323183777028E-01 a       170     0     9     1    10
  1.7359659628779442E-01 a       171     0     9     1    11
  2.1782001419370092E-01 a       172     0     9     1    12
  4.7384348228064160E-01 a       173     0     9     1    13
 -4.7371930258947237E-01 a       174     0     9     1    14
  2.2860575494012120E-01 a       175     0     9     1    15
 -6.4683494506411432E-01 a       176     0     9     1    16
 -4.1870633359315779E-01 a       177     0     9     1    17
 -3.1907924914601460E-01 a       178     0     9     1    18
 -6.3554240763871739E-01 a       179     0     9     1    19
  4.5651632925732366E-01 a       180     0     9     1    20
  6.1665507536099939E-01 a       181     0    10     1     1
 -2.3142092036804909E-02 a       182     0    10     1     2
 -2.7149189647136229E-01 a       183     0    10     1     3
  7.7105513875459342E-01 a       184     0    10     1     4
 -6.9618833988781284E-02 a       185     0    10     1     5
  6.7772605365880290E-01 a       186     0    10     1     6
  1.2588354130942034E-01 a       187     0    10     1     7
 -5.1507848939444878E-01 a       188     0    10     1     8
 -7.1520012239053621E-01 a       189     0    10     1     9
 -5.5874924546690641E-01 a       190     0    10     1    10
  5.8739553065728689E-01 a       191     0    10     1    11
  1.5492748466137291E-01 a       192     0    10     1    12
  4.0035433798160996E-01 a       193     0    10     1    13
 -5.7063238704456987E-01 a       194     0    10     1    14
  4.7203093478489533E-01 a       195     0    10     1    15
  1.3658850046918891E-01 a       196     0    10     1    16
  3.6763757044372958E-01 a       197     0    10     1    17
 -1.8480239328679746E-03 a       198     0    10     1    18
 -4.3834438942474252E-01 a       199     0    10     1    19
  5.8948991627994507E-01 a       200     0    10     1    20
 -5.3182100803804599E-01 a       201     0    11     1     1
 -2.2976965840207536E-01 a       202     0    11     1     2
  1.3336262207856844E-01 a       203     0    11     1     3
  4.2720719607730029E-01 a       204     0    11     1     4
 -3.5505944890627200E-01 a       205     0    11     1     5
  8.7666950029840068E-02 a       206     0    11     1     6
  3.0223829727677365E-01 a       207     0    11     1     7
 -4.4583931756429096E-01 a       208     0    11     1     8
  1.5743413585607219E-01 a       209     0    11     1     9
 -3.7149201276438670E-01 a       210     0    11     1    10
 -1.9499408777027441E-01 a       211     0    11     1    11
  5.1663739794917363E-01 a       212     0    11     1    12
  4.6984096433658806E-01 a       213     0    11     1    13
  1.7768126267916401E-01 a       214     0    11     1    14
 -6.0160223472364804E-01 a       215     0    11     1    15
 -1.9088425983786778E-01 a       216     0    11     1    16
 -4.6888673489057514E-01 a       217     0    11     1    17
  3.9535353246758503E-01 a       218     0    11     1    18
  3.2533522566655820E-01 a       219     0    11     1    19
  6.3851249578540631E-02 a       220     0    11     1    20
  8.8942296703686285E-01 a       221     0    12     1     1
 -5.8739039602768528E-01 a       222     0    12     1     2
  1.4652022978730361E-01 a       223     0    12     1     3
 -5.0373730158028873E-01 a       224     0    12     1     4
 -5.8964776446445455E-01 a       225     0    12     1     5
  1.4967210493862135E-01 a       226     0    12     1     6
  2.6002480201995831E-01 a       227     0    12     1     7
  5.1224386425642487E-01 a       228     0    12     1     8
 -2.7267659831855057E-01 a       229     0    12     1     9
 -6.5344572412868362E-01 a       230     0    12     1    10
 -3.3779311027125625E-01 a       231     0    12     1    11
 -7.2070786636073836E-01 a       232     0    12     1    12
  5.7466954482092036E-01 a       233     0    12     1    13
 -2.4380027082663402E-01 a       234     0    12     1    14
  7.7421117473432355E-01 a       235     0    12     1    15
  4.9566865632643764E-01 a       236     0    12     1    16
 -5.2669391350039407E-01 a       237     0    12     1    17
 -5.4456846534251935E-01 a       238     0    12     1    18
  7.3477420526406967E-01 a       239     0    12     1    19
  4.8778235028774142E-01 a       240     0    12     1    20
  6.9095192791155668E-02 a       241     0    13     1     1
 -2.3074986046081142E-01 a       242     0    13     1     2
  6.3254854864611398E-01 a       243     0    13     1     3
  4.1156642411618688E-01 a       244     0    13     1     4
  4.2979112141855552E-01 a       245     0    13     1     5
 -2.6130933106668541E-01 a       246     0    13     1     6
  5.1495816682976037E-01 a       247     0    13     1     7
  4.6757750552932814E-01 a       248     0    13     1     8
  3.5842960339939173E-01 a       249     0    13     1     9
  5.5375174545813022E-01 a       250     0    13     1    10
  3.9901131940339851E-01 a       251     0    13     1    11
  6.1067912149020009E-01 a       252     0    13     1    12
 -2.0436953144623266E-01 a       253     0    13     1    13
 -7.5320718166168499E-01 a       254     0    13     1    14
  8.3111416529780580E-01 a       255     0    13     1    15
  2.9793034823069559E-01 a       256     0    13     1    16
 -3.4003744291374366E-01 a       257     0    13     1    17
 -1.9452930601858198E-01 a       258     0    13     1    18
 -6.1072560916560925E-01 a       259     0    13     1    19
  5.2925043186489951E-01 a       260     0    13     1    20
 -9.0003974890372956E-02 a       261     0    14     1     1
  7.4447548757927429E-01 a       262     0    14     1     2
  6.4436545233811149E-01 a       263     0    14     1     3
 -7.7103973380167820E-02 a       264     0    14     1     4
 -1.5722155084539852E-02 a       265     0    14     1     5
 -5.9077596049419323E-01 a       266     0    14     1     6
 -4.0238138336586404E-01 a       267     0    14     1     7
  3.8467924343584436E-01 a       268     0    14     1     8
 -4.7457471484923752E-01 a       269     0    14     1     9
 -3.4395385430006475E-01 a       270     0    14     1    10
 -4.6572780143539072E-01 a       271     0    14     1    11
  2.5308270317067427E-01 a       272     0    14     1    12
  3.7115897347280613E-01 a       273     0    14     1    13
 -9.9038225899266238E-02 a       274     0    14     1    14
 -4.7578889694020510E-01 a       275     0    14     1    15
 -6.1222618463774392E-01 a       276     0    14     1    16
  4.7946296795901211E-01 a       277     0    14     1    17
 -3.3478032304095112E-01 a       278     0    14     1    18
 -8.7909425571129185E-02 a       279     0    14     1    19
  4.6408803814312011E-01 a       280     0    14     1    20
  1.4648962342107949E-01 b       281     1     1
  5.8402439722269051E-01 b       282     1     2
 -1.8890704525052826E+00 b       283     1     3
 -1.2576269623193672E+00 b       284     1     4
 -7.6316974753895450E-01 b       285     1     5
  1.3349298313359901E+00 b       286     1     6
 -1.0073561268483882E+00 b       287     1     7
 -3.3179995077790181E-01 b       288     1     8
  1.8095716472024572E+00 b       289     1     9
  6.6904371823003583E-01 b       290     1    10
 -1.4676942857030519E+00 b       291     1    11
  1.0475778504161901E+00 b       292     1    12
 -6.3767398425587540E-01 b       293     1    13
 -1.4974908885337441E+00 b       294     1    14
 -1.4468966385450472E+00 b       295     1    15
  5.9946944768100985E-01 b       296     1    16
 -6.6251250059089017E-01 b       297     1    17
 -5.8556026407490647E-01 b       298     1    18
 -1.2400911760641722E+00 b       299     1    19
  1.1168798033921203E+00 b       300     1    20
 -1.1520301096867523E-01 a       301     1     1     2     1
  4.9269946748604393E-01 a       302     1     1     2     2
  3.4219638261914115E-01 a       303     1     1     2     3
 -8.0960206613921074E-02 a       304     1     1     2     4
 -2.6780174392234762E-01 a       305     1     1     2     5
 -4.1227231575260676E-01 a       306     1     1     2     6
 -4.8881159198299601E-01 a       307     1     1     2     7
  5.3957596029566457E-01 a       308     1     1     2     8
  4.3528560311825160E-01 a       309     1     1     2     9
 -1.5462140379895839E-01 a       310     1     1     2    10
 -3.2114609201539723E-01 a       311     1     1     2    11
  9.5960446403744321E-02 a       312     1     1     2    12
 -4.3996133605208310E-01 a       313     1     1     2    13
  4.0207479671906793E-01 a       314     1     1     2    14
 -1.3228510433838822E-01 a       315     1     1     2    15
 -1.9844116646325277E-01 a       316     1     1     2    16
 -1.2787277698705077E-01 a       317     1     1     2    17
  5.4163615143962607E-01 a       318     1     1     2    18
  5.3347549295462393E-01 a       319     1     1     2    19
 -3.5734360977198681E-01 a       320     1     1     2    20
 -5.7878501612626132E-01 a       321     1     2     2     1
 -3.4151283064039178E-01 a       322     1     2     2     2
  3.2177076490047513E-01 a       323     1     2     2     3
  3.1574167068257269E-01 a       324     1     2     2     4
  1.6943572844279620E-01 a       325     1     2     2     5
  4.9093860569686865E-01 a       326     1     2     2     6
  2.8349061166216327E-01 a       327     1     2     2     7
 -4.2002187483015974E-01 a       328     1     2     2     8
  3.7182781632700806E-01 a       329     1     2     2     9
  4.7698021637210969E-01 a       330     1     2     2    10
 -2.2425456453379841E-01 a       331     1     2     2    11
  2.1629606135517809E-01 a       332     1     2     2    12
 -1.6679997062890828E-01 a       333     1     2     2    13
  4.7462665790108044E-01 a       334     1     2     2    14
  3.4505857971256987E-01 a       335     1     2     2    15
 -3.1139995149602195E-01 a       336     1     2     2    16
  4.8416119443821176E-01 a       337     1     2     2    17
 -5.1537024886103266E-01 a       338     1     2     2    18
 -1.3191723214295278E-02 a       339     1     2     2    19
 -1.8022542262443980E-01 a       340     1     2     2    20
  5.0113223647755889E-01 a       341     1     3     2     1
  5.9240706402332577E-01 a       342     1     3     2     2
 -5.4280650331626457E-01 a       343     1     3     2     3
  4.8862601378176596E-01 a       344     1     3     2     4
 -6.4803878196207448E-02 a       345     1     3     2     5
 -1.0649155184967381E-01 a       346     1     3     2     6
  2.0530887115247745E-01 a       347     1     3     2     7
  1.4011029098027566E-01 a       348     1     3     2     8
 -2.3125777251891347E-01 a       349     1     3     2     9
  2.8113345129828454E-01 a       350     1     3     2    10
  2.8514791363278674E-01 a       351     1     3     2    11
  3.7900099170130354E-02 a       352     1     3     2    12
 -2.4712293916212508E-01 a       353     1     3     2    13
  3.6151663946856938E-01 a       354     1     3     2    14
  5.4770824092529008E-02 a       355     1     3     2    15
 -4.7175899615277517E-01 a       356     1     3     2    16
 -5.2864927510534931E-01 a       357     1     3     2    17
  3.9879479107123819E-02 a       358     1     3     2    18
 -1.2068491520752488E-01 a       359     1     3     2    19
 -4.8317655568510542E-01 a       360     1     3     2    20
  3.4090691955891894E-01 a       361     1     4     2     1
 -3.6845930553186390E-01 a       362     1     4     2     2
 -5.4446577703880361E-01 a       363     1     4     2     3
  7.0894444383458199E-01 a       364     1     4     2     4
  1.6890924192168741E-01 a       365     1     4     2     5
 -3.4170295667967132E-01 a       366     1     4     2     6
  9.1996898074669015E-02 a       367     1     4     2     7
 -1.1526710104846155E-02 a       368     1     4     2     8
 -5.7935551883197289E-01 a       369     1     4     2     9
  5.0096507775679799E-01 a       370     1     4     2    10
  5.1959023072083488E-01 a       371     1     4     2    11
 -1.3446917014541521E-01 a       372     1     4     2    12
 -2.7627468366607294E-01 a       373     1     4     2    13
  4.7930799780692479E-01 a       374     1     4     2    14
  1.3592584248170066E-02 a       375     1     4     2    15
 -6.6428393737811064E-01 a       376     1     4     2    16
  3.0909407247497561E-01 a       377     1     4     2    17
  8.5570804009693746E-02 a       378     1     4     2    18
 -5.7561757812963921E-01 a       379     1     4     2    19
 -5.1344110787879327E-01 a       380     1     4     2    20
  6.2933416523153873E-01 a       381     1     5     2     1
 -6.8878080573760991E-02 a       382     1     5     2     2
  2.0005986543285406E-01 a       383     1     5     2     3
 -1.9132283758403817E-01 a       384     1     5     2     4
 -6.9306849241168658E-02 a       385     1     5     2     5
  3.3207823975579887E-01 a       386     1     5     2     6
 -4.9209811898504402E-01 a       387     1     5     2     7
 -2.6083547870015972E-01 a       388     1     5     2     8
  3.1125507104161321E-01 a       389     1     5     2     9
  2.7488548503306589E-02 a       390     1     5     2    10
 -1.1797268148611749E-01 a       391     1     5     2    11
  2.0940865411970921E-01 a       392     1     5     2    12
 -4.3757859530648653E-02 a       393     1     5     2    13
  3.7270536984151736E-01 a       394     1     5     2    14
 -5.7819981124500175E-01 a       395     1     5     2    15
 -4.0808279555451521E-01 a       396     1     5     2    16
 -1.8115136089907533E-01 a       397     1     5     2    17
 -7.7082769442458121E-02 a       398     1     5     2    18
  3.9983644010734609E-01 a       399     1     5     2    19
 -1.1521704870204504E-01 a       400     1     5     2    20
 -1.7613968785313772E-01 a       401     1     6     2     1
  3.8054660952279984E-01 a       402     1     6     2     2
  3.6500812115679060E-01 a       403     1     6     2     3
 -1.1730704467060676E-02 a       404     1     6     2     4
  4.7277576294569593E-02 a       405     1     6     2     5
 -4.1438229803534211E-02 a       406     1     6     2     6
 -5.9088730973135287E-02 a       407     1     6     2     7
  7.0604514100889348E-01 a       408     1     6     2     8
  4.7140053977270413E-01 a       409     1     6     2     9
 -6.7598374183295104E-02 a       410     1     6     2    10
  2.5574575527094595E-01 a       411     1     6     2    11
 -6.0324107357003320E-01 a       412     1     6     2    12
  3.8852233583415591E-01 a       413     1     6     2    13
 -6.9472510037685109E-01 a       414     1     6     2    14
  1.5561397240453126E-01 a       415     1     6     2    15
 -4.6830342148122606E-01 a       416     1     6     2    16
 -2.3404218221246009E-01 a       417     1     6     2    17
  1.0286537234488490E-01 a       418     1     6     2    18
  2.6601248991016563E-01 a       419     1     6     2    19
 -4.3491214447368876E-01 a       420     1     6     2    20
 -2.0675025861613255E-01 a       421     1     7     2     1
 -2.2228776386618975E-03 a       422     1     7     2     2
 -2.3029170971837146E-01 a       423     1     7     2     3
  1.1007917765923640E-01 a       424     1     7     2     4
  4.0034605646073036E-02 a       425     1     7     2     5
 -1.2726786354583472E-01 a       426     1     7     2     6
  2.5207884669841363E-02 a       427     1     7     2     7
 -1.8762075155464755E-01 a       428     1     7     2     8
  1.1658794070776283E-02 a       429     1     7     2     9
  1.5530836818052934E-02 a       430     1     7     2    10
 -3.5204522845380409E-01 a       431     1     7     2    11
 -2.1628554487617341E-01 a       432     1     7     2    12
 -1.1885446902937698E-01 a       433     1     7     2    13
  2.1215926154324447E-01 a       434     1     7     2    14
 -2.7518144821942558E-01 a       435     1     7     2    15
  5.7073808114994717E-01 a       436     1     7     2    16
 -5.1814288384443474E-01 a       437     1     7     2    17
  3.9914257747389154E-01 a       438     1     7     2    18
  4.6459161825370648E-01 a       439     1     7     2    19
 -4.8392587980596663E-01 a       440     1     7     2    20
 -1.1302030409412640E-01 a       441     1     8     2     1
 -5.9905565079284817E-01 a       442     1     8     2     2
 -1.0398612059458972E-02 a       443     1     8     2     3
  3.9022503817970505E-03 a       444     1     8     2     4
  5.2033704466647665E-02 a       445     1     8     2     5
 -4.8454052709128453E-01 a       446     1     8     2     6
  4.0702674623702617E-01 a       447     1     8     2     7
 -5.3525420820478953E-01 a       448     1     8     2     8
 -3.0861665460571108E-01 a       449     1     8     2     9
 -8.4189360454876710E-02 a       450     1     8     2    10
  1.6010265161630771E-01 a       451     1     8     2    11
 -2.5625542091310860E-01 a       452     1     8     2    12
  3.8342934451772004E-02 a       453     1     8     2    13
  7.6097298853722087E-02 a       454     1     8     2    14
 -4.2257109306148571E-01 a       455     1     8     2    15
  1.8864515107048910E-02 a       456     1     8     2    16
 -3.3356845134708002E-01 a       457     1     8     2    17
 -4.1619096753206003E-01 a       458     1     8     2    18
 -3.2529393551835672E-01 a       459     1     8     2    19
 -5.3152892496893800E-01 a       460     1     8     2    20
 -3.1025046469985118E-01 a       461     1     9     2     1
 -4.1476925727408687E-01 a       462     1     9     2     2
 -1.6838325015033789E-01 a       463     1     9     2     3
  4.5457465743898656E-01 a       464     1     9     2     4
  6.9991724503412023E-01 a       465     1     9     2     5
 -2.5065259071658751E-02 a       466     1     9     2     6
 -5.5014357811034498E-01 a       467     1     9     2     7
  5.6175457066611323E-01 a       468     1     9     2     8
 -3.9354809141144670E-01 a       469     1     9     2     9
  1.7268433895033342E-01 a       470     1     9     2    10
  5.3913930816562724E-03 a       471     1     9     2    11
  3.5950821356791784E-01 a       472     1     9     2    12
 -1.8666272418637095E-01 a       473     1     9     2    13
 -2.9554799412769039E-01 a       474     1     9     2    14
 -6.8107590164198972E-01 a       475     1     9     2    15
 -4.5739222329483009E-01 a       476     1     9     2    16
 -4.6399331477261124E-01 a       477     1     9     2    17
  4.5034000714678663E-01 a       478     1     9     2    18
  4.5896392361330379E-01 a       479     1     9     2    19
 -2.5866904719271638E-01 a       480     1     9     2    20
 -3.5309015521598619E-01 a       481     1    10     2     1
 -5.1208742096702020E-01 a       482     1    10     2     2
  3.2558382321756596E-01 a       483     1    10     2     3
 -4.1251037468125379E-01 a       484     1    10     2     4
 -2.3397009125539772E-01 a       485     1    10     2     5
 -1.8547178147935944E-01 a       486     1    10     2     6
  1.3202158964453287E-01 a       487     1    10     2     7
  4.1068789110976645E-01 a       488     1    10     2     8
 -4.1071081561180267E-01 a       489     1    10     2     9
 -1.0552955595219586E-01 a       490     1    10     2    10
 -7.3886336528712881E-01 a       491     1    10     2    11
  1.3685420826856776E-01 a       492     1    10     2    12
  4.6137151656493525E-01 a       493     1    10     2    13
 -7.2532056853564814E-02 a       494     1    10     2    14
  3.5675525882719372E-01 a       495     1    10     2    15
 -1.2846623369424212E-01 a       496     1    10     2    16
  1.5179612142171350E-01 a       497     1    10     2    17
 -8.2963464791100019E-02 a       498     1    10     2    18
  3.7100468814227217E-01 a       499     1    10     2    19
 -2.6613583378640976E-01 a       500     1    10     2    20
  2.3040104079479887E-01 a       501     1    11     2     1
  5.9959585512949984E-04 a       502     1    11     2     2
 -1.1554188156477611E-01 a       503     1    11     2     3
  1.0634729042418960E-02 a       504     1    11     2     4
 -2.1113027239386820E-01 a       505     1    11     2     5
  2.0574593947353215E-01 a       506     1    11     2     6
  3.6724931426269430E-01 a       507     1    11     2     7
  3.9242917747130176E-03 a       508     1    11     2     8
 -4.1663278387619046E-01 a       509     1    11     2     9
  6.0028805493997595E-01 a       510     1    11     2    10
  2.0566952148231069E-02 a       511     1    11     2    11
  6.8194142595590590E-01 a       512     1    11     2    12
 -6.4732694701405746E-01 a       513     1    11     2    13
 -5.1549636021207990E-01 a       514     1    11     2    14
 -5.9460752980904608E-01 a       515     1    11     2    15
  4.0112914898084273E-01 a       516     1    11     2    16
  4.7561436693713216E-01 a       517     1    11     2    17
 -2.5586600053685032E-01 a       518     1    11     2    18
 -5.9042216324520953E-02 a       519     1    11     2    19
  4.6432176651258089E-01 a       520     1    11     2    20
  4.3912354210623439E-01 a       521     1    12     2     1
  2.5773783589479193E-01 a       522     1    12     2     2
 -1.1419692708438794E-01 a       523     1    12     2     3
 -7.9679732152234201E-02 a       524     1    12     2     4
  4.1837099468191774E-01 a       525     1    12     2     5
 -1.7391708116756244E-01 a       526     1    12     2     6
 -4.6878265425279775E-01 a       527     1    12     2     7
  2.4841957901757753E-05 a       528     1    12     2     8
 -4.6341195368251771E-02 a       529     1    12     2     9
 -6.9668679325690797E-01 a       530     1    12     2    10
 -3.0442838909147707E-01 a       531     1    12     2    11
  2.7977719391807343E-01 a       532     1    12     2    12
 -1.9135327021669232E-01 a       533     1    12     2    13
 -1.8839009048797631E-01 a       534     1    12     2    14
  2.8997427171937276E-02 a       535     1    12     2    15
 -2.8098371575596515E-01 a       536     1    12     2    16
  6.2287708980825293E-02 a       537     1    12     2    17
 -1.4658338219662984E-02 a       538     1    12     2    18
 -4.6182787466192932E-01 a       539     1    12     2    19
  4.6924393557090116E-01 a       540     1    12     2    20
 -2.4585242583348460E-01 a       541     1    13     2     1
 -2.7740070764607044E-01 a       542     1    13     2     2
  7.0479804409883148E-02 a       543     1    13     2     3
 -6.4427678863441273E-01 a       544     1    13     2     4
  5.4300736103220881E-01 a       545     1    13     2     5
  2.6879442282823718E-01 a       546     1    13     2     6
 -1.4124271072124922E-01 a       547     1    13     2     7
  1.7409897570993607E-01 a       548     1    13     2     8
 -3.7318903143036042E-02 a       549     1    13     2     9
 -3.7429141803587812E-01 a       550     1    13     2    10
 -7.6399720405026039E-01 a       551     1    13     2    11
  3.8176194699056815E-01 a       552     1    13     2    12
 -2.3665148045513468E-01 a       553     1    13     2    13
 -3.2579340441220073E-01 a       554     1    13     2    14
  3.4847388829563924E-02 a       555     1    13     2    15
  2.7693946398442187E-01 a       556     1    13     2    16
 -2.6118211564557697E-01 a       557     1    13     2    17
  5.6890688039404025E-01 a       558     1    13     2    18
 -4.3100028425040127E-01 a       559     1    13     2    19
 -5.0158191255959017E-01 a       560     1    13     2    20
  2.8566324798299303E-01 a       561     1    14     2     1
  2.9097207739109671E-01 a       562     1    14     2     2
 -4.6383174415588424E-01 a       563     1    14     2     3
 -2.4064350792707956E-01 a       564     1    14     2     4
  7.8851628290469225E-02 a       565     1    14     2     5
  5.3896776023334436E-01 a       566     1    14     2     6
  2.7737547803383927E-02 a       567     1    14     2     7
 -3.5598496677265334E-01 a       568     1    14     2     8
  2.5273373140392813E-01 a       569     1    14     2     9
  8.7124709664053807E-02 a       570     1    14     2    10
 -4.6741488920257680E-02 a       571     1    14     2    11
 -2.3939693899853406E-01 a       572     1    14     2    12
  4.1761416693082326E-01 a       573     1    14     2    13
 -1.1617882635053658E-01 a       574     1    14     2    14
  9.2694564302942969E-02 a       575     1    14     2    15
  9.5855178618120943E-02 a       576     1    14     2    16
  5.3445355307505793E-01 a       577     1    14     2    17
 -5.7657157576156570E-01 a       578     1    14     2    18
  3.3727903387024659E-02 a       579     1    14     2    19
  3.3494513086465344E-01 a       580     1    14     2    20
  2.5333071058177237E-01 a       581     1    15     2     1
 -2.8794001895796117E-01 a       582     1    15     2     2
 -7.7154439921425164E-02 a       583     1    15     2     3
  3.2801759869437769E-01 a       584     1    15     2     4
  3.2532187265656015E-01 a       585     1    15     2     5
  2.1346756985675747E-01 a       586     1    15     2     6
 -3.9165685816381485E-01 a       587     1    15     2     7
 -2.2298159746080218E-01 a       588     1    15     2     8
 -5.3548831286626408E-02 a       589     1    15     2     9
 -2.8191323024146892E-01 a       590     1    15     2    10
  2.1880910637073719E-01 a       591     1    15     2    11
  1.1812086936652917E-01 a       592     1    15     2    12
 -4.6106805768962894E-01 a       593     1    15     2    13
 -1.2100914961890485E-01 a       594     1    15     2    14
 -9.5678374282591239E-02 a       595     1    15     2    15
 -9.3768168248639663E-02 a       596     1    15     2    16
 -1.6874313674476876E-01 a       597     1    15     2    17
  4.1489061851832693E-01 a       598     1    15     2    18
  4.6571622724048950E-01 a       599     1    15     2    19
 -1.0570229886791688E-01 a       600     1    15     2    20
  2.7284453899147770E-01 a       601     1    16     2     1
  3.2611496670310031E-01 a       602     1    16     2     2
 -1.9936313186753818E-01 a       603     1    16     2     3
 -7.1782525311726930E-01 a       604     1    16     2     4
 -7.6821167079768826E-01 a       605     1    16     2     5
 -4.6420125022077270E-02 a       606     1    16     2     6
  1.6231992372101717E-01 a       607     1    16     2     7
  1.6438293984526600E-01 a       608     1    16     2     8
  4.5277451006971398E-01 a       609     1    16     2     9
 -2.3999061055836818E-01 a       610     1    16     2    10
  4.0815338831534370E-01 a       611     1    16     2    11
  4.4215371054464192E-01 a       612     1    16     2    12
  3.9673550030829141E-01 a       613     1    16     2    13
  5.0762476916116940E-02 a       614     1    16     2    14
  5.7366001890008156E-01 a       615     1    16     2    15
  3.1767849203088285E-03 a       616     1    16     2    16
 -5.4830416449021613E-01 a       617     1    16     2    17
 -3.0364141385960725E-01 a       618     1    16     2    18
  1.6283883076340799E-01 a       619     1    16     2    19
 -6.2303759105522924E-02 a       620     1    16     2    20
  4.8117945136194323E-01 a       621     1    17     2     1
  1.0164876788560769E-01 a       622     1    17     2     2
 -6.1685922626617040E-01 a       623     1    17     2     3
  2.2518302410532673E-01 a       624     1    17     2     4
 -1.5311145181445937E-01 a       625     1    17     2     5
 -3.6290820734934720E-01 a       626     1    17     2     6
  6.4361053256108747E-02 a       627     1    17     2     7
  5.2236127369408381E-01 a       628     1    17     2     8
 -1.7998836291227421E-01 a       629     1    17     2     9
 -3.0915659428585945E-01 a       630     1    17     2    10
  3.3337896235744519E-01 a       631     1    17     2    11
 -1.3412198250607896E-01 a       632     1    17     2    12
 -4.7512312946560425E-01 a       633     1    17     2    13
  4.0317433163046618E-01 a       634     1    17     2    14
 -1.1276092347883686E-01 a       635     1    17     2    15
 -7.3442317658163489E-02 a       636     1    17     2    16
 -6.3801507554493014E-04 a       637     1    17     2    17
  4.8497935426919903E-01 a       638     1    17     2    18
 -3.5496027732192494E-02 a       639     1    17     2    19
 -4.1155580954101301E-01 a       640     1    17     2    20
 -4.2608633389028583E-01 a       641     1    18     2     1
 -4.3229456958023299E-01 a       642     1    18     2     2
 -1.0806025114279630E-01 a       643     1    18     2     3
  3.9194280931938497E-01 a       644     1    18     2     4
  3.5568406863294759E-02 a       645     1    18     2     5
 -5.1478116475180202E-01 a       646     1    18     2     6
 -2.3927358764244056E-01 a       647     1    18     2     7
  8.8184504695113450E-03 a       648     1    18     2     8
 -5.6771366556805525E-01 a       649     1    18     2     9
  2.3200857302957764E-01 a       650     1    18     2    10
 -3.0055388535223132E-01 a       651     1    18     2    11
 -5.2625967615151759E-01 a       652     1    18     2    12
 -5.5246077433358054E-01 a       653     1    18     2    13
  4.9054373004060137E-01 a       654     1    18     2    14
  3.2996269045820059E-01 a       655     1    18     2    15
  4.5623279777236991E-01 a       656     1    18     2    16
  2.0082842107247434E-01 a       657     1    18     2    17
  2.9383582915931794E-01 a       658     1    18     2    18
  4.7292375086497040E-01 a       659     1    18     2    19
 -3.8968509489379050E-01 a       660     1    18     2    20
 -2.3005980701677854E-02 a       661     1    19     2     1
 -1.7405463949505862E-01 a       662     1    19     2     2
 -2.7985358728603466E-01 a       663     1    19     2     3
 -3.1698302477850621E-01 a       664     1    19     2     4
  3.3949348073899349E-01 a       665     1    19     2     5
  2.9526244962083892E-01 a       666     1    19     2     6
  5.6760277981440366E-01 a       667     1    19     2     7
  1.3915660566635998E-01 a       668     1    19     2     8
  1.3716200323892122E-01 a       669     1    19     2     9
 -1.5248042076861607E-01 a       670     1    19     2    10
  5.2707630556319614E-02 a       671     1    19     2    11
  1.0795594378424017E-01 a       672     1    19     2    12
  4.0582612902218035E-01 a       673     1    19     2    13
  2.5655858614289606E-01 a       674     1    19     2    14
 -3.2947238566832920E-01 a       675     1    19     2    15
 -1.1454527884668711E-01 a       676     1    19     2    16
  5.9173215228810215E-02 a       677     1    19     2    17
  2.9570475991847339E-01 a       678     1    19     2    18
  1.9220322211799701E-01 a       679     1    19     2    19
 -2.8057427134991447E-01 a       680     1    19     2    20
  5.4834507516989595E-01 a       681     1    20     2     1
 -3.6603128213271115E-02 a       682     1    20     2     2
 -5.4777629463714461E-01 a       683     1    20     2     3
 -4.4313221328228486E-01 a       684     1    20     2     4
 -2.2156738290068523E-01 a       685     1    20     2     5
  1.8795957679782094E-01 a       686     1    20     2     6
 -4.7849543634389313E-01 a       687     1    20     2     7
  5.0372333836601990E-01 a       688     1    20     2     8
 -4.1762702888098036E-01 a       689     1    20     2     9
 -5.6523603888017016E-01 a       690     1    20     2    10
 -3.7123936319663947E-01 a       691     1    20     2    11
  4.8174228299189242E-01 a       692     1    20     2    12
 -1.6482494973438550E-01 a       693     1    20     2    13
  2.1179087411896491E-01 a       694     1    20     2    14
 -6.4817265871893104E-01 a       695     1    20     2    15
 -5.0085422640441357E-01 a       696     1    20     2    16
 -9.8186525286410337E-02 a       697     1    20     2    17
  1.0187462483546958E-01 a       698     1    20     2    18
  4.8130833494467840E-01 a       699     1    20     2    19
 -1.7961564447269993E-01 a       700     1    20     2    20
 -9.0034025718848076E-01 b       701     2     1
  4.5077811428273218E-01 b       702     2     2
 -6.4587819522318068E-01 b       703     2     3
  1.5159980994891997E-01 b       704     2     4
 -2.2847256977097819E-03 b       705     2     5
 -9.3631878844284722E-01 b       706     2     6
 -2.9645480862178575E-01 b       707     2     7
  1.5954669922272402E+00 b       708     2     8
  5.8094429944866033E-01 b       709     2     9
  1.8746156619661927E-01 b       710     2    10
  6.0236701802341541E-01 b       711     2    11
  6.5849593683313856E-01 b       712     2    12
  1.1504203841478320E+00 b       713     2    13
 -6.0937994800617339E-02 b       714     2    14
  1.5846125021913122E+00 b       715     2    15
 -1.1395453087728133E+00 b       716     2    16
 -1.2657390340025365E+00 b       717     2    17
 -7.4133474443329506E-01 b       718     2    18
  2.6015845774903362E-01 b       719     2    19
  6.1138186071999601E-01 b       720     2    20
  1.0183489032567757E-01 a       721     2     1     3     1
  6.9891395289529479E-02 a       722     2     2     3     1
  9.0050972393223827E-01 a       723     2     3     3     1
 -6.6901099072646897E-01 a       724     2     4     3     1
  4.3192159282435238E-01 a       725     2     5     3     1
 -1.0229329501782478E+00 a       726     2     6     3     1
 -7.6827177697635896E-01 a       727     2     7     3     1
 -8.6077815855220852E-01 a       728     2     8     3     1
 -4.9974533390758746E-01 a       729     2     9     3     1
  6.9276144961348707E-01 a       730     2    10     3     1
  3.1911784858081399E-01 a       731     2    11     3     1
  6.2025050906239110E-01 a       732     2    12     3     1
 -8.1720808052647775E-01 a       733     2    13     3     1
  3.5579076254790387E-01 a       734     2    14     3     1
  4.6476558900224640E-01 a       735     2    15     3     1
  7.9069677313679076E-01 a       736     2    16     3     1
  8.7577069854928846E-01 a       737     2    17     3     1
  2.9071654708652542E-02 a       738     2    18     3     1
  1.0980391668928170E-01 a       739     2    19     3     1
  4.0634927010888777E-02 a       740     2    20     3     1
  9.2158260415279636E-02 b       741     3     1
