################################################################################
# Learning curves for energies and forces.
################################################################################
# Col  Name             Description
################################################################################
# 1    epoch            Current epoch.
# 2    RMSEpa_Etrain_pu RMSE of training energies per atom (physical units)
# 3    RMSEpa_Etest_pu  RMSE of test energies per atom (physical units)
# 4    RMSE_Etrain_pu   RMSE of training energies (physical units)
# 5    RMSE_Etest_pu    RMSE of test energies (physical units)
# 6    MAEpa_Etrain_pu  MAE of training energies per atom (physical units)
# 7    MAEpa_Etest_pu   MAE of test energies per atom (physical units)
# 8    MAE_Etrain_pu    MAE of training energies (physical units)
# 9    MAE_Etest_pu     MAE of test energies (physical units)
# 10   RMSE_Ftrain_pu   RMSE of training forces (physical units)
# 11   RMSE_Ftest_pu    RMSE of test forces (physical units)
# 12   MAE_Ftrain_pu    MAE of training forces (physical units)
# 13   MAE_Ftest_pu     MAE of test forces (physical units)
######################################################################################################################################################################################################################
#        1                2                3                4                5                6                7                8                9               10               11               12               13
#    epoch RMSEpa_Etrain_pu  RMSEpa_Etest_pu   RMSE_Etrain_pu    RMSE_Etest_pu  MAEpa_Etrain_pu   MAEpa_Etest_pu    MAE_Etrain_pu     MAE_Etest_pu   RMSE_Ftrain_pu    RMSE_Ftest_pu    MAE_Ftrain_pu     MAE_Ftest_pu
######################################################################################################################################################################################################################
         0   1.79060513E+00   1.79476740E+00   1.14598728E+02   1.14865114E+02   1.78619367E+00   1.79170225E+00   1.14316395E+02   1.14668944E+02   5.99506377E-01   5.19955002E-01   4.62012349E-01   4.08069383E-01
         1   8.00509191E-04   1.04015291E-03   5.12325882E-02   6.65697862E-02   5.84889656E-04   8.62471319E-04   3.74329380E-02   5.51981644E-02   9.55907456E-03   1.11116006E-02   7.05485781E-03   7.36322691E-03
         2   1.07612960E-03   8.16720886E-04   6.88722943E-02   5.22701367E-02   9.50002160E-04   6.52824619E-04   6.08001382E-02   4.17807756E-02   7.68740166E-03   7.78054572E-03   5.82348475E-03   5.57326665E-03
         3   7.86426948E-04   6.28966533E-04   5.03313247E-02   4.02538581E-02   6.61026757E-04   5.25660981E-04   4.23057124E-02   3.36423028E-02   7.14864425E-03   6.95519620E-03   5.38282000E-03   5.06386553E-03
         4   4.09466695E-04   3.61937488E-04   2.62058685E-02   2.31639992E-02   2.81528065E-04   2.86342136E-04   1.80177962E-02   1.83258967E-02   7.24042117E-03   6.91932972E-03   5.47108359E-03   5.10158880E-03
         5   3.63426095E-04   4.02076135E-04   2.32592701E-02   2.57328727E-02   2.71493474E-04   3.55259814E-04   1.73755823E-02   2.27366281E-02   7.18485732E-03   6.96983326E-03   5.43549288E-03   5.15090151E-03
         6   3.65875855E-04   3.53906068E-04   2.34160547E-02   2.26499883E-02   2.58210475E-04   2.96176847E-04   1.65254704E-02   1.89553182E-02   7.06986318E-03   6.80640034E-03   5.32639326E-03   4.94886749E-03
         7   3.66996854E-04   3.06321771E-04   2.34877986E-02   1.96045933E-02   2.60806193E-04   2.55998514E-04   1.66915963E-02   1.63839049E-02   7.05341062E-03   6.77207994E-03   5.31105570E-03   4.92407424E-03
         8   3.41544194E-04   3.78554422E-04   2.18588284E-02   2.42274830E-02   2.59769796E-04   3.38437664E-04   1.66252669E-02   2.16600105E-02   7.10212807E-03   6.83721301E-03   5.34857129E-03   4.97887223E-03
         9   3.38706426E-04   3.27811092E-04   2.16772113E-02   2.09799099E-02   2.48373452E-04   2.84349961E-04   1.58959009E-02   1.81983975E-02   7.06639867E-03   6.81178184E-03   5.31955687E-03   4.96424691E-03
        10   3.39109044E-04   3.38941138E-04   2.17029788E-02   2.16922328E-02   2.52044760E-04   2.75952060E-04   1.61308647E-02   1.76609318E-02   7.11314019E-03   6.89307647E-03   5.35894317E-03   5.02630840E-03
        11   3.32115219E-04   3.52681691E-04   2.12553740E-02   2.25716282E-02   2.48207708E-04   3.05142466E-04   1.58852933E-02   1.95291178E-02   7.06950058E-03   6.81987420E-03   5.32102833E-03   4.96503792E-03
        12   3.26921861E-04   2.96119217E-04   2.09229991E-02   1.89516299E-02   2.34858722E-04   2.40070664E-04   1.50309582E-02   1.53645225E-02   7.03919813E-03   6.77805309E-03   5.29299397E-03   4.92424822E-03
        13   3.10601487E-04   3.11371531E-04   1.98784951E-02   1.99277780E-02   2.30189569E-04   2.58350958E-04   1.47321324E-02   1.65344613E-02   7.05824035E-03   6.83744752E-03   5.32034580E-03   5.00306002E-03
        14   3.06296318E-04   3.38672360E-04   1.96029644E-02   2.16750310E-02   2.33755669E-04   2.93067750E-04   1.49603628E-02   1.87563360E-02   7.05672404E-03   6.84254405E-03   5.32112896E-03   5.01002460E-03
        15   3.15070102E-04   3.50348089E-04   2.01644865E-02   2.24222777E-02   2.40052722E-04   3.00754897E-04   1.53633742E-02   1.92483134E-02   7.04409929E-03   6.81362252E-03   5.30534836E-03   4.97559754E-03
