################################################################################
# Learning curves for energies and forces.
################################################################################
# Col  Name             Description
################################################################################
# 1    epoch            Current epoch.
# 2    RMSEpa_Etrain_pu RMSE of training energies per atom (physical units)
# 3    RMSEpa_Etest_pu  RMSE of test energies per atom (physical units)
# 4    RMSE_Etrain_pu   RMSE of training energies (physical units)
# 5    RMSE_Etest_pu    RMSE of test energies (physical units)
# 6    MAEpa_Etrain_pu  MAE of training energies per atom (physical units)
# 7    MAEpa_Etest_pu   MAE of test energies per atom (physical units)
# 8    MAE_Etrain_pu    MAE of training energies (physical units)
# 9    MAE_Etest_pu     MAE of test energies (physical units)
# 10   RMSE_Ftrain_pu   RMSE of training forces (physical units)
# 11   RMSE_Ftest_pu    RMSE of test forces (physical units)
# 12   MAE_Ftrain_pu    MAE of training forces (physical units)
# 13   MAE_Ftest_pu     MAE of test forces (physical units)
######################################################################################################################################################################################################################
#        1                2                3                4                5                6                7                8                9               10               11               12               13
#    epoch RMSEpa_Etrain_pu  RMSEpa_Etest_pu   RMSE_Etrain_pu    RMSE_Etest_pu  MAEpa_Etrain_pu   MAEpa_Etest_pu    MAE_Etrain_pu     MAE_Etest_pu   RMSE_Ftrain_pu    RMSE_Ftest_pu    MAE_Ftrain_pu     MAE_Ftest_pu
######################################################################################################################################################################################################################
         0   1.80150732E+00   1.81584360E+00   1.15296469E+02   1.16213990E+02   1.79690447E+00   1.81221489E+00   1.15001886E+02   1.15981753E+02   6.18677527E-01   5.82943986E-01   4.79743725E-01   4.64690742E-01
         1   9.31005822E-04   8.19122941E-04   5.95843726E-02   5.24238682E-02   7.61055535E-04   5.78854319E-04   4.87075542E-02   3.70466764E-02   1.15366621E-02   1.36826251E-02   8.13791073E-03   8.29014355E-03
         2   1.43888774E-03   1.19347387E-03   9.20888155E-02   7.63823276E-02   1.23675175E-03   1.13218958E-03   7.91521122E-02   7.24601333E-02   7.34904757E-03   6.66328744E-03   5.52842381E-03   4.73061240E-03
         3   7.69388034E-04   1.33427486E-03   4.92408342E-02   8.53935912E-02   5.94964669E-04   1.11934433E-03   3.80777388E-02   7.16380369E-02   6.89499637E-03   5.92794916E-03   5.21692440E-03   4.28524993E-03
         4   5.10043090E-04   4.04335191E-04   3.26427577E-02   2.58774522E-02   4.04873904E-04   3.55245661E-04   2.59119299E-02   2.27357223E-02   7.01115572E-03   6.13912212E-03   5.32730370E-03   4.54631138E-03
         5   7.10604752E-04   5.97468508E-04   4.54787041E-02   3.82379845E-02   6.05393358E-04   5.30463305E-04   3.87451749E-02   3.39496515E-02   6.74198765E-03   5.78465904E-03   5.09344387E-03   4.13651336E-03
         6   4.26599777E-04   4.82291323E-04   2.73023857E-02   3.08666447E-02   3.39522925E-04   4.17421643E-04   2.17294672E-02   2.67149852E-02   6.75168550E-03   5.84010804E-03   5.09203454E-03   4.17698337E-03
         7   3.35768692E-04   4.41638090E-04   2.14891963E-02   2.82648377E-02   2.54724895E-04   4.01265865E-04   1.63023933E-02   2.56810153E-02   6.71976576E-03   5.89881690E-03   5.06930019E-03   4.19414659E-03
         8   3.27647730E-04   3.46307514E-04   2.09694547E-02   2.21636809E-02   2.48944309E-04   2.99328534E-04   1.59324358E-02   1.91570262E-02   6.69912520E-03   5.88642086E-03   5.07317465E-03   4.24430546E-03
         9   3.06922020E-04   4.00892408E-04   1.96430093E-02   2.56571141E-02   2.33381132E-04   3.62534152E-04   1.49363924E-02   2.32021858E-02   6.69925945E-03   5.88123335E-03   5.06333352E-03   4.21773590E-03
        10   3.28039554E-04   4.79119441E-04   2.09945315E-02   3.06636443E-02   2.52202118E-04   4.24548996E-04   1.61409355E-02   2.71711357E-02   6.67658210E-03   5.80106112E-03   5.04119978E-03   4.13163503E-03
        11   3.11945144E-04   3.65417557E-04   1.99644892E-02   2.33867237E-02   2.45383901E-04   3.20520937E-04   1.57045696E-02   2.05133400E-02   6.67187151E-03   5.82261778E-03   5.04112176E-03   4.15793581E-03
        12   3.02407363E-04   3.98116991E-04   1.93540712E-02   2.54794874E-02   2.37917216E-04   3.59809137E-04   1.52267018E-02   2.30277848E-02   6.67156562E-03   5.80117935E-03   5.03813953E-03   4.12690749E-03
        13   3.09803448E-04   2.60000070E-04   1.98274207E-02   1.66400045E-02   2.21140613E-04   1.94277367E-04   1.41529992E-02   1.24337515E-02   6.65070474E-03   5.80682840E-03   5.03208316E-03   4.14508241E-03
        14   2.97494319E-04   2.87562327E-04   1.90396364E-02   1.84039889E-02   2.31049275E-04   2.58759226E-04   1.47871536E-02   1.65605905E-02   6.64024743E-03   5.80334412E-03   5.02077060E-03   4.13083473E-03
        15   2.75212028E-04   2.98037550E-04   1.76135698E-02   1.90744032E-02   2.10636477E-04   2.68401635E-04   1.34807345E-02   1.71777046E-02   6.64996900E-03   5.83608490E-03   5.03569369E-03   4.17434112E-03
