################################################################################
# Neural network connection values (weights and biases).
################################################################################
# Col  Name       Description
################################################################################
# 1    connection Neural network connection value.
# 2    t          Connection type (a = weight, b = bias).
# 3    index      Index enumerating weights.
# 4    l_s        Starting point layer (end point layer for biases).
# 5    n_s        Starting point neuron in starting layer (end point neuron for biases).
# 6    l_e        End point layer.
# 7    n_e        End point neuron in end layer.
################################################################################
#                      1 2         3     4     5     6     7
#             connection t     index   l_s   n_s   l_e   n_e
############################################################
 -5.3963116780065667E-03 a         1     0     1     1     1
  5.3850794974823823E-01 a         2     0     1     1     2
 -6.0660518184224121E-01 a         3     0     1     1     3
 -1.6597738476370422E-01 a         4     0     1     1     4
  2.7874167056839344E-01 a         5     0     1     1     5
  6.9604933054412521E-01 a         6     0     1     1     6
 -3.1983780854773308E-01 a         7     0     1     1     7
 -1.8902350204691474E-02 a         8     0     1     1     8
 -7.2060407426910134E-01 a         9     0     1     1     9
  1.3403902216837280E-01 a        10     0     1     1    10
  2.5492181968543631E-01 a        11     0     1     1    11
 -1.6426627764174123E-01 a        12     0     1     1    12
  6.4929116101659967E-01 a        13     0     1     1    13
 -6.5398009821094527E-01 a        14     0     1     1    14
 -1.6421044322155434E-01 a        15     0     1     1    15
  4.8050476638689871E-01 a        16     0     1     1    16
  1.0738085387558149E-01 a        17     0     1     1    17
 -3.3569470540641737E-02 a        18     0     1     1    18
 -2.1061424651355531E-01 a        19     0     1     1    19
 -5.7586448658666167E-01 a        20     0     1     1    20
 -6.2244471205055318E-01 a        21     0     2     1     1
  3.1350793850477193E-01 a        22     0     2     1     2
  2.7995520166084364E-01 a        23     0     2     1     3
 -5.8166985754035883E-01 a        24     0     2     1     4
 -1.7804628357975838E-01 a        25     0     2     1     5
 -6.2941857201677920E-01 a        26     0     2     1     6
 -2.0949181980434042E-01 a        27     0     2     1     7
 -1.9654157154797280E-01 a        28     0     2     1     8
 -5.5973616160848880E-02 a        29     0     2     1     9
 -8.1901368065378055E-01 a        30     0     2     1    10
 -3.3711715557536104E-01 a        31     0     2     1    11
 -4.2226913505526509E-01 a        32     0     2     1    12
  6.8866220241195075E-01 a        33     0     2     1    13
 -4.8193223150011838E-01 a        34     0     2     1    14
 -5.8499978814876108E-01 a        35     0     2     1    15
 -1.3143630250700830E-01 a        36     0     2     1    16
 -1.6580043819943746E-01 a        37     0     2     1    17
 -3.5000893235377661E-01 a        38     0     2     1    18
  2.7493371624465268E-01 a        39     0     2     1    19
  2.1355933769840230E-01 a        40     0     2     1    20
 -1.2129107112970008E-01 a        41     0     3     1     1
 -6.4139398149895355E-01 a        42     0     3     1     2
 -3.3626943163176837E-01 a        43     0     3     1     3
  1.4618826248082406E-01 a        44     0     3     1     4
  5.7148722550349418E-02 a        45     0     3     1     5
 -2.0453924714543259E-01 a        46     0     3     1     6
  3.6694595353665416E-01 a        47     0     3     1     7
  4.6501698351517928E-01 a        48     0     3     1     8
 -4.0531510623858395E-02 a        49     0     3     1     9
  1.3181481715891161E-01 a        50     0     3     1    10
  5.4917227659245238E-01 a        51     0     3     1    11
  5.9451846738595326E-01 a        52     0     3     1    12
 -2.7599677457123895E-01 a        53     0     3     1    13
  3.0788850366277432E-01 a        54     0     3     1    14
  2.8576886164398535E-01 a        55     0     3     1    15
  6.1423323950052078E-01 a        56     0     3     1    16
  5.9251487671555925E-01 a        57     0     3     1    17
 -4.6298427213217619E-01 a        58     0     3     1    18
 -5.7592164101666794E-02 a        59     0     3     1    19
  3.9062816782539239E-01 a        60     0     3     1    20
  7.8222213604752666E-01 a        61     0     4     1     1
 -3.3247849451959705E-01 a        62     0     4     1     2
  7.2256162595947901E-02 a        63     0     4     1     3
  7.1039085493312593E-01 a        64     0     4     1     4
  6.9407311111581216E-01 a        65     0     4     1     5
  5.9177185673581401E-01 a        66     0     4     1     6
  4.1450698413216769E-01 a        67     0     4     1     7
 -1.9962497506511440E-01 a        68     0     4     1     8
 -3.8297899139154495E-01 a        69     0     4     1     9
  6.3130605999968459E-01 a        70     0     4     1    10
 -6.0406182104176820E-01 a        71     0     4     1    11
  5.9768968716741688E-01 a        72     0     4     1    12
  4.8560440029932905E-01 a        73     0     4     1    13
 -2.1848954657308012E-01 a        74     0     4     1    14
  4.0801692517961230E-01 a        75     0     4     1    15
 -3.6015194182620724E-01 a        76     0     4     1    16
  3.9750781679263747E-01 a        77     0     4     1    17
 -2.5850806352222988E-01 a        78     0     4     1    18
  5.9274790306638536E-01 a        79     0     4     1    19
  4.4070454622788757E-01 a        80     0     4     1    20
 -1.9238783650317245E-01 a        81     0     5     1     1
  5.6396023797540967E-02 a        82     0     5     1     2
  6.7336670234237783E-02 a        83     0     5     1     3
  4.8236681328216791E-01 a        84     0     5     1     4
 -7.2740148989998843E-01 a        85     0     5     1     5
 -5.2827134754290794E-01 a        86     0     5     1     6
 -4.4775547211638012E-01 a        87     0     5     1     7
  3.1778967920243673E-01 a        88     0     5     1     8
 -6.0465392789662331E-01 a        89     0     5     1     9
  1.6208541419335662E-01 a        90     0     5     1    10
 -1.5107746004869133E-01 a        91     0     5     1    11
  4.2765834747639608E-01 a        92     0     5     1    12
  6.8337069154531993E-01 a        93     0     5     1    13
 -3.9233662989254398E-01 a        94     0     5     1    14
 -9.4267726767261417E-02 a        95     0     5     1    15
  3.7378004449291968E-01 a        96     0     5     1    16
 -7.5416836447599223E-01 a        97     0     5     1    17
  2.0601542210767679E-01 a        98     0     5     1    18
  8.6211162279743486E-02 a        99     0     5     1    19
 -2.0680710515471973E-01 a       100     0     5     1    20
 -3.1053741900668458E-01 a       101     0     6     1     1
 -2.2341949220657237E-01 a       102     0     6     1     2
 -5.7782390244021542E-01 a       103     0     6     1     3
  6.9471151641702700E-01 a       104     0     6     1     4
  6.1627875122158593E-01 a       105     0     6     1     5
 -1.5802583732518571E-01 a       106     0     6     1     6
  3.2118884683073223E-02 a       107     0     6     1     7
 -1.0055401061205999E-01 a       108     0     6     1     8
  2.9515186107322133E-01 a       109     0     6     1     9
 -3.8487176640545906E-01 a       110     0     6     1    10
 -3.2497503073942204E-02 a       111     0     6     1    11
 -5.9875499106401897E-01 a       112     0     6     1    12
 -6.9958049397212418E-01 a       113     0     6     1    13
  5.3097437869731112E-01 a       114     0     6     1    14
 -8.9343519117832781E-01 a       115     0     6     1    15
 -4.0860516725553470E-01 a       116     0     6     1    16
 -7.4297202871109103E-01 a       117     0     6     1    17
  3.1300621322331934E-01 a       118     0     6     1    18
 -3.7460027465771073E-01 a       119     0     6     1    19
 -5.3925813792103683E-01 a       120     0     6     1    20
  6.7777646506592892E-01 a       121     0     7     1     1
  5.7561204512635167E-01 a       122     0     7     1     2
 -2.6098058806967228E-01 a       123     0     7     1     3
 -3.5952203122854853E-01 a       124     0     7     1     4
 -3.1025501095732877E-01 a       125     0     7     1     5
 -5.2169743803025671E-02 a       126     0     7     1     6
  1.0559068983724861E-01 a       127     0     7     1     7
 -5.6744583960677031E-01 a       128     0     7     1     8
 -3.2514375365364434E-01 a       129     0     7     1     9
  4.1890764867375763E-01 a       130     0     7     1    10
 -2.0148898203311183E-01 a       131     0     7     1    11
 -1.3513249998852969E-01 a       132     0     7     1    12
  8.0508301424747564E-01 a       133     0     7     1    13
  7.7433462861823676E-01 a       134     0     7     1    14
  4.1407267047130480E-01 a       135     0     7     1    15
 -6.3498751050240387E-01 a       136     0     7     1    16
  1.0237151054942854E-01 a       137     0     7     1    17
 -1.9373708304811194E-01 a       138     0     7     1    18
  1.3465352391601179E-01 a       139     0     7     1    19
 -3.5854844108078754E-01 a       140     0     7     1    20
 -1.3294097833144927E-01 a       141     0     8     1     1
  4.5143013224785750E-01 a       142     0     8     1     2
 -2.9548285418761344E-01 a       143     0     8     1     3
 -3.8174547945779730E-01 a       144     0     8     1     4
  3.1959091512639537E-02 a       145     0     8     1     5
 -1.8942990186049599E-02 a       146     0     8     1     6
 -2.1398613937778060E-01 a       147     0     8     1     7
 -3.5606704151371515E-01 a       148     0     8     1     8
  3.8867801656106360E-01 a       149     0     8     1     9
  9.2296005855513497E-01 a       150     0     8     1    10
  1.5915656020892557E-01 a       151     0     8     1    11
 -4.4589735209883591E-01 a       152     0     8     1    12
  1.1909318542965698E-01 a       153     0     8     1    13
 -2.0791306186359626E-01 a       154     0     8     1    14
 -3.1172419002341974E-02 a       155     0     8     1    15
 -1.1007771299241480E-01 a       156     0     8     1    16
  4.6970109635657176E-01 a       157     0     8     1    17
  2.0422888729172115E-01 a       158     0     8     1    18
  3.1948199832561058E-01 a       159     0     8     1    19
  5.1008419324683740E-01 a       160     0     8     1    20
  1.9553471142324955E-01 a       161     0     9     1     1
 -4.3576387033690139E-01 a       162     0     9     1     2
 -7.7067175793633522E-02 a       163     0     9     1     3
  4.7172402937569763E-01 a       164     0     9     1     4
 -1.3228006041168927E-01 a       165     0     9     1     5
 -6.6455202775604361E-01 a       166     0     9     1     6
 -1.0009728379411806E-01 a       167     0     9     1     7
 -5.1065449020853648E-01 a       168     0     9     1     8
  1.5570170103530641E-03 a       169     0     9     1     9
 -6.2237411737300796E-01 a       170     0     9     1    10
  7.0276920022930711E-01 a       171     0     9     1    11
  3.5952604168576224E-01 a       172     0     9     1    12
  5.9127171294553149E-01 a       173     0     9     1    13
 -8.7832126344334488E-02 a       174     0     9     1    14
  6.2140026709774265E-01 a       175     0     9     1    15
 -2.7437665124732304E-02 a       176     0     9     1    16
 -2.9836845628414094E-01 a       177     0     9     1    17
 -1.9725715993473520E-02 a       178     0     9     1    18
 -8.2593448017519541E-02 a       179     0     9     1    19
  2.3833371679603230E-01 a       180     0     9     1    20
 -1.5077916611948111E-01 a       181     0    10     1     1
  1.6963159735050923E-01 a       182     0    10     1     2
 -5.4419624528769239E-01 a       183     0    10     1     3
  6.3720630912805420E-01 a       184     0    10     1     4
 -3.8701454373880156E-01 a       185     0    10     1     5
 -8.9953289252735336E-01 a       186     0    10     1     6
  2.3263798995822513E-01 a       187     0    10     1     7
 -1.0109744155136899E+00 a       188     0    10     1     8
  4.7504500497441260E-01 a       189     0    10     1     9
 -2.5346139953257568E-01 a       190     0    10     1    10
  3.6927511089943627E-01 a       191     0    10     1    11
  3.3777049733050279E-01 a       192     0    10     1    12
  2.4658921049409657E-01 a       193     0    10     1    13
 -4.6940327905762302E-01 a       194     0    10     1    14
  8.8513974807145804E-02 a       195     0    10     1    15
 -2.9924798624962334E-01 a       196     0    10     1    16
  3.8106055837627675E-02 a       197     0    10     1    17
  7.5209676002879211E-01 a       198     0    10     1    18
  7.1073283117633557E-01 a       199     0    10     1    19
  3.5505471482240603E-01 a       200     0    10     1    20
  2.0043198325923170E-01 a       201     0    11     1     1
  6.1749283240748432E-01 a       202     0    11     1     2
  6.3655339521132714E-01 a       203     0    11     1     3
  4.8142429467748571E-01 a       204     0    11     1     4
  4.0095838584796978E-01 a       205     0    11     1     5
 -5.2354525108029137E-01 a       206     0    11     1     6
 -8.0749830503525655E-01 a       207     0    11     1     7
 -3.0928633448433086E-02 a       208     0    11     1     8
 -2.5114793331395208E-01 a       209     0    11     1     9
  1.2541939532942961E-01 a       210     0    11     1    10
  7.0642651029863124E-01 a       211     0    11     1    11
  4.8558031857533379E-01 a       212     0    11     1    12
 -2.2050387103939788E-03 a       213     0    11     1    13
 -6.3835433745464198E-01 a       214     0    11     1    14
  6.2626504519257120E-01 a       215     0    11     1    15
  4.2229987488588716E-01 a       216     0    11     1    16
 -4.6327376982369252E-02 a       217     0    11     1    17
 -6.0872786114429278E-01 a       218     0    11     1    18
 -5.9142755378189782E-01 a       219     0    11     1    19
 -7.4381276119947370E-01 a       220     0    11     1    20
 -8.3062801891262250E-01 a       221     0    12     1     1
  1.2619427659567162E-01 a       222     0    12     1     2
 -5.2003000206403283E-01 a       223     0    12     1     3
 -4.1024203223661077E-01 a       224     0    12     1     4
 -3.3945045135138387E-02 a       225     0    12     1     5
  2.3013679336518447E-01 a       226     0    12     1     6
 -5.0894006381460066E-01 a       227     0    12     1     7
 -3.2008727406358961E-01 a       228     0    12     1     8
  4.1149002766146581E-01 a       229     0    12     1     9
 -4.3865911645362526E-01 a       230     0    12     1    10
  5.2843559753902303E-01 a       231     0    12     1    11
  3.5156016009227997E-01 a       232     0    12     1    12
 -5.2633800742690973E-01 a       233     0    12     1    13
  9.0260903564375362E-03 a       234     0    12     1    14
  1.2147769817398864E-01 a       235     0    12     1    15
 -5.7941167895094992E-01 a       236     0    12     1    16
  7.2397761211754275E-01 a       237     0    12     1    17
 -4.8165231610537879E-01 a       238     0    12     1    18
 -3.3513231850234604E-01 a       239     0    12     1    19
 -6.3879566063586546E-01 a       240     0    12     1    20
 -3.9655925229890851E-02 a       241     0    13     1     1
  2.1637300475780114E-01 a       242     0    13     1     2
 -2.6019822947386639E-01 a       243     0    13     1     3
 -1.7961537504180916E-01 a       244     0    13     1     4
 -1.8554565723993027E-02 a       245     0    13     1     5
  2.2701977646534038E-01 a       246     0    13     1     6
 -5.8779011331041275E-01 a       247     0    13     1     7
 -4.3477000814982469E-01 a       248     0    13     1     8
  3.6928135540582702E-01 a       249     0    13     1     9
 -3.2037092416504753E-01 a       250     0    13     1    10
  3.4970882971443490E-01 a       251     0    13     1    11
 -3.2197969777532409E-01 a       252     0    13     1    12
  3.0700912672694342E-01 a       253     0    13     1    13
  5.7399190084688512E-01 a       254     0    13     1    14
 -5.3802884384625616E-01 a       255     0    13     1    15
 -1.5378331484420110E-01 a       256     0    13     1    16
 -1.3563715122831813E-01 a       257     0    13     1    17
  2.6045684380917367E-01 a       258     0    13     1    18
 -3.5259792045281729E-01 a       259     0    13     1    19
 -4.2439550645090413E-01 a       260     0    13     1    20
 -3.8377751211861405E-01 a       261     0    14     1     1
 -6.3093268154806992E-01 a       262     0    14     1     2
  5.2470241854388799E-01 a       263     0    14     1     3
 -5.0447481497176994E-01 a       264     0    14     1     4
 -5.1634733584005532E-01 a       265     0    14     1     5
 -8.0071193438443999E-01 a       266     0    14     1     6
 -5.3443537790694129E-01 a       267     0    14     1     7
 -6.8246964159614454E-01 a       268     0    14     1     8
 -6.9408252660753555E-01 a       269     0    14     1     9
 -2.9200339470605019E-01 a       270     0    14     1    10
 -5.4141317867192473E-01 a       271     0    14     1    11
  1.9230562685397926E-01 a       272     0    14     1    12
 -9.6904497987425148E-02 a       273     0    14     1    13
 -3.9397869066270869E-01 a       274     0    14     1    14
 -1.8595014431035897E-01 a       275     0    14     1    15
 -2.8548827949336930E-01 a       276     0    14     1    16
 -9.0485241875054734E-01 a       277     0    14     1    17
  6.8684410604598300E-01 a       278     0    14     1    18
  2.8401420921557785E-01 a       279     0    14     1    19
 -1.2507831638185349E-01 a       280     0    14     1    20
  9.6195996286275942E-01 b       281     1     1
  1.2957002273643785E+00 b       282     1     2
 -2.8112865116201824E-01 b       283     1     3
  4.1560750578172850E-01 b       284     1     4
 -1.9410458007405865E-01 b       285     1     5
 -1.6239762947153298E+00 b       286     1     6
  6.2290012003630135E-01 b       287     1     7
  1.1055072436565632E+00 b       288     1     8
  6.7011572989669352E-02 b       289     1     9
 -8.3263847895702370E-01 b       290     1    10
 -1.0476099938349588E+00 b       291     1    11
  1.3582324006176523E+00 b       292     1    12
 -7.8042087553621875E-01 b       293     1    13
  1.7506098505135623E+00 b       294     1    14
 -4.0514599425874004E-01 b       295     1    15
  1.3283346475700450E+00 b       296     1    16
 -4.1887184662192559E-02 b       297     1    17
  1.7860571321396776E-01 b       298     1    18
  1.4017717071382070E+00 b       299     1    19
  6.7068156710865823E-01 b       300     1    20
  3.7703419882870670E-01 a       301     1     1     2     1
 -4.4479354688713113E-01 a       302     1     1     2     2
 -5.0390085212254099E-01 a       303     1     1     2     3
 -3.1433422590352166E-02 a       304     1     1     2     4
 -3.1734353212879823E-01 a       305     1     1     2     5
  1.0872087963939396E-01 a       306     1     1     2     6
 -3.0146024956073347E-01 a       307     1     1     2     7
 -5.2274595593240054E-02 a       308     1     1     2     8
 -2.7650038028757945E-01 a       309     1     1     2     9
  4.0973632280343997E-01 a       310     1     1     2    10
 -6.2645096327679339E-01 a       311     1     1     2    11
  6.7991977773455647E-01 a       312     1     1     2    12
  3.6384668523736141E-01 a       313     1     1     2    13
  6.1279359466441641E-01 a       314     1     1     2    14
  9.3303827140214110E-02 a       315     1     1     2    15
  4.3545687402663846E-01 a       316     1     1     2    16
 -1.8359830870667379E-02 a       317     1     1     2    17
 -2.2034506217791749E-01 a       318     1     1     2    18
  1.5932989933234662E-01 a       319     1     1     2    19
  5.5945347411418167E-01 a       320     1     1     2    20
  4.3337157568650764E-01 a       321     1     2     2     1
 -5.8873617710861303E-01 a       322     1     2     2     2
  8.3607077474423683E-02 a       323     1     2     2     3
  3.4829952773148548E-01 a       324     1     2     2     4
  6.9828607008119592E-01 a       325     1     2     2     5
  5.9044367082826155E-01 a       326     1     2     2     6
 -2.7403564354605552E-02 a       327     1     2     2     7
  3.0784790222430147E-01 a       328     1     2     2     8
  1.3337846974008494E-01 a       329     1     2     2     9
  5.3342065490061286E-01 a       330     1     2     2    10
 -3.7154725050808918E-01 a       331     1     2     2    11
  5.9712735521166416E-01 a       332     1     2     2    12
 -9.8504133297726074E-02 a       333     1     2     2    13
 -5.4661110332607543E-01 a       334     1     2     2    14
 -3.7498626477221769E-01 a       335     1     2     2    15
 -7.1524353303910315E-01 a       336     1     2     2    16
  3.2045480278978633E-01 a       337     1     2     2    17
  1.8417067829844910E-01 a       338     1     2     2    18
 -3.7985582426673009E-01 a       339     1     2     2    19
  6.2088284533409401E-02 a       340     1     2     2    20
  3.9165966312345535E-01 a       341     1     3     2     1
  1.1453594028802494E-01 a       342     1     3     2     2
  4.0815920350064377E-01 a       343     1     3     2     3
 -3.0869162207692430E-01 a       344     1     3     2     4
 -1.5543138301740728E-01 a       345     1     3     2     5
  4.1558626608609311E-01 a       346     1     3     2     6
 -7.9215527218633217E-02 a       347     1     3     2     7
 -3.3321951234792535E-01 a       348     1     3     2     8
  1.5981704265860311E-01 a       349     1     3     2     9
  7.0945759869199765E-01 a       350     1     3     2    10
  6.4103105735628718E-02 a       351     1     3     2    11
 -1.9801194022748916E-01 a       352     1     3     2    12
 -3.2170057289478998E-01 a       353     1     3     2    13
  4.0393717030075715E-01 a       354     1     3     2    14
  4.0876982807012928E-02 a       355     1     3     2    15
 -2.3600749234960849E-01 a       356     1     3     2    16
 -5.9627448780402970E-01 a       357     1     3     2    17
  5.9775826883882256E-02 a       358     1     3     2    18
  1.0744404056951695E-01 a       359     1     3     2    19
  1.9615342858818227E-01 a       360     1     3     2    20
 -3.2234084942620617E-01 a       361     1     4     2     1
 -5.4989001662506110E-01 a       362     1     4     2     2
 -6.0000469993434648E-02 a       363     1     4     2     3
 -1.4626200922505297E-01 a       364     1     4     2     4
 -4.5461737369859895E-02 a       365     1     4     2     5
  3.9453643696855301E-01 a       366     1     4     2     6
  6.5266005120167037E-01 a       367     1     4     2     7
 -3.2990147976814876E-01 a       368     1     4     2     8
 -6.5870614418146387E-02 a       369     1     4     2     9
  2.0377235118785372E-01 a       370     1     4     2    10
 -4.0196096271691550E-01 a       371     1     4     2    11
  1.9538149061574853E-01 a       372     1     4     2    12
 -5.2426692370788397E-01 a       373     1     4     2    13
  1.7031459821473768E-01 a       374     1     4     2    14
 -2.9166488365259474E-01 a       375     1     4     2    15
  3.9460081701601407E-01 a       376     1     4     2    16
 -1.9789068531544929E-01 a       377     1     4     2    17
  6.2156247929419184E-01 a       378     1     4     2    18
  7.8690060629911740E-02 a       379     1     4     2    19
  2.3400579113613984E-01 a       380     1     4     2    20
 -5.2162750083060427E-01 a       381     1     5     2     1
 -3.0916237742065728E-01 a       382     1     5     2     2
  3.5460987128867050E-01 a       383     1     5     2     3
  5.7164393737620978E-01 a       384     1     5     2     4
 -1.7113455188309348E-01 a       385     1     5     2     5
 -3.4187148641393289E-01 a       386     1     5     2     6
 -4.7619176824642190E-01 a       387     1     5     2     7
  5.1538767313916400E-01 a       388     1     5     2     8
  3.5541373159701256E-01 a       389     1     5     2     9
 -2.9857848083201199E-01 a       390     1     5     2    10
  4.1340411363799973E-01 a       391     1     5     2    11
 -2.5698928980403407E-01 a       392     1     5     2    12
  3.0874616872803412E-01 a       393     1     5     2    13
 -1.6749540128710014E-01 a       394     1     5     2    14
 -1.8215161375470232E-01 a       395     1     5     2    15
 -4.0421941845226322E-01 a       396     1     5     2    16
  3.2855911620894523E-01 a       397     1     5     2    17
  5.3490435971992567E-01 a       398     1     5     2    18
 -2.7084785069138546E-02 a       399     1     5     2    19
 -3.1842803403460684E-01 a       400     1     5     2    20
 -2.1808941781406607E-01 a       401     1     6     2     1
  2.2591429532796543E-02 a       402     1     6     2     2
 -2.6477015632189094E-01 a       403     1     6     2     3
  4.2423787286247988E-01 a       404     1     6     2     4
 -1.1526371272216858E-01 a       405     1     6     2     5
  2.5902863250455899E-01 a       406     1     6     2     6
  2.8012578769974772E-01 a       407     1     6     2     7
 -2.6399454034668396E-01 a       408     1     6     2     8
  3.8191099350294477E-01 a       409     1     6     2     9
 -2.4093135569132318E-01 a       410     1     6     2    10
  8.6374075844726561E-02 a       411     1     6     2    11
 -5.0055724591924300E-01 a       412     1     6     2    12
  2.0938410632391768E-01 a       413     1     6     2    13
  1.1310437631930328E-01 a       414     1     6     2    14
 -5.4471411885602991E-02 a       415     1     6     2    15
 -4.5983372523607219E-01 a       416     1     6     2    16
 -1.9563601473279882E-01 a       417     1     6     2    17
  3.2401361454610023E-01 a       418     1     6     2    18
 -1.2013558151942388E-01 a       419     1     6     2    19
 -2.8490626836076083E-01 a       420     1     6     2    20
 -4.0211856882674696E-01 a       421     1     7     2     1
 -9.6634686814770387E-02 a       422     1     7     2     2
  5.6825116297140721E-01 a       423     1     7     2     3
 -2.7984122614999535E-01 a       424     1     7     2     4
  5.3976751760636155E-01 a       425     1     7     2     5
 -1.3666870089995603E-01 a       426     1     7     2     6
  5.9067451952250238E-01 a       427     1     7     2     7
  2.1454541710285985E-01 a       428     1     7     2     8
  3.5037276133220135E-01 a       429     1     7     2     9
 -5.5264193340688203E-02 a       430     1     7     2    10
  6.5824027493359683E-01 a       431     1     7     2    11
 -5.6504282990873600E-01 a       432     1     7     2    12
  3.5060971765912391E-01 a       433     1     7     2    13
 -1.4523179495739172E-01 a       434     1     7     2    14
  9.2938841664674587E-02 a       435     1     7     2    15
 -2.0698128462901824E-01 a       436     1     7     2    16
  9.8160265597103294E-02 a       437     1     7     2    17
 -9.5365845074971187E-02 a       438     1     7     2    18
 -3.4812508747720800E-01 a       439     1     7     2    19
 -1.9790378486341270E-01 a       440     1     7     2    20
  2.8683487393758983E-01 a       441     1     8     2     1
  1.4901352507068186E-01 a       442     1     8     2     2
  2.2424507655883212E-02 a       443     1     8     2     3
  3.2701644168969873E-03 a       444     1     8     2     4
 -4.6747464581270959E-01 a       445     1     8     2     5
 -4.8635992500670883E-01 a       446     1     8     2     6
 -1.6207887812559535E-01 a       447     1     8     2     7
  5.5471190707080786E-01 a       448     1     8     2     8
 -1.7615971065038472E-01 a       449     1     8     2     9
  3.1710537662541655E-01 a       450     1     8     2    10
 -9.6452905966820851E-02 a       451     1     8     2    11
  6.5201621549933808E-01 a       452     1     8     2    12
 -7.0301371031599641E-02 a       453     1     8     2    13
  4.4182062155009383E-01 a       454     1     8     2    14
  1.7553937254778276E-01 a       455     1     8     2    15
 -3.8987154605699842E-01 a       456     1     8     2    16
 -4.4972618229592948E-01 a       457     1     8     2    17
 -6.5911590251252761E-01 a       458     1     8     2    18
 -2.4227514346581228E-01 a       459     1     8     2    19
  3.3841969667748761E-01 a       460     1     8     2    20
 -7.4743355506967757E-02 a       461     1     9     2     1
 -3.1398206745968082E-01 a       462     1     9     2     2
 -1.0572752504048201E-01 a       463     1     9     2     3
 -2.5843995380000745E-01 a       464     1     9     2     4
 -1.2400833504558513E-01 a       465     1     9     2     5
 -3.7596978923156910E-01 a       466     1     9     2     6
 -1.9695758599808727E-01 a       467     1     9     2     7
  5.6218206016683736E-01 a       468     1     9     2     8
  1.4021330197047457E-01 a       469     1     9     2     9
 -7.8758199026789835E-02 a       470     1     9     2    10
  8.9706045522456895E-02 a       471     1     9     2    11
  2.9459945411613853E-01 a       472     1     9     2    12
  2.7226022374873360E-01 a       473     1     9     2    13
 -2.5189663554935238E-01 a       474     1     9     2    14
 -2.7909624865654470E-01 a       475     1     9     2    15
  4.9227081140773238E-01 a       476     1     9     2    16
 -1.8273188299210572E-01 a       477     1     9     2    17
 -2.8677461583410463E-01 a       478     1     9     2    18
 -4.0200495745094511E-01 a       479     1     9     2    19
 -3.7389623729477650E-01 a       480     1     9     2    20
  3.8117993587793680E-01 a       481     1    10     2     1
  5.6032605472097685E-01 a       482     1    10     2     2
  2.0706636627580505E-01 a       483     1    10     2     3
  1.3138616105903933E-01 a       484     1    10     2     4
  7.7018842715639149E-02 a       485     1    10     2     5
 -3.8553866492686389E-01 a       486     1    10     2     6
  3.2066921147852767E-01 a       487     1    10     2     7
 -5.6120934616718721E-01 a       488     1    10     2     8
 -3.1843686149542738E-01 a       489     1    10     2     9
  7.4414787235190138E-01 a       490     1    10     2    10
 -7.2984037843453076E-01 a       491     1    10     2    11
  3.3570840845216283E-02 a       492     1    10     2    12
  6.8029209738875301E-02 a       493     1    10     2    13
 -2.1630736225045566E-01 a       494     1    10     2    14
  1.6009760048455207E-01 a       495     1    10     2    15
  1.0648742243185705E-01 a       496     1    10     2    16
  2.8245047288465758E-01 a       497     1    10     2    17
  4.2321183850450073E-01 a       498     1    10     2    18
 -6.5570589619664921E-01 a       499     1    10     2    19
  3.6747258167956198E-01 a       500     1    10     2    20
  4.1022340149990794E-01 a       501     1    11     2     1
 -3.8200705483898034E-01 a       502     1    11     2     2
  4.8550492857997264E-02 a       503     1    11     2     3
  2.6339876011603924E-02 a       504     1    11     2     4
  1.0625681660938964E-01 a       505     1    11     2     5
 -4.9475534991457981E-01 a       506     1    11     2     6
 -3.7280080003284755E-01 a       507     1    11     2     7
 -2.7423791718573309E-01 a       508     1    11     2     8
 -7.7034723941538916E-02 a       509     1    11     2     9
  4.8547790427300025E-01 a       510     1    11     2    10
 -1.1030950818988089E-01 a       511     1    11     2    11
 -4.9046467952186273E-01 a       512     1    11     2    12
 -9.1121446791172303E-03 a       513     1    11     2    13
  1.6552462970501039E-01 a       514     1    11     2    14
 -2.8162261942871863E-01 a       515     1    11     2    15
  1.4554926971466040E-01 a       516     1    11     2    16
 -8.9719393036324452E-02 a       517     1    11     2    17
 -2.2208292699337162E-01 a       518     1    11     2    18
 -2.5053805908692572E-01 a       519     1    11     2    19
  1.3253474941603305E-01 a       520     1    11     2    20
  1.8383481596293255E-01 a       521     1    12     2     1
 -4.0344842340101494E-01 a       522     1    12     2     2
  3.3685423050675412E-01 a       523     1    12     2     3
  2.7473241384474151E-01 a       524     1    12     2     4
 -7.9397759367292764E-02 a       525     1    12     2     5
 -7.7357533455498201E-02 a       526     1    12     2     6
  4.8429563529344105E-01 a       527     1    12     2     7
  2.1642635337013716E-01 a       528     1    12     2     8
  1.0952438714240230E-01 a       529     1    12     2     9
  1.4938348871395793E-01 a       530     1    12     2    10
 -4.5177716954948749E-01 a       531     1    12     2    11
  1.7770814769309995E-01 a       532     1    12     2    12
  2.6829817613392853E-01 a       533     1    12     2    13
 -1.9554550387280992E-02 a       534     1    12     2    14
  1.9786825107870845E-01 a       535     1    12     2    15
 -1.4435464573048662E-01 a       536     1    12     2    16
  4.4310268372400841E-01 a       537     1    12     2    17
  1.9756554974012269E-01 a       538     1    12     2    18
  1.9303094627251655E-01 a       539     1    12     2    19
  2.8596004304322603E-01 a       540     1    12     2    20
  3.1308065822185460E-01 a       541     1    13     2     1
 -5.5453212411992636E-01 a       542     1    13     2     2
  6.5083860945446370E-01 a       543     1    13     2     3
  2.5091103101976209E-01 a       544     1    13     2     4
  3.5556406607424024E-01 a       545     1    13     2     5
  1.1650629838139240E-01 a       546     1    13     2     6
 -3.0327846788477458E-01 a       547     1    13     2     7
  2.9269807436324513E-01 a       548     1    13     2     8
  1.2112941589725160E-01 a       549     1    13     2     9
 -3.6564475926160370E-02 a       550     1    13     2    10
 -4.1335135082455238E-01 a       551     1    13     2    11
  1.4120996637808725E-01 a       552     1    13     2    12
  2.1988711369327982E-01 a       553     1    13     2    13
  3.4830615809783488E-01 a       554     1    13     2    14
  6.7456182079167060E-01 a       555     1    13     2    15
 -5.8316479617298789E-01 a       556     1    13     2    16
  1.8492122687761739E-01 a       557     1    13     2    17
  7.6271290500328943E-03 a       558     1    13     2    18
 -4.0309231866198214E-01 a       559     1    13     2    19
  4.8216920774232297E-01 a       560     1    13     2    20
 -1.6004426777891381E-01 a       561     1    14     2     1
 -4.0435414621014049E-01 a       562     1    14     2     2
  7.6038134259927281E-02 a       563     1    14     2     3
  2.8051093048209297E-01 a       564     1    14     2     4
  2.7924702067130286E-01 a       565     1    14     2     5
  4.0849087149909098E-02 a       566     1    14     2     6
  3.3530515169661740E-01 a       567     1    14     2     7
 -2.4642345285302295E-01 a       568     1    14     2     8
  4.0316749109403721E-01 a       569     1    14     2     9
 -7.4430326712999317E-01 a       570     1    14     2    10
  2.2508755762905061E-01 a       571     1    14     2    11
 -2.9381012198772544E-01 a       572     1    14     2    12
  2.4843298266192587E-01 a       573     1    14     2    13
 -5.2048075126710380E-01 a       574     1    14     2    14
 -2.6491383114961453E-01 a       575     1    14     2    15
 -6.0624293676919372E-01 a       576     1    14     2    16
  3.1492588402297905E-01 a       577     1    14     2    17
  1.0630178024001939E-01 a       578     1    14     2    18
 -6.3776051452659410E-01 a       579     1    14     2    19
 -4.0388039733546061E-01 a       580     1    14     2    20
 -4.3830532644522241E-01 a       581     1    15     2     1
  5.0803018819882739E-01 a       582     1    15     2     2
  4.6439660915971132E-01 a       583     1    15     2     3
 -2.6364877777490686E-01 a       584     1    15     2     4
 -3.0040606886719867E-01 a       585     1    15     2     5
 -3.7739889701393713E-02 a       586     1    15     2     6
  5.8632435497721969E-01 a       587     1    15     2     7
 -4.0872937748454491E-01 a       588     1    15     2     8
  3.1661524634151195E-01 a       589     1    15     2     9
  1.9329194651252521E-01 a       590     1    15     2    10
  1.7021064751254625E-01 a       591     1    15     2    11
  2.7479514563484408E-01 a       592     1    15     2    12
  7.2178526930955800E-01 a       593     1    15     2    13
  2.8125545228174431E-01 a       594     1    15     2    14
  3.0685687509959902E-01 a       595     1    15     2    15
 -4.9186797433499624E-01 a       596     1    15     2    16
  1.7852285892000986E-02 a       597     1    15     2    17
  5.3945121371247629E-01 a       598     1    15     2    18
  5.1481110901894489E-01 a       599     1    15     2    19
 -6.6895004741478609E-02 a       600     1    15     2    20
  3.0223760322176729E-01 a       601     1    16     2     1
  4.2108596407587967E-01 a       602     1    16     2     2
 -4.7926120605959660E-01 a       603     1    16     2     3
 -6.5534470008018519E-01 a       604     1    16     2     4
  5.4091040878516039E-01 a       605     1    16     2     5
  5.2461478668982549E-02 a       606     1    16     2     6
 -1.4153281008064747E-01 a       607     1    16     2     7
  2.0845653843980569E-01 a       608     1    16     2     8
 -3.3312483625813294E-01 a       609     1    16     2     9
  3.1270431398763077E-01 a       610     1    16     2    10
  2.3658396718362321E-01 a       611     1    16     2    11
  5.1915694281403491E-01 a       612     1    16     2    12
 -4.3756055056665383E-01 a       613     1    16     2    13
  4.6192853315642091E-01 a       614     1    16     2    14
 -4.7874332927716277E-02 a       615     1    16     2    15
  1.4086419757523277E-01 a       616     1    16     2    16
 -4.8948093458010727E-01 a       617     1    16     2    17
 -4.8440553807105757E-01 a       618     1    16     2    18
  6.3529667892869723E-01 a       619     1    16     2    19
  3.0274846991733806E-01 a       620     1    16     2    20
 -4.8595866353227940E-01 a       621     1    17     2     1
  4.3065896623537403E-01 a       622     1    17     2     2
  6.3603986741126842E-02 a       623     1    17     2     3
 -5.0991794757508602E-01 a       624     1    17     2     4
 -3.8491497057808016E-01 a       625     1    17     2     5
  5.0944992663094457E-01 a       626     1    17     2     6
 -1.3724409058310538E-01 a       627     1    17     2     7
 -1.6589027760912542E-01 a       628     1    17     2     8
 -3.1498011551785654E-01 a       629     1    17     2     9
  3.7628607210739701E-01 a       630     1    17     2    10
 -5.1596222058193597E-01 a       631     1    17     2    11
  1.0605455013054317E-01 a       632     1    17     2    12
  1.0937009349212490E-01 a       633     1    17     2    13
 -1.5244090621801588E-02 a       634     1    17     2    14
  1.2940728591490516E-01 a       635     1    17     2    15
 -7.7007335909809321E-02 a       636     1    17     2    16
  3.6443019993544995E-01 a       637     1    17     2    17
 -8.2698298568197451E-02 a       638     1    17     2    18
  6.3635070433081509E-01 a       639     1    17     2    19
  2.1964870364711220E-01 a       640     1    17     2    20
 -4.4064734332212679E-01 a       641     1    18     2     1
  3.7494863976591880E-01 a       642     1    18     2     2
  2.0750455148305227E-01 a       643     1    18     2     3
 -1.2438342677713185E-01 a       644     1    18     2     4
  7.1824019194540556E-01 a       645     1    18     2     5
 -5.4089867038576578E-01 a       646     1    18     2     6
 -5.3375037396478375E-01 a       647     1    18     2     7
  5.7407688969547144E-01 a       648     1    18     2     8
  7.0533340487716339E-02 a       649     1    18     2     9
 -1.6586267288016163E-01 a       650     1    18     2    10
  2.9457200047503168E-01 a       651     1    18     2    11
  2.8133051447655161E-01 a       652     1    18     2    12
 -2.2153976623743737E-01 a       653     1    18     2    13
 -3.3483901672481120E-01 a       654     1    18     2    14
 -2.3935340257135659E-01 a       655     1    18     2    15
 -9.2573289456159127E-02 a       656     1    18     2    16
 -1.3963253606892218E-01 a       657     1    18     2    17
  1.3111641554000698E-02 a       658     1    18     2    18
  3.4369817655789489E-02 a       659     1    18     2    19
 -4.1910763827050229E-01 a       660     1    18     2    20
  4.7999213063021645E-01 a       661     1    19     2     1
  1.4490206278939038E-01 a       662     1    19     2     2
 -5.0331779167917778E-01 a       663     1    19     2     3
 -9.8705474155085099E-02 a       664     1    19     2     4
 -3.4322933224843799E-01 a       665     1    19     2     5
  4.1690308296803824E-01 a       666     1    19     2     6
 -3.7974561642508692E-01 a       667     1    19     2     7
 -2.2213642884408125E-01 a       668     1    19     2     8
  4.7315270604271244E-02 a       669     1    19     2     9
 -2.9776754714034775E-01 a       670     1    19     2    10
 -6.4498886140100664E-01 a       671     1    19     2    11
 -3.6977747125748334E-01 a       672     1    19     2    12
  4.8829189894218383E-01 a       673     1    19     2    13
  3.4077750772760040E-01 a       674     1    19     2    14
 -5.4467470448430833E-01 a       675     1    19     2    15
  7.3212202041543728E-01 a       676     1    19     2    16
 -1.7367956462412701E-01 a       677     1    19     2    17
 -6.9226329336561265E-01 a       678     1    19     2    18
  2.2605874054220509E-01 a       679     1    19     2    19
 -3.0478998304260951E-01 a       680     1    19     2    20
 -4.1950407357852343E-01 a       681     1    20     2     1
  5.2183334249300273E-01 a       682     1    20     2     2
 -3.4773994116840456E-01 a       683     1    20     2     3
 -1.1991980326900224E-01 a       684     1    20     2     4
  3.1802490316398219E-01 a       685     1    20     2     5
  4.5190504981128587E-01 a       686     1    20     2     6
  6.1841063187346246E-01 a       687     1    20     2     7
  5.0378154612429193E-01 a       688     1    20     2     8
 -8.0022086472472075E-03 a       689     1    20     2     9
 -2.8486791379647353E-01 a       690     1    20     2    10
 -9.4298480177899463E-02 a       691     1    20     2    11
 -1.8364102077959168E-01 a       692     1    20     2    12
  2.7860556189704172E-01 a       693     1    20     2    13
  1.7402917730299386E-01 a       694     1    20     2    14
 -3.3580189056667570E-01 a       695     1    20     2    15
  5.1319846974872851E-02 a       696     1    20     2    16
  4.6725438061867919E-01 a       697     1    20     2    17
 -5.0948930289812577E-01 a       698     1    20     2    18
 -2.1130152607789274E-01 a       699     1    20     2    19
  2.7565712505752582E-01 a       700     1    20     2    20
  1.4933771356932701E+00 b       701     2     1
 -3.1757864761475119E-01 b       702     2     2
  5.7033967036707356E-01 b       703     2     3
 -1.3047029440927387E+00 b       704     2     4
  8.5197251051805578E-01 b       705     2     5
 -6.7984979504608678E-01 b       706     2     6
  1.5350078166881040E+00 b       707     2     7
  6.2472786648897782E-01 b       708     2     8
  1.5800975630989622E+00 b       709     2     9
 -6.1012655058622656E-01 b       710     2    10
 -1.0376991551520092E+00 b       711     2    11
  4.6733247084194435E-01 b       712     2    12
  1.2833145645962971E+00 b       713     2    13
  1.1212947912963820E+00 b       714     2    14
 -2.9520684277563269E-01 b       715     2    15
  1.0529062315057740E+00 b       716     2    16
  1.5941341520903733E+00 b       717     2    17
 -1.3515327003801199E+00 b       718     2    18
  1.4694887333899576E+00 b       719     2    19
  5.2788777334830883E-01 b       720     2    20
  8.0965109472962926E-02 a       721     2     1     3     1
  1.2261965942517690E-03 a       722     2     2     3     1
  3.2661091467182346E-01 a       723     2     3     3     1
  5.2011256763640423E-01 a       724     2     4     3     1
 -8.7058536030348910E-02 a       725     2     5     3     1
  6.6368146021594771E-02 a       726     2     6     3     1
  2.2483093878019157E-02 a       727     2     7     3     1
 -1.8598409146395475E-01 a       728     2     8     3     1
 -1.1812539388113774E+00 a       729     2     9     3     1
 -1.1702023119716581E-01 a       730     2    10     3     1
 -2.3519041867289670E-01 a       731     2    11     3     1
 -5.3970482375665285E-01 a       732     2    12     3     1
  1.4869489221353885E-01 a       733     2    13     3     1
  2.2948575658952208E-01 a       734     2    14     3     1
 -1.1491946656964476E+00 a       735     2    15     3     1
 -2.8519716018979657E-01 a       736     2    16     3     1
 -4.4315269448123584E-01 a       737     2    17     3     1
 -2.6947465961310918E-01 a       738     2    18     3     1
 -3.8246768596454550E-01 a       739     2    19     3     1
 -2.4441021862827966E-01 a       740     2    20     3     1
  7.8722931645114747E-01 b       741     3     1
