################################################################################
# Learning curves for energies and forces.
################################################################################
# Col  Name             Description
################################################################################
# 1    epoch            Current epoch.
# 2    RMSEpa_Etrain_pu RMSE of training energies per atom (physical units)
# 3    RMSEpa_Etest_pu  RMSE of test energies per atom (physical units)
# 4    RMSE_Etrain_pu   RMSE of training energies (physical units)
# 5    RMSE_Etest_pu    RMSE of test energies (physical units)
# 6    MAEpa_Etrain_pu  MAE of training energies per atom (physical units)
# 7    MAEpa_Etest_pu   MAE of test energies per atom (physical units)
# 8    MAE_Etrain_pu    MAE of training energies (physical units)
# 9    MAE_Etest_pu     MAE of test energies (physical units)
# 10   RMSE_Ftrain_pu   RMSE of training forces (physical units)
# 11   RMSE_Ftest_pu    RMSE of test forces (physical units)
# 12   MAE_Ftrain_pu    MAE of training forces (physical units)
# 13   MAE_Ftest_pu     MAE of test forces (physical units)
######################################################################################################################################################################################################################
#        1                2                3                4                5                6                7                8                9               10               11               12               13
#    epoch RMSEpa_Etrain_pu  RMSEpa_Etest_pu   RMSE_Etrain_pu    RMSE_Etest_pu  MAEpa_Etrain_pu   MAEpa_Etest_pu    MAE_Etrain_pu     MAE_Etest_pu   RMSE_Ftrain_pu    RMSE_Ftest_pu    MAE_Ftrain_pu     MAE_Ftest_pu
######################################################################################################################################################################################################################
         0   3.17239229E+00   3.20907722E+00   2.03033107E+02   2.05380942E+02   3.16006995E+00   3.19537729E+00   2.02244477E+02   2.04504146E+02   8.06974999E-01   6.83346396E-01   5.63792085E-01   4.82380082E-01
         1   7.21439140E-04   8.58487714E-04   4.61721050E-02   5.49432137E-02   5.09798686E-04   7.58885117E-04   3.26271159E-02   4.85686475E-02   1.13408644E-02   1.13866390E-02   8.48942381E-03   8.74445271E-03
         2   5.11117817E-04   5.95695239E-04   3.27115403E-02   3.81244953E-02   3.50854165E-04   4.54180254E-04   2.24546666E-02   2.90675362E-02   7.27691355E-03   7.83055717E-03   5.45980990E-03   5.88608945E-03
         3   5.11838846E-04   6.02698835E-04   3.27576861E-02   3.85727254E-02   3.59054590E-04   4.51045344E-04   2.29794938E-02   2.88669020E-02   6.75845746E-03   7.35730282E-03   5.04043471E-03   5.43045420E-03
         4   5.00353473E-04   5.23707510E-04   3.20226223E-02   3.35172806E-02   3.92242023E-04   4.53592026E-04   2.51034895E-02   2.90298896E-02   6.78977702E-03   7.36607904E-03   5.08153257E-03   5.46607121E-03
         5   4.15250211E-04   3.51637113E-04   2.65760135E-02   2.25047752E-02   3.26475763E-04   2.76443825E-04   2.08944488E-02   1.76924048E-02   6.76940905E-03   7.38496975E-03   5.08011762E-03   5.45482291E-03
         6   3.75373403E-04   3.84760060E-04   2.40238978E-02   2.46246438E-02   2.81791525E-04   2.63178779E-04   1.80346576E-02   1.68434419E-02   6.80347139E-03   7.38933779E-03   5.15408230E-03   5.51310132E-03
         7   3.29896200E-04   2.47982664E-04   2.11133568E-02   1.58708905E-02   2.49632181E-04   1.88831499E-04   1.59764596E-02   1.20852159E-02   6.74584321E-03   7.37520651E-03   5.06311104E-03   5.43961707E-03
         8   3.23275015E-04   2.87971690E-04   2.06896010E-02   1.84301882E-02   2.46683272E-04   1.96149516E-04   1.57877294E-02   1.25535690E-02   6.76023936E-03   7.38373878E-03   5.07691955E-03   5.45144222E-03
         9   3.29788133E-04   3.03456549E-04   2.11064405E-02   1.94212191E-02   2.41954496E-04   2.17475142E-04   1.54850877E-02   1.39184091E-02   6.77153885E-03   7.39279876E-03   5.09127165E-03   5.46597380E-03
        10   3.25241308E-04   2.00973693E-04   2.08154437E-02   1.28623164E-02   2.38620201E-04   1.78810934E-04   1.52716929E-02   1.14438998E-02   6.75414243E-03   7.37535450E-03   5.06046372E-03   5.43365433E-03
        11   2.98974301E-04   2.12946631E-04   1.91343553E-02   1.36285844E-02   2.18172549E-04   1.51694060E-04   1.39630431E-02   9.70841985E-03   6.73990290E-03   7.35959318E-03   5.05321997E-03   5.42537173E-03
        12   2.98257317E-04   2.11905452E-04   1.90884683E-02   1.35619489E-02   2.23748555E-04   1.48030965E-04   1.43199075E-02   9.47398174E-03   6.73043413E-03   7.34763428E-03   5.04396428E-03   5.41695735E-03
        13   2.97996044E-04   2.54374068E-04   1.90717468E-02   1.62799403E-02   2.22696959E-04   1.97593966E-04   1.42526053E-02   1.26460138E-02   6.72383226E-03   7.32608704E-03   5.04197704E-03   5.40845172E-03
        14   2.87688959E-04   2.08857472E-04   1.84120934E-02   1.33668782E-02   2.09687466E-04   1.60367365E-04   1.34199978E-02   1.02635114E-02   6.73074351E-03   7.33613499E-03   5.04856539E-03   5.41540030E-03
        15   2.84195638E-04   2.07598261E-04   1.81885208E-02   1.32862887E-02   2.09037678E-04   1.64606182E-04   1.33784114E-02   1.05347956E-02   6.73718001E-03   7.34395308E-03   5.05788970E-03   5.43126252E-03
