################################################################################
# Neural network connection values (weights and biases).
################################################################################
# Col  Name       Description
################################################################################
# 1    connection Neural network connection value.
# 2    t          Connection type (a = weight, b = bias).
# 3    index      Index enumerating weights.
# 4    l_s        Starting point layer (end point layer for biases).
# 5    n_s        Starting point neuron in starting layer (end point neuron for biases).
# 6    l_e        End point layer.
# 7    n_e        End point neuron in end layer.
################################################################################
#                      1 2         3     4     5     6     7
#             connection t     index   l_s   n_s   l_e   n_e
############################################################
 -1.1962904667448319E-01 a         1     0     1     1     1
 -2.6126927280586926E-01 a         2     0     1     1     2
  3.1513553444328629E-01 a         3     0     1     1     3
 -4.3470055138081320E-01 a         4     0     1     1     4
  4.4882585859636864E-01 a         5     0     1     1     5
  5.8915597500696026E-01 a         6     0     1     1     6
 -4.1385254677531802E-01 a         7     0     1     1     7
 -6.2104907072814991E-02 a         8     0     1     1     8
  4.8113443678598405E-02 a         9     0     1     1     9
  2.7731757577073235E-01 a        10     0     1     1    10
  5.6312593457970350E-01 a        11     0     1     1    11
 -5.8572464887426934E-01 a        12     0     1     1    12
 -8.0389574294183330E-01 a        13     0     1     1    13
  3.9144960321599814E-01 a        14     0     1     1    14
 -5.1978426791299707E-02 a        15     0     1     1    15
  4.9059467205035051E-01 a        16     0     1     1    16
 -3.3241972636791772E-01 a        17     0     1     1    17
  1.7155053052153671E-01 a        18     0     1     1    18
  6.7998588872144283E-01 a        19     0     1     1    19
  9.4817194256149359E-02 a        20     0     1     1    20
  1.8292474898870517E-01 a        21     0     2     1     1
  5.4683691673731027E-01 a        22     0     2     1     2
  8.3597075996657344E-01 a        23     0     2     1     3
  7.7006480010915157E-01 a        24     0     2     1     4
 -5.2146418787029425E-01 a        25     0     2     1     5
  9.3107902703077325E-02 a        26     0     2     1     6
  4.9850350442356625E-02 a        27     0     2     1     7
 -6.3202800163026140E-01 a        28     0     2     1     8
  6.7092920279031343E-01 a        29     0     2     1     9
  5.0289939070745726E-01 a        30     0     2     1    10
  6.4699033903675318E-01 a        31     0     2     1    11
  7.4839649498284222E-01 a        32     0     2     1    12
 -3.0970362423928144E-01 a        33     0     2     1    13
 -5.3815581751231767E-01 a        34     0     2     1    14
  6.3240939583794523E-02 a        35     0     2     1    15
 -2.2918597632963150E-01 a        36     0     2     1    16
  3.4844089650992233E-01 a        37     0     2     1    17
  4.1177734042668918E-01 a        38     0     2     1    18
  2.2421716925570961E-02 a        39     0     2     1    19
  2.0859151779469776E-01 a        40     0     2     1    20
  2.9675573315485015E-01 a        41     0     3     1     1
  2.9561828210005076E-01 a        42     0     3     1     2
 -2.8725805695036183E-01 a        43     0     3     1     3
 -3.1596504905658829E-01 a        44     0     3     1     4
 -2.6552522964020042E-01 a        45     0     3     1     5
  2.9492685589532647E-01 a        46     0     3     1     6
 -5.9094553530751670E-01 a        47     0     3     1     7
 -4.2242523732152634E-02 a        48     0     3     1     8
 -7.3356611021126811E-02 a        49     0     3     1     9
  6.5493944773515578E-01 a        50     0     3     1    10
 -3.6613125079534103E-01 a        51     0     3     1    11
 -5.2427572132452360E-01 a        52     0     3     1    12
 -2.0054956840151092E-01 a        53     0     3     1    13
 -2.2313344758356127E-01 a        54     0     3     1    14
  5.5971634313698136E-02 a        55     0     3     1    15
  1.4253844304678415E-01 a        56     0     3     1    16
  4.4753436905693783E-01 a        57     0     3     1    17
  3.6954901201850682E-01 a        58     0     3     1    18
  5.1548271918148658E-01 a        59     0     3     1    19
  7.3152268294059763E-01 a        60     0     3     1    20
  6.3248822466379487E-02 a        61     0     4     1     1
  4.1033710583294780E-01 a        62     0     4     1     2
 -3.6800665410385625E-01 a        63     0     4     1     3
  4.6264734330514101E-01 a        64     0     4     1     4
  5.1631894856653905E-02 a        65     0     4     1     5
 -1.2207113240993379E-01 a        66     0     4     1     6
 -2.2275469567646694E-01 a        67     0     4     1     7
 -2.3874749451512267E-01 a        68     0     4     1     8
 -5.9400738570841077E-02 a        69     0     4     1     9
 -6.2972054495391694E-01 a        70     0     4     1    10
  4.7221979963999505E-01 a        71     0     4     1    11
  3.1975652106881275E-01 a        72     0     4     1    12
 -3.2999881380360119E-01 a        73     0     4     1    13
  1.4132030853310580E-02 a        74     0     4     1    14
  7.1014317073358668E-01 a        75     0     4     1    15
  6.5590996942855773E-01 a        76     0     4     1    16
  5.9900039624469525E-01 a        77     0     4     1    17
 -1.6860959839038248E-01 a        78     0     4     1    18
  4.3190648431375500E-01 a        79     0     4     1    19
 -8.0299926016284795E-01 a        80     0     4     1    20
  3.5647847451589770E-01 a        81     0     5     1     1
 -7.5506051766383264E-01 a        82     0     5     1     2
 -6.4499617458529279E-01 a        83     0     5     1     3
  3.9830348117570086E-01 a        84     0     5     1     4
 -5.6887479563305676E-01 a        85     0     5     1     5
  8.2960398145202863E-01 a        86     0     5     1     6
  4.0237040733282253E-01 a        87     0     5     1     7
 -2.0826925671789401E-01 a        88     0     5     1     8
  7.9865697065970107E-03 a        89     0     5     1     9
  3.6945551340148414E-01 a        90     0     5     1    10
  4.6437658873511839E-01 a        91     0     5     1    11
 -4.5558999526151100E-01 a        92     0     5     1    12
  6.8485795847751518E-01 a        93     0     5     1    13
  2.0171523274514133E-01 a        94     0     5     1    14
 -2.6923257823923996E-01 a        95     0     5     1    15
  3.0858147601562363E-01 a        96     0     5     1    16
  3.7491883433915896E-01 a        97     0     5     1    17
 -6.4876088020902867E-01 a        98     0     5     1    18
 -4.3424391863590306E-01 a        99     0     5     1    19
 -1.0725583346065284E-01 a       100     0     5     1    20
 -5.1041244446654803E-02 a       101     0     6     1     1
 -2.4098447740195278E-01 a       102     0     6     1     2
  7.2301127994229597E-01 a       103     0     6     1     3
 -1.4127543123608024E-02 a       104     0     6     1     4
  4.6910298295486630E-01 a       105     0     6     1     5
  6.1669693858035035E-01 a       106     0     6     1     6
  5.7806668435294151E-01 a       107     0     6     1     7
  1.9400776533658640E-01 a       108     0     6     1     8
  5.4659186924030745E-01 a       109     0     6     1     9
 -6.6371954002676509E-02 a       110     0     6     1    10
  7.3720858765811170E-01 a       111     0     6     1    11
 -5.0756216536930160E-02 a       112     0     6     1    12
 -2.9133756466443184E-01 a       113     0     6     1    13
 -3.5780361457938692E-01 a       114     0     6     1    14
 -3.3763776089269898E-03 a       115     0     6     1    15
 -3.1125674701754852E-01 a       116     0     6     1    16
 -4.2899659241026694E-01 a       117     0     6     1    17
  6.1000199371168728E-01 a       118     0     6     1    18
 -4.5123653905465833E-01 a       119     0     6     1    19
  1.5874217476644159E-01 a       120     0     6     1    20
 -1.0436494938425596E+00 a       121     0     7     1     1
  1.0782321557787788E-01 a       122     0     7     1     2
 -4.1691974622148970E-01 a       123     0     7     1     3
 -5.2620868109443941E-02 a       124     0     7     1     4
  7.5118428856378860E-01 a       125     0     7     1     5
 -3.9538110424019685E-01 a       126     0     7     1     6
  5.8059315511032594E-01 a       127     0     7     1     7
  3.5102347034832382E-01 a       128     0     7     1     8
 -4.1725527943311952E-01 a       129     0     7     1     9
 -4.2553356317887661E-02 a       130     0     7     1    10
  2.6816875010776876E-02 a       131     0     7     1    11
 -9.8768791180869425E-02 a       132     0     7     1    12
  6.4659081306464572E-01 a       133     0     7     1    13
  3.9584951749979858E-01 a       134     0     7     1    14
  5.8304505793275185E-01 a       135     0     7     1    15
  6.1469021396743140E-01 a       136     0     7     1    16
 -1.0541630192035298E-01 a       137     0     7     1    17
  4.4832400869017186E-01 a       138     0     7     1    18
 -3.0793995655149009E-01 a       139     0     7     1    19
 -6.5844982499447824E-01 a       140     0     7     1    20
  1.1112092776313988E-01 a       141     0     8     1     1
 -9.2420951042396227E-02 a       142     0     8     1     2
 -3.2784922462712773E-01 a       143     0     8     1     3
  1.5951837476086150E-01 a       144     0     8     1     4
  4.0137820433399674E-01 a       145     0     8     1     5
  1.0633947477369050E-01 a       146     0     8     1     6
  2.5552669925838423E-01 a       147     0     8     1     7
  5.2763076086188476E-01 a       148     0     8     1     8
  7.4389959791888216E-01 a       149     0     8     1     9
 -4.8117578682922230E-01 a       150     0     8     1    10
  5.5139908628599197E-03 a       151     0     8     1    11
 -7.4043837310634042E-01 a       152     0     8     1    12
  2.2495592536525263E-02 a       153     0     8     1    13
  8.5355596028004677E-01 a       154     0     8     1    14
  2.9472563381778527E-01 a       155     0     8     1    15
 -1.1778076998006720E-01 a       156     0     8     1    16
 -3.6018561664744075E-01 a       157     0     8     1    17
 -1.6598200265133187E-01 a       158     0     8     1    18
 -3.1035372868204147E-01 a       159     0     8     1    19
 -5.7882632845489812E-01 a       160     0     8     1    20
 -2.4720291783497597E-01 a       161     0     9     1     1
 -1.6743816412837334E-01 a       162     0     9     1     2
 -4.1654935444884117E-01 a       163     0     9     1     3
 -1.9702582865655216E-01 a       164     0     9     1     4
 -4.5137092350817087E-01 a       165     0     9     1     5
 -5.8487008779386285E-01 a       166     0     9     1     6
  5.0175487860506707E-01 a       167     0     9     1     7
 -8.8896230616317878E-02 a       168     0     9     1     8
 -2.9553130444101777E-01 a       169     0     9     1     9
  7.8663088621427735E-01 a       170     0     9     1    10
 -7.1029239576125124E-03 a       171     0     9     1    11
 -1.2062921576070409E-01 a       172     0     9     1    12
  2.0379560254492243E-01 a       173     0     9     1    13
 -7.1240534206563522E-01 a       174     0     9     1    14
  3.6184394778198320E-01 a       175     0     9     1    15
 -1.4413970043759627E-01 a       176     0     9     1    16
 -2.5481676493858607E-01 a       177     0     9     1    17
 -3.8630584179267008E-01 a       178     0     9     1    18
 -5.5966251462816163E-01 a       179     0     9     1    19
  3.7024925510960388E-01 a       180     0     9     1    20
  6.0030951461169346E-01 a       181     0    10     1     1
  1.4235770092310737E-01 a       182     0    10     1     2
 -2.8101773794796220E-01 a       183     0    10     1     3
  6.6211696234896456E-01 a       184     0    10     1     4
 -2.8848944845247904E-01 a       185     0    10     1     5
  4.9739403792479303E-01 a       186     0    10     1     6
  1.7666347914673800E-01 a       187     0    10     1     7
 -2.3868733690024607E-01 a       188     0    10     1     8
 -7.7428334894585393E-01 a       189     0    10     1     9
 -4.5272645567700748E-01 a       190     0    10     1    10
  6.3051243374457955E-01 a       191     0    10     1    11
  3.3490469412588660E-02 a       192     0    10     1    12
  3.4898004506544922E-01 a       193     0    10     1    13
 -3.9626270098634692E-01 a       194     0    10     1    14
  5.3492835853473752E-01 a       195     0    10     1    15
 -5.3261469779206309E-02 a       196     0    10     1    16
  2.7885719653021640E-01 a       197     0    10     1    17
 -4.4498854057501661E-02 a       198     0    10     1    18
 -3.6479674377622218E-01 a       199     0    10     1    19
  5.8038202466865341E-01 a       200     0    10     1    20
 -4.3128940800110038E-01 a       201     0    11     1     1
 -2.9894065935049846E-01 a       202     0    11     1     2
 -3.8976950582026992E-02 a       203     0    11     1     3
  6.1045783793665942E-01 a       204     0    11     1     4
 -4.9449042276673433E-01 a       205     0    11     1     5
 -1.9689227452194428E-02 a       206     0    11     1     6
  2.4155529675028875E-01 a       207     0    11     1     7
 -5.8081086135602455E-01 a       208     0    11     1     8
  2.2429234011167279E-01 a       209     0    11     1     9
 -4.5785204473688840E-01 a       210     0    11     1    10
 -3.6455845378843843E-01 a       211     0    11     1    11
  1.8531860797995978E-01 a       212     0    11     1    12
  3.7843976941616342E-01 a       213     0    11     1    13
  1.2707966941016927E-01 a       214     0    11     1    14
 -3.8550447879400279E-01 a       215     0    11     1    15
 -3.2869256287976534E-01 a       216     0    11     1    16
 -3.1026419336506211E-01 a       217     0    11     1    17
  3.0756204126289000E-01 a       218     0    11     1    18
  4.4977878636258983E-01 a       219     0    11     1    19
  7.1065316137300535E-02 a       220     0    11     1    20
  8.5024314219642749E-01 a       221     0    12     1     1
 -6.5630642898772595E-01 a       222     0    12     1     2
 -8.3866145179625120E-03 a       223     0    12     1     3
 -6.8799232325050141E-01 a       224     0    12     1     4
 -4.7688429508352115E-01 a       225     0    12     1     5
  1.6608924118677321E-01 a       226     0    12     1     6
  4.3097280710182234E-01 a       227     0    12     1     7
  3.7148464366093475E-01 a       228     0    12     1     8
 -1.3695407667234388E-01 a       229     0    12     1     9
 -6.4574498282763848E-01 a       230     0    12     1    10
 -5.5542807617089307E-01 a       231     0    12     1    11
 -7.0690001856214868E-01 a       232     0    12     1    12
  6.7914106712401845E-01 a       233     0    12     1    13
 -4.2116081111970682E-02 a       234     0    12     1    14
  6.8818086303166681E-01 a       235     0    12     1    15
  6.5548973752216044E-01 a       236     0    12     1    16
 -4.3279300856524638E-01 a       237     0    12     1    17
 -5.3956789979499753E-01 a       238     0    12     1    18
  7.1633929024632070E-01 a       239     0    12     1    19
  6.4854457379729957E-01 a       240     0    12     1    20
  3.9314950653334158E-01 a       241     0    13     1     1
 -1.9444233851557971E-01 a       242     0    13     1     2
  4.7383965079371959E-01 a       243     0    13     1     3
  4.5480492585655052E-01 a       244     0    13     1     4
  3.7058634306027877E-01 a       245     0    13     1     5
 -1.4407533048583521E-01 a       246     0    13     1     6
  6.2676648290281312E-01 a       247     0    13     1     7
  3.1233138137883731E-01 a       248     0    13     1     8
  4.0409992643179604E-01 a       249     0    13     1     9
  5.9492154189593449E-01 a       250     0    13     1    10
  5.4244651809771671E-01 a       251     0    13     1    11
  3.7842198612523631E-01 a       252     0    13     1    12
 -1.8377186056609227E-01 a       253     0    13     1    13
 -6.9732354677976049E-01 a       254     0    13     1    14
  9.3447669062781369E-01 a       255     0    13     1    15
  1.8749206047295086E-01 a       256     0    13     1    16
 -3.8221506656585841E-01 a       257     0    13     1    17
 -2.7366926603960512E-01 a       258     0    13     1    18
 -6.4835025066146823E-01 a       259     0    13     1    19
  6.0740968527173755E-01 a       260     0    13     1    20
 -2.5179838344981392E-01 a       261     0    14     1     1
  6.4026000423739682E-01 a       262     0    14     1     2
  6.0863551585643183E-01 a       263     0    14     1     3
  9.3371042707128069E-03 a       264     0    14     1     4
  3.8320116165187468E-03 a       265     0    14     1     5
 -4.2073968521626848E-01 a       266     0    14     1     6
 -5.3058896957013713E-01 a       267     0    14     1     7
  2.4724988784601348E-01 a       268     0    14     1     8
 -4.3928329981879466E-01 a       269     0    14     1     9
 -1.7888129263803856E-01 a       270     0    14     1    10
 -3.4472989419109484E-01 a       271     0    14     1    11
  3.5561806407902380E-01 a       272     0    14     1    12
  3.1973017464959708E-01 a       273     0    14     1    13
 -2.3671794820498601E-01 a       274     0    14     1    14
 -7.2482225104541975E-01 a       275     0    14     1    15
 -5.7865410605861756E-01 a       276     0    14     1    16
  3.7743220991321913E-01 a       277     0    14     1    17
 -4.3499948489986708E-02 a       278     0    14     1    18
 -1.5828089094687378E-01 a       279     0    14     1    19
  2.3289825089807409E-01 a       280     0    14     1    20
  2.7893389419905368E-01 b       281     1     1
  5.5941005230914664E-01 b       282     1     2
 -1.8080966301446384E+00 b       283     1     3
 -1.2025790203554561E+00 b       284     1     4
 -7.7589292097561458E-01 b       285     1     5
  1.2675329094293240E+00 b       286     1     6
 -1.1334716172419332E+00 b       287     1     7
 -3.3030284543991145E-01 b       288     1     8
  1.7809704731205411E+00 b       289     1     9
  6.3723012720035088E-01 b       290     1    10
 -1.4801472936688824E+00 b       291     1    11
  9.2925029075060350E-01 b       292     1    12
 -6.7540520369722756E-01 b       293     1    13
 -1.4770135221567855E+00 b       294     1    14
 -1.5461576090777944E+00 b       295     1    15
  6.0622153947346102E-01 b       296     1    16
 -8.9059869087507337E-01 b       297     1    17
 -6.9060490073258596E-01 b       298     1    18
 -1.3384901383350265E+00 b       299     1    19
  1.2733574399422991E+00 b       300     1    20
 -1.0239076978922537E-01 a       301     1     1     2     1
  3.8228609152504106E-01 a       302     1     1     2     2
  2.9920126308614980E-01 a       303     1     1     2     3
  1.3267705086231871E-01 a       304     1     1     2     4
 -3.0941455625282904E-01 a       305     1     1     2     5
 -4.4317145133576707E-01 a       306     1     1     2     6
 -4.7790675041305075E-01 a       307     1     1     2     7
  5.3132718688772762E-01 a       308     1     1     2     8
  4.6905088926547278E-01 a       309     1     1     2     9
  5.3034140759036882E-02 a       310     1     1     2    10
 -4.4875114045887227E-01 a       311     1     1     2    11
 -4.9348334112891239E-02 a       312     1     1     2    12
 -5.7929336779536944E-01 a       313     1     1     2    13
  3.8463901314544263E-01 a       314     1     1     2    14
 -1.8320269292035153E-02 a       315     1     1     2    15
 -3.3497543930308127E-01 a       316     1     1     2    16
 -3.4958358771213649E-01 a       317     1     1     2    17
  4.8229134190841166E-01 a       318     1     1     2    18
  4.5065840829784193E-01 a       319     1     1     2    19
 -4.8887856025420801E-01 a       320     1     1     2    20
 -6.9091225996706906E-01 a       321     1     2     2     1
 -3.9541538398002141E-01 a       322     1     2     2     2
  2.8460130996466182E-01 a       323     1     2     2     3
  4.2179867679172184E-01 a       324     1     2     2     4
  1.7791177484781759E-01 a       325     1     2     2     5
  4.3241802353453135E-01 a       326     1     2     2     6
  3.7956599397367957E-01 a       327     1     2     2     7
 -4.6168218015483492E-01 a       328     1     2     2     8
  4.8251274316696069E-01 a       329     1     2     2     9
  5.9173121576913879E-01 a       330     1     2     2    10
 -1.6846798802028076E-01 a       331     1     2     2    11
  1.8113232546312472E-01 a       332     1     2     2    12
 -4.0926596832016421E-01 a       333     1     2     2    13
  3.5568904340859442E-01 a       334     1     2     2    14
  1.6446246480081356E-01 a       335     1     2     2    15
 -5.0343513344540947E-01 a       336     1     2     2    16
  4.2869739726745670E-01 a       337     1     2     2    17
 -4.3271544795641470E-01 a       338     1     2     2    18
 -1.1652079495259017E-01 a       339     1     2     2    19
  3.4027620952091692E-02 a       340     1     2     2    20
  5.2245837186006838E-01 a       341     1     3     2     1
  5.5337420657704528E-01 a       342     1     3     2     2
 -5.7378123547610960E-01 a       343     1     3     2     3
  3.2413779283961947E-01 a       344     1     3     2     4
 -2.7541919831429446E-01 a       345     1     3     2     5
 -2.5392732248231231E-01 a       346     1     3     2     6
  8.2197080815558363E-02 a       347     1     3     2     7
  1.2466826142163488E-01 a       348     1     3     2     8
 -1.6904912410736997E-01 a       349     1     3     2     9
  4.2499735121388404E-01 a       350     1     3     2    10
  6.4181720909555595E-01 a       351     1     3     2    11
 -1.3172851939737648E-01 a       352     1     3     2    12
 -1.4724085201328241E-01 a       353     1     3     2    13
  5.5353705226755523E-01 a       354     1     3     2    14
  9.1592503608261641E-02 a       355     1     3     2    15
 -5.0581660198786504E-01 a       356     1     3     2    16
 -5.5003192177797355E-01 a       357     1     3     2    17
 -1.6881884425590469E-02 a       358     1     3     2    18
 -1.2500739165675828E-01 a       359     1     3     2    19
 -5.0203999840569735E-01 a       360     1     3     2    20
  3.1527137433097435E-01 a       361     1     4     2     1
 -3.8159149968861822E-01 a       362     1     4     2     2
 -3.8031872064926886E-01 a       363     1     4     2     3
  9.4547957953279638E-01 a       364     1     4     2     4
  1.7504656212136246E-01 a       365     1     4     2     5
 -2.2905094875300261E-01 a       366     1     4     2     6
  2.4431459352859529E-02 a       367     1     4     2     7
 -4.4844545792073309E-02 a       368     1     4     2     8
 -7.8079750893774902E-01 a       369     1     4     2     9
  4.4693804610372961E-01 a       370     1     4     2    10
  4.7132315944099573E-01 a       371     1     4     2    11
 -2.1983169951031448E-01 a       372     1     4     2    12
 -2.9258063162610731E-01 a       373     1     4     2    13
  4.6829021748754723E-01 a       374     1     4     2    14
  4.5005030506108878E-02 a       375     1     4     2    15
 -7.8967562750122688E-01 a       376     1     4     2    16
  4.8380060584727486E-01 a       377     1     4     2    17
  1.2093107350169409E-01 a       378     1     4     2    18
 -6.8843639927408451E-01 a       379     1     4     2    19
 -4.2833364638563393E-01 a       380     1     4     2    20
  6.5379505973753038E-01 a       381     1     5     2     1
  4.1784288352982937E-03 a       382     1     5     2     2
  3.1855560574942177E-01 a       383     1     5     2     3
 -1.6301528546400521E-01 a       384     1     5     2     4
 -1.3471763336966782E-02 a       385     1     5     2     5
  2.2618272344974807E-01 a       386     1     5     2     6
 -3.9686777265994283E-01 a       387     1     5     2     7
 -2.7018395537867440E-01 a       388     1     5     2     8
  3.4575425180627561E-01 a       389     1     5     2     9
  7.8551062281347547E-02 a       390     1     5     2    10
 -2.9189322087715053E-01 a       391     1     5     2    11
  2.0328829481040767E-01 a       392     1     5     2    12
  6.2742818651792508E-03 a       393     1     5     2    13
  2.6981155414539093E-01 a       394     1     5     2    14
 -5.5974186301567375E-01 a       395     1     5     2    15
 -1.8037280685791754E-01 a       396     1     5     2    16
 -3.4222234568122939E-01 a       397     1     5     2    17
  3.9283458725830521E-02 a       398     1     5     2    18
  4.9529359648839882E-01 a       399     1     5     2    19
 -5.7351729721396363E-02 a       400     1     5     2    20
 -1.1787289072161368E-01 a       401     1     6     2     1
  3.7849032578403230E-01 a       402     1     6     2     2
  3.7901901091834023E-01 a       403     1     6     2     3
  1.3299557743895141E-01 a       404     1     6     2     4
  1.2195649125838601E-01 a       405     1     6     2     5
 -9.7119042753435164E-02 a       406     1     6     2     6
 -1.3863590419747662E-01 a       407     1     6     2     7
  6.3400020606594265E-01 a       408     1     6     2     8
  3.5663900333605070E-01 a       409     1     6     2     9
  1.4362310448671062E-02 a       410     1     6     2    10
  4.2041015192860132E-02 a       411     1     6     2    11
 -7.7912184152583541E-01 a       412     1     6     2    12
  4.4087960448534119E-01 a       413     1     6     2    13
 -4.6492684685515778E-01 a       414     1     6     2    14
  1.4598562484768374E-01 a       415     1     6     2    15
 -3.8945906794888407E-01 a       416     1     6     2    16
  6.1519846540944820E-02 a       417     1     6     2    17
  1.4728043002571567E-01 a       418     1     6     2    18
  3.2539047748514782E-01 a       419     1     6     2    19
 -4.2741556408940157E-01 a       420     1     6     2    20
 -1.1555838281000917E-01 a       421     1     7     2     1
 -4.8400182303190188E-03 a       422     1     7     2     2
 -1.8355065887936312E-01 a       423     1     7     2     3
  2.6549309529325590E-02 a       424     1     7     2     4
  1.0159494472512420E-01 a       425     1     7     2     5
 -1.5658738150745038E-01 a       426     1     7     2     6
  1.3551622327761823E-01 a       427     1     7     2     7
 -2.3096682982979100E-01 a       428     1     7     2     8
 -1.0469382945748869E-01 a       429     1     7     2     9
  1.3092347097427841E-02 a       430     1     7     2    10
 -3.8921728770472230E-01 a       431     1     7     2    11
 -1.1864489114956085E-01 a       432     1     7     2    12
 -1.3734356526791236E-01 a       433     1     7     2    13
  1.5173909826615220E-01 a       434     1     7     2    14
 -2.2483416441589421E-01 a       435     1     7     2    15
  6.2449220766276003E-01 a       436     1     7     2    16
 -7.0916244234594739E-01 a       437     1     7     2    17
  4.5319554738673007E-01 a       438     1     7     2    18
  3.9004493531269158E-01 a       439     1     7     2    19
 -5.1694239416755583E-01 a       440     1     7     2    20
 -4.9153950873961426E-02 a       441     1     8     2     1
 -5.5750866844105795E-01 a       442     1     8     2     2
 -1.9213750338766977E-01 a       443     1     8     2     3
  1.4306582267000420E-02 a       444     1     8     2     4
  1.7532477890687626E-01 a       445     1     8     2     5
 -3.9145149248268818E-01 a       446     1     8     2     6
  3.2108157956247729E-01 a       447     1     8     2     7
 -5.4529905133876888E-01 a       448     1     8     2     8
 -5.5067041268697303E-01 a       449     1     8     2     9
 -2.4347947802126246E-01 a       450     1     8     2    10
  4.9521521174682781E-02 a       451     1     8     2    11
 -3.1412271609279097E-01 a       452     1     8     2    12
  3.9463701872747885E-02 a       453     1     8     2    13
 -3.0155728685531576E-02 a       454     1     8     2    14
 -5.4004955857732606E-01 a       455     1     8     2    15
  1.3684421621610429E-01 a       456     1     8     2    16
 -1.8276627265415618E-01 a       457     1     8     2    17
 -4.0876056471646022E-01 a       458     1     8     2    18
 -1.3896856004477592E-01 a       459     1     8     2    19
 -4.4185380029319860E-01 a       460     1     8     2    20
 -2.6408030348551342E-01 a       461     1     9     2     1
 -4.0919405123960884E-01 a       462     1     9     2     2
 -1.6369839932416269E-01 a       463     1     9     2     3
  4.1791705944868057E-01 a       464     1     9     2     4
  7.8658697690502999E-01 a       465     1     9     2     5
  1.4572465543587509E-01 a       466     1     9     2     6
 -4.6951942918111123E-01 a       467     1     9     2     7
  5.5184649755986115E-01 a       468     1     9     2     8
 -4.0019423542804505E-01 a       469     1     9     2     9
  1.3718047804617470E-01 a       470     1     9     2    10
 -6.1052503904007641E-02 a       471     1     9     2    11
  3.9506250024096179E-01 a       472     1     9     2    12
 -1.5003757985717367E-01 a       473     1     9     2    13
 -2.3187871905799895E-01 a       474     1     9     2    14
 -7.3221516564699507E-01 a       475     1     9     2    15
 -4.3652740188969646E-01 a       476     1     9     2    16
 -5.7417904222022109E-01 a       477     1     9     2    17
  4.9612854274113388E-01 a       478     1     9     2    18
  4.5837745183321443E-01 a       479     1     9     2    19
 -2.2930884981507088E-01 a       480     1     9     2    20
 -3.6821197869394301E-01 a       481     1    10     2     1
 -6.1459742750324364E-01 a       482     1    10     2     2
  3.3491851451830157E-01 a       483     1    10     2     3
 -4.7601503132235590E-01 a       484     1    10     2     4
 -3.6071667592018131E-01 a       485     1    10     2     5
  3.2814064595340468E-02 a       486     1    10     2     6
  1.4529913077843581E-01 a       487     1    10     2     7
  3.8848844277658706E-01 a       488     1    10     2     8
 -2.8837211651609573E-01 a       489     1    10     2     9
 -1.4820894159948567E-01 a       490     1    10     2    10
 -5.4071038629675872E-01 a       491     1    10     2    11
  2.3536738391356912E-01 a       492     1    10     2    12
  5.5150886584011272E-01 a       493     1    10     2    13
  6.5595603202583969E-03 a       494     1    10     2    14
  4.5025631722404108E-01 a       495     1    10     2    15
 -1.7014405123217496E-01 a       496     1    10     2    16
  2.1833247737812989E-01 a       497     1    10     2    17
 -1.4620227167980993E-01 a       498     1    10     2    18
  3.9373470164677388E-01 a       499     1    10     2    19
 -3.8332956858426526E-01 a       500     1    10     2    20
  2.3245122081338832E-01 a       501     1    11     2     1
  1.2932051136309517E-02 a       502     1    11     2     2
 -1.7994891507880673E-01 a       503     1    11     2     3
 -1.2138542252204258E-01 a       504     1    11     2     4
 -2.3573850601094418E-01 a       505     1    11     2     5
  2.1888976149499323E-01 a       506     1    11     2     6
  4.1807091607341129E-01 a       507     1    11     2     7
 -2.8795606157821965E-02 a       508     1    11     2     8
 -4.8806464680363754E-01 a       509     1    11     2     9
  7.1552915365536895E-01 a       510     1    11     2    10
 -8.7393367557218840E-02 a       511     1    11     2    11
  7.3181705202395175E-01 a       512     1    11     2    12
 -6.0045087750755466E-01 a       513     1    11     2    13
 -6.5912783975370126E-01 a       514     1    11     2    14
 -4.9814627741664180E-01 a       515     1    11     2    15
  4.1395364994803019E-01 a       516     1    11     2    16
  6.5690416857408873E-01 a       517     1    11     2    17
 -3.2954495490916336E-01 a       518     1    11     2    18
 -1.4257039805096866E-01 a       519     1    11     2    19
  3.6688616731979357E-01 a       520     1    11     2    20
  4.5131967491613428E-01 a       521     1    12     2     1
  3.1235889856501198E-01 a       522     1    12     2     2
 -1.9720148341928515E-01 a       523     1    12     2     3
 -9.0025429069534757E-02 a       524     1    12     2     4
  2.7767729876553804E-01 a       525     1    12     2     5
 -8.5163118957293504E-02 a       526     1    12     2     6
 -3.7135016055127062E-01 a       527     1    12     2     7
 -1.3865642856106895E-02 a       528     1    12     2     8
  1.7841106505710976E-02 a       529     1    12     2     9
 -6.9656288182636283E-01 a       530     1    12     2    10
 -4.1976521648714615E-01 a       531     1    12     2    11
  2.8811683512708197E-01 a       532     1    12     2    12
 -3.3765491985055357E-01 a       533     1    12     2    13
 -8.9043369093622607E-02 a       534     1    12     2    14
  6.5645048960438435E-02 a       535     1    12     2    15
 -2.5066022391270487E-01 a       536     1    12     2    16
 -2.2503939947431748E-02 a       537     1    12     2    17
  3.2501520911332987E-02 a       538     1    12     2    18
 -3.8021846850360957E-01 a       539     1    12     2    19
  5.0329452398257923E-01 a       540     1    12     2    20
 -1.8659622485935509E-01 a       541     1    13     2     1
 -2.4683143686510597E-01 a       542     1    13     2     2
 -5.6166133443095026E-02 a       543     1    13     2     3
 -6.2439129265686966E-01 a       544     1    13     2     4
  4.5545362326247935E-01 a       545     1    13     2     5
  4.1627938207342180E-01 a       546     1    13     2     6
 -2.5685677683487695E-01 a       547     1    13     2     7
  1.7253690510178646E-01 a       548     1    13     2     8
 -2.1376547910285226E-01 a       549     1    13     2     9
 -4.3868381686732810E-01 a       550     1    13     2    10
 -7.4604989092352747E-01 a       551     1    13     2    11
  5.6270764952151486E-01 a       552     1    13     2    12
 -3.3580753417959425E-01 a       553     1    13     2    13
 -2.2774528531365026E-01 a       554     1    13     2    14
 -7.7671735197344272E-02 a       555     1    13     2    15
  2.0893143505776532E-01 a       556     1    13     2    16
 -3.9124516632774536E-01 a       557     1    13     2    17
  6.0974109578872537E-01 a       558     1    13     2    18
 -3.9607006317828852E-01 a       559     1    13     2    19
 -5.4127419718976599E-01 a       560     1    13     2    20
  2.3469751440319958E-01 a       561     1    14     2     1
  3.3373319423954861E-01 a       562     1    14     2     2
 -3.0020276150271591E-01 a       563     1    14     2     3
 -2.2521394595601574E-01 a       564     1    14     2     4
  7.3402145378511419E-02 a       565     1    14     2     5
  4.6744550875287383E-01 a       566     1    14     2     6
 -7.4908976595766674E-03 a       567     1    14     2     7
 -3.5274167246960780E-01 a       568     1    14     2     8
  2.9616519983506523E-01 a       569     1    14     2     9
 -3.9321202142748903E-02 a       570     1    14     2    10
 -2.8829905133829414E-01 a       571     1    14     2    11
 -2.8537016461503079E-01 a       572     1    14     2    12
  4.5095175190739983E-01 a       573     1    14     2    13
 -2.4425530865971407E-01 a       574     1    14     2    14
  1.0115314460614519E-01 a       575     1    14     2    15
  8.8818643278986004E-02 a       576     1    14     2    16
  5.7494294589384731E-01 a       577     1    14     2    17
 -5.9195932631647297E-01 a       578     1    14     2    18
 -3.0901073845458239E-02 a       579     1    14     2    19
  3.9840772765854138E-01 a       580     1    14     2    20
  2.3857301337273387E-01 a       581     1    15     2     1
 -3.9674517862940356E-01 a       582     1    15     2     2
 -1.9664980748112243E-01 a       583     1    15     2     3
  1.9441528105885578E-01 a       584     1    15     2     4
  2.0122356172159386E-01 a       585     1    15     2     5
  3.4000110719722712E-02 a       586     1    15     2     6
 -3.5992512312001218E-01 a       587     1    15     2     7
 -2.4045017271608751E-01 a       588     1    15     2     8
  1.3885946580875563E-01 a       589     1    15     2     9
 -8.0982181473882781E-02 a       590     1    15     2    10
  4.8347099942189725E-01 a       591     1    15     2    11
  1.0679586063278158E-01 a       592     1    15     2    12
 -5.3550767269582611E-01 a       593     1    15     2    13
 -1.5571176506711781E-01 a       594     1    15     2    14
 -1.0853332647743898E-01 a       595     1    15     2    15
 -1.2686837785315092E-01 a       596     1    15     2    16
 -1.1352651899758415E-01 a       597     1    15     2    17
  4.2196167414912272E-01 a       598     1    15     2    18
  3.6056094259261751E-01 a       599     1    15     2    19
 -5.8675839238161304E-02 a       600     1    15     2    20
  3.6054923745214373E-01 a       601     1    16     2     1
  2.6589408669262798E-01 a       602     1    16     2     2
 -1.1424098249520330E-01 a       603     1    16     2     3
 -6.1813130927184001E-01 a       604     1    16     2     4
 -7.2012096218909705E-01 a       605     1    16     2     5
 -2.2426484290539533E-02 a       606     1    16     2     6
  1.4374978923250247E-03 a       607     1    16     2     7
  1.5315005755309438E-01 a       608     1    16     2     8
  2.8101413477858356E-01 a       609     1    16     2     9
 -2.0106633047060060E-01 a       610     1    16     2    10
  4.2009817234357077E-01 a       611     1    16     2    11
  4.5440448461794997E-01 a       612     1    16     2    12
  4.6802397666578133E-01 a       613     1    16     2    13
  1.5580617068591199E-01 a       614     1    16     2    14
  5.7865631115992033E-01 a       615     1    16     2    15
  5.4900910596474554E-02 a       616     1    16     2    16
 -5.0394293887674957E-01 a       617     1    16     2    17
 -3.2038482615158342E-01 a       618     1    16     2    18
  2.1945439039754808E-01 a       619     1    16     2    19
  3.0685279882497755E-02 a       620     1    16     2    20
  3.7844586572459821E-01 a       621     1    17     2     1
  1.7735193270330998E-01 a       622     1    17     2     2
 -5.8427639937580200E-01 a       623     1    17     2     3
  1.3617332704785631E-01 a       624     1    17     2     4
 -9.9777764736254076E-02 a       625     1    17     2     5
 -3.4866623160921617E-01 a       626     1    17     2     6
 -1.3727507783638938E-02 a       627     1    17     2     7
  5.5313821988864165E-01 a       628     1    17     2     8
 -3.1178395507763756E-01 a       629     1    17     2     9
 -3.1477503355508096E-01 a       630     1    17     2    10
  3.1529684610946701E-01 a       631     1    17     2    11
 -2.6098763169058692E-01 a       632     1    17     2    12
 -4.6401291968946995E-01 a       633     1    17     2    13
  5.2008969078331124E-01 a       634     1    17     2    14
 -3.6808045633684193E-02 a       635     1    17     2    15
 -1.4152782279849982E-01 a       636     1    17     2    16
  1.5018027092695931E-02 a       637     1    17     2    17
  4.6564294868134609E-01 a       638     1    17     2    18
 -1.5480160395165965E-01 a       639     1    17     2    19
 -3.7692750273063169E-01 a       640     1    17     2    20
 -4.4683843575181159E-01 a       641     1    18     2     1
 -4.5408155889522445E-01 a       642     1    18     2     2
 -1.6166473567443346E-01 a       643     1    18     2     3
  5.0174574353955492E-01 a       644     1    18     2     4
 -6.3892982137006157E-02 a       645     1    18     2     5
 -5.3499876182354977E-01 a       646     1    18     2     6
 -4.3057790867410861E-01 a       647     1    18     2     7
 -1.0743561516427726E-01 a       648     1    18     2     8
 -3.3078688303748299E-01 a       649     1    18     2     9
  1.8273323428550531E-01 a       650     1    18     2    10
 -2.3356060776137910E-01 a       651     1    18     2    11
 -6.1211879142773395E-01 a       652     1    18     2    12
 -4.9278418611782743E-01 a       653     1    18     2    13
  4.9051706482832441E-01 a       654     1    18     2    14
  4.0724422571257374E-01 a       655     1    18     2    15
  5.9978151506279698E-01 a       656     1    18     2    16
  1.5363531346986109E-01 a       657     1    18     2    17
  2.8085186717496330E-01 a       658     1    18     2    18
  5.1794605498362767E-01 a       659     1    18     2    19
 -3.5351597501570975E-01 a       660     1    18     2    20
 -7.6470867736590037E-02 a       661     1    19     2     1
 -8.1368482703884040E-02 a       662     1    19     2     2
 -3.0952523071429400E-01 a       663     1    19     2     3
 -2.1983798635237539E-01 a       664     1    19     2     4
  3.2902744673657286E-01 a       665     1    19     2     5
  2.8635566793699458E-02 a       666     1    19     2     6
  6.2983439794663698E-01 a       667     1    19     2     7
  1.0341716107237002E-01 a       668     1    19     2     8
  8.0739648662922298E-02 a       669     1    19     2     9
 -1.3409357723126220E-01 a       670     1    19     2    10
 -5.5675215370265652E-02 a       671     1    19     2    11
  1.4773556228279724E-01 a       672     1    19     2    12
  4.5576544119141077E-01 a       673     1    19     2    13
  2.4668314205989531E-01 a       674     1    19     2    14
 -2.8049146441478878E-01 a       675     1    19     2    15
 -7.5123500564120316E-02 a       676     1    19     2    16
 -1.2214253726107648E-01 a       677     1    19     2    17
  2.4911792123959084E-01 a       678     1    19     2    18
  1.7238425244509339E-01 a       679     1    19     2    19
 -1.9882629139124125E-01 a       680     1    19     2    20
  6.2752481519553094E-01 a       681     1    20     2     1
 -1.6919944864417269E-01 a       682     1    20     2     2
 -6.9468716195052438E-01 a       683     1    20     2     3
 -4.0668949633759399E-01 a       684     1    20     2     4
 -2.4432899824130039E-01 a       685     1    20     2     5
  4.1221148854633453E-02 a       686     1    20     2     6
 -4.9971198240402226E-01 a       687     1    20     2     7
  4.5193741346115840E-01 a       688     1    20     2     8
 -4.4741124803455490E-01 a       689     1    20     2     9
 -4.3449093926855337E-01 a       690     1    20     2    10
 -2.9701503506636784E-01 a       691     1    20     2    11
  3.2323878244608112E-01 a       692     1    20     2    12
 -1.5283973193391528E-01 a       693     1    20     2    13
  4.0314280047257883E-01 a       694     1    20     2    14
 -6.2951542051606002E-01 a       695     1    20     2    15
 -4.2187135957049038E-01 a       696     1    20     2    16
 -6.5383388390464134E-03 a       697     1    20     2    17
  1.9362944140261101E-01 a       698     1    20     2    18
  5.7545176073691673E-01 a       699     1    20     2    19
 -3.5655488347234865E-01 a       700     1    20     2    20
 -8.4785895943603073E-01 b       701     2     1
  4.7180179807088607E-01 b       702     2     2
 -6.7892078604697881E-01 b       703     2     3
 -1.1253166346806220E-01 b       704     2     4
 -2.6135181088499097E-02 b       705     2     5
 -7.6306462266603403E-01 b       706     2     6
 -3.3823514133194921E-01 b       707     2     7
  1.6035842997596501E+00 b       708     2     8
  6.1196664582566962E-01 b       709     2     9
  2.4536556396481130E-01 b       710     2    10
  6.8313944067626187E-01 b       711     2    11
  8.0071230549914063E-01 b       712     2    12
  1.0971841516836993E+00 b       713     2    13
  8.9378255251088709E-02 b       714     2    14
  1.5500899503457455E+00 b       715     2    15
 -1.1064849504572578E+00 b       716     2    16
 -1.3108320281130754E+00 b       717     2    17
 -7.1812027681585699E-01 b       718     2    18
  2.9895404489066640E-01 b       719     2    19
  6.0836731603467498E-01 b       720     2    20
  5.7141051171394182E-02 a       721     2     1     3     1
  6.1487611518965035E-02 a       722     2     2     3     1
  1.0407919867590516E+00 a       723     2     3     3     1
 -8.3233383946222450E-01 a       724     2     4     3     1
  4.6668828261490286E-01 a       725     2     5     3     1
 -5.1193731861338931E-01 a       726     2     6     3     1
 -7.8283464312554252E-01 a       727     2     7     3     1
 -8.6257974802791004E-01 a       728     2     8     3     1
 -5.8529539145944820E-01 a       729     2     9     3     1
  7.1591968380208326E-01 a       730     2    10     3     1
  2.3230454793565786E-01 a       731     2    11     3     1
  7.5139299834066797E-01 a       732     2    12     3     1
 -8.3717855177607925E-01 a       733     2    13     3     1
  1.9223541291706780E-01 a       734     2    14     3     1
  5.4769221561469006E-01 a       735     2    15     3     1
  8.4672738334516418E-01 a       736     2    16     3     1
  8.0533697614092092E-01 a       737     2    17     3     1
  5.5059169350922463E-02 a       738     2    18     3     1
  5.6541900633494097E-02 a       739     2    19     3     1
  1.0639267061906252E-01 a       740     2    20     3     1
  8.7911971379798268E-02 b       741     3     1
