################################################################################
# Learning curves for energies and forces.
################################################################################
# Col  Name             Description
################################################################################
# 1    epoch            Current epoch.
# 2    RMSEpa_Etrain_pu RMSE of training energies per atom (physical units)
# 3    RMSEpa_Etest_pu  RMSE of test energies per atom (physical units)
# 4    RMSE_Etrain_pu   RMSE of training energies (physical units)
# 5    RMSE_Etest_pu    RMSE of test energies (physical units)
# 6    MAEpa_Etrain_pu  MAE of training energies per atom (physical units)
# 7    MAEpa_Etest_pu   MAE of test energies per atom (physical units)
# 8    MAE_Etrain_pu    MAE of training energies (physical units)
# 9    MAE_Etest_pu     MAE of test energies (physical units)
# 10   RMSE_Ftrain_pu   RMSE of training forces (physical units)
# 11   RMSE_Ftest_pu    RMSE of test forces (physical units)
# 12   MAE_Ftrain_pu    MAE of training forces (physical units)
# 13   MAE_Ftest_pu     MAE of test forces (physical units)
######################################################################################################################################################################################################################
#        1                2                3                4                5                6                7                8                9               10               11               12               13
#    epoch RMSEpa_Etrain_pu  RMSEpa_Etest_pu   RMSE_Etrain_pu    RMSE_Etest_pu  MAEpa_Etrain_pu   MAEpa_Etest_pu    MAE_Etrain_pu     MAE_Etest_pu   RMSE_Ftrain_pu    RMSE_Ftest_pu    MAE_Ftrain_pu     MAE_Ftest_pu
######################################################################################################################################################################################################################
         0   2.68770600E+00   2.71146461E+00   1.72013184E+02   1.73533735E+02   2.68650015E+00   2.70960345E+00   1.71936010E+02   1.73414620E+02   2.21238497E-01   2.24445567E-01   1.73292055E-01   1.78738962E-01
         1   1.25031173E-03   1.66940338E-03   8.00199508E-02   1.06841816E-01   9.04303373E-04   1.21582267E-03   5.78754159E-02   7.78126512E-02   1.14068771E-02   1.12536545E-02   7.98809130E-03   7.10784262E-03
         2   9.55969793E-03   9.57307328E-03   6.11820668E-01   6.12676690E-01   9.51472041E-03   9.52892414E-03   6.08942106E-01   6.09851145E-01   7.34741307E-03   6.80224859E-03   5.53824655E-03   5.02346521E-03
         3   4.91045943E-04   3.09379613E-04   3.14269404E-02   1.98002952E-02   3.44611525E-04   2.31940123E-04   2.20551376E-02   1.48441678E-02   6.65774737E-03   5.92695284E-03   4.96819452E-03   4.20348624E-03
         4   1.08071482E-03   9.66071201E-04   6.91657485E-02   6.18285569E-02   9.69365036E-04   8.82088207E-04   6.20393623E-02   5.64536452E-02   6.59410792E-03   6.02491944E-03   4.95074473E-03   4.33425211E-03
         5   4.12984298E-04   2.21098832E-04   2.64309951E-02   1.41503252E-02   3.14795388E-04   2.01538951E-04   2.01469049E-02   1.28984929E-02   6.59568283E-03   6.00025917E-03   4.95174936E-03   4.35158393E-03
         6   3.91912722E-04   3.16507022E-04   2.50824142E-02   2.02564494E-02   2.66938460E-04   2.48571043E-04   1.70840614E-02   1.59085467E-02   6.62643210E-03   6.02440370E-03   4.96146888E-03   4.37735913E-03
         7   3.48811291E-04   2.89392997E-04   2.23239226E-02   1.85211518E-02   2.49669497E-04   2.19742209E-04   1.59788478E-02   1.40635014E-02   6.58218016E-03   6.02564847E-03   4.92291628E-03   4.34125593E-03
         8   3.50506517E-04   2.73803182E-04   2.24324171E-02   1.75234036E-02   2.56770715E-04   2.30887261E-04   1.64333258E-02   1.47767847E-02   6.56717780E-03   6.04764195E-03   4.92835722E-03   4.38935305E-03
         9   3.07423326E-04   2.34290967E-04   1.96750929E-02   1.49946219E-02   2.24813507E-04   1.70646108E-04   1.43880644E-02   1.09213509E-02   6.61051352E-03   6.08413688E-03   4.97956841E-03   4.48080939E-03
        10   3.16129708E-04   2.80054498E-04   2.02323013E-02   1.79234879E-02   2.25463562E-04   2.30677737E-04   1.44296680E-02   1.47633751E-02   6.60392544E-03   6.06564584E-03   4.96885641E-03   4.45562343E-03
        11   3.02870716E-04   2.36576603E-04   1.93837258E-02   1.51409026E-02   2.27304593E-04   1.95259709E-04   1.45474939E-02   1.24966214E-02   6.58523004E-03   6.03858819E-03   4.95315123E-03   4.41485003E-03
        12   3.41094262E-04   3.33994825E-04   2.18300327E-02   2.13756688E-02   2.41624594E-04   2.80230667E-04   1.54639740E-02   1.79347627E-02   6.58169374E-03   6.08122923E-03   4.95141183E-03   4.46357164E-03
        13   3.35087287E-04   3.26443192E-04   2.14455864E-02   2.08923643E-02   2.34624619E-04   2.76928532E-04   1.50159756E-02   1.77234260E-02   6.57707581E-03   6.10296546E-03   4.94679584E-03   4.47776565E-03
        14   2.96728923E-04   1.71568449E-04   1.89906511E-02   1.09803807E-02   2.24713817E-04   1.29064338E-04   1.43816843E-02   8.26011764E-03   6.57890156E-03   6.10575252E-03   4.94304937E-03   4.47575694E-03
        15   3.35281263E-04   3.51193900E-04   2.14580008E-02   2.24764096E-02   2.42455065E-04   3.16822228E-04   1.55171242E-02   2.02766226E-02   6.58626540E-03   6.11701423E-03   4.95074245E-03   4.48905958E-03
