################################################################################
# Neural network connection values (weights and biases).
################################################################################
# Col  Name       Description
################################################################################
# 1    connection Neural network connection value.
# 2    t          Connection type (a = weight, b = bias).
# 3    index      Index enumerating weights.
# 4    l_s        Starting point layer (end point layer for biases).
# 5    n_s        Starting point neuron in starting layer (end point neuron for biases).
# 6    l_e        End point layer.
# 7    n_e        End point neuron in end layer.
################################################################################
#                      1 2         3     4     5     6     7
#             connection t     index   l_s   n_s   l_e   n_e
############################################################
  2.7516832390591667E-01 a         1     0     1     1     1
  9.0934586122797656E-01 a         2     0     1     1     2
 -2.9919857128311045E-01 a         3     0     1     1     3
 -8.8446364838684247E-02 a         4     0     1     1     4
  1.0824324703451348E-01 a         5     0     1     1     5
  2.0548672349253783E-01 a         6     0     1     1     6
  1.6304613489377312E-01 a         7     0     1     1     7
  3.1990520907552228E-01 a         8     0     1     1     8
  9.4597735272901362E-01 a         9     0     1     1     9
  8.0004745990538828E-01 a        10     0     1     1    10
  5.4767991691015872E-01 a        11     0     1     1    11
  3.4139963849129679E-01 a        12     0     1     1    12
  1.1337834691072626E-01 a        13     0     1     1    13
  3.0002273232038135E-01 a        14     0     1     1    14
 -4.0332961198371775E-01 a        15     0     1     1    15
  5.5203871191537857E-01 a        16     0     1     1    16
 -1.7739748039087508E-01 a        17     0     1     1    17
  4.9656303843944682E-01 a        18     0     1     1    18
 -5.0163833769352684E-01 a        19     0     1     1    19
  1.2173991170660339E-01 a        20     0     1     1    20
 -2.6879550640544159E-01 a        21     0     2     1     1
  7.0440341493239102E-03 a        22     0     2     1     2
 -2.2438614075493156E-02 a        23     0     2     1     3
  7.1484356896563114E-02 a        24     0     2     1     4
 -1.5785863056621197E-01 a        25     0     2     1     5
  3.3108294898033830E-01 a        26     0     2     1     6
 -4.3094899483692134E-01 a        27     0     2     1     7
 -9.3376189712535695E-02 a        28     0     2     1     8
 -3.9067281893620709E-01 a        29     0     2     1     9
 -5.0945113174563350E-01 a        30     0     2     1    10
  2.4372679291897287E-01 a        31     0     2     1    11
  5.6125818528566851E-01 a        32     0     2     1    12
  4.5236288297219712E-01 a        33     0     2     1    13
 -4.3878222773849618E-01 a        34     0     2     1    14
  2.9400135888900214E-01 a        35     0     2     1    15
 -2.0033506540131973E-01 a        36     0     2     1    16
  1.5664723054444540E-01 a        37     0     2     1    17
  1.3697356161825738E-01 a        38     0     2     1    18
  5.4253636280664985E-01 a        39     0     2     1    19
  4.5882990241292811E-02 a        40     0     2     1    20
 -6.8545856553732210E-01 a        41     0     3     1     1
 -6.5850233319855234E-01 a        42     0     3     1     2
  6.9927439327254004E-01 a        43     0     3     1     3
  7.8485637986933143E-01 a        44     0     3     1     4
  6.5746149789958108E-01 a        45     0     3     1     5
 -2.3088267333570645E-01 a        46     0     3     1     6
  2.9306255352085431E-01 a        47     0     3     1     7
  3.2807602636557465E-02 a        48     0     3     1     8
  2.4306641431099857E-01 a        49     0     3     1     9
  2.1358907790149503E-01 a        50     0     3     1    10
 -1.2614790461613920E-01 a        51     0     3     1    11
 -2.9883940069498349E-01 a        52     0     3     1    12
  6.3382315257244859E-01 a        53     0     3     1    13
  4.0276286567113295E-01 a        54     0     3     1    14
 -3.5162123905966008E-01 a        55     0     3     1    15
  5.6849055068619769E-01 a        56     0     3     1    16
  1.5777884167639773E-02 a        57     0     3     1    17
 -6.8023282900644194E-03 a        58     0     3     1    18
 -5.1564937749668172E-01 a        59     0     3     1    19
  1.0981472242754773E+00 a        60     0     3     1    20
  1.9320818240108861E-01 a        61     0     4     1     1
 -3.7702204338121215E-01 a        62     0     4     1     2
 -2.6529363177629262E-01 a        63     0     4     1     3
 -1.6898305129451235E-01 a        64     0     4     1     4
 -5.0980173336653889E-01 a        65     0     4     1     5
  6.8793142312264177E-01 a        66     0     4     1     6
  3.3117461298103762E-01 a        67     0     4     1     7
  3.1096223293198488E-01 a        68     0     4     1     8
  2.7438997989262121E-01 a        69     0     4     1     9
  6.3597677187675739E-01 a        70     0     4     1    10
 -4.6400858610174145E-01 a        71     0     4     1    11
 -2.9259400070582964E-01 a        72     0     4     1    12
 -1.9689059884829127E-01 a        73     0     4     1    13
  1.1994432372821233E-01 a        74     0     4     1    14
 -8.9916503108145340E-01 a        75     0     4     1    15
  2.2953907476035058E-02 a        76     0     4     1    16
 -2.6154072693968644E-01 a        77     0     4     1    17
 -4.6463319221442190E-01 a        78     0     4     1    18
 -2.7186016025351911E-01 a        79     0     4     1    19
 -7.3337865113685885E-01 a        80     0     4     1    20
  6.8906852754757475E-01 a        81     0     5     1     1
 -4.1503635829223801E-01 a        82     0     5     1     2
  5.4192384550055051E-01 a        83     0     5     1     3
 -1.9923033985133157E-01 a        84     0     5     1     4
  2.2043949971752808E-01 a        85     0     5     1     5
 -6.2941566037632318E-02 a        86     0     5     1     6
  4.7747844132480416E-01 a        87     0     5     1     7
  2.4572322340643762E-01 a        88     0     5     1     8
  3.3227537584851174E-01 a        89     0     5     1     9
 -6.5130217425280756E-01 a        90     0     5     1    10
 -2.6838274879662349E-01 a        91     0     5     1    11
 -4.8261904080744411E-01 a        92     0     5     1    12
 -2.8214903095192212E-01 a        93     0     5     1    13
  8.7574157810138262E-02 a        94     0     5     1    14
  3.9027670446558049E-01 a        95     0     5     1    15
 -4.2118523586084161E-01 a        96     0     5     1    16
  8.2793555028323818E-01 a        97     0     5     1    17
  3.2896286091735727E-01 a        98     0     5     1    18
  2.1999468511604761E-01 a        99     0     5     1    19
 -2.3943863694816364E-01 a       100     0     5     1    20
  6.3824972859874751E-01 a       101     0     6     1     1
 -6.8276810496796037E-01 a       102     0     6     1     2
 -3.1432014888250509E-02 a       103     0     6     1     3
 -7.7664962430633666E-01 a       104     0     6     1     4
 -1.8271616444608188E-01 a       105     0     6     1     5
  5.4669030207848503E-02 a       106     0     6     1     6
  5.9224015597020319E-01 a       107     0     6     1     7
  6.4618096956878501E-01 a       108     0     6     1     8
  3.9045211604299479E-01 a       109     0     6     1     9
  2.0334033705361002E-01 a       110     0     6     1    10
 -7.2639662480829859E-01 a       111     0     6     1    11
  5.7087018474663673E-02 a       112     0     6     1    12
 -1.8938196868378301E-01 a       113     0     6     1    13
  3.4690911085343235E-01 a       114     0     6     1    14
  2.6994257724624576E-02 a       115     0     6     1    15
 -6.6175446973924212E-01 a       116     0     6     1    16
  4.4723860468494026E-01 a       117     0     6     1    17
  7.0133569625570957E-01 a       118     0     6     1    18
 -3.1061096583320258E-01 a       119     0     6     1    19
  2.7529920015082271E-01 a       120     0     6     1    20
  8.1922778423505127E-01 a       121     0     7     1     1
  1.1519555201885541E-01 a       122     0     7     1     2
 -2.5908016448313287E-01 a       123     0     7     1     3
  6.6415586592763842E-01 a       124     0     7     1     4
  3.0370229870858639E-01 a       125     0     7     1     5
  4.2553367274495540E-01 a       126     0     7     1     6
  6.5576231131726459E-01 a       127     0     7     1     7
  2.4281583200932147E-01 a       128     0     7     1     8
  7.1822790481601317E-01 a       129     0     7     1     9
 -7.3567100448286116E-01 a       130     0     7     1    10
 -6.6251106311416408E-01 a       131     0     7     1    11
 -2.7128581007681485E-01 a       132     0     7     1    12
 -3.1613127904176297E-01 a       133     0     7     1    13
  3.9320374019947589E-03 a       134     0     7     1    14
  3.0524640256526236E-01 a       135     0     7     1    15
  6.2063478357832524E-01 a       136     0     7     1    16
  7.3692366107241514E-01 a       137     0     7     1    17
  4.4782973339615495E-01 a       138     0     7     1    18
  5.1807803621178972E-01 a       139     0     7     1    19
 -2.1699205019687526E-01 a       140     0     7     1    20
  7.0077037892425520E-01 a       141     0     8     1     1
 -9.5361477239523290E-02 a       142     0     8     1     2
 -9.9131374461065194E-02 a       143     0     8     1     3
 -3.1817854004767310E-01 a       144     0     8     1     4
 -1.8483967625979950E-01 a       145     0     8     1     5
  2.3813324948347131E-01 a       146     0     8     1     6
 -2.7027540121892413E-01 a       147     0     8     1     7
 -4.3699018035486964E-01 a       148     0     8     1     8
 -2.2854752306636633E-01 a       149     0     8     1     9
  3.9835859106219949E-03 a       150     0     8     1    10
  1.2590493949137080E-01 a       151     0     8     1    11
  7.0099827751547605E-01 a       152     0     8     1    12
 -8.1152721345452017E-01 a       153     0     8     1    13
 -2.1670321538994630E-01 a       154     0     8     1    14
  3.0816874033024000E-01 a       155     0     8     1    15
 -6.3914763312462208E-01 a       156     0     8     1    16
  5.3803122563940353E-01 a       157     0     8     1    17
 -2.4687221670787612E-01 a       158     0     8     1    18
  3.4800247889348807E-01 a       159     0     8     1    19
 -5.1814276047253105E-01 a       160     0     8     1    20
 -3.8095454167457532E-01 a       161     0     9     1     1
 -4.0326838136587662E-01 a       162     0     9     1     2
  1.4466994977819622E-01 a       163     0     9     1     3
 -4.3032060967296487E-01 a       164     0     9     1     4
 -6.6232903565783829E-01 a       165     0     9     1     5
  1.7154797885502662E-01 a       166     0     9     1     6
 -3.4099922234480512E-01 a       167     0     9     1     7
  8.6704879220964126E-01 a       168     0     9     1     8
  5.3995513519469851E-01 a       169     0     9     1     9
  3.1295321519177727E-01 a       170     0     9     1    10
  6.8121561944227652E-02 a       171     0     9     1    11
  2.3538418953125514E-01 a       172     0     9     1    12
 -2.0660458056312223E-01 a       173     0     9     1    13
  1.6716913142533138E-01 a       174     0     9     1    14
 -7.0554107720237202E-01 a       175     0     9     1    15
  1.5849318924149680E-01 a       176     0     9     1    16
  1.1303750276874894E-01 a       177     0     9     1    17
 -3.7136307346741321E-01 a       178     0     9     1    18
 -3.1825299067356955E-01 a       179     0     9     1    19
 -1.7332938488823119E-01 a       180     0     9     1    20
 -3.2254190138316835E-01 a       181     0    10     1     1
 -3.6461110636860367E-01 a       182     0    10     1     2
  1.7974365301149603E-01 a       183     0    10     1     3
 -3.7853731652992478E-01 a       184     0    10     1     4
 -4.9924632763172755E-01 a       185     0    10     1     5
 -2.9811251290340207E-01 a       186     0    10     1     6
  1.2085255350202537E-01 a       187     0    10     1     7
 -1.6191433401640054E-01 a       188     0    10     1     8
 -1.5688853987246495E-01 a       189     0    10     1     9
 -7.3066920782040010E-02 a       190     0    10     1    10
 -3.8474980199500441E-01 a       191     0    10     1    11
 -5.7885329648405059E-01 a       192     0    10     1    12
 -6.8270644096929345E-02 a       193     0    10     1    13
  7.5789454638907994E-01 a       194     0    10     1    14
 -1.8270047563973013E-01 a       195     0    10     1    15
  2.9524252704227927E-01 a       196     0    10     1    16
 -4.7540288885598475E-01 a       197     0    10     1    17
 -3.3424630498602426E-01 a       198     0    10     1    18
 -3.9680224658072605E-01 a       199     0    10     1    19
 -2.1239437292149693E-01 a       200     0    10     1    20
 -6.0139208871935768E-01 a       201     0    11     1     1
 -4.1003435480478451E-01 a       202     0    11     1     2
 -4.0165335235438104E-01 a       203     0    11     1     3
 -1.9183407642236968E-02 a       204     0    11     1     4
 -5.5547306498528426E-01 a       205     0    11     1     5
 -5.3572625182898292E-01 a       206     0    11     1     6
 -2.3724702925739449E-01 a       207     0    11     1     7
  4.2296704572795291E-01 a       208     0    11     1     8
  1.6130732812192816E-01 a       209     0    11     1     9
 -2.3351620276318757E-01 a       210     0    11     1    10
 -1.5673929543578325E-03 a       211     0    11     1    11
  1.0992574476582600E-03 a       212     0    11     1    12
  5.6408744889318707E-01 a       213     0    11     1    13
 -7.5701844430390061E-02 a       214     0    11     1    14
  1.6592762169980413E-01 a       215     0    11     1    15
  3.3120988130177981E-01 a       216     0    11     1    16
  6.2691285423754628E-02 a       217     0    11     1    17
  4.5303167779238901E-01 a       218     0    11     1    18
  4.1536811954566610E-01 a       219     0    11     1    19
 -2.0953418975924712E-01 a       220     0    11     1    20
  1.6572495879185085E-02 a       221     0    12     1     1
  4.4789601895417647E-01 a       222     0    12     1     2
 -2.0530302995906927E-01 a       223     0    12     1     3
 -2.0857631333566423E-01 a       224     0    12     1     4
  4.4667897504847487E-01 a       225     0    12     1     5
 -8.7876506107899810E-01 a       226     0    12     1     6
 -4.1178247446425025E-04 a       227     0    12     1     7
  9.3390702554513400E-02 a       228     0    12     1     8
 -8.3973279681572144E-02 a       229     0    12     1     9
 -5.5235723240724344E-01 a       230     0    12     1    10
  3.8231249588571957E-02 a       231     0    12     1    11
 -3.7203588612352456E-01 a       232     0    12     1    12
 -4.7264888739866406E-01 a       233     0    12     1    13
 -2.0162708370033547E-01 a       234     0    12     1    14
 -1.1999930504778590E-01 a       235     0    12     1    15
  2.4519152568680688E-01 a       236     0    12     1    16
 -4.3624981306791444E-01 a       237     0    12     1    17
 -5.5080101156001005E-01 a       238     0    12     1    18
  2.3802146960031864E-01 a       239     0    12     1    19
 -6.3044007122851731E-01 a       240     0    12     1    20
  2.6161804849517363E-02 a       241     0    13     1     1
 -3.3747999880880758E-01 a       242     0    13     1     2
  3.8311117789625171E-01 a       243     0    13     1     3
  3.8551898224949860E-01 a       244     0    13     1     4
  6.4081425087529531E-01 a       245     0    13     1     5
  2.5801810440862766E-01 a       246     0    13     1     6
  1.6905708614796386E-01 a       247     0    13     1     7
  3.7050054770889362E-01 a       248     0    13     1     8
 -2.5218459246006836E-01 a       249     0    13     1     9
 -3.0901477605637079E-01 a       250     0    13     1    10
 -3.9903047648262974E-01 a       251     0    13     1    11
  2.8430463727092414E-01 a       252     0    13     1    12
  3.7592279000357526E-01 a       253     0    13     1    13
 -3.5231334988162094E-01 a       254     0    13     1    14
  3.2719081703993580E-01 a       255     0    13     1    15
 -4.3028854690623064E-01 a       256     0    13     1    16
 -3.6751261630883639E-03 a       257     0    13     1    17
 -4.5373413639298560E-01 a       258     0    13     1    18
 -9.9732800898371401E-02 a       259     0    13     1    19
  1.8833608073379571E-01 a       260     0    13     1    20
  1.0676146703835712E-01 a       261     0    14     1     1
 -2.9699723732642092E-01 a       262     0    14     1     2
 -5.5066816016344222E-01 a       263     0    14     1     3
  8.6606011919432194E-02 a       264     0    14     1     4
  5.4908392888399576E-02 a       265     0    14     1     5
 -5.4635332998079733E-01 a       266     0    14     1     6
  3.3951591998133124E-01 a       267     0    14     1     7
  3.5744529425937349E-01 a       268     0    14     1     8
  1.1859508273227318E-01 a       269     0    14     1     9
 -3.3065506720251969E-01 a       270     0    14     1    10
 -5.5642664275984177E-01 a       271     0    14     1    11
 -4.1749491506934655E-01 a       272     0    14     1    12
 -1.1492292607434489E-02 a       273     0    14     1    13
 -6.8960768852133358E-01 a       274     0    14     1    14
  3.3873495013242061E-01 a       275     0    14     1    15
 -5.8991712032293009E-01 a       276     0    14     1    16
 -9.7524114291345526E-02 a       277     0    14     1    17
 -8.2139937293340917E-02 a       278     0    14     1    18
  9.7091292578102714E-02 a       279     0    14     1    19
  1.3722314806243441E-01 a       280     0    14     1    20
 -3.2256289713455250E-01 b       281     1     1
  5.4429828282088677E-01 b       282     1     2
  1.7735970841222157E-01 b       283     1     3
 -8.9151693247355424E-01 b       284     1     4
 -1.3419016690125585E-01 b       285     1     5
 -1.1292696349857567E+00 b       286     1     6
  3.5330448315969892E-01 b       287     1     7
 -1.1082360111455565E+00 b       288     1     8
 -1.3739705516749783E+00 b       289     1     9
 -1.7970767070828383E-02 b       290     1    10
 -1.1107879646403895E+00 b       291     1    11
  1.4528658754053010E+00 b       292     1    12
 -1.6529974798539673E+00 b       293     1    13
  3.9041323821986523E-01 b       294     1    14
 -3.9506474758042809E-01 b       295     1    15
  1.0557331293607195E+00 b       296     1    16
 -7.6486913498837483E-01 b       297     1    17
  1.1535326673710731E+00 b       298     1    18
 -4.1586520533328369E-01 b       299     1    19
 -1.6704931497084632E+00 b       300     1    20
  2.9132394669906797E-01 a       301     1     1     2     1
 -5.3414458100826645E-01 a       302     1     1     2     2
 -5.2239832075679160E-01 a       303     1     1     2     3
 -6.7582855412548881E-02 a       304     1     1     2     4
  3.9488591192710998E-01 a       305     1     1     2     5
 -2.1773889408294655E-01 a       306     1     1     2     6
 -6.4979641916164427E-02 a       307     1     1     2     7
  3.2095308652769372E-01 a       308     1     1     2     8
  5.5714701773523878E-01 a       309     1     1     2     9
  2.8483605196973762E-02 a       310     1     1     2    10
 -2.9095057281197395E-01 a       311     1     1     2    11
 -6.1406066323538877E-01 a       312     1     1     2    12
 -2.5156822623608710E-01 a       313     1     1     2    13
 -7.1140714541779060E-01 a       314     1     1     2    14
  7.0727152352578337E-01 a       315     1     1     2    15
 -3.0282140929113349E-01 a       316     1     1     2    16
 -9.2891317492971193E-02 a       317     1     1     2    17
  6.0917076122497260E-01 a       318     1     1     2    18
  1.4008839602957249E-01 a       319     1     1     2    19
  2.6375229745536305E-01 a       320     1     1     2    20
 -3.4640898377300328E-01 a       321     1     2     2     1
 -2.3612201302230645E-01 a       322     1     2     2     2
  2.3800740134439419E-01 a       323     1     2     2     3
  1.6085075385476100E-02 a       324     1     2     2     4
 -6.5516971451349590E-02 a       325     1     2     2     5
  4.4973082287714777E-01 a       326     1     2     2     6
  4.7211870235257242E-01 a       327     1     2     2     7
 -5.1865802556443941E-01 a       328     1     2     2     8
 -2.0993313713848463E-01 a       329     1     2     2     9
 -2.1765761117426857E-01 a       330     1     2     2    10
 -7.9964042713398548E-02 a       331     1     2     2    11
 -4.8659861006950017E-01 a       332     1     2     2    12
  4.7667163237813248E-01 a       333     1     2     2    13
  1.3403957204497513E-01 a       334     1     2     2    14
  4.1989262414185304E-02 a       335     1     2     2    15
  1.7426996234623199E-01 a       336     1     2     2    16
 -2.4092246225519967E-01 a       337     1     2     2    17
  2.3399914393488463E-01 a       338     1     2     2    18
  3.7368197476963572E-01 a       339     1     2     2    19
 -3.9581244547403915E-01 a       340     1     2     2    20
 -1.0003232585032967E-01 a       341     1     3     2     1
  3.5083522011257906E-01 a       342     1     3     2     2
  4.3574300050676362E-01 a       343     1     3     2     3
  4.8437106537661190E-01 a       344     1     3     2     4
  7.0153438623354081E-01 a       345     1     3     2     5
  2.2065726405596950E-01 a       346     1     3     2     6
  3.8380741289682163E-02 a       347     1     3     2     7
 -5.3355094643601797E-01 a       348     1     3     2     8
 -3.7254983337254810E-01 a       349     1     3     2     9
  2.5003300522505256E-01 a       350     1     3     2    10
  1.8973181054120204E-02 a       351     1     3     2    11
 -4.9055173272453356E-01 a       352     1     3     2    12
  4.2364806646948422E-01 a       353     1     3     2    13
 -4.3007306179032656E-01 a       354     1     3     2    14
 -1.3960014214942623E-01 a       355     1     3     2    15
 -3.0482355367691222E-01 a       356     1     3     2    16
 -3.9322519038691778E-01 a       357     1     3     2    17
  5.4297686710137949E-01 a       358     1     3     2    18
  1.8296661971679326E-01 a       359     1     3     2    19
  1.6845982347311414E-01 a       360     1     3     2    20
  4.1354289120103549E-01 a       361     1     4     2     1
 -7.2786501847087043E-02 a       362     1     4     2     2
  2.7843327266804002E-01 a       363     1     4     2     3
 -5.5239488842461471E-01 a       364     1     4     2     4
  3.8735343382054288E-01 a       365     1     4     2     5
  4.2748953179910820E-01 a       366     1     4     2     6
  4.1785076842461000E-01 a       367     1     4     2     7
  4.2685982969192654E-01 a       368     1     4     2     8
 -5.0108963230957437E-01 a       369     1     4     2     9
 -7.5895118799601158E-01 a       370     1     4     2    10
  3.6326598206615390E-01 a       371     1     4     2    11
 -2.7070613924124198E-01 a       372     1     4     2    12
 -9.7354233925026970E-02 a       373     1     4     2    13
 -3.2866001382845517E-01 a       374     1     4     2    14
 -1.2688266307988247E-01 a       375     1     4     2    15
  8.1201311747139224E-02 a       376     1     4     2    16
  2.8298133007013487E-01 a       377     1     4     2    17
  2.1203130151994459E-01 a       378     1     4     2    18
 -2.1974228752288222E-01 a       379     1     4     2    19
  5.7670215254976132E-01 a       380     1     4     2    20
  3.1312384052588582E-01 a       381     1     5     2     1
 -2.3814516248952949E-01 a       382     1     5     2     2
  4.8253048405371862E-01 a       383     1     5     2     3
  3.1168911872457550E-01 a       384     1     5     2     4
 -3.3852292979910478E-02 a       385     1     5     2     5
 -9.0166454408772911E-02 a       386     1     5     2     6
 -4.5539927079164355E-01 a       387     1     5     2     7
  1.8935354229301546E-01 a       388     1     5     2     8
 -1.1343129276947021E-01 a       389     1     5     2     9
 -5.1864592872354376E-01 a       390     1     5     2    10
 -1.3988158401824441E-01 a       391     1     5     2    11
  2.2717903843222653E-01 a       392     1     5     2    12
 -4.2442210152634396E-01 a       393     1     5     2    13
  6.1476028265837403E-02 a       394     1     5     2    14
  3.9202038027607777E-01 a       395     1     5     2    15
 -2.7684180737699154E-01 a       396     1     5     2    16
  4.4062816162830770E-01 a       397     1     5     2    17
 -5.8989700825668345E-01 a       398     1     5     2    18
 -3.9608702329841861E-01 a       399     1     5     2    19
 -5.4127882960770768E-01 a       400     1     5     2    20
  7.9030308831169160E-01 a       401     1     6     2     1
  5.6341530651789318E-01 a       402     1     6     2     2
 -5.2912527307264801E-01 a       403     1     6     2     3
 -3.9825830543647001E-01 a       404     1     6     2     4
  7.3616728642652479E-02 a       405     1     6     2     5
 -3.0757147556027309E-01 a       406     1     6     2     6
 -5.5956078466499315E-01 a       407     1     6     2     7
  3.2646936920726072E-01 a       408     1     6     2     8
 -5.2534219770631729E-01 a       409     1     6     2     9
  1.6600415697142468E-01 a       410     1     6     2    10
  6.0126987674852883E-01 a       411     1     6     2    11
 -6.6677143926562502E-02 a       412     1     6     2    12
  4.5415190300038800E-02 a       413     1     6     2    13
  4.8342484266657387E-01 a       414     1     6     2    14
 -3.9056619485969413E-01 a       415     1     6     2    15
  1.4103205776186678E-01 a       416     1     6     2    16
  3.8946290833585549E-02 a       417     1     6     2    17
 -2.0033854479995813E-01 a       418     1     6     2    18
  3.0063856078976098E-01 a       419     1     6     2    19
 -4.8894807585050587E-01 a       420     1     6     2    20
  5.2476892669900466E-01 a       421     1     7     2     1
  3.1860742185140728E-01 a       422     1     7     2     2
  2.3153515743336350E-01 a       423     1     7     2     3
  3.2211438280472665E-01 a       424     1     7     2     4
  6.1547264835555393E-01 a       425     1     7     2     5
 -1.7365231844585582E-01 a       426     1     7     2     6
  3.7628545713911771E-01 a       427     1     7     2     7
  1.8435812412533700E-01 a       428     1     7     2     8
 -2.0785887240598261E-01 a       429     1     7     2     9
  3.3640489271782953E-01 a       430     1     7     2    10
  2.3525366076206777E-01 a       431     1     7     2    11
  5.2594777840230353E-02 a       432     1     7     2    12
  2.5379324058464303E-01 a       433     1     7     2    13
 -1.2292084469528392E-01 a       434     1     7     2    14
 -3.8064174554406000E-01 a       435     1     7     2    15
  1.0001138943669949E-01 a       436     1     7     2    16
 -8.4953029650912851E-02 a       437     1     7     2    17
  2.1545505978626017E-01 a       438     1     7     2    18
  4.7108219020017550E-01 a       439     1     7     2    19
  1.3192439660168984E-01 a       440     1     7     2    20
  2.8048193383976039E-01 a       441     1     8     2     1
 -1.8936089006795606E-01 a       442     1     8     2     2
  4.8110939976096567E-01 a       443     1     8     2     3
 -5.3348207293376482E-01 a       444     1     8     2     4
 -3.2796759963115307E-01 a       445     1     8     2     5
 -3.1187715331192797E-02 a       446     1     8     2     6
  1.6786590827719292E-01 a       447     1     8     2     7
  4.8911415089838012E-01 a       448     1     8     2     8
  1.8856835928047594E-01 a       449     1     8     2     9
  1.3842858903189925E-01 a       450     1     8     2    10
 -1.2333211822893694E-01 a       451     1     8     2    11
  2.1947877129104124E-01 a       452     1     8     2    12
  9.9789344931141988E-01 a       453     1     8     2    13
  1.6067784991460529E-01 a       454     1     8     2    14
 -8.1494271314467501E-02 a       455     1     8     2    15
 -1.2479982309738805E-01 a       456     1     8     2    16
 -4.3933144005065866E-01 a       457     1     8     2    17
 -5.2119303260122866E-02 a       458     1     8     2    18
 -5.2716924557170097E-01 a       459     1     8     2    19
  4.1356353062115175E-01 a       460     1     8     2    20
 -8.5781353481161920E-02 a       461     1     9     2     1
 -1.2566765816464423E-01 a       462     1     9     2     2
 -5.1303783307909967E-03 a       463     1     9     2     3
  3.3278628195205012E-01 a       464     1     9     2     4
 -1.5447442620111690E-01 a       465     1     9     2     5
 -9.6146570612067578E-02 a       466     1     9     2     6
 -1.1522439326196826E-01 a       467     1     9     2     7
  4.4234461112080063E-02 a       468     1     9     2     8
 -2.8602031565056635E-01 a       469     1     9     2     9
 -7.5057479988525119E-02 a       470     1     9     2    10
 -3.2888927417103825E-01 a       471     1     9     2    11
  6.4078293114831861E-02 a       472     1     9     2    12
 -4.2351060879051250E-01 a       473     1     9     2    13
 -1.1014532199600988E-01 a       474     1     9     2    14
 -6.3271576562013998E-01 a       475     1     9     2    15
 -6.0803529393037636E-01 a       476     1     9     2    16
 -7.8824223886397884E-02 a       477     1     9     2    17
 -3.3035645148030723E-01 a       478     1     9     2    18
 -1.0678055179439826E-02 a       479     1     9     2    19
 -4.0754948056361723E-01 a       480     1     9     2    20
  3.0050728539868593E-01 a       481     1    10     2     1
 -1.5971608271232693E-01 a       482     1    10     2     2
  5.7560955622562460E-01 a       483     1    10     2     3
  5.5762364019757327E-01 a       484     1    10     2     4
 -2.9893407431791648E-02 a       485     1    10     2     5
 -3.0079492934705415E-01 a       486     1    10     2     6
  4.2096389223443420E-01 a       487     1    10     2     7
  3.2495953905565217E-01 a       488     1    10     2     8
  8.0799646547839943E-02 a       489     1    10     2     9
  3.7187097838547489E-01 a       490     1    10     2    10
 -5.2942792407687655E-01 a       491     1    10     2    11
 -5.5721984805295566E-01 a       492     1    10     2    12
 -1.2564928980149817E-01 a       493     1    10     2    13
 -9.8465311764509933E-01 a       494     1    10     2    14
  5.7564766194105277E-01 a       495     1    10     2    15
 -3.8864751620064247E-01 a       496     1    10     2    16
  3.9414222040882896E-01 a       497     1    10     2    17
  7.5969519501785043E-02 a       498     1    10     2    18
  3.1429016308465935E-01 a       499     1    10     2    19
  1.8943084472714661E-01 a       500     1    10     2    20
 -5.9142191376362163E-01 a       501     1    11     2     1
  4.3460387835222541E-01 a       502     1    11     2     2
 -6.6263203560325756E-01 a       503     1    11     2     3
  3.3977970944411012E-01 a       504     1    11     2     4
 -2.8801879467722385E-01 a       505     1    11     2     5
  2.8458391017313470E-02 a       506     1    11     2     6
  2.2355550446883943E-01 a       507     1    11     2     7
  2.7109444391743942E-03 a       508     1    11     2     8
  4.2101494202412522E-03 a       509     1    11     2     9
 -5.8810208018713506E-01 a       510     1    11     2    10
  1.6340766337251381E-01 a       511     1    11     2    11
 -5.4726552409523996E-02 a       512     1    11     2    12
 -8.2792155220296676E-02 a       513     1    11     2    13
  1.5673608771029902E-02 a       514     1    11     2    14
  1.0341783884965858E-01 a       515     1    11     2    15
 -2.7207403231729355E-01 a       516     1    11     2    16
  5.8029989917300784E-01 a       517     1    11     2    17
  2.0956751362604925E-01 a       518     1    11     2    18
  6.8651071481836731E-02 a       519     1    11     2    19
 -3.3037895557620517E-01 a       520     1    11     2    20
 -1.8416158629183449E-01 a       521     1    12     2     1
  2.7327795092240981E-01 a       522     1    12     2     2
  3.1382867481282001E-01 a       523     1    12     2     3
 -4.1146445644364943E-01 a       524     1    12     2     4
  4.2488451474938582E-01 a       525     1    12     2     5
 -1.5080084126379947E-01 a       526     1    12     2     6
 -5.5072837183904419E-02 a       527     1    12     2     7
  2.8027992123010032E-01 a       528     1    12     2     8
  3.5418285365960389E-01 a       529     1    12     2     9
  7.0067073944372726E-01 a       530     1    12     2    10
 -4.5072698522576271E-01 a       531     1    12     2    11
 -3.9948436816250132E-01 a       532     1    12     2    12
 -3.5220884803456681E-01 a       533     1    12     2    13
  1.6627137173083911E-01 a       534     1    12     2    14
  3.3890193440173250E-01 a       535     1    12     2    15
  4.2097877291273161E-01 a       536     1    12     2    16
  4.8979222432011255E-01 a       537     1    12     2    17
 -6.3433959420862651E-01 a       538     1    12     2    18
  1.3528777375513382E-01 a       539     1    12     2    19
  1.3099506328087895E-01 a       540     1    12     2    20
 -5.8170618984932931E-01 a       541     1    13     2     1
 -6.6019246305895285E-01 a       542     1    13     2     2
 -2.4901035127788151E-01 a       543     1    13     2     3
 -4.7032786711023206E-01 a       544     1    13     2     4
 -1.8777886039429759E-01 a       545     1    13     2     5
 -4.0623833795483860E-01 a       546     1    13     2     6
 -2.5864792810156434E-01 a       547     1    13     2     7
 -4.3982863148196100E-01 a       548     1    13     2     8
 -5.9940870352453068E-01 a       549     1    13     2     9
  3.2012431133003499E-01 a       550     1    13     2    10
 -4.4690901840471814E-01 a       551     1    13     2    11
  1.1177553075545028E-01 a       552     1    13     2    12
  8.3751408049199880E-02 a       553     1    13     2    13
 -3.2126574996821727E-01 a       554     1    13     2    14
  2.7446973466987551E-01 a       555     1    13     2    15
  2.4640464460384906E-01 a       556     1    13     2    16
 -4.2142953537944283E-01 a       557     1    13     2    17
 -4.6472823916119782E-01 a       558     1    13     2    18
 -5.1210269289272525E-01 a       559     1    13     2    19
 -3.7065025626141508E-02 a       560     1    13     2    20
 -3.6885607859943320E-01 a       561     1    14     2     1
 -2.9213228331196334E-01 a       562     1    14     2     2
 -5.9524810579620591E-01 a       563     1    14     2     3
 -2.3581320047615056E-01 a       564     1    14     2     4
 -2.8199844800129645E-02 a       565     1    14     2     5
  3.3986420745617051E-02 a       566     1    14     2     6
 -3.2628672924371804E-01 a       567     1    14     2     7
  2.6013419088551121E-01 a       568     1    14     2     8
 -6.1931548235840783E-01 a       569     1    14     2     9
 -2.1847752169076823E-01 a       570     1    14     2    10
 -2.6210276928666953E-01 a       571     1    14     2    11
 -3.5247074789865420E-03 a       572     1    14     2    12
 -1.2959192005892756E-01 a       573     1    14     2    13
  4.3921191322916520E-01 a       574     1    14     2    14
  3.2197322490534791E-01 a       575     1    14     2    15
  4.5605329048405019E-01 a       576     1    14     2    16
  1.7507925685344480E-01 a       577     1    14     2    17
 -4.6765848963677065E-01 a       578     1    14     2    18
 -1.8144514025714253E-01 a       579     1    14     2    19
 -2.9665893168528595E-01 a       580     1    14     2    20
 -5.8050728801947254E-02 a       581     1    15     2     1
 -2.6460448842858997E-01 a       582     1    15     2     2
 -1.9568704798944628E-01 a       583     1    15     2     3
  1.4388140988593631E-02 a       584     1    15     2     4
 -3.0070444145512604E-01 a       585     1    15     2     5
 -3.5976721566601055E-01 a       586     1    15     2     6
  6.0596727978257892E-01 a       587     1    15     2     7
  2.2286837817371000E-01 a       588     1    15     2     8
 -4.0351866730330621E-01 a       589     1    15     2     9
  9.1040378024728280E-02 a       590     1    15     2    10
  4.3812251290252818E-02 a       591     1    15     2    11
 -7.1432521686573414E-01 a       592     1    15     2    12
 -2.0135918418202414E-01 a       593     1    15     2    13
  9.3670179690348104E-02 a       594     1    15     2    14
 -2.7560372908545627E-01 a       595     1    15     2    15
  3.6025358796845042E-01 a       596     1    15     2    16
  4.5309247606456449E-01 a       597     1    15     2    17
 -1.1180201927097852E-01 a       598     1    15     2    18
  2.0980846446934950E-01 a       599     1    15     2    19
 -1.4540659014288748E-01 a       600     1    15     2    20
 -2.8629661769707188E-01 a       601     1    16     2     1
 -9.8702242097814773E-03 a       602     1    16     2     2
  2.5981769316921144E-01 a       603     1    16     2     3
 -3.3134195150563472E-01 a       604     1    16     2     4
  2.9926687084675041E-01 a       605     1    16     2     5
 -5.2314042350370038E-01 a       606     1    16     2     6
  6.4865405870595971E-01 a       607     1    16     2     7
  4.6404146008270936E-01 a       608     1    16     2     8
  2.3704201083120482E-01 a       609     1    16     2     9
  1.3564331984712061E-01 a       610     1    16     2    10
 -3.6487544696366009E-01 a       611     1    16     2    11
  3.5264917621910336E-01 a       612     1    16     2    12
 -8.9919930450670815E-02 a       613     1    16     2    13
 -5.4202348309262927E-01 a       614     1    16     2    14
 -4.0561293153026834E-01 a       615     1    16     2    15
 -1.7923549968451138E-01 a       616     1    16     2    16
  4.0228633615353440E-03 a       617     1    16     2    17
  5.7136550269848962E-01 a       618     1    16     2    18
 -6.1709535608712973E-01 a       619     1    16     2    19
 -3.3840850607630457E-01 a       620     1    16     2    20
  5.3307630709132403E-01 a       621     1    17     2     1
 -1.6130163400071049E-02 a       622     1    17     2     2
 -1.3868178081700666E-01 a       623     1    17     2     3
 -1.4062165365698961E-01 a       624     1    17     2     4
 -1.1079492690505538E-01 a       625     1    17     2     5
  1.4755043830183331E-01 a       626     1    17     2     6
  2.8170329491770874E-01 a       627     1    17     2     7
  2.7070585787015505E-01 a       628     1    17     2     8
 -3.8109217315895078E-01 a       629     1    17     2     9
 -3.1454368183107101E-01 a       630     1    17     2    10
  4.2379188641674557E-03 a       631     1    17     2    11
 -2.1773632073960261E-01 a       632     1    17     2    12
 -2.9578934823654146E-01 a       633     1    17     2    13
 -2.3547321388000098E-01 a       634     1    17     2    14
  4.5151966344514721E-01 a       635     1    17     2    15
 -5.9986469163307576E-01 a       636     1    17     2    16
  3.0650269161298904E-01 a       637     1    17     2    17
 -3.2861143029085749E-01 a       638     1    17     2    18
 -5.4849567745748751E-01 a       639     1    17     2    19
  1.6903095990589034E-01 a       640     1    17     2    20
 -2.5717838645821112E-01 a       641     1    18     2     1
 -1.1487698510720172E-01 a       642     1    18     2     2
 -5.4738363044796601E-01 a       643     1    18     2     3
 -2.5481263753663558E-01 a       644     1    18     2     4
 -2.7381468776628720E-01 a       645     1    18     2     5
 -2.5381427426076353E-01 a       646     1    18     2     6
 -1.2968953618814461E-01 a       647     1    18     2     7
 -2.2183828400561306E-01 a       648     1    18     2     8
  9.4961228810011747E-02 a       649     1    18     2     9
  3.9268245410451919E-01 a       650     1    18     2    10
 -2.4384318852442061E-01 a       651     1    18     2    11
  4.4171734517506578E-01 a       652     1    18     2    12
  1.1870500303946725E-01 a       653     1    18     2    13
 -2.8019380815643569E-01 a       654     1    18     2    14
 -3.6202561320326343E-01 a       655     1    18     2    15
 -5.2465620995246119E-02 a       656     1    18     2    16
 -2.2760454110546544E-01 a       657     1    18     2    17
  1.6748654291774534E-01 a       658     1    18     2    18
 -2.9159843844285205E-01 a       659     1    18     2    19
  7.7322516676640793E-02 a       660     1    18     2    20
 -1.8264450127454679E-01 a       661     1    19     2     1
  5.0182135564723529E-01 a       662     1    19     2     2
 -2.8586935694090349E-01 a       663     1    19     2     3
 -6.0939716724345250E-01 a       664     1    19     2     4
 -2.2814892565563949E-01 a       665     1    19     2     5
  1.7257078943850956E-01 a       666     1    19     2     6
 -3.7271483901138275E-01 a       667     1    19     2     7
  5.7851215239365428E-02 a       668     1    19     2     8
 -4.0706884571337865E-01 a       669     1    19     2     9
  4.3707568290440207E-01 a       670     1    19     2    10
 -6.1194483605562322E-01 a       671     1    19     2    11
 -4.5616663422815185E-01 a       672     1    19     2    12
  6.8235820885432216E-02 a       673     1    19     2    13
 -2.9048550004219326E-01 a       674     1    19     2    14
 -1.1563779502817013E-02 a       675     1    19     2    15
 -2.6693194567820050E-01 a       676     1    19     2    16
 -2.3290062742162670E-01 a       677     1    19     2    17
 -1.2425874970290941E-01 a       678     1    19     2    18
  1.7034003623701924E-01 a       679     1    19     2    19
 -4.2109497342119745E-01 a       680     1    19     2    20
 -1.2192948090639034E-03 a       681     1    20     2     1
  1.8238809844393669E-01 a       682     1    20     2     2
  1.5184431938260032E-01 a       683     1    20     2     3
 -9.8311811406294733E-02 a       684     1    20     2     4
 -7.5202077857866001E-01 a       685     1    20     2     5
 -8.8764118506584708E-02 a       686     1    20     2     6
  1.2373362578806622E-01 a       687     1    20     2     7
 -3.7208059233072577E-01 a       688     1    20     2     8
 -2.1566134552253055E-01 a       689     1    20     2     9
  2.2827720581876340E-01 a       690     1    20     2    10
  1.3734189497876348E-01 a       691     1    20     2    11
  1.5177024585105595E-01 a       692     1    20     2    12
  3.3069573027199922E-01 a       693     1    20     2    13
  1.8812649560019989E-01 a       694     1    20     2    14
  1.5965892453561117E-01 a       695     1    20     2    15
  7.4438462149485729E-01 a       696     1    20     2    16
  3.9342369449156961E-01 a       697     1    20     2    17
 -5.4716753815614561E-01 a       698     1    20     2    18
  3.0799079870900398E-01 a       699     1    20     2    19
 -2.9453131737136852E-02 a       700     1    20     2    20
  7.9677289870241508E-01 b       701     2     1
  2.5869106824350918E-01 b       702     2     2
  1.0192847508723228E+00 b       703     2     3
  1.5174009759086970E+00 b       704     2     4
  1.0447701280275621E+00 b       705     2     5
 -2.3321317496573607E-01 b       706     2     6
  1.0021395624395120E+00 b       707     2     7
 -1.4748034490893462E+00 b       708     2     8
  7.2325262970924564E-01 b       709     2     9
 -1.1077030556482930E+00 b       710     2    10
  3.5646605032078449E-01 b       711     2    11
 -6.3195843174562588E-02 b       712     2    12
 -1.4617301371746638E+00 b       713     2    13
 -1.6503758526710977E+00 b       714     2    14
 -1.2483417027888879E+00 b       715     2    15
  1.0657498090559419E+00 b       716     2    16
 -3.6624985334529303E-01 b       717     2    17
  1.1792001741691183E-01 b       718     2    18
  9.8890931586989889E-02 b       719     2    19
  9.8399400925501956E-01 b       720     2    20
 -5.6854055741448577E-02 a       721     2     1     3     1
  3.6223523964293247E-01 a       722     2     2     3     1
 -2.6149862491457732E-01 a       723     2     3     3     1
  5.8626942100995605E-01 a       724     2     4     3     1
 -4.3111210819199036E-01 a       725     2     5     3     1
 -5.6450426857836500E-01 a       726     2     6     3     1
 -8.0860581527340958E-01 a       727     2     7     3     1
  7.8403637580910923E-01 a       728     2     8     3     1
  6.6957730284268202E-01 a       729     2     9     3     1
 -6.4360200241895604E-01 a       730     2    10     3     1
 -4.9447772513345134E-01 a       731     2    11     3     1
 -8.7753001133789102E-02 a       732     2    12     3     1
  6.7945818182866735E-01 a       733     2    13     3     1
  5.6487031950217526E-01 a       734     2    14     3     1
 -3.7183922170183342E-01 a       735     2    15     3     1
  3.5995161201246761E-01 a       736     2    16     3     1
 -3.3804172009546885E-01 a       737     2    17     3     1
 -1.2247910756443905E+00 a       738     2    18     3     1
  4.0326291388281976E-01 a       739     2    19     3     1
  5.8546822159665879E-01 a       740     2    20     3     1
  4.9587514993737458E-01 b       741     3     1
