################################################################################
# Neural network connection values (weights and biases).
################################################################################
# Col  Name       Description
################################################################################
# 1    connection Neural network connection value.
# 2    t          Connection type (a = weight, b = bias).
# 3    index      Index enumerating weights.
# 4    l_s        Starting point layer (end point layer for biases).
# 5    n_s        Starting point neuron in starting layer (end point neuron for biases).
# 6    l_e        End point layer.
# 7    n_e        End point neuron in end layer.
################################################################################
#                      1 2         3     4     5     6     7
#             connection t     index   l_s   n_s   l_e   n_e
############################################################
  1.2764288580394781E-01 a         1     0     1     1     1
  3.0458098711457676E-01 a         2     0     1     1     2
  7.6987525975733118E-01 a         3     0     1     1     3
 -9.7924770914662851E-01 a         4     0     1     1     4
  3.6048962924361261E-01 a         5     0     1     1     5
 -1.2219274104580531E-01 a         6     0     1     1     6
  4.0272116747523112E-01 a         7     0     1     1     7
 -2.0372645064304906E-01 a         8     0     1     1     8
 -3.1225521312023696E-01 a         9     0     1     1     9
  5.1805428022949840E-01 a        10     0     1     1    10
  3.8381979413473644E-01 a        11     0     1     1    11
 -1.6971621821407840E-01 a        12     0     1     1    12
 -6.3813765227869401E-01 a        13     0     1     1    13
 -5.0669508838781008E-01 a        14     0     1     1    14
  1.2538219512098642E-01 a        15     0     1     1    15
  4.9556267690826900E-01 a        16     0     1     1    16
  7.8301023107288681E-01 a        17     0     1     1    17
 -7.5522032574186132E-02 a        18     0     1     1    18
 -2.9550847481758430E-01 a        19     0     1     1    19
  9.5604050606391433E-02 a        20     0     1     1    20
  3.8463890946751589E-01 a        21     0     2     1     1
 -6.5602701384195738E-01 a        22     0     2     1     2
  1.0924494464578327E-01 a        23     0     2     1     3
 -8.3458048710424240E-02 a        24     0     2     1     4
 -5.7801384253286278E-02 a        25     0     2     1     5
  1.4494540617899529E-01 a        26     0     2     1     6
  3.2536334311466025E-01 a        27     0     2     1     7
  3.2782494982131333E-01 a        28     0     2     1     8
 -8.6258161636601427E-01 a        29     0     2     1     9
  7.8875433977646359E-01 a        30     0     2     1    10
  2.1610875413542716E-01 a        31     0     2     1    11
 -1.0314525712167050E-01 a        32     0     2     1    12
 -1.9136830059889048E-01 a        33     0     2     1    13
 -3.1508999639661839E-01 a        34     0     2     1    14
  6.2784671926243274E-01 a        35     0     2     1    15
  3.2370053000280931E-02 a        36     0     2     1    16
 -3.9137570520409914E-01 a        37     0     2     1    17
  1.5512261397801416E-01 a        38     0     2     1    18
 -3.9920526260039335E-01 a        39     0     2     1    19
 -4.2662801778352932E-01 a        40     0     2     1    20
 -7.1339023009223146E-01 a        41     0     3     1     1
  1.0599209691071045E-01 a        42     0     3     1     2
 -2.2371389493722080E-01 a        43     0     3     1     3
 -8.2459808848265614E-01 a        44     0     3     1     4
 -1.9402167881244262E-01 a        45     0     3     1     5
  2.1021946862372903E-01 a        46     0     3     1     6
 -6.4565286888729356E-01 a        47     0     3     1     7
 -4.1970969523916024E-01 a        48     0     3     1     8
  1.2765789936344607E-01 a        49     0     3     1     9
 -6.2384905541552696E-02 a        50     0     3     1    10
  2.6400618569162421E-01 a        51     0     3     1    11
 -3.4832733383361969E-01 a        52     0     3     1    12
  4.1795463204162225E-01 a        53     0     3     1    13
 -2.5739353526395514E-01 a        54     0     3     1    14
 -6.6926009358014560E-01 a        55     0     3     1    15
  4.7627492160318335E-02 a        56     0     3     1    16
  2.4966719895078734E-01 a        57     0     3     1    17
  9.5336828099000751E-02 a        58     0     3     1    18
 -7.0863112358314662E-01 a        59     0     3     1    19
  1.3907064462123728E-01 a        60     0     3     1    20
  5.4304360129416585E-01 a        61     0     4     1     1
 -3.1325754483182505E-01 a        62     0     4     1     2
  3.0086181442115134E-01 a        63     0     4     1     3
 -7.1197799326810779E-02 a        64     0     4     1     4
  1.3472266624727236E-01 a        65     0     4     1     5
  1.8964379865934924E-01 a        66     0     4     1     6
 -8.8218475195452117E-02 a        67     0     4     1     7
 -9.4150987178162782E-02 a        68     0     4     1     8
  3.7489357505569659E-01 a        69     0     4     1     9
 -7.0269539725919516E-01 a        70     0     4     1    10
  1.2383111818302871E-01 a        71     0     4     1    11
  3.7714847177966565E-01 a        72     0     4     1    12
 -1.0827197118048792E-01 a        73     0     4     1    13
  5.1181271722776478E-01 a        74     0     4     1    14
 -4.7698105010838869E-02 a        75     0     4     1    15
 -9.4767014628116319E-01 a        76     0     4     1    16
 -4.2053623736900803E-01 a        77     0     4     1    17
 -3.0111224930416342E-01 a        78     0     4     1    18
 -2.3549520520571954E-01 a        79     0     4     1    19
  2.8698430135489017E-01 a        80     0     4     1    20
  2.3200448260423662E-01 a        81     0     5     1     1
  4.3125096189085804E-02 a        82     0     5     1     2
 -1.3775297583869059E-01 a        83     0     5     1     3
  6.2574736418013521E-01 a        84     0     5     1     4
 -4.8060533118850141E-01 a        85     0     5     1     5
  9.0344713383004138E-01 a        86     0     5     1     6
  9.9500035531288403E-02 a        87     0     5     1     7
 -2.6328487467925550E-02 a        88     0     5     1     8
  8.9120109942516634E-01 a        89     0     5     1     9
 -2.5058794778034330E-02 a        90     0     5     1    10
 -7.7377967568698225E-01 a        91     0     5     1    11
  3.2525761370823242E-01 a        92     0     5     1    12
 -5.5309822917992102E-01 a        93     0     5     1    13
 -5.4558607342415977E-01 a        94     0     5     1    14
 -3.0523546246848976E-01 a        95     0     5     1    15
 -2.6292403738394665E-01 a        96     0     5     1    16
 -2.2513025568944470E-01 a        97     0     5     1    17
  1.4232555472967340E-01 a        98     0     5     1    18
  4.8605221267608395E-01 a        99     0     5     1    19
  6.0330491387501906E-01 a       100     0     5     1    20
 -2.6217370051778782E-01 a       101     0     6     1     1
 -2.9465167470650705E-01 a       102     0     6     1     2
 -7.5493510544709985E-01 a       103     0     6     1     3
 -6.4539038468253110E-02 a       104     0     6     1     4
 -6.4387263256670602E-02 a       105     0     6     1     5
 -4.4554197690674330E-01 a       106     0     6     1     6
  4.1078603870825586E-01 a       107     0     6     1     7
 -4.5349295466508793E-01 a       108     0     6     1     8
 -3.3819999843962251E-02 a       109     0     6     1     9
  2.5219497900864024E-01 a       110     0     6     1    10
  4.9861302571206134E-01 a       111     0     6     1    11
 -3.4056589156934797E-01 a       112     0     6     1    12
 -5.2409405134382192E-01 a       113     0     6     1    13
 -1.0308834722818362E-01 a       114     0     6     1    14
  7.0316963258094042E-02 a       115     0     6     1    15
 -2.2099381152500178E-01 a       116     0     6     1    16
 -6.6610294066248088E-01 a       117     0     6     1    17
  4.3790590357588749E-01 a       118     0     6     1    18
 -7.1027818134414319E-02 a       119     0     6     1    19
 -6.2235018774521722E-01 a       120     0     6     1    20
 -1.1175145741947291E-01 a       121     0     7     1     1
 -5.9282323534475501E-01 a       122     0     7     1     2
  4.6612740832025895E-01 a       123     0     7     1     3
  4.0100632803269298E-01 a       124     0     7     1     4
  2.3507344755732690E-01 a       125     0     7     1     5
 -1.1653577054694994E-01 a       126     0     7     1     6
 -3.2724316006387932E-01 a       127     0     7     1     7
  5.5568856731359728E-01 a       128     0     7     1     8
 -1.8626775332461507E-01 a       129     0     7     1     9
  4.2143846972636528E-01 a       130     0     7     1    10
 -5.6575067553162783E-01 a       131     0     7     1    11
  4.5083236705933269E-02 a       132     0     7     1    12
  4.3220659751842233E-01 a       133     0     7     1    13
  5.3043917913475103E-01 a       134     0     7     1    14
 -1.6858904791521950E-01 a       135     0     7     1    15
 -8.5343040879263636E-03 a       136     0     7     1    16
 -5.1436106349985500E-01 a       137     0     7     1    17
 -3.8002124316095831E-01 a       138     0     7     1    18
  6.1778299055542618E-01 a       139     0     7     1    19
 -3.5143910634913927E-01 a       140     0     7     1    20
  2.7590968591515630E-01 a       141     0     8     1     1
  4.7102501736740243E-01 a       142     0     8     1     2
 -3.6048312863079884E-01 a       143     0     8     1     3
 -8.1887815517791465E-02 a       144     0     8     1     4
  9.4370207275621173E-03 a       145     0     8     1     5
 -4.9801684619210512E-01 a       146     0     8     1     6
  5.8095180310191830E-01 a       147     0     8     1     7
 -4.3069397271106380E-01 a       148     0     8     1     8
  5.2772322912868630E-01 a       149     0     8     1     9
  5.5663511198563143E-01 a       150     0     8     1    10
  3.3924720983571138E-01 a       151     0     8     1    11
 -1.8401505871723126E-01 a       152     0     8     1    12
  5.9416406918742115E-02 a       153     0     8     1    13
  6.1769169302829677E-02 a       154     0     8     1    14
 -1.0101951610843642E-01 a       155     0     8     1    15
 -2.3902458512198949E-01 a       156     0     8     1    16
 -4.5937868491113787E-01 a       157     0     8     1    17
  6.3196330169433892E-02 a       158     0     8     1    18
  3.9514251063289441E-01 a       159     0     8     1    19
  6.1685764629998263E-01 a       160     0     8     1    20
  3.2905932575033525E-01 a       161     0     9     1     1
 -2.9792538900564491E-01 a       162     0     9     1     2
  5.7086996251548827E-01 a       163     0     9     1     3
 -2.6227599474941754E-01 a       164     0     9     1     4
  3.7755675761704122E-01 a       165     0     9     1     5
 -6.3184819160207628E-01 a       166     0     9     1     6
 -2.1083449606461263E-01 a       167     0     9     1     7
 -4.1885010891085928E-01 a       168     0     9     1     8
  2.4899735010521698E-01 a       169     0     9     1     9
  1.2546732398322757E-01 a       170     0     9     1    10
 -8.0654966289343366E-01 a       171     0     9     1    11
 -4.1548303117226271E-01 a       172     0     9     1    12
  4.1739638049551259E-01 a       173     0     9     1    13
  4.4753506200340754E-01 a       174     0     9     1    14
  1.1034169579853048E-01 a       175     0     9     1    15
 -1.6297024309975670E-02 a       176     0     9     1    16
 -4.1230347224857639E-01 a       177     0     9     1    17
 -2.7298864525860511E-01 a       178     0     9     1    18
 -4.2150095974652591E-01 a       179     0     9     1    19
 -3.2725903947918006E-01 a       180     0     9     1    20
  5.3660236646803927E-01 a       181     0    10     1     1
  2.1622048318572312E-01 a       182     0    10     1     2
 -1.0345133318999288E-01 a       183     0    10     1     3
 -1.0750224489831975E-01 a       184     0    10     1     4
  3.5608654376656573E-01 a       185     0    10     1     5
 -2.4820416450471156E-01 a       186     0    10     1     6
  4.9270660752275164E-01 a       187     0    10     1     7
  3.6668497626341529E-01 a       188     0    10     1     8
 -4.8412649579981143E-01 a       189     0    10     1     9
  1.0142281476749605E-01 a       190     0    10     1    10
 -7.6776576622315476E-02 a       191     0    10     1    11
  2.6165835682924943E-01 a       192     0    10     1    12
 -2.8637561514876791E-01 a       193     0    10     1    13
 -4.6015107314565602E-02 a       194     0    10     1    14
  5.1375427902076343E-01 a       195     0    10     1    15
  3.9516402770918707E-01 a       196     0    10     1    16
 -7.2061758512182411E-02 a       197     0    10     1    17
 -4.0567260272103739E-01 a       198     0    10     1    18
 -4.7271117400941765E-01 a       199     0    10     1    19
 -2.2246126132840310E-01 a       200     0    10     1    20
  3.6556495317019189E-01 a       201     0    11     1     1
 -1.2825012241617129E-01 a       202     0    11     1     2
 -4.3469756714479052E-01 a       203     0    11     1     3
  3.4059127416886803E-01 a       204     0    11     1     4
 -8.0478368992291893E-01 a       205     0    11     1     5
 -5.3611690745014118E-01 a       206     0    11     1     6
  3.9468408423936993E-02 a       207     0    11     1     7
 -4.8997442003737546E-01 a       208     0    11     1     8
  4.1980395253986996E-01 a       209     0    11     1     9
 -3.0207190277007367E-01 a       210     0    11     1    10
  4.7837862876878197E-02 a       211     0    11     1    11
  3.5834475474695981E-01 a       212     0    11     1    12
 -1.4001452025881794E-01 a       213     0    11     1    13
  2.8933782944710251E-01 a       214     0    11     1    14
 -5.8135912475409723E-01 a       215     0    11     1    15
 -6.4404283438548493E-01 a       216     0    11     1    16
  1.3824860841817349E-01 a       217     0    11     1    17
  6.1563519617897489E-01 a       218     0    11     1    18
 -2.4725717778615951E-02 a       219     0    11     1    19
  6.0542155191476310E-01 a       220     0    11     1    20
  3.3398232168929853E-01 a       221     0    12     1     1
  8.1090137749726776E-01 a       222     0    12     1     2
  2.8500223716967932E-01 a       223     0    12     1     3
  4.0701932141799507E-01 a       224     0    12     1     4
  3.5971597803753991E-01 a       225     0    12     1     5
 -3.6177008075927858E-01 a       226     0    12     1     6
 -4.5444904544045324E-02 a       227     0    12     1     7
  2.8928337954151456E-01 a       228     0    12     1     8
  3.7334283731823176E-01 a       229     0    12     1     9
 -5.1615203293622916E-02 a       230     0    12     1    10
 -7.2306778850457942E-01 a       231     0    12     1    11
 -4.1648134623146760E-01 a       232     0    12     1    12
  5.9944223175525213E-01 a       233     0    12     1    13
  3.6422784013593529E-01 a       234     0    12     1    14
 -1.0184506087230496E-03 a       235     0    12     1    15
  3.2671994054948539E-01 a       236     0    12     1    16
 -4.3573862621496579E-01 a       237     0    12     1    17
 -6.0498136057557650E-01 a       238     0    12     1    18
 -6.5302958136415579E-01 a       239     0    12     1    19
  1.9021412059805043E-01 a       240     0    12     1    20
 -7.7267751783942573E-01 a       241     0    13     1     1
  5.8336910057209801E-01 a       242     0    13     1     2
  3.5861982676697168E-01 a       243     0    13     1     3
  4.3557183595238458E-01 a       244     0    13     1     4
  5.0438555918628469E-01 a       245     0    13     1     5
  5.5931993225960863E-01 a       246     0    13     1     6
 -7.1355009774662115E-01 a       247     0    13     1     7
  4.1495441498060398E-01 a       248     0    13     1     8
 -4.0680035839295775E-01 a       249     0    13     1     9
 -4.6214705490508073E-02 a       250     0    13     1    10
 -7.2046137377857644E-02 a       251     0    13     1    11
 -6.8290798359321370E-01 a       252     0    13     1    12
 -5.4307466960202655E-01 a       253     0    13     1    13
  5.1655371792511628E-01 a       254     0    13     1    14
 -4.2366743638245713E-01 a       255     0    13     1    15
  5.7145686198160572E-01 a       256     0    13     1    16
  3.3350858362780800E-01 a       257     0    13     1    17
 -4.5311167453616474E-01 a       258     0    13     1    18
  3.1990719933556216E-01 a       259     0    13     1    19
  2.2793591044621336E-02 a       260     0    13     1    20
  1.1070963418857745E-01 a       261     0    14     1     1
  8.6470475592383481E-02 a       262     0    14     1     2
 -3.1279285189474632E-01 a       263     0    14     1     3
 -2.0561547418249207E-01 a       264     0    14     1     4
  8.6618857817957273E-01 a       265     0    14     1     5
 -5.1335621691422373E-01 a       266     0    14     1     6
 -3.3427940574784282E-01 a       267     0    14     1     7
  2.3891911610608305E-01 a       268     0    14     1     8
  2.3898261193116629E-01 a       269     0    14     1     9
 -2.1770452643160262E-01 a       270     0    14     1    10
  5.1504014158313816E-01 a       271     0    14     1    11
 -6.5083685763143218E-01 a       272     0    14     1    12
 -3.1490979509728040E-01 a       273     0    14     1    13
  4.4668238740463034E-01 a       274     0    14     1    14
  3.1849989582224969E-01 a       275     0    14     1    15
 -2.7647073337422823E-01 a       276     0    14     1    16
 -6.2723912658026748E-01 a       277     0    14     1    17
 -7.0610714105772687E-02 a       278     0    14     1    18
  5.0613519698298026E-01 a       279     0    14     1    19
 -2.5777541538069809E-01 a       280     0    14     1    20
  5.8237979271950380E-01 b       281     1     1
  3.4316899789214764E-03 b       282     1     2
  9.7849899473426882E-01 b       283     1     3
 -5.0410171037526763E-01 b       284     1     4
 -7.8540530702387756E-01 b       285     1     5
 -1.9830792733847782E+00 b       286     1     6
 -2.6693458282999671E-01 b       287     1     7
 -1.2878582212174028E+00 b       288     1     8
 -1.0335557310866272E+00 b       289     1     9
 -7.8329873552337248E-01 b       290     1    10
  1.5309966475183465E+00 b       291     1    11
  6.1910245968504130E-01 b       292     1    12
  5.5136978847127560E-01 b       293     1    13
  1.3990764023738356E+00 b       294     1    14
  1.2639451438415257E+00 b       295     1    15
  8.2088620541788482E-01 b       296     1    16
 -2.7675903507937771E-01 b       297     1    17
  1.5947490968347342E+00 b       298     1    18
  3.5351707601159443E-01 b       299     1    19
  1.0246353226670248E+00 b       300     1    20
  2.1799674463486146E-01 a       301     1     1     2     1
  3.4641350117686420E-01 a       302     1     1     2     2
  3.4704604492781554E-01 a       303     1     1     2     3
  5.1725382610650084E-01 a       304     1     1     2     4
  3.9744750244093391E-01 a       305     1     1     2     5
 -4.2985486241919774E-01 a       306     1     1     2     6
 -3.0400109436314982E-01 a       307     1     1     2     7
 -7.2940368181496948E-02 a       308     1     1     2     8
  1.0633540371687188E-01 a       309     1     1     2     9
  1.1140191422168912E-01 a       310     1     1     2    10
 -7.2554873833322320E-02 a       311     1     1     2    11
 -1.7963364406966087E-01 a       312     1     1     2    12
 -3.4197482188845624E-01 a       313     1     1     2    13
 -3.1340468993889375E-01 a       314     1     1     2    14
 -6.4339012773961202E-02 a       315     1     1     2    15
  7.1769574297993388E-01 a       316     1     1     2    16
 -2.5589826383398606E-01 a       317     1     1     2    17
  3.8065141891280196E-01 a       318     1     1     2    18
 -2.7167449623508244E-01 a       319     1     1     2    19
 -1.4370594487504659E-01 a       320     1     1     2    20
  2.6819307089109573E-01 a       321     1     2     2     1
 -4.8231513814764870E-01 a       322     1     2     2     2
 -5.3155164286807932E-01 a       323     1     2     2     3
  4.2188734573657682E-02 a       324     1     2     2     4
 -2.7619464427932799E-01 a       325     1     2     2     5
 -4.6532664975543364E-01 a       326     1     2     2     6
  2.7195665583256001E-01 a       327     1     2     2     7
  2.0168762270187499E-01 a       328     1     2     2     8
 -4.6217857061080891E-01 a       329     1     2     2     9
 -5.3570339105165243E-01 a       330     1     2     2    10
  1.9506263794713399E-01 a       331     1     2     2    11
  3.9900173223035906E-01 a       332     1     2     2    12
  8.4844651712877944E-02 a       333     1     2     2    13
  3.7344129968729911E-01 a       334     1     2     2    14
 -5.7554617519965129E-02 a       335     1     2     2    15
 -2.0949337294073399E-02 a       336     1     2     2    16
 -2.3497895473213645E-01 a       337     1     2     2    17
  3.4553242892621983E-01 a       338     1     2     2    18
  3.2353445557738079E-02 a       339     1     2     2    19
  3.3941061621425184E-01 a       340     1     2     2    20
 -2.7833169373086064E-01 a       341     1     3     2     1
 -3.6328682774818033E-01 a       342     1     3     2     2
  4.9158500224911073E-01 a       343     1     3     2     3
 -3.6265355993222925E-01 a       344     1     3     2     4
 -6.8089447320903873E-01 a       345     1     3     2     5
 -2.8250491182674464E-01 a       346     1     3     2     6
 -4.7205424263983070E-01 a       347     1     3     2     7
 -5.2468714494682966E-01 a       348     1     3     2     8
  4.1164890797416304E-01 a       349     1     3     2     9
 -1.6553030364245780E-01 a       350     1     3     2    10
 -2.7922957421843081E-01 a       351     1     3     2    11
  3.8157381769562709E-01 a       352     1     3     2    12
 -3.2839385542495669E-01 a       353     1     3     2    13
 -2.4477169702336057E-02 a       354     1     3     2    14
  9.9875301091867819E-02 a       355     1     3     2    15
  2.1577965561944817E-01 a       356     1     3     2    16
  8.5066482752742700E-02 a       357     1     3     2    17
 -3.5384086689379357E-01 a       358     1     3     2    18
  2.6044119826930018E-01 a       359     1     3     2    19
  3.0940746012643339E-01 a       360     1     3     2    20
  5.6862426065907257E-01 a       361     1     4     2     1
 -5.7318340494375419E-01 a       362     1     4     2     2
  4.4849320063111925E-01 a       363     1     4     2     3
 -5.1041563711604243E-01 a       364     1     4     2     4
 -1.8188379612647490E-01 a       365     1     4     2     5
  8.9176206855189677E-02 a       366     1     4     2     6
  3.6513423260149314E-01 a       367     1     4     2     7
  3.5160402773568139E-01 a       368     1     4     2     8
 -3.3296762326935575E-01 a       369     1     4     2     9
  5.6518203573147768E-02 a       370     1     4     2    10
  3.4412487146963122E-01 a       371     1     4     2    11
  6.3137025036125649E-01 a       372     1     4     2    12
  1.0196075037501152E-01 a       373     1     4     2    13
  2.7075497106969476E-01 a       374     1     4     2    14
 -6.1426495970391226E-01 a       375     1     4     2    15
  1.2284590572330419E-01 a       376     1     4     2    16
 -2.7667931129924966E-01 a       377     1     4     2    17
  3.4915884885700871E-01 a       378     1     4     2    18
  6.4521624920670362E-01 a       379     1     4     2    19
  3.5304571800492568E-01 a       380     1     4     2    20
 -3.5838885018539407E-01 a       381     1     5     2     1
  4.3898046190720641E-01 a       382     1     5     2     2
 -3.7792121282084407E-01 a       383     1     5     2     3
  1.4026605319623300E-01 a       384     1     5     2     4
 -1.3432557569416709E-02 a       385     1     5     2     5
  6.5785545042515464E-02 a       386     1     5     2     6
  5.0590466727384098E-01 a       387     1     5     2     7
  1.2738432037010275E-01 a       388     1     5     2     8
  5.3793999670208967E-02 a       389     1     5     2     9
 -2.9561219265478656E-02 a       390     1     5     2    10
  2.4453144347652037E-01 a       391     1     5     2    11
  1.5717793834092761E-01 a       392     1     5     2    12
  5.7079633186240146E-02 a       393     1     5     2    13
  1.3151584855937914E-01 a       394     1     5     2    14
 -2.6926259366022781E-01 a       395     1     5     2    15
  4.2302050997544377E-01 a       396     1     5     2    16
 -3.1647557997621745E-01 a       397     1     5     2    17
  5.7932325805608531E-02 a       398     1     5     2    18
 -5.9815104278748132E-01 a       399     1     5     2    19
 -5.7218413217392250E-01 a       400     1     5     2    20
 -2.4628032178712785E-02 a       401     1     6     2     1
  2.5281450213244144E-01 a       402     1     6     2     2
 -4.8330909829654345E-01 a       403     1     6     2     3
 -1.8875798372951616E-01 a       404     1     6     2     4
  4.0960045006539053E-01 a       405     1     6     2     5
 -3.7329498142786505E-01 a       406     1     6     2     6
  4.5223932896599256E-01 a       407     1     6     2     7
  6.8999092337846002E-01 a       408     1     6     2     8
  3.6899271794456978E-01 a       409     1     6     2     9
  5.1862374045173598E-01 a       410     1     6     2    10
 -4.6352072601295358E-01 a       411     1     6     2    11
 -3.0987651172229785E-01 a       412     1     6     2    12
 -1.8852469260203467E-01 a       413     1     6     2    13
 -3.4930414799415543E-01 a       414     1     6     2    14
 -1.8543227496752868E-01 a       415     1     6     2    15
 -5.1156389204575006E-02 a       416     1     6     2    16
  5.3781634345458729E-01 a       417     1     6     2    17
  4.0935166544877744E-01 a       418     1     6     2    18
 -4.6417348674677067E-01 a       419     1     6     2    19
 -4.2421315593197527E-02 a       420     1     6     2    20
 -4.4868017751704259E-01 a       421     1     7     2     1
 -7.6908649299110038E-02 a       422     1     7     2     2
  2.2017871839314698E-01 a       423     1     7     2     3
  5.0604021395705301E-01 a       424     1     7     2     4
  2.0855645519379454E-01 a       425     1     7     2     5
 -4.2602748472935131E-01 a       426     1     7     2     6
  1.5525879053384459E-01 a       427     1     7     2     7
  5.0390451805627257E-01 a       428     1     7     2     8
 -4.3979335384378659E-01 a       429     1     7     2     9
 -1.8984723278913029E-01 a       430     1     7     2    10
  8.8100830719094289E-02 a       431     1     7     2    11
 -1.0409954687562829E-01 a       432     1     7     2    12
 -2.3671813641348213E-01 a       433     1     7     2    13
 -6.3356559194139150E-01 a       434     1     7     2    14
 -4.3089098519312391E-01 a       435     1     7     2    15
 -6.8582820803782496E-01 a       436     1     7     2    16
  2.1593389782259784E-01 a       437     1     7     2    17
 -6.7216078397343049E-01 a       438     1     7     2    18
 -3.9761027250845843E-01 a       439     1     7     2    19
  3.3280163352175179E-01 a       440     1     7     2    20
 -3.1326852151995814E-02 a       441     1     8     2     1
 -1.6035328696815770E-01 a       442     1     8     2     2
 -7.0650300038678518E-02 a       443     1     8     2     3
  2.6831004688736282E-01 a       444     1     8     2     4
 -3.9929016568503017E-01 a       445     1     8     2     5
  1.6724347922056301E-03 a       446     1     8     2     6
 -3.8192630050249998E-01 a       447     1     8     2     7
  6.0826414717508237E-01 a       448     1     8     2     8
  2.1828917896371960E-01 a       449     1     8     2     9
  4.8623354093848287E-01 a       450     1     8     2    10
  2.7951845756711868E-01 a       451     1     8     2    11
 -3.0539076299975626E-01 a       452     1     8     2    12
  4.3281441513163005E-01 a       453     1     8     2    13
  2.3789554514524477E-01 a       454     1     8     2    14
 -8.6843422183402099E-03 a       455     1     8     2    15
 -4.9937768015191580E-01 a       456     1     8     2    16
  4.3461247718029818E-02 a       457     1     8     2    17
 -4.0242561929455906E-01 a       458     1     8     2    18
  1.5243279403573251E-01 a       459     1     8     2    19
 -5.1454955669609614E-01 a       460     1     8     2    20
 -3.3047458582627359E-01 a       461     1     9     2     1
 -4.3321537885087835E-01 a       462     1     9     2     2
  2.8029949383698221E-02 a       463     1     9     2     3
  4.3179002607584571E-01 a       464     1     9     2     4
  6.5651548695184830E-02 a       465     1     9     2     5
  3.4790072188571736E-01 a       466     1     9     2     6
  3.9845363927909638E-01 a       467     1     9     2     7
  2.6651472899313971E-03 a       468     1     9     2     8
  3.6417260062181023E-01 a       469     1     9     2     9
  5.0934467351323043E-01 a       470     1     9     2    10
 -2.6833616633763879E-01 a       471     1     9     2    11
 -5.7639766621730637E-01 a       472     1     9     2    12
  6.4111019729982377E-01 a       473     1     9     2    13
  7.6029751812719915E-01 a       474     1     9     2    14
 -5.0244774339860021E-01 a       475     1     9     2    15
  2.5807497265862567E-01 a       476     1     9     2    16
  1.7369129097965111E-01 a       477     1     9     2    17
 -2.0996233774892040E-01 a       478     1     9     2    18
 -2.1791585277977321E-01 a       479     1     9     2    19
 -1.7067415303522519E-02 a       480     1     9     2    20
  3.1621975721935675E-01 a       481     1    10     2     1
  2.0186291540192153E-01 a       482     1    10     2     2
 -4.7982891581625903E-01 a       483     1    10     2     3
  2.3474974939257337E-01 a       484     1    10     2     4
 -2.8302873840263620E-01 a       485     1    10     2     5
  2.7660480359022205E-01 a       486     1    10     2     6
  4.1687444599194728E-01 a       487     1    10     2     7
 -4.8190247148534521E-01 a       488     1    10     2     8
  2.4353988966516132E-01 a       489     1    10     2     9
 -1.9350977280981335E-01 a       490     1    10     2    10
 -1.3074480342281561E-01 a       491     1    10     2    11
 -2.6875816411249823E-02 a       492     1    10     2    12
  7.6238276401347810E-02 a       493     1    10     2    13
 -4.8608580489346281E-01 a       494     1    10     2    14
  2.9823860288431359E-01 a       495     1    10     2    15
 -2.5645765710422069E-01 a       496     1    10     2    16
  1.4536193674384718E-01 a       497     1    10     2    17
  5.9658519926973863E-01 a       498     1    10     2    18
 -5.0538755816053604E-01 a       499     1    10     2    19
  1.2815370419551222E-01 a       500     1    10     2    20
  5.9453040220520748E-01 a       501     1    11     2     1
  4.6169805395432345E-01 a       502     1    11     2     2
 -2.9089874743794447E-01 a       503     1    11     2     3
  4.8884076633683571E-01 a       504     1    11     2     4
  7.3411322846929944E-02 a       505     1    11     2     5
 -5.0416123760694742E-01 a       506     1    11     2     6
 -1.1351141212633963E-01 a       507     1    11     2     7
  5.7384027570675955E-01 a       508     1    11     2     8
 -3.3508856495353084E-01 a       509     1    11     2     9
  4.6616468246356196E-01 a       510     1    11     2    10
  5.1304176278064628E-01 a       511     1    11     2    11
 -6.6177854485663712E-01 a       512     1    11     2    12
 -4.3733883190596201E-01 a       513     1    11     2    13
  3.8070319394586699E-01 a       514     1    11     2    14
  1.9948486941311999E-01 a       515     1    11     2    15
  2.2038386662082299E-01 a       516     1    11     2    16
 -1.7807628561191274E-01 a       517     1    11     2    17
  2.6004844500407764E-01 a       518     1    11     2    18
  6.0876233614884867E-01 a       519     1    11     2    19
  6.3495323582142338E-01 a       520     1    11     2    20
 -6.6366193024977121E-02 a       521     1    12     2     1
 -1.3869934260585703E-01 a       522     1    12     2     2
  6.5689927059976991E-02 a       523     1    12     2     3
  1.2632396271722413E-01 a       524     1    12     2     4
 -9.7870891293812573E-02 a       525     1    12     2     5
 -4.8738230563981821E-01 a       526     1    12     2     6
  6.3717308918280757E-01 a       527     1    12     2     7
  3.3447069462553242E-01 a       528     1    12     2     8
 -1.0552121536772789E-01 a       529     1    12     2     9
  7.9506048947558000E-02 a       530     1    12     2    10
  1.4419954430997411E-03 a       531     1    12     2    11
  4.0945057288240461E-01 a       532     1    12     2    12
 -3.8784587421756545E-01 a       533     1    12     2    13
 -1.1120896204398947E-01 a       534     1    12     2    14
 -6.1275158248089268E-01 a       535     1    12     2    15
  2.8550056860227385E-01 a       536     1    12     2    16
 -6.0124687000540078E-01 a       537     1    12     2    17
  3.7681143377074711E-01 a       538     1    12     2    18
 -1.3578042329563222E-01 a       539     1    12     2    19
  3.5308357732056755E-01 a       540     1    12     2    20
 -1.8204291796928113E-01 a       541     1    13     2     1
  7.5772486621366208E-02 a       542     1    13     2     2
 -1.1522760219701633E-01 a       543     1    13     2     3
  5.5991958837711499E-02 a       544     1    13     2     4
  3.2292503168453474E-01 a       545     1    13     2     5
 -4.1774447958927058E-01 a       546     1    13     2     6
  2.7894019879329629E-02 a       547     1    13     2     7
 -3.7172157547569379E-01 a       548     1    13     2     8
 -1.1486628931567060E-01 a       549     1    13     2     9
  2.6392234665480707E-01 a       550     1    13     2    10
 -3.3509819415376119E-02 a       551     1    13     2    11
  6.7130105976139581E-02 a       552     1    13     2    12
 -1.0183876385650387E-01 a       553     1    13     2    13
 -3.4544278716701676E-01 a       554     1    13     2    14
  3.6337988759639683E-01 a       555     1    13     2    15
  1.7467182249722543E-01 a       556     1    13     2    16
 -2.4699978055743529E-01 a       557     1    13     2    17
  9.2605640915080431E-02 a       558     1    13     2    18
  2.6881039998963813E-01 a       559     1    13     2    19
  5.1101883449637575E-01 a       560     1    13     2    20
 -4.2034366286452896E-01 a       561     1    14     2     1
  2.7111634893161163E-01 a       562     1    14     2     2
  5.2239432544912853E-02 a       563     1    14     2     3
  7.4485977510166709E-02 a       564     1    14     2     4
  5.6705730996442882E-01 a       565     1    14     2     5
 -2.7578092246164915E-01 a       566     1    14     2     6
 -4.9829983564928287E-01 a       567     1    14     2     7
 -2.7475591648294800E-01 a       568     1    14     2     8
 -1.9739991796205048E-01 a       569     1    14     2     9
  4.8393557896748207E-01 a       570     1    14     2    10
  3.0294195572029614E-01 a       571     1    14     2    11
  2.3327846509011856E-02 a       572     1    14     2    12
  3.0103014421627494E-01 a       573     1    14     2    13
 -6.7537760119073353E-01 a       574     1    14     2    14
  5.0719864650147684E-01 a       575     1    14     2    15
 -4.3762542819964761E-01 a       576     1    14     2    16
  2.3664873893509658E-01 a       577     1    14     2    17
  5.9370795028135326E-01 a       578     1    14     2    18
  7.5005958706401865E-02 a       579     1    14     2    19
 -9.1786829054457758E-02 a       580     1    14     2    20
 -4.1849874012346322E-01 a       581     1    15     2     1
  1.3947204782686148E-01 a       582     1    15     2     2
  3.5478236251868694E-01 a       583     1    15     2     3
  8.5646899869943546E-02 a       584     1    15     2     4
 -4.4299517235012986E-01 a       585     1    15     2     5
 -4.8662863376457843E-01 a       586     1    15     2     6
 -1.0760055613754982E-01 a       587     1    15     2     7
  3.0000001541603871E-01 a       588     1    15     2     8
  9.9895609447328393E-02 a       589     1    15     2     9
 -3.3677075565155806E-01 a       590     1    15     2    10
  4.8618089369882916E-01 a       591     1    15     2    11
  5.2575482007398200E-01 a       592     1    15     2    12
  3.0386360462151353E-02 a       593     1    15     2    13
  4.3830900895672981E-01 a       594     1    15     2    14
 -2.6485414030962684E-01 a       595     1    15     2    15
  3.7350542432840866E-01 a       596     1    15     2    16
 -2.2062104315563602E-01 a       597     1    15     2    17
 -4.0133520621365731E-01 a       598     1    15     2    18
 -4.7940255086696811E-02 a       599     1    15     2    19
  3.1238348420172241E-01 a       600     1    15     2    20
 -4.6928809287058421E-02 a       601     1    16     2     1
  3.1138884703158259E-02 a       602     1    16     2     2
 -3.8316610661011408E-01 a       603     1    16     2     3
  7.3920508959458886E-01 a       604     1    16     2     4
 -1.5343549841767026E-01 a       605     1    16     2     5
  4.5390323073698574E-01 a       606     1    16     2     6
  8.0987113432250731E-03 a       607     1    16     2     7
 -2.8438965856878790E-01 a       608     1    16     2     8
  3.0622478038871326E-01 a       609     1    16     2     9
 -2.6393788761713816E-01 a       610     1    16     2    10
  1.8405380096164208E-02 a       611     1    16     2    11
 -1.6409368210036274E-01 a       612     1    16     2    12
  3.5881177508600287E-01 a       613     1    16     2    13
  1.4922927511575029E-01 a       614     1    16     2    14
  1.4625125894353511E-01 a       615     1    16     2    15
 -4.9601003731327326E-01 a       616     1    16     2    16
 -2.4147322358691392E-01 a       617     1    16     2    17
  4.0733261892488559E-01 a       618     1    16     2    18
  1.9239807851211344E-01 a       619     1    16     2    19
 -4.6527713411950561E-01 a       620     1    16     2    20
 -2.8729873255093391E-01 a       621     1    17     2     1
  6.4995722491923619E-02 a       622     1    17     2     2
  2.7690822856861430E-01 a       623     1    17     2     3
  2.0567968656285529E-01 a       624     1    17     2     4
  2.3415205856877933E-01 a       625     1    17     2     5
  6.3175673827265644E-01 a       626     1    17     2     6
 -2.0171515216136765E-01 a       627     1    17     2     7
 -5.7654737705392263E-02 a       628     1    17     2     8
 -3.6848778482340694E-01 a       629     1    17     2     9
 -5.5700135674331075E-01 a       630     1    17     2    10
  2.6410188308173171E-01 a       631     1    17     2    11
  1.2648253837676499E-01 a       632     1    17     2    12
  1.3680801410230864E-01 a       633     1    17     2    13
  1.1027967385646159E-01 a       634     1    17     2    14
  7.4193681929426325E-02 a       635     1    17     2    15
  3.7059424382104456E-01 a       636     1    17     2    16
  2.4533228001028889E-01 a       637     1    17     2    17
  7.2242892447913071E-02 a       638     1    17     2    18
  2.2925222789639180E-01 a       639     1    17     2    19
  2.7586167282528978E-01 a       640     1    17     2    20
  4.3592596772862957E-01 a       641     1    18     2     1
  1.2975215899689224E-01 a       642     1    18     2     2
  2.2520512483541449E-01 a       643     1    18     2     3
  5.9699028745396354E-01 a       644     1    18     2     4
 -2.6059322658251682E-01 a       645     1    18     2     5
 -5.4977280061666516E-02 a       646     1    18     2     6
 -4.7663831688258218E-01 a       647     1    18     2     7
 -2.4986168389069899E-01 a       648     1    18     2     8
 -4.8846849618116195E-01 a       649     1    18     2     9
 -1.4941947181701823E-01 a       650     1    18     2    10
 -3.6404926699917750E-01 a       651     1    18     2    11
 -6.1380452350838455E-01 a       652     1    18     2    12
 -1.3910662306956312E-01 a       653     1    18     2    13
 -3.5759683786076263E-01 a       654     1    18     2    14
  2.8183191952957570E-01 a       655     1    18     2    15
  5.9522394144201707E-01 a       656     1    18     2    16
  1.3487945631232792E-01 a       657     1    18     2    17
 -1.2163508163005911E-01 a       658     1    18     2    18
 -3.1708589278648108E-01 a       659     1    18     2    19
 -3.7005347629259921E-01 a       660     1    18     2    20
  3.7242801316335195E-01 a       661     1    19     2     1
  4.9420718761335097E-01 a       662     1    19     2     2
 -7.0241333173281273E-01 a       663     1    19     2     3
  1.9314972083025125E-01 a       664     1    19     2     4
 -8.5215375313730784E-03 a       665     1    19     2     5
  2.1869926561658865E-01 a       666     1    19     2     6
 -4.2107603665744803E-01 a       667     1    19     2     7
 -5.7539554037107654E-01 a       668     1    19     2     8
  9.4909270725240767E-03 a       669     1    19     2     9
  4.9117340922498692E-01 a       670     1    19     2    10
  2.3008904285295753E-01 a       671     1    19     2    11
 -2.2203108399525628E-01 a       672     1    19     2    12
  5.8552647654763557E-01 a       673     1    19     2    13
  4.2505554972578977E-02 a       674     1    19     2    14
  8.6220682673043469E-01 a       675     1    19     2    15
  4.6833441701838785E-02 a       676     1    19     2    16
  3.1415104927153953E-01 a       677     1    19     2    17
  1.8074062144604999E-01 a       678     1    19     2    18
  1.1854662246785540E-01 a       679     1    19     2    19
 -3.4786813459740396E-01 a       680     1    19     2    20
  6.2776828327786782E-01 a       681     1    20     2     1
  3.3557466341604292E-01 a       682     1    20     2     2
 -2.6033620379135708E-01 a       683     1    20     2     3
  1.9784557763970656E-01 a       684     1    20     2     4
 -9.4406666703176795E-02 a       685     1    20     2     5
 -3.1706355316182833E-01 a       686     1    20     2     6
  3.8016907048964620E-02 a       687     1    20     2     7
  4.3288950917885448E-02 a       688     1    20     2     8
  5.4635349514999498E-01 a       689     1    20     2     9
 -3.9222293398162533E-01 a       690     1    20     2    10
  2.4493766017674556E-01 a       691     1    20     2    11
  5.2192227880561071E-01 a       692     1    20     2    12
 -6.0968332033884173E-02 a       693     1    20     2    13
  2.0237304425370772E-01 a       694     1    20     2    14
  2.4217478255317484E-01 a       695     1    20     2    15
  2.3904295017938279E-01 a       696     1    20     2    16
 -3.1956050152831661E-01 a       697     1    20     2    17
  3.6448701581127219E-01 a       698     1    20     2    18
 -2.9786331975594604E-01 a       699     1    20     2    19
  4.8220839818544664E-01 a       700     1    20     2    20
  1.7117156463516987E+00 b       701     2     1
 -9.0636784655087677E-01 b       702     2     2
 -9.7180332339010866E-01 b       703     2     3
  4.3304193581703082E-01 b       704     2     4
  9.8674345721024015E-01 b       705     2     5
 -3.1951507899042608E-01 b       706     2     6
 -1.0186098900303864E+00 b       707     2     7
  8.9999857395302640E-02 b       708     2     8
  1.0149643166849915E+00 b       709     2     9
 -4.2792547486638821E-01 b       710     2    10
 -1.1404365010816484E+00 b       711     2    11
  5.2164745889771946E-01 b       712     2    12
  1.4250283642600050E+00 b       713     2    13
 -1.4656290671509000E+00 b       714     2    14
 -1.2273834757916793E+00 b       715     2    15
  5.1183685262797285E-01 b       716     2    16
  1.3956831370313716E+00 b       717     2    17
  9.6654667319082044E-01 b       718     2    18
  1.4492429294575118E+00 b       719     2    19
 -1.0838752940642409E+00 b       720     2    20
 -6.3245674808329455E-01 a       721     2     1     3     1
 -4.5698982630075852E-01 a       722     2     2     3     1
 -1.0755565465024622E-01 a       723     2     3     3     1
  7.2327787726468684E-01 a       724     2     4     3     1
  6.2224168626162013E-01 a       725     2     5     3     1
  1.0971807961222992E-01 a       726     2     6     3     1
 -2.0065455429303308E-01 a       727     2     7     3     1
  6.9108458535095341E-01 a       728     2     8     3     1
  5.0309131471346968E-01 a       729     2     9     3     1
  1.1701821058717564E-01 a       730     2    10     3     1
  5.2520331121709585E-01 a       731     2    11     3     1
  4.4724571550625725E-01 a       732     2    12     3     1
 -2.5801854935548280E-01 a       733     2    13     3     1
 -2.2917224239980608E-01 a       734     2    14     3     1
  2.5199321278394043E-01 a       735     2    15     3     1
 -1.3229427139759078E+00 a       736     2    16     3     1
  3.2857802906280287E-01 a       737     2    17     3     1
 -1.0025878186736519E+00 a       738     2    18     3     1
  5.7226385275029901E-01 a       739     2    19     3     1
 -6.4038333325056068E-02 a       740     2    20     3     1
  3.9953986136494701E-01 b       741     3     1
