################################################################################
# Neural network connection values (weights and biases).
################################################################################
# Col  Name       Description
################################################################################
# 1    connection Neural network connection value.
# 2    t          Connection type (a = weight, b = bias).
# 3    index      Index enumerating weights.
# 4    l_s        Starting point layer (end point layer for biases).
# 5    n_s        Starting point neuron in starting layer (end point neuron for biases).
# 6    l_e        End point layer.
# 7    n_e        End point neuron in end layer.
################################################################################
#                      1 2         3     4     5     6     7
#             connection t     index   l_s   n_s   l_e   n_e
############################################################
 -4.1503921999378224E-01 a         1     0     1     1     1
 -2.9241026744814086E-01 a         2     0     1     1     2
  3.8429847369296649E-01 a         3     0     1     1     3
 -6.1615636955128139E-01 a         4     0     1     1     4
  2.4233469974813196E-01 a         5     0     1     1     5
  6.7993596987416061E-01 a         6     0     1     1     6
 -3.0222535600579387E-01 a         7     0     1     1     7
  8.4634650670065245E-02 a         8     0     1     1     8
  1.2230717720713957E-01 a         9     0     1     1     9
  7.4877205935613933E-01 a        10     0     1     1    10
  6.7060051870671344E-01 a        11     0     1     1    11
 -5.3150176634777346E-01 a        12     0     1     1    12
 -8.0230315507520578E-01 a        13     0     1     1    13
  4.4655923310068746E-01 a        14     0     1     1    14
 -8.4316155897769363E-02 a        15     0     1     1    15
  3.0699964483282810E-01 a        16     0     1     1    16
 -5.2829433252449975E-01 a        17     0     1     1    17
  1.8676417812138374E-01 a        18     0     1     1    18
  9.0907294444343911E-01 a        19     0     1     1    19
  3.3039577885707239E-01 a        20     0     1     1    20
 -2.6690727993247204E-02 a        21     0     2     1     1
  2.6050949862285278E-01 a        22     0     2     1     2
  9.2851365484843817E-01 a        23     0     2     1     3
  6.5974489251720625E-01 a        24     0     2     1     4
 -2.1442297519547102E-01 a        25     0     2     1     5
  1.6439844348275157E-02 a        26     0     2     1     6
  5.7183105193479744E-01 a        27     0     2     1     7
 -2.6745008677953003E-01 a        28     0     2     1     8
  5.8454682507644096E-01 a        29     0     2     1     9
  4.6012291899561814E-01 a        30     0     2     1    10
  1.8517273910852103E-01 a        31     0     2     1    11
  4.1294256055061634E-01 a        32     0     2     1    12
 -2.3750513592834982E-01 a        33     0     2     1    13
 -1.0792185946084927E+00 a        34     0     2     1    14
  4.9858415422943797E-01 a        35     0     2     1    15
 -2.0817287462192202E-01 a        36     0     2     1    16
  5.7321271482282243E-01 a        37     0     2     1    17
  4.6053688518953451E-01 a        38     0     2     1    18
  1.5311841550345587E-01 a        39     0     2     1    19
  1.0062081050697673E-01 a        40     0     2     1    20
  4.3981689005691260E-01 a        41     0     3     1     1
  6.5127838002552962E-01 a        42     0     3     1     2
 -1.8977663436539863E-01 a        43     0     3     1     3
 -4.1473974230087987E-02 a        44     0     3     1     4
 -5.3863757640912802E-01 a        45     0     3     1     5
  4.7510030528461067E-01 a        46     0     3     1     6
 -7.5231161654526113E-01 a        47     0     3     1     7
  1.0602525247705821E-01 a        48     0     3     1     8
 -3.7999221170808473E-01 a        49     0     3     1     9
  5.6628090333359338E-01 a        50     0     3     1    10
 -5.0323632149908359E-01 a        51     0     3     1    11
 -6.1052172152482109E-01 a        52     0     3     1    12
 -2.7068785522998595E-01 a        53     0     3     1    13
 -5.9998201371615392E-02 a        54     0     3     1    14
 -1.4352248766619941E-01 a        55     0     3     1    15
  2.9536323380948459E-01 a        56     0     3     1    16
  4.6079862307282105E-01 a        57     0     3     1    17
  4.5627796993078107E-01 a        58     0     3     1    18
  6.1260658366153464E-01 a        59     0     3     1    19
  1.3851081441416113E+00 a        60     0     3     1    20
  2.8511526474494012E-02 a        61     0     4     1     1
  5.6802217412328937E-01 a        62     0     4     1     2
 -2.1430098970805272E-01 a        63     0     4     1     3
  3.2407144424634571E-01 a        64     0     4     1     4
 -2.3487115464778238E-01 a        65     0     4     1     5
 -2.1188534741363543E-01 a        66     0     4     1     6
 -1.7841392614115059E-01 a        67     0     4     1     7
  4.6575773663982092E-02 a        68     0     4     1     8
 -1.5871083182462838E-02 a        69     0     4     1     9
 -7.2598403499245934E-01 a        70     0     4     1    10
  6.9891464478187759E-01 a        71     0     4     1    11
  2.0179578211449190E-01 a        72     0     4     1    12
 -2.1402938929423904E-01 a        73     0     4     1    13
  8.9884508695744297E-02 a        74     0     4     1    14
  4.6787994628618013E-01 a        75     0     4     1    15
  4.8833324988128202E-01 a        76     0     4     1    16
  8.1875282133448157E-01 a        77     0     4     1    17
  2.5642012015084516E-02 a        78     0     4     1    18
  5.2379181151486609E-01 a        79     0     4     1    19
 -1.0801951307157078E+00 a        80     0     4     1    20
  1.0534203930240414E-01 a        81     0     5     1     1
 -8.2710884887681035E-01 a        82     0     5     1     2
 -5.8854384613507582E-01 a        83     0     5     1     3
  4.0251214367650473E-01 a        84     0     5     1     4
 -3.5611731810561698E-01 a        85     0     5     1     5
  2.1628253954516863E-01 a        86     0     5     1     6
  5.1857937334210802E-01 a        87     0     5     1     7
 -5.0669536753412103E-01 a        88     0     5     1     8
 -1.4009669471325228E-01 a        89     0     5     1     9
  2.6080331091460057E-01 a        90     0     5     1    10
  4.9161661824079433E-01 a        91     0     5     1    11
 -3.8813346463168003E-01 a        92     0     5     1    12
  6.1752242089959875E-01 a        93     0     5     1    13
  3.0916147430333063E-01 a        94     0     5     1    14
 -2.7850311757642343E-01 a        95     0     5     1    15
  6.5425209319874877E-01 a        96     0     5     1    16
  3.8337621060338728E-01 a        97     0     5     1    17
 -4.4266603819314954E-01 a        98     0     5     1    18
 -1.2562564333503962E-01 a        99     0     5     1    19
 -2.9050300924225991E-01 a       100     0     5     1    20
  4.3027303000897221E-01 a       101     0     6     1     1
 -1.3682470665646823E-01 a       102     0     6     1     2
  6.9123431078450204E-01 a       103     0     6     1     3
 -9.7128948136610653E-03 a       104     0     6     1     4
  5.6709310026887161E-01 a       105     0     6     1     5
  8.1341534058660414E-01 a       106     0     6     1     6
  8.1129014405096705E-02 a       107     0     6     1     7
  1.5317098692000020E-01 a       108     0     6     1     8
  3.7437374484000430E-01 a       109     0     6     1     9
 -4.2704402128699087E-01 a       110     0     6     1    10
  9.1508456235157221E-01 a       111     0     6     1    11
  5.6461645031876166E-02 a       112     0     6     1    12
 -1.4622943423012974E-01 a       113     0     6     1    13
 -1.4976795760241243E-01 a       114     0     6     1    14
  8.1375556159658677E-02 a       115     0     6     1    15
 -4.3114918370664146E-01 a       116     0     6     1    16
 -7.1849055605569812E-01 a       117     0     6     1    17
  7.1744764154449880E-01 a       118     0     6     1    18
 -2.3653366826207034E-01 a       119     0     6     1    19
  3.6413399233004817E-01 a       120     0     6     1    20
 -1.0038347541468646E+00 a       121     0     7     1     1
  4.2891873321860169E-01 a       122     0     7     1     2
 -2.9282689334282991E-01 a       123     0     7     1     3
 -1.7749474172785201E-01 a       124     0     7     1     4
  3.9473324189341641E-01 a       125     0     7     1     5
 -4.7227413432082373E-02 a       126     0     7     1     6
  7.4404945918625398E-01 a       127     0     7     1     7
  2.0024327814528009E-01 a       128     0     7     1     8
 -7.8911129120791845E-01 a       129     0     7     1     9
 -5.4005144935377380E-01 a       130     0     7     1    10
  3.7623195294229345E-01 a       131     0     7     1    11
 -1.6448249666473325E-01 a       132     0     7     1    12
  8.7892009379770397E-01 a       133     0     7     1    13
  1.6957672409147059E-01 a       134     0     7     1    14
  3.7024823408761426E-01 a       135     0     7     1    15
  1.0506827039048452E+00 a       136     0     7     1    16
  3.1730959076983350E-01 a       137     0     7     1    17
  8.1512891639276386E-01 a       138     0     7     1    18
 -6.9743684877645151E-02 a       139     0     7     1    19
 -9.2137075456061968E-01 a       140     0     7     1    20
  2.0398573687476407E-01 a       141     0     8     1     1
 -8.0290165239305336E-02 a       142     0     8     1     2
 -3.2658961489800425E-01 a       143     0     8     1     3
  3.3715669546645344E-01 a       144     0     8     1     4
  2.3578519846074286E-01 a       145     0     8     1     5
  2.6193493824739822E-01 a       146     0     8     1     6
  4.0831863447991396E-01 a       147     0     8     1     7
  4.0396755734010031E-01 a       148     0     8     1     8
  7.6412920747664781E-01 a       149     0     8     1     9
 -6.8587199730218751E-01 a       150     0     8     1    10
  8.2236830794669713E-01 a       151     0     8     1    11
 -7.2486625402843430E-01 a       152     0     8     1    12
 -3.4293891914132887E-02 a       153     0     8     1    13
  6.5117353512970466E-01 a       154     0     8     1    14
  4.3466622375616903E-01 a       155     0     8     1    15
  6.5140976201604500E-02 a       156     0     8     1    16
 -1.0965390087488965E-01 a       157     0     8     1    17
 -7.6902980068120949E-02 a       158     0     8     1    18
 -3.5686940390680172E-01 a       159     0     8     1    19
 -5.7006965899382489E-01 a       160     0     8     1    20
  7.1721892371944582E-02 a       161     0     9     1     1
 -3.4568462276586864E-01 a       162     0     9     1     2
 -5.3878662595708715E-01 a       163     0     9     1     3
  5.4649220158974152E-02 a       164     0     9     1     4
 -3.5210180331108337E-01 a       165     0     9     1     5
 -6.1594830159490799E-01 a       166     0     9     1     6
  8.2767879076268935E-01 a       167     0     9     1     7
 -1.6331982766134842E-01 a       168     0     9     1     8
 -2.3109229503916154E-01 a       169     0     9     1     9
  1.2112352215686926E+00 a       170     0     9     1    10
  2.8200088781923044E-01 a       171     0     9     1    11
  1.8347802511393829E-01 a       172     0     9     1    12
  4.0525135177563165E-01 a       173     0     9     1    13
 -7.4064654636054716E-01 a       174     0     9     1    14
  2.4002085369698870E-01 a       175     0     9     1    15
 -4.3198655608468856E-01 a       176     0     9     1    16
 -5.1425097739485592E-01 a       177     0     9     1    17
 -4.3879902410691357E-01 a       178     0     9     1    18
 -5.5995065712503844E-01 a       179     0     9     1    19
  7.8086595404618886E-01 a       180     0     9     1    20
  6.7051977141259456E-01 a       181     0    10     1     1
  4.2035731609202133E-02 a       182     0    10     1     2
 -1.5520346601468837E-01 a       183     0    10     1     3
  6.7967399793544148E-01 a       184     0    10     1     4
 -2.3916394741441677E-01 a       185     0    10     1     5
  5.7161996857963204E-01 a       186     0    10     1     6
  5.4115106939164166E-02 a       187     0    10     1     7
 -3.4958646550761291E-01 a       188     0    10     1     8
 -7.5759542455120332E-01 a       189     0    10     1     9
 -4.0582686308841559E-01 a       190     0    10     1    10
  4.7538386170875230E-01 a       191     0    10     1    11
  1.8332358455801759E-01 a       192     0    10     1    12
  2.6528494027160870E-01 a       193     0    10     1    13
 -5.4304566555563760E-01 a       194     0    10     1    14
  8.1741794250514321E-01 a       195     0    10     1    15
 -8.8373310638426295E-02 a       196     0    10     1    16
  3.8539369642625021E-01 a       197     0    10     1    17
  1.2641461899065339E-03 a       198     0    10     1    18
 -1.3911003103040423E-01 a       199     0    10     1    19
  2.5362709206630768E-01 a       200     0    10     1    20
 -5.6614806580694099E-01 a       201     0    11     1     1
 -5.9807704132164080E-03 a       202     0    11     1     2
  6.7585813387818439E-02 a       203     0    11     1     3
  8.9122333425315936E-01 a       204     0    11     1     4
 -3.5114860929819097E-01 a       205     0    11     1     5
  1.4454427711736955E-02 a       206     0    11     1     6
  2.8454554248258923E-01 a       207     0    11     1     7
 -2.4656230684706265E-01 a       208     0    11     1     8
  9.0430809517759309E-02 a       209     0    11     1     9
 -3.0258910778721909E-01 a       210     0    11     1    10
 -2.6958629179996363E-01 a       211     0    11     1    11
  3.2659781579492558E-01 a       212     0    11     1    12
  2.1264958530436034E-01 a       213     0    11     1    13
 -1.3990626969829020E-01 a       214     0    11     1    14
 -5.5581848787316501E-01 a       215     0    11     1    15
 -4.2472307536969850E-01 a       216     0    11     1    16
 -6.2860760263566559E-02 a       217     0    11     1    17
  3.9093187837709775E-01 a       218     0    11     1    18
  3.1441471998607690E-01 a       219     0    11     1    19
  1.4137886611559919E-01 a       220     0    11     1    20
  6.3077927486935303E-01 a       221     0    12     1     1
 -2.7340096220584725E-01 a       222     0    12     1     2
  4.7993636036582954E-01 a       223     0    12     1     3
 -5.3310192649223553E-01 a       224     0    12     1     4
 -7.0181553278480502E-01 a       225     0    12     1     5
  1.4565748319582481E-01 a       226     0    12     1     6
  1.5421847796078034E-01 a       227     0    12     1     7
  3.1069213667249285E-01 a       228     0    12     1     8
  1.0230948653601994E-02 a       229     0    12     1     9
 -9.1553168948847696E-01 a       230     0    12     1    10
 -3.3222881197134224E-01 a       231     0    12     1    11
 -9.9176405475000851E-01 a       232     0    12     1    12
  6.6050897801823194E-01 a       233     0    12     1    13
 -8.2141210092919872E-02 a       234     0    12     1    14
  7.8728802931520325E-01 a       235     0    12     1    15
  6.2543348088461501E-02 a       236     0    12     1    16
 -6.9016554867148039E-01 a       237     0    12     1    17
 -4.6323171007214448E-01 a       238     0    12     1    18
  5.7657071914555158E-01 a       239     0    12     1    19
  6.1234367716906180E-01 a       240     0    12     1    20
  2.7962893149545737E-01 a       241     0    13     1     1
 -1.5150640504058605E-01 a       242     0    13     1     2
  3.9948613246556558E-01 a       243     0    13     1     3
  4.6361244529334639E-01 a       244     0    13     1     4
  3.6103489541479300E-01 a       245     0    13     1     5
 -1.1292231209891979E-01 a       246     0    13     1     6
  5.8535971491618000E-01 a       247     0    13     1     7
  4.6741755366499160E-01 a       248     0    13     1     8
  2.3224452714637933E-01 a       249     0    13     1     9
  5.5606818060463092E-01 a       250     0    13     1    10
  3.9548627538208270E-01 a       251     0    13     1    11
  4.2277645917083373E-01 a       252     0    13     1    12
  1.1209256306737246E-02 a       253     0    13     1    13
 -8.6356158717059039E-01 a       254     0    13     1    14
  1.0943280642774948E+00 a       255     0    13     1    15
  2.6019504539504895E-01 a       256     0    13     1    16
 -3.3935809992226817E-01 a       257     0    13     1    17
 -1.3390083700776517E-01 a       258     0    13     1    18
 -4.2873749713490983E-01 a       259     0    13     1    19
  7.2824212240131103E-01 a       260     0    13     1    20
 -2.1680845604557664E-01 a       261     0    14     1     1
  5.1579987377251912E-01 a       262     0    14     1     2
  6.1629181852402948E-01 a       263     0    14     1     3
 -1.3370784237615532E-01 a       264     0    14     1     4
  2.7681840020203491E-01 a       265     0    14     1     5
 -5.2513143016401953E-01 a       266     0    14     1     6
 -5.0129823454775857E-01 a       267     0    14     1     7
  4.1343573273868395E-01 a       268     0    14     1     8
 -5.4474610105514554E-01 a       269     0    14     1     9
 -1.4501529506773730E-01 a       270     0    14     1    10
 -7.0859969420115110E-01 a       271     0    14     1    11
  3.1589900952693084E-01 a       272     0    14     1    12
  8.8675922672509983E-02 a       273     0    14     1    13
 -3.5784052175266573E-01 a       274     0    14     1    14
 -8.1726337550804395E-01 a       275     0    14     1    15
 -6.1312884143622315E-01 a       276     0    14     1    16
  5.3263853708126763E-01 a       277     0    14     1    17
 -1.6311540137387140E-01 a       278     0    14     1    18
 -1.2280062647360254E-01 a       279     0    14     1    19
  2.2783537994045347E-01 a       280     0    14     1    20
  2.8993196976279439E-01 b       281     1     1
  5.0668724923975828E-01 b       282     1     2
 -1.7669418657502092E+00 b       283     1     3
 -1.2288722497497664E+00 b       284     1     4
 -6.6705796630418013E-01 b       285     1     5
  1.3777973692625620E+00 b       286     1     6
 -1.0629231499886624E+00 b       287     1     7
 -1.5188290344344868E-01 b       288     1     8
  1.6983970871171732E+00 b       289     1     9
  6.3356961624154662E-01 b       290     1    10
 -1.4422089834214493E+00 b       291     1    11
  9.9313733506913204E-01 b       292     1    12
 -4.5924821679464278E-01 b       293     1    13
 -1.6052312594561111E+00 b       294     1    14
 -1.5587794578819709E+00 b       295     1    15
  4.7065016922616676E-01 b       296     1    16
 -7.1231144007273361E-01 b       297     1    17
 -6.0741784491036999E-01 b       298     1    18
 -1.4201639125576104E+00 b       299     1    19
  1.2606852523894267E+00 b       300     1    20
 -2.5800276151603041E-01 a       301     1     1     2     1
  7.4779713982364360E-01 a       302     1     1     2     2
  4.5458709362619593E-01 a       303     1     1     2     3
 -1.1451177634409641E-01 a       304     1     1     2     4
 -1.8370042864718639E-01 a       305     1     1     2     5
 -1.8576691034604145E-01 a       306     1     1     2     6
 -3.7668812626307713E-01 a       307     1     1     2     7
  5.0076361933470093E-01 a       308     1     1     2     8
  4.0317968426655049E-01 a       309     1     1     2     9
 -8.3980802184775827E-02 a       310     1     1     2    10
 -1.6825795533276336E-01 a       311     1     1     2    11
  9.0963633669719976E-02 a       312     1     1     2    12
 -5.5415253473896442E-01 a       313     1     1     2    13
  1.0252210222234719E-01 a       314     1     1     2    14
 -3.6818142920479535E-01 a       315     1     1     2    15
 -1.3660740440070079E-01 a       316     1     1     2    16
 -4.9182349493757949E-01 a       317     1     1     2    17
  4.7146432683820155E-01 a       318     1     1     2    18
  5.0982375446523309E-01 a       319     1     1     2    19
 -1.3532809270041576E-01 a       320     1     1     2    20
 -6.4564432285258033E-01 a       321     1     2     2     1
 -4.5633052533989188E-01 a       322     1     2     2     2
  1.5490121974896789E-01 a       323     1     2     2     3
  2.7876656396369354E-01 a       324     1     2     2     4
  2.0014727711613176E-01 a       325     1     2     2     5
  6.3947922597666340E-01 a       326     1     2     2     6
  3.5374863628727238E-01 a       327     1     2     2     7
 -4.7503059533586128E-01 a       328     1     2     2     8
  4.3888543360269028E-01 a       329     1     2     2     9
  5.1867226358705631E-01 a       330     1     2     2    10
 -2.0178489288363727E-01 a       331     1     2     2    11
  3.5174575092505700E-01 a       332     1     2     2    12
 -8.3355215508667285E-02 a       333     1     2     2    13
  1.6181619418420556E-01 a       334     1     2     2    14
  3.0155264479810484E-01 a       335     1     2     2    15
 -2.8997740817668066E-01 a       336     1     2     2    16
  5.4913907287684260E-01 a       337     1     2     2    17
 -5.8994967391731712E-01 a       338     1     2     2    18
  2.1942890059705136E-02 a       339     1     2     2    19
 -2.0635261651874068E-01 a       340     1     2     2    20
  5.4799678725494416E-01 a       341     1     3     2     1
  5.7584253087753190E-01 a       342     1     3     2     2
 -7.7714539311316544E-01 a       343     1     3     2     3
  2.9539039218116270E-01 a       344     1     3     2     4
 -7.1826545337760048E-02 a       345     1     3     2     5
 -1.1581596083598937E-01 a       346     1     3     2     6
  7.8941235014963876E-02 a       347     1     3     2     7
  1.5769719773939761E-01 a       348     1     3     2     8
 -4.5816273510660049E-01 a       349     1     3     2     9
  3.9143339416097411E-01 a       350     1     3     2    10
  2.5554103302639164E-01 a       351     1     3     2    11
 -1.6082369563994800E-01 a       352     1     3     2    12
 -3.6388403700282584E-01 a       353     1     3     2    13
  4.0593894570988098E-01 a       354     1     3     2    14
  2.4976125278259320E-01 a       355     1     3     2    15
 -5.6719631495352318E-01 a       356     1     3     2    16
 -5.1430358822844102E-01 a       357     1     3     2    17
  4.9036633680127256E-02 a       358     1     3     2    18
  2.3831314354697448E-02 a       359     1     3     2    19
 -5.6810619121067218E-01 a       360     1     3     2    20
  2.5181333336171724E-01 a       361     1     4     2     1
 -1.8155620518301963E-01 a       362     1     4     2     2
 -6.0328408318657123E-01 a       363     1     4     2     3
  8.6633628693355025E-01 a       364     1     4     2     4
  9.3383636010974089E-02 a       365     1     4     2     5
 -5.7688413975057118E-01 a       366     1     4     2     6
  4.8920099132910511E-02 a       367     1     4     2     7
 -1.8509396231254055E-02 a       368     1     4     2     8
 -5.5729697561376512E-01 a       369     1     4     2     9
  4.8143240992262615E-01 a       370     1     4     2    10
  7.1134849331646599E-01 a       371     1     4     2    11
 -8.9555274551087069E-02 a       372     1     4     2    12
 -2.1566607645914462E-01 a       373     1     4     2    13
  6.6555214679880992E-01 a       374     1     4     2    14
 -5.2783985224133086E-02 a       375     1     4     2    15
 -8.2831510440898337E-01 a       376     1     4     2    16
  2.5162532659775405E-01 a       377     1     4     2    17
  1.3986642453112572E-01 a       378     1     4     2    18
 -6.0276056181371640E-01 a       379     1     4     2    19
 -4.2923478587306751E-01 a       380     1     4     2    20
  7.0056913558025402E-01 a       381     1     5     2     1
 -5.2177428688173433E-02 a       382     1     5     2     2
  4.2327051622814676E-01 a       383     1     5     2     3
 -5.4140922260694141E-02 a       384     1     5     2     4
 -1.5534017669807532E-01 a       385     1     5     2     5
  2.2680465799505109E-01 a       386     1     5     2     6
 -4.1022729236391758E-01 a       387     1     5     2     7
 -2.1292096809811747E-01 a       388     1     5     2     8
  5.0520799794881743E-01 a       389     1     5     2     9
  6.2047494294769245E-02 a       390     1     5     2    10
 -1.0792789709250478E-01 a       391     1     5     2    11
  2.0720168571615821E-01 a       392     1     5     2    12
  1.2659576224860855E-01 a       393     1     5     2    13
  3.9848466288284679E-01 a       394     1     5     2    14
 -4.1360028381986419E-01 a       395     1     5     2    15
 -2.2621621783938967E-01 a       396     1     5     2    16
 -2.1386180879977970E-01 a       397     1     5     2    17
 -1.5834762060838264E-02 a       398     1     5     2    18
  4.1275135778763505E-01 a       399     1     5     2    19
 -1.3007503005725699E-01 a       400     1     5     2    20
 -1.8444724357908734E-01 a       401     1     6     2     1
  3.2385907220943322E-01 a       402     1     6     2     2
  1.9562127797875942E-01 a       403     1     6     2     3
 -1.9208672415887827E-02 a       404     1     6     2     4
  8.7967111017749525E-02 a       405     1     6     2     5
  1.5381607776908374E-01 a       406     1     6     2     6
 -8.3625014231844763E-02 a       407     1     6     2     7
  7.3905301511488930E-01 a       408     1     6     2     8
  6.5003801978614406E-01 a       409     1     6     2     9
 -2.0061197771045303E-02 a       410     1     6     2    10
  2.9638247765382902E-01 a       411     1     6     2    11
 -3.4772850393085736E-01 a       412     1     6     2    12
  4.0581889113206682E-01 a       413     1     6     2    13
 -7.9588110516943100E-01 a       414     1     6     2    14
  3.8067213737731737E-01 a       415     1     6     2    15
 -4.6030329570024847E-01 a       416     1     6     2    16
 -9.5774412970475453E-02 a       417     1     6     2    17
  1.5207503420391344E-01 a       418     1     6     2    18
  3.6049999034055830E-01 a       419     1     6     2    19
 -3.5238483125698666E-01 a       420     1     6     2    20
 -2.4002544659366939E-01 a       421     1     7     2     1
 -6.3887867997507772E-02 a       422     1     7     2     2
 -4.6111548081258152E-01 a       423     1     7     2     3
 -7.7114103390921382E-02 a       424     1     7     2     4
  1.5391727298494656E-01 a       425     1     7     2     5
  9.7444321058367724E-03 a       426     1     7     2     6
  3.0112240743339919E-01 a       427     1     7     2     7
 -2.5242324782953512E-01 a       428     1     7     2     8
 -1.6125182826382752E-02 a       429     1     7     2     9
  4.9971183885135530E-02 a       430     1     7     2    10
 -4.3254839077684182E-01 a       431     1     7     2    11
 -1.9893739695682219E-01 a       432     1     7     2    12
  6.9422165994205264E-03 a       433     1     7     2    13
  8.9473261176490612E-02 a       434     1     7     2    14
 -3.3368231050574254E-01 a       435     1     7     2    15
  6.0636308311368503E-01 a       436     1     7     2    16
 -4.8823114879153412E-01 a       437     1     7     2    17
  3.0639540152624545E-01 a       438     1     7     2    18
  6.0400706124128378E-01 a       439     1     7     2    19
 -4.5049491925941770E-01 a       440     1     7     2    20
 -5.1260089522893328E-02 a       441     1     8     2     1
 -5.4243010518931167E-01 a       442     1     8     2     2
  1.5245429480462755E-01 a       443     1     8     2     3
  4.7006812347186676E-04 a       444     1     8     2     4
  1.7738498597120556E-01 a       445     1     8     2     5
 -4.1649066910871518E-01 a       446     1     8     2     6
  3.6983799992372784E-01 a       447     1     8     2     7
 -6.0586249206118070E-01 a       448     1     8     2     8
 -3.0414613940165536E-01 a       449     1     8     2     9
 -1.8052619262577929E-01 a       450     1     8     2    10
  8.8528952880955039E-02 a       451     1     8     2    11
 -9.0523871139041631E-02 a       452     1     8     2    12
 -5.1291311699506658E-03 a       453     1     8     2    13
 -1.6787794287977797E-01 a       454     1     8     2    14
 -4.5951890323397548E-01 a       455     1     8     2    15
  1.4666735940716089E-01 a       456     1     8     2    16
 -4.1834846652304525E-01 a       457     1     8     2    17
 -4.9029195615950666E-01 a       458     1     8     2    18
 -3.2967933873718808E-01 a       459     1     8     2    19
 -4.9672827389069318E-01 a       460     1     8     2    20
 -3.4892504028308069E-01 a       461     1     9     2     1
 -4.4633654145766616E-01 a       462     1     9     2     2
 -6.3837468068048173E-02 a       463     1     9     2     3
  3.3139306347646924E-01 a       464     1     9     2     4
  6.1285877737983230E-01 a       465     1     9     2     5
  1.8828967925040363E-01 a       466     1     9     2     6
 -3.1813604308050336E-01 a       467     1     9     2     7
  5.7682364097401795E-01 a       468     1     9     2     8
 -4.4870755757792635E-01 a       469     1     9     2     9
  3.0956513757172893E-01 a       470     1     9     2    10
  3.0608771220270070E-01 a       471     1     9     2    11
  2.8089482111633024E-01 a       472     1     9     2    12
 -5.7231847275916257E-02 a       473     1     9     2    13
 -2.3706869472284772E-01 a       474     1     9     2    14
 -6.9623966096793644E-01 a       475     1     9     2    15
 -3.7948519748461701E-01 a       476     1     9     2    16
 -7.4983290236076861E-01 a       477     1     9     2    17
  3.3728539844786720E-01 a       478     1     9     2    18
  3.5963652534209506E-01 a       479     1     9     2    19
 -1.7296305056257924E-01 a       480     1     9     2    20
 -4.0797631506709164E-01 a       481     1    10     2     1
 -5.0662525632833333E-01 a       482     1    10     2     2
  2.8732157505417716E-01 a       483     1    10     2     3
 -5.0210494661155125E-01 a       484     1    10     2     4
 -3.1740249334220055E-01 a       485     1    10     2     5
 -2.1701793688303891E-01 a       486     1    10     2     6
  1.7421238818043527E-01 a       487     1    10     2     7
  3.8357681695208840E-01 a       488     1    10     2     8
 -5.4405253286724831E-01 a       489     1    10     2     9
 -1.6171968288312344E-01 a       490     1    10     2    10
 -8.1911233536207584E-01 a       491     1    10     2    11
  3.9738949713012575E-02 a       492     1    10     2    12
  4.8821412417885718E-01 a       493     1    10     2    13
  1.0248910598360174E-01 a       494     1    10     2    14
  3.3110957475894920E-01 a       495     1    10     2    15
 -3.9714005806410579E-01 a       496     1    10     2    16
  1.1502620427185825E-02 a       497     1    10     2    17
 -3.2149755178289038E-02 a       498     1    10     2    18
  2.6587438523563844E-01 a       499     1    10     2    19
 -2.7822095349696974E-01 a       500     1    10     2    20
  2.0763996006119800E-01 a       501     1    11     2     1
 -2.3243944030624963E-02 a       502     1    11     2     2
  9.6525066616628602E-02 a       503     1    11     2     3
 -4.1954362104651505E-02 a       504     1    11     2     4
 -5.8592575319358164E-01 a       505     1    11     2     5
  5.3171833952912151E-01 a       506     1    11     2     6
  2.5112025244971414E-01 a       507     1    11     2     7
 -3.7696210688937408E-02 a       508     1    11     2     8
 -4.9779571241641746E-01 a       509     1    11     2     9
  7.3192905905539174E-01 a       510     1    11     2    10
  1.8953686665975383E-01 a       511     1    11     2    11
  7.2135459822087555E-01 a       512     1    11     2    12
 -5.6814325927556852E-01 a       513     1    11     2    13
 -5.4993761312974554E-01 a       514     1    11     2    14
 -7.0137687408027738E-01 a       515     1    11     2    15
  3.1034194785748637E-01 a       516     1    11     2    16
  4.3057362020349854E-01 a       517     1    11     2    17
 -2.4097323518464256E-01 a       518     1    11     2    18
  4.3926733374581046E-03 a       519     1    11     2    19
  5.5399107421500349E-01 a       520     1    11     2    20
  4.2948386201399058E-01 a       521     1    12     2     1
  3.4453904314697809E-01 a       522     1    12     2     2
 -5.7332801156340915E-02 a       523     1    12     2     3
 -8.4283184482723497E-02 a       524     1    12     2     4
  4.5106360365167819E-01 a       525     1    12     2     5
 -2.1739603096692584E-01 a       526     1    12     2     6
 -6.5140654920635932E-01 a       527     1    12     2     7
  1.2669237633432315E-02 a       528     1    12     2     8
 -1.3871431771008624E-01 a       529     1    12     2     9
 -5.4332132972189273E-01 a       530     1    12     2    10
 -4.5930066174629508E-01 a       531     1    12     2    11
  5.4050210146433408E-01 a       532     1    12     2    12
 -1.6125651258432810E-01 a       533     1    12     2    13
 -2.1802073842149153E-01 a       534     1    12     2    14
 -2.7699373106886349E-01 a       535     1    12     2    15
 -2.3700845902586090E-01 a       536     1    12     2    16
  1.3233521374302218E-01 a       537     1    12     2    17
 -6.2666060445073059E-04 a       538     1    12     2    18
 -2.5594474875650758E-01 a       539     1    12     2    19
  5.3752232295777269E-01 a       540     1    12     2    20
 -2.7409252644443183E-01 a       541     1    13     2     1
 -3.1403143108218373E-01 a       542     1    13     2     2
  1.3957902216939877E-01 a       543     1    13     2     3
 -6.4741156540805289E-01 a       544     1    13     2     4
  5.4991691659823516E-01 a       545     1    13     2     5
  3.1244707281813816E-01 a       546     1    13     2     6
 -5.4120993487531986E-02 a       547     1    13     2     7
  2.4602839662408718E-01 a       548     1    13     2     8
  2.3225262711354641E-01 a       549     1    13     2     9
 -4.4770961208870558E-01 a       550     1    13     2    10
 -7.3804527054130431E-01 a       551     1    13     2    11
  4.6000488700049147E-01 a       552     1    13     2    12
 -2.5501671244503721E-01 a       553     1    13     2    13
 -5.6804755564172627E-01 a       554     1    13     2    14
  8.7593991509169772E-02 a       555     1    13     2    15
  3.8109368280935418E-01 a       556     1    13     2    16
 -1.9405594082408018E-01 a       557     1    13     2    17
  5.8352769294117734E-01 a       558     1    13     2    18
 -5.5524434973124714E-01 a       559     1    13     2    19
 -2.6881067167959666E-01 a       560     1    13     2    20
  2.9928506224052376E-01 a       561     1    14     2     1
  2.1301785592704950E-01 a       562     1    14     2     2
 -6.2318914417711213E-01 a       563     1    14     2     3
 -2.5301753801415350E-01 a       564     1    14     2     4
  2.7010125571858795E-01 a       565     1    14     2     5
  4.7053613896168572E-01 a       566     1    14     2     6
 -5.9762821010906464E-02 a       567     1    14     2     7
 -3.7337707362339928E-01 a       568     1    14     2     8
 -3.9761738939588516E-02 a       569     1    14     2     9
 -5.7800894625393805E-02 a       570     1    14     2    10
 -3.8563281935964283E-01 a       571     1    14     2    11
 -3.8933969818428388E-01 a       572     1    14     2    12
  3.6591828836665435E-01 a       573     1    14     2    13
 -1.2805224126062728E-01 a       574     1    14     2    14
  1.0156550894222137E-01 a       575     1    14     2    15
  9.7049087409012663E-02 a       576     1    14     2    16
  7.4003255610830421E-01 a       577     1    14     2    17
 -6.2550980887307051E-01 a       578     1    14     2    18
 -1.7558159393034477E-02 a       579     1    14     2    19
  2.7387121167914358E-01 a       580     1    14     2    20
  2.4192365803165775E-01 a       581     1    15     2     1
 -1.8103815421430258E-01 a       582     1    15     2     2
 -1.9702924532556856E-01 a       583     1    15     2     3
  1.3702147425924036E-01 a       584     1    15     2     4
  3.7660348112912290E-01 a       585     1    15     2     5
  1.5484796548219767E-01 a       586     1    15     2     6
 -3.1129767403619268E-01 a       587     1    15     2     7
 -2.7542693524263334E-01 a       588     1    15     2     8
  6.8012667066086455E-02 a       589     1    15     2     9
 -2.4593681102993784E-01 a       590     1    15     2    10
  5.0412151432566510E-01 a       591     1    15     2    11
  6.8023195383283566E-02 a       592     1    15     2    12
 -4.9160318513011297E-01 a       593     1    15     2    13
 -1.1117594464475191E-02 a       594     1    15     2    14
 -1.7868248994370473E-01 a       595     1    15     2    15
 -2.1364807998748553E-01 a       596     1    15     2    16
 -1.2291039760759583E-01 a       597     1    15     2    17
  4.6119919751963839E-01 a       598     1    15     2    18
  5.5740888573870628E-01 a       599     1    15     2    19
 -1.7314543864240757E-02 a       600     1    15     2    20
  2.6249052996555799E-01 a       601     1    16     2     1
  2.9193501329672800E-01 a       602     1    16     2     2
 -2.7566054013195601E-01 a       603     1    16     2     3
 -5.4007706239994790E-01 a       604     1    16     2     4
 -7.4104948825446793E-01 a       605     1    16     2     5
 -5.0472473590246029E-02 a       606     1    16     2     6
  1.0767032966232994E-02 a       607     1    16     2     7
  2.9109799474732073E-01 a       608     1    16     2     8
  1.7111060103388970E-01 a       609     1    16     2     9
 -2.1451109459419782E-01 a       610     1    16     2    10
  1.1028520622555543E-01 a       611     1    16     2    11
  4.8933212308425006E-01 a       612     1    16     2    12
  8.4683815895711867E-01 a       613     1    16     2    13
  6.9237230764986182E-02 a       614     1    16     2    14
  5.1653501879445585E-01 a       615     1    16     2    15
  3.2135332775837649E-01 a       616     1    16     2    16
 -2.2001720737007641E-01 a       617     1    16     2    17
 -2.8864324008356679E-01 a       618     1    16     2    18
  1.0202425818383903E-01 a       619     1    16     2    19
 -1.8527298383757107E-02 a       620     1    16     2    20
  3.6279219174428434E-01 a       621     1    17     2     1
  1.2242452511235877E-01 a       622     1    17     2     2
 -5.0634933195906306E-01 a       623     1    17     2     3
 -4.3870523331352294E-02 a       624     1    17     2     4
 -8.2315766478405300E-02 a       625     1    17     2     5
 -3.7915969530344606E-01 a       626     1    17     2     6
  2.1484065959442453E-02 a       627     1    17     2     7
  5.5786341596464550E-01 a       628     1    17     2     8
 -2.3182397525740273E-01 a       629     1    17     2     9
 -2.8949699194209272E-01 a       630     1    17     2    10
  2.7675876276995770E-01 a       631     1    17     2    11
 -1.9363883055166622E-01 a       632     1    17     2    12
 -9.0217375446068643E-02 a       633     1    17     2    13
  3.0120781040512423E-01 a       634     1    17     2    14
 -4.9103902779778164E-02 a       635     1    17     2    15
  3.0720785832844855E-01 a       636     1    17     2    16
 -2.3177502468991606E-01 a       637     1    17     2    17
  5.4690483252902333E-01 a       638     1    17     2    18
 -8.6455770900806916E-02 a       639     1    17     2    19
 -4.1293627741335698E-01 a       640     1    17     2    20
 -3.6419418151189958E-01 a       641     1    18     2     1
 -4.2554760684645559E-01 a       642     1    18     2     2
 -1.1659825588193544E-01 a       643     1    18     2     3
  3.6142802072651076E-01 a       644     1    18     2     4
  2.0543895108391466E-01 a       645     1    18     2     5
 -3.1678044482201595E-01 a       646     1    18     2     6
 -9.4931404766470287E-02 a       647     1    18     2     7
  7.6693200143521753E-02 a       648     1    18     2     8
 -3.2415212407161453E-01 a       649     1    18     2     9
  1.1270662776138590E-01 a       650     1    18     2    10
 -1.8737756044315301E-01 a       651     1    18     2    11
 -4.6588946868787173E-01 a       652     1    18     2    12
 -3.0000543037199034E-01 a       653     1    18     2    13
  3.8278964120988718E-01 a       654     1    18     2    14
  3.2655675985690935E-01 a       655     1    18     2    15
  4.8413463515762001E-01 a       656     1    18     2    16
  1.0999238309461738E-01 a       657     1    18     2    17
  3.3966364151919259E-01 a       658     1    18     2    18
  2.8139552221491915E-01 a       659     1    18     2    19
 -3.1180699312574539E-01 a       660     1    18     2    20
  2.4881734313181587E-02 a       661     1    19     2     1
 -1.2861856787323112E-01 a       662     1    19     2     2
 -2.8419353089407756E-01 a       663     1    19     2     3
 -4.5407171286361575E-01 a       664     1    19     2     4
  2.3570261970059472E-01 a       665     1    19     2     5
  4.6010216598319581E-01 a       666     1    19     2     6
  6.5710320012851109E-01 a       667     1    19     2     7
  1.3110890836536562E-01 a       668     1    19     2     8
 -7.3320848333559799E-02 a       669     1    19     2     9
 -1.8001677575754310E-01 a       670     1    19     2    10
  1.6236324754054465E-01 a       671     1    19     2    11
  3.0163229352958837E-01 a       672     1    19     2    12
  2.3543029451402814E-01 a       673     1    19     2    13
  2.4304013545240458E-01 a       674     1    19     2    14
 -3.4176039215096987E-01 a       675     1    19     2    15
 -2.2025637776954768E-01 a       676     1    19     2    16
  7.0124010175864365E-02 a       677     1    19     2    17
  2.6382797670809738E-01 a       678     1    19     2    18
  8.0623250765217910E-02 a       679     1    19     2    19
 -2.9018927350037821E-01 a       680     1    19     2    20
  5.4400703743091239E-01 a       681     1    20     2     1
  7.6199487855906856E-02 a       682     1    20     2     2
 -5.3670308203412076E-01 a       683     1    20     2     3
 -6.3944316178142546E-01 a       684     1    20     2     4
 -6.0619677936818162E-01 a       685     1    20     2     5
  1.7263566517248991E-02 a       686     1    20     2     6
 -4.8865058160516867E-01 a       687     1    20     2     7
  4.9674572712891896E-01 a       688     1    20     2     8
 -3.3529764320569905E-01 a       689     1    20     2     9
 -4.2939202644344560E-01 a       690     1    20     2    10
 -3.1837599086196861E-01 a       691     1    20     2    11
  6.0069460668794761E-01 a       692     1    20     2    12
 -1.4824664873255375E-01 a       693     1    20     2    13
  2.2326567306768202E-01 a       694     1    20     2    14
 -5.2484014630191655E-01 a       695     1    20     2    15
 -6.9321173971202132E-01 a       696     1    20     2    16
  8.3045371692540074E-02 a       697     1    20     2    17
  1.5985140474209417E-01 a       698     1    20     2    18
  4.3581160931484808E-01 a       699     1    20     2    19
 -1.6991725867014992E-01 a       700     1    20     2    20
 -9.1880386867323527E-01 b       701     2     1
  4.6484231961116079E-01 b       702     2     2
 -6.8812511712365820E-01 b       703     2     3
  2.8719430458422351E-01 b       704     2     4
  7.2518588262507983E-02 b       705     2     5
 -1.0364387109291298E+00 b       706     2     6
 -2.2939372677398059E-01 b       707     2     7
  1.6201650153937275E+00 b       708     2     8
  7.6952100910545018E-01 b       709     2     9
  2.6575068211015590E-01 b       710     2    10
  6.2083648935626778E-01 b       711     2    11
  6.4650675645776745E-01 b       712     2    12
  1.1753006676434661E+00 b       713     2    13
 -1.9023001862564015E-01 b       714     2    14
  1.5621992140898517E+00 b       715     2    15
 -1.0840385078187962E+00 b       716     2    16
 -1.3107484996243604E+00 b       717     2    17
 -7.4256051979852578E-01 b       718     2    18
  2.8973691003375723E-01 b       719     2    19
  5.7947851171747500E-01 b       720     2    20
 -5.6341703108490959E-02 a       721     2     1     3     1
 -1.0118839196402383E-02 a       722     2     2     3     1
  8.5043731940761302E-01 a       723     2     3     3     1
 -5.7388797950023229E-01 a       724     2     4     3     1
  3.4721392904665366E-01 a       725     2     5     3     1
 -1.0893770290434190E+00 a       726     2     6     3     1
 -9.7161734869781680E-01 a       727     2     7     3     1
 -8.4198668921299324E-01 a       728     2     8     3     1
 -5.9966977954877154E-01 a       729     2     9     3     1
  6.4569376955420976E-01 a       730     2    10     3     1
  3.0812068237986540E-01 a       731     2    11     3     1
  6.4183940017857688E-01 a       732     2    12     3     1
 -8.1081028892225637E-01 a       733     2    13     3     1
  5.2172264720101080E-01 a       734     2    14     3     1
  5.4020154771399620E-01 a       735     2    15     3     1
  7.6081096188577357E-01 a       736     2    16     3     1
  1.0858327014244908E+00 a       737     2    17     3     1
  5.1362324004731279E-03 a       738     2    18     3     1
  9.9584021179750223E-02 a       739     2    19     3     1
  5.2084910252356252E-02 a       740     2    20     3     1
  1.0474660923019713E-01 b       741     3     1
