################################################################################
# Neural network connection values (weights and biases).
################################################################################
# Col  Name       Description
################################################################################
# 1    connection Neural network connection value.
# 2    t          Connection type (a = weight, b = bias).
# 3    index      Index enumerating weights.
# 4    l_s        Starting point layer (end point layer for biases).
# 5    n_s        Starting point neuron in starting layer (end point neuron for biases).
# 6    l_e        End point layer.
# 7    n_e        End point neuron in end layer.
################################################################################
#                      1 2         3     4     5     6     7
#             connection t     index   l_s   n_s   l_e   n_e
############################################################
 -3.2382288504831319E-01 a         1     0     1     1     1
 -2.5795352290010160E-01 a         2     0     1     1     2
  4.6129652552052636E-01 a         3     0     1     1     3
 -5.4155118741162234E-01 a         4     0     1     1     4
  2.8103231773095205E-01 a         5     0     1     1     5
  6.4108479637857041E-01 a         6     0     1     1     6
 -3.0598446733547058E-01 a         7     0     1     1     7
  6.8615304787386450E-02 a         8     0     1     1     8
  6.1686582767804921E-02 a         9     0     1     1     9
  6.9290210843652944E-01 a        10     0     1     1    10
  6.7960894766152002E-01 a        11     0     1     1    11
 -4.9128595978678075E-01 a        12     0     1     1    12
 -8.4631847836032548E-01 a        13     0     1     1    13
  4.4641021471533088E-01 a        14     0     1     1    14
 -7.3834720630037334E-02 a        15     0     1     1    15
  2.9929165037315536E-01 a        16     0     1     1    16
 -5.2165466536255389E-01 a        17     0     1     1    17
  2.8479724498169290E-01 a        18     0     1     1    18
  8.1790831849618129E-01 a        19     0     1     1    19
  3.4663549926390080E-01 a        20     0     1     1    20
  4.7929834212009505E-02 a        21     0     2     1     1
  2.7192236827344168E-01 a        22     0     2     1     2
  9.1256076111595796E-01 a        23     0     2     1     3
  6.5226957467482816E-01 a        24     0     2     1     4
 -2.4835116122708847E-01 a        25     0     2     1     5
  5.3630228681520675E-02 a        26     0     2     1     6
  4.6906689438985910E-01 a        27     0     2     1     7
 -3.4972242624150085E-01 a        28     0     2     1     8
  6.3790871615129063E-01 a        29     0     2     1     9
  4.4270234822419563E-01 a        30     0     2     1    10
  2.1816663189038055E-01 a        31     0     2     1    11
  4.3046256805593031E-01 a        32     0     2     1    12
 -2.2434500825022721E-01 a        33     0     2     1    13
 -1.0010146413812175E+00 a        34     0     2     1    14
  4.6478681253891246E-01 a        35     0     2     1    15
 -2.0334785236228581E-01 a        36     0     2     1    16
  5.5544311544437175E-01 a        37     0     2     1    17
  4.2613386858089536E-01 a        38     0     2     1    18
  5.1146546998586569E-02 a        39     0     2     1    19
  1.9077010096246455E-01 a        40     0     2     1    20
  4.2214723959285932E-01 a        41     0     3     1     1
  6.3482865988860826E-01 a        42     0     3     1     2
 -1.6805290793716920E-01 a        43     0     3     1     3
 -7.5102700526810659E-02 a        44     0     3     1     4
 -4.7751376201832174E-01 a        45     0     3     1     5
  4.4433898580320319E-01 a        46     0     3     1     6
 -7.1935354246796546E-01 a        47     0     3     1     7
  1.5380464724372253E-01 a        48     0     3     1     8
 -2.7243915050123962E-01 a        49     0     3     1     9
  5.9755645923730660E-01 a        50     0     3     1    10
 -5.1295304930598251E-01 a        51     0     3     1    11
 -5.2348629838926930E-01 a        52     0     3     1    12
 -3.1200807174440948E-01 a        53     0     3     1    13
 -7.9869375924940783E-02 a        54     0     3     1    14
 -1.1105586087384692E-01 a        55     0     3     1    15
  2.5774863126411673E-01 a        56     0     3     1    16
  4.2990503812624181E-01 a        57     0     3     1    17
  4.5002243202883474E-01 a        58     0     3     1    18
  5.5010889737517155E-01 a        59     0     3     1    19
  1.1303586747267580E+00 a        60     0     3     1    20
  8.3375991430679405E-02 a        61     0     4     1     1
  5.6755609912555516E-01 a        62     0     4     1     2
 -1.8921221822692594E-01 a        63     0     4     1     3
  3.8005607155608023E-01 a        64     0     4     1     4
 -2.2243035828479960E-01 a        65     0     4     1     5
 -2.7683803221359971E-01 a        66     0     4     1     6
 -1.9255523818268036E-01 a        67     0     4     1     7
 -8.8395476930623870E-02 a        68     0     4     1     8
 -6.9450629285142090E-02 a        69     0     4     1     9
 -5.8033542672556826E-01 a        70     0     4     1    10
  6.9074418057475195E-01 a        71     0     4     1    11
  3.0965245714402179E-01 a        72     0     4     1    12
 -3.1215428062487538E-01 a        73     0     4     1    13
  6.8040224971285881E-02 a        74     0     4     1    14
  5.0757683036423662E-01 a        75     0     4     1    15
  5.3152973433246309E-01 a        76     0     4     1    16
  6.8886746827064327E-01 a        77     0     4     1    17
  1.4907807777568571E-01 a        78     0     4     1    18
  4.3517946220013520E-01 a        79     0     4     1    19
 -9.3975444036069855E-01 a        80     0     4     1    20
  1.5009843544349091E-01 a        81     0     5     1     1
 -7.9766313354281315E-01 a        82     0     5     1     2
 -6.5278127628470894E-01 a        83     0     5     1     3
  4.1693386052700104E-01 a        84     0     5     1     4
 -4.5829550097747673E-01 a        85     0     5     1     5
  3.1024115010771791E-01 a        86     0     5     1     6
  4.8551980980512566E-01 a        87     0     5     1     7
 -4.6508338677903854E-01 a        88     0     5     1     8
 -6.7898241878220952E-02 a        89     0     5     1     9
  2.5088092267087814E-01 a        90     0     5     1    10
  4.4244521648679852E-01 a        91     0     5     1    11
 -3.9439670746946615E-01 a        92     0     5     1    12
  6.0005365328287119E-01 a        93     0     5     1    13
  1.5264312599184165E-01 a        94     0     5     1    14
 -2.6555163582309865E-01 a        95     0     5     1    15
  6.0915775589034205E-01 a        96     0     5     1    16
  4.4016736717936222E-01 a        97     0     5     1    17
 -4.9199618788848443E-01 a        98     0     5     1    18
 -1.5123098688943531E-01 a        99     0     5     1    19
 -2.6484194121328142E-01 a       100     0     5     1    20
  3.3185053243725371E-01 a       101     0     6     1     1
 -8.9232345411679848E-02 a       102     0     6     1     2
  7.5475465105211348E-01 a       103     0     6     1     3
  3.1850450826985975E-02 a       104     0     6     1     4
  5.8420225832132144E-01 a       105     0     6     1     5
  6.5859865361454450E-01 a       106     0     6     1     6
  1.6518301939207983E-01 a       107     0     6     1     7
  5.0522965150646318E-02 a       108     0     6     1     8
  4.6864024447082997E-01 a       109     0     6     1     9
 -3.1573089919829045E-01 a       110     0     6     1    10
  8.3090113883464978E-01 a       111     0     6     1    11
 -2.1919816802492765E-02 a       112     0     6     1    12
 -1.8425537689543539E-01 a       113     0     6     1    13
 -1.7200191723636885E-01 a       114     0     6     1    14
  7.4614225708542550E-02 a       115     0     6     1    15
 -3.6572404705154671E-01 a       116     0     6     1    16
 -7.0620614940978121E-01 a       117     0     6     1    17
  7.7106801134454928E-01 a       118     0     6     1    18
 -2.7083626069161881E-01 a       119     0     6     1    19
  2.2281812306923146E-01 a       120     0     6     1    20
 -9.9555399647212539E-01 a       121     0     7     1     1
  3.5688279311753957E-01 a       122     0     7     1     2
 -2.7017310872548755E-01 a       123     0     7     1     3
 -2.5380668479175883E-01 a       124     0     7     1     4
  5.1866364218655048E-01 a       125     0     7     1     5
 -5.1860702968882233E-02 a       126     0     7     1     6
  6.6341773202998078E-01 a       127     0     7     1     7
  2.9146651257030209E-01 a       128     0     7     1     8
 -6.8139987670010727E-01 a       129     0     7     1     9
 -5.0695950357685993E-01 a       130     0     7     1    10
  2.7763486667031623E-01 a       131     0     7     1    11
 -1.8460576715498853E-01 a       132     0     7     1    12
  8.3326544577781181E-01 a       133     0     7     1    13
  1.9437154120046932E-01 a       134     0     7     1    14
  4.6633752485201885E-01 a       135     0     7     1    15
  9.4404850633940174E-01 a       136     0     7     1    16
  2.3225162411917410E-01 a       137     0     7     1    17
  7.1939311355972835E-01 a       138     0     7     1    18
 -1.6360782857292488E-01 a       139     0     7     1    19
 -9.4773907212646780E-01 a       140     0     7     1    20
  1.4221606861978439E-01 a       141     0     8     1     1
 -8.1950983615149561E-02 a       142     0     8     1     2
 -3.1321325939725447E-01 a       143     0     8     1     3
  3.5447575480209775E-01 a       144     0     8     1     4
  1.6659204143207035E-01 a       145     0     8     1     5
  2.9406560348192068E-01 a       146     0     8     1     6
  4.0935900251866864E-01 a       147     0     8     1     7
  4.5464355089210989E-01 a       148     0     8     1     8
  7.2368558675928607E-01 a       149     0     8     1     9
 -6.1604913527401894E-01 a       150     0     8     1    10
  7.3585439616539150E-01 a       151     0     8     1    11
 -7.0211959010571467E-01 a       152     0     8     1    12
 -7.1632038480372986E-02 a       153     0     8     1    13
  5.7361719781617970E-01 a       154     0     8     1    14
  3.9002743257185774E-01 a       155     0     8     1    15
  1.0655574719078426E-01 a       156     0     8     1    16
 -1.1284517856290555E-01 a       157     0     8     1    17
 -1.7654027953824999E-01 a       158     0     8     1    18
 -3.1625142081147906E-01 a       159     0     8     1    19
 -6.3041699668678364E-01 a       160     0     8     1    20
  1.3466735407592809E-01 a       161     0     9     1     1
 -3.1712230787060397E-01 a       162     0     9     1     2
 -4.6583895071376225E-01 a       163     0     9     1     3
  4.5103516276321004E-02 a       164     0     9     1     4
 -3.3898263861983829E-01 a       165     0     9     1     5
 -6.3873356701167860E-01 a       166     0     9     1     6
  7.5410018010676050E-01 a       167     0     9     1     7
 -1.8830464536079108E-01 a       168     0     9     1     8
 -2.3469992612830468E-01 a       169     0     9     1     9
  1.1122764730159673E+00 a       170     0     9     1    10
  2.0576387529175438E-01 a       171     0     9     1    11
  1.5733482422070394E-01 a       172     0     9     1    12
  4.2169036021744744E-01 a       173     0     9     1    13
 -6.5291495164861879E-01 a       174     0     9     1    14
  2.9559007128409687E-01 a       175     0     9     1    15
 -4.4945366498635619E-01 a       176     0     9     1    16
 -5.0103601509525852E-01 a       177     0     9     1    17
 -3.9051314275599469E-01 a       178     0     9     1    18
 -5.9859465161747327E-01 a       179     0     9     1    19
  8.1205829017628217E-01 a       180     0     9     1    20
  6.6830714234250199E-01 a       181     0    10     1     1
  1.4683117822272716E-02 a       182     0    10     1     2
 -1.9007451928838570E-01 a       183     0    10     1     3
  6.6399893663792220E-01 a       184     0    10     1     4
 -1.8822004561144776E-01 a       185     0    10     1     5
  5.5864460390776161E-01 a       186     0    10     1     6
  5.6444667867357148E-02 a       187     0    10     1     7
 -3.1469581689903964E-01 a       188     0    10     1     8
 -7.2719702135853548E-01 a       189     0    10     1     9
 -4.3815635737225189E-01 a       190     0    10     1    10
  5.5520421681821408E-01 a       191     0    10     1    11
  8.9672758322561746E-02 a       192     0    10     1    12
  3.1758502736549998E-01 a       193     0    10     1    13
 -5.7812975908528952E-01 a       194     0    10     1    14
  7.5833483136095847E-01 a       195     0    10     1    15
 -5.3045992340201228E-02 a       196     0    10     1    16
  4.4489143395738018E-01 a       197     0    10     1    17
 -2.8437603453542220E-02 a       198     0    10     1    18
 -2.2332111553984255E-01 a       199     0    10     1    19
  3.6096995333402365E-01 a       200     0    10     1    20
 -5.5909951544544512E-01 a       201     0    11     1     1
 -3.7473316480276853E-02 a       202     0    11     1     2
  1.4976047184479216E-01 a       203     0    11     1     3
  7.4223525020312509E-01 a       204     0    11     1     4
 -3.2182853047574278E-01 a       205     0    11     1     5
  2.6516797436710062E-02 a       206     0    11     1     6
  2.7599802194325740E-01 a       207     0    11     1     7
 -2.2988816887362121E-01 a       208     0    11     1     8
  1.3814914619315177E-01 a       209     0    11     1     9
 -3.4131019017576991E-01 a       210     0    11     1    10
 -1.8906903213402346E-01 a       211     0    11     1    11
  3.3402139632479355E-01 a       212     0    11     1    12
  2.8158678841973939E-01 a       213     0    11     1    13
 -6.6040495859741033E-02 a       214     0    11     1    14
 -5.3615444808221724E-01 a       215     0    11     1    15
 -4.5351001242215372E-01 a       216     0    11     1    16
 -1.6864934791521524E-01 a       217     0    11     1    17
  3.2209726057734928E-01 a       218     0    11     1    18
  3.3344619598538155E-01 a       219     0    11     1    19
  1.6498588931817740E-01 a       220     0    11     1    20
  5.9943311448232972E-01 a       221     0    12     1     1
 -3.3259692057827556E-01 a       222     0    12     1     2
  3.8358182637927085E-01 a       223     0    12     1     3
 -4.9685550110235682E-01 a       224     0    12     1     4
 -6.3747391835063905E-01 a       225     0    12     1     5
  1.6054563041953560E-01 a       226     0    12     1     6
  1.4213310428663276E-01 a       227     0    12     1     7
  3.8771549934027622E-01 a       228     0    12     1     8
 -8.1859904756132959E-02 a       229     0    12     1     9
 -7.7448187785909373E-01 a       230     0    12     1    10
 -3.2528620337038872E-01 a       231     0    12     1    11
 -8.4102795769646643E-01 a       232     0    12     1    12
  6.0651628251536827E-01 a       233     0    12     1    13
 -1.5998964857818226E-01 a       234     0    12     1    14
  7.5881910832068922E-01 a       235     0    12     1    15
  1.6347593484831585E-01 a       236     0    12     1    16
 -6.4042989394289662E-01 a       237     0    12     1    17
 -4.7617167926894011E-01 a       238     0    12     1    18
  6.6885793064258692E-01 a       239     0    12     1    19
  5.8933690474910205E-01 a       240     0    12     1    20
  2.6432021849288073E-01 a       241     0    13     1     1
 -2.1097866411604219E-01 a       242     0    13     1     2
  4.0205270434394119E-01 a       243     0    13     1     3
  4.9172617736263874E-01 a       244     0    13     1     4
  4.1015517920099898E-01 a       245     0    13     1     5
 -1.9240337859522155E-01 a       246     0    13     1     6
  5.9777003889589142E-01 a       247     0    13     1     7
  4.7374626232649464E-01 a       248     0    13     1     8
  2.3822047689056700E-01 a       249     0    13     1     9
  6.7509057385089788E-01 a       250     0    13     1    10
  3.8773575234777347E-01 a       251     0    13     1    11
  3.9887098869250370E-01 a       252     0    13     1    12
 -6.1509916971609513E-02 a       253     0    13     1    13
 -8.6240399092057884E-01 a       254     0    13     1    14
  1.0656859770857647E+00 a       255     0    13     1    15
  2.3642031065049246E-01 a       256     0    13     1    16
 -3.3383360229338688E-01 a       257     0    13     1    17
 -1.2575432787753432E-01 a       258     0    13     1    18
 -4.6058725057833461E-01 a       259     0    13     1    19
  6.5561643406555237E-01 a       260     0    13     1    20
 -1.8297273724190238E-01 a       261     0    14     1     1
  5.0371764562476617E-01 a       262     0    14     1     2
  5.9067982018130294E-01 a       263     0    14     1     3
 -1.6510238432816482E-01 a       264     0    14     1     4
  2.2945298121925659E-01 a       265     0    14     1     5
 -4.9697726144961851E-01 a       266     0    14     1     6
 -4.6381855587849286E-01 a       267     0    14     1     7
  3.9377380530819162E-01 a       268     0    14     1     8
 -5.9233259990830467E-01 a       269     0    14     1     9
 -2.2827886683024121E-01 a       270     0    14     1    10
 -6.7326800796009967E-01 a       271     0    14     1    11
  3.1385154940854515E-01 a       272     0    14     1    12
  1.5653791553284646E-01 a       273     0    14     1    13
 -2.8647072236072774E-01 a       274     0    14     1    14
 -8.0528498958449535E-01 a       275     0    14     1    15
 -6.3333942463961113E-01 a       276     0    14     1    16
  4.8322497321826396E-01 a       277     0    14     1    17
 -2.0390241357704847E-01 a       278     0    14     1    18
 -1.4948641348135902E-01 a       279     0    14     1    19
  3.1180085462328094E-01 a       280     0    14     1    20
  2.8733300608767615E-01 b       281     1     1
  4.9237916068063547E-01 b       282     1     2
 -1.7744248930482165E+00 b       283     1     3
 -1.2188227054719372E+00 b       284     1     4
 -7.0056571550237279E-01 b       285     1     5
  1.3940953351257057E+00 b       286     1     6
 -1.0389117801408903E+00 b       287     1     7
 -1.6182463854994167E-01 b       288     1     8
  1.7550114767570182E+00 b       289     1     9
  6.2343127886445049E-01 b       290     1    10
 -1.4416462806288801E+00 b       291     1    11
  9.7657370884506722E-01 b       292     1    12
 -4.3926179468158510E-01 b       293     1    13
 -1.6124058391393645E+00 b       294     1    14
 -1.5335917374631653E+00 b       295     1    15
  4.8744865937836651E-01 b       296     1    16
 -7.1154144747639225E-01 b       297     1    17
 -5.9628800573931540E-01 b       298     1    18
 -1.4245258904689275E+00 b       299     1    19
  1.2714614731096279E+00 b       300     1    20
 -2.4135824609826867E-01 a       301     1     1     2     1
  7.4327665533090126E-01 a       302     1     1     2     2
  4.3779371555821261E-01 a       303     1     1     2     3
 -8.5924477131551852E-02 a       304     1     1     2     4
 -2.2205868007557783E-01 a       305     1     1     2     5
 -2.1142445812803096E-01 a       306     1     1     2     6
 -4.2833653760254575E-01 a       307     1     1     2     7
  5.1516596971309225E-01 a       308     1     1     2     8
  3.7186133920631909E-01 a       309     1     1     2     9
 -1.0306732850410459E-01 a       310     1     1     2    10
 -1.5619052419574930E-01 a       311     1     1     2    11
  5.9394263230633043E-02 a       312     1     1     2    12
 -5.3711040395450627E-01 a       313     1     1     2    13
  1.5449263177579270E-01 a       314     1     1     2    14
 -2.5028520682110672E-01 a       315     1     1     2    15
 -1.5182956582045895E-01 a       316     1     1     2    16
 -4.0196362263349639E-01 a       317     1     1     2    17
  5.0404710972026212E-01 a       318     1     1     2    18
  5.4178632253070147E-01 a       319     1     1     2    19
 -1.3900442828318565E-01 a       320     1     1     2    20
 -6.3533772466025229E-01 a       321     1     2     2     1
 -4.4924155916347147E-01 a       322     1     2     2     2
  1.6345840252639612E-01 a       323     1     2     2     3
  3.0724794915800369E-01 a       324     1     2     2     4
  1.9334253536576620E-01 a       325     1     2     2     5
  6.4421374561418010E-01 a       326     1     2     2     6
  3.4329152913479144E-01 a       327     1     2     2     7
 -4.8363522766175621E-01 a       328     1     2     2     8
  3.9766648572497443E-01 a       329     1     2     2     9
  5.6489453964467873E-01 a       330     1     2     2    10
 -2.1702525241734089E-01 a       331     1     2     2    11
  3.0707030225764254E-01 a       332     1     2     2    12
 -1.2229456674742588E-01 a       333     1     2     2    13
  2.3657507831141336E-01 a       334     1     2     2    14
  2.6922574585420006E-01 a       335     1     2     2    15
 -2.9921497153054682E-01 a       336     1     2     2    16
  5.1968677999069757E-01 a       337     1     2     2    17
 -5.7514916415257289E-01 a       338     1     2     2    18
  4.8003079795621850E-02 a       339     1     2     2    19
 -2.3819649507016863E-01 a       340     1     2     2    20
  5.3732105577525369E-01 a       341     1     3     2     1
  5.6330607308153802E-01 a       342     1     3     2     2
 -7.3198517990473788E-01 a       343     1     3     2     3
  3.1807775999242344E-01 a       344     1     3     2     4
 -8.1683483351641523E-02 a       345     1     3     2     5
 -9.3250655809486785E-02 a       346     1     3     2     6
  8.5667960161549400E-02 a       347     1     3     2     7
  1.3581681246435420E-01 a       348     1     3     2     8
 -4.8206156493909103E-01 a       349     1     3     2     9
  4.2504317421304555E-01 a       350     1     3     2    10
  2.5294200882672968E-01 a       351     1     3     2    11
 -1.4620028108143082E-01 a       352     1     3     2    12
 -3.1623060314771262E-01 a       353     1     3     2    13
  4.0216489564927732E-01 a       354     1     3     2    14
  2.1466931556448901E-01 a       355     1     3     2    15
 -5.1771040748132180E-01 a       356     1     3     2    16
 -4.8789269892829878E-01 a       357     1     3     2    17
  6.4479998270693104E-02 a       358     1     3     2    18
 -1.5602486448336618E-02 a       359     1     3     2    19
 -5.5787671244244996E-01 a       360     1     3     2    20
  2.4868165349557456E-01 a       361     1     4     2     1
 -2.0258101649141994E-01 a       362     1     4     2     2
 -6.0385142848033224E-01 a       363     1     4     2     3
  8.6642736890342065E-01 a       364     1     4     2     4
  9.4267853461065948E-02 a       365     1     4     2     5
 -5.4846769170576903E-01 a       366     1     4     2     6
  9.9274783015428879E-03 a       367     1     4     2     7
 -1.5261283176191576E-02 a       368     1     4     2     8
 -5.5631440740188920E-01 a       369     1     4     2     9
  4.6494013858560462E-01 a       370     1     4     2    10
  6.9608775741773554E-01 a       371     1     4     2    11
 -1.1734325999938797E-03 a       372     1     4     2    12
 -1.6279047357134158E-01 a       373     1     4     2    13
  6.2769072750291632E-01 a       374     1     4     2    14
 -4.0483128677911998E-02 a       375     1     4     2    15
 -7.7780848572580574E-01 a       376     1     4     2    16
  2.8316987294828388E-01 a       377     1     4     2    17
  1.1182881954166637E-01 a       378     1     4     2    18
 -5.9699165309028124E-01 a       379     1     4     2    19
 -4.4449356687542452E-01 a       380     1     4     2    20
  6.8444895410721374E-01 a       381     1     5     2     1
 -5.9124649486948372E-02 a       382     1     5     2     2
  4.0057464373287721E-01 a       383     1     5     2     3
 -5.5155513076532402E-02 a       384     1     5     2     4
 -1.7062583451700641E-01 a       385     1     5     2     5
  2.0721575946015788E-01 a       386     1     5     2     6
 -4.4890243939596158E-01 a       387     1     5     2     7
 -2.4518990826694589E-01 a       388     1     5     2     8
  4.6874730017508415E-01 a       389     1     5     2     9
  3.5175764503035105E-02 a       390     1     5     2    10
 -8.3881024815232408E-02 a       391     1     5     2    11
  1.6457930731004666E-01 a       392     1     5     2    12
  1.0197994448173289E-01 a       393     1     5     2    13
  3.6944264896937101E-01 a       394     1     5     2    14
 -3.7233378570530545E-01 a       395     1     5     2    15
 -2.5289039798732971E-01 a       396     1     5     2    16
 -1.7043124589486733E-01 a       397     1     5     2    17
 -2.4773783068857098E-02 a       398     1     5     2    18
  4.1151544704652154E-01 a       399     1     5     2    19
 -1.2981541744773134E-01 a       400     1     5     2    20
 -1.9354566125689204E-01 a       401     1     6     2     1
  3.1041677175549526E-01 a       402     1     6     2     2
  2.7146255828486193E-01 a       403     1     6     2     3
 -2.0817449465803960E-02 a       404     1     6     2     4
  6.3134510636071433E-03 a       405     1     6     2     5
  7.8084182454780701E-02 a       406     1     6     2     6
 -7.3205903032009679E-03 a       407     1     6     2     7
  7.3374357323850026E-01 a       408     1     6     2     8
  6.3977503795551449E-01 a       409     1     6     2     9
 -2.3487482583695821E-02 a       410     1     6     2    10
  3.2281918681058808E-01 a       411     1     6     2    11
 -4.4900711496398066E-01 a       412     1     6     2    12
  4.1582001439045008E-01 a       413     1     6     2    13
 -7.3339070650824700E-01 a       414     1     6     2    14
  3.6974249359285571E-01 a       415     1     6     2    15
 -4.3571871103881155E-01 a       416     1     6     2    16
 -1.0139191103445253E-01 a       417     1     6     2    17
  1.0634853183572324E-01 a       418     1     6     2    18
  3.2190036282791062E-01 a       419     1     6     2    19
 -3.6750645989851477E-01 a       420     1     6     2    20
 -2.3676834023610563E-01 a       421     1     7     2     1
 -4.3910540121820947E-02 a       422     1     7     2     2
 -4.2707859900209955E-01 a       423     1     7     2     3
 -2.5135002792625774E-02 a       424     1     7     2     4
  1.1551752667624278E-01 a       425     1     7     2     5
  3.1653251607327224E-02 a       426     1     7     2     6
  2.7042293518777638E-01 a       427     1     7     2     7
 -2.1277138592725273E-01 a       428     1     7     2     8
 -4.1852907427056794E-03 a       429     1     7     2     9
  1.4232726536897150E-01 a       430     1     7     2    10
 -4.1711131240305699E-01 a       431     1     7     2    11
 -2.0247970900087045E-01 a       432     1     7     2    12
 -5.6633713854109105E-02 a       433     1     7     2    13
  1.0933384708236794E-01 a       434     1     7     2    14
 -2.8632974392432070E-01 a       435     1     7     2    15
  5.3097874062451911E-01 a       436     1     7     2    16
 -5.2184783983664529E-01 a       437     1     7     2    17
  3.5916712179052968E-01 a       438     1     7     2    18
  5.9394685440469741E-01 a       439     1     7     2    19
 -4.1040218230999542E-01 a       440     1     7     2    20
 -6.5220477661807635E-02 a       441     1     8     2     1
 -5.8554974251375180E-01 a       442     1     8     2     2
  1.1744896892850286E-01 a       443     1     8     2     3
  2.0158626099060550E-02 a       444     1     8     2     4
  1.8445834982379772E-01 a       445     1     8     2     5
 -4.2461405353246501E-01 a       446     1     8     2     6
  3.4919589693207964E-01 a       447     1     8     2     7
 -6.0132897947513253E-01 a       448     1     8     2     8
 -2.9322574923397055E-01 a       449     1     8     2     9
 -1.8397817706430203E-01 a       450     1     8     2    10
  9.7298207433466816E-02 a       451     1     8     2    11
 -7.4233314801134806E-02 a       452     1     8     2    12
  3.1586542576355486E-06 a       453     1     8     2    13
 -1.2304615993628663E-01 a       454     1     8     2    14
 -4.5129952960223546E-01 a       455     1     8     2    15
  6.8419910073084997E-02 a       456     1     8     2    16
 -4.1903450641996892E-01 a       457     1     8     2    17
 -4.5039108584649912E-01 a       458     1     8     2    18
 -2.9312673859731880E-01 a       459     1     8     2    19
 -5.0910690445952078E-01 a       460     1     8     2    20
 -3.4366610919543938E-01 a       461     1     9     2     1
 -4.4367847378417558E-01 a       462     1     9     2     2
 -1.3351860739502694E-01 a       463     1     9     2     3
  3.6719136653680751E-01 a       464     1     9     2     4
  6.2655776793177620E-01 a       465     1     9     2     5
  1.3572370630515943E-01 a       466     1     9     2     6
 -3.6532236280580083E-01 a       467     1     9     2     7
  5.8026361637407198E-01 a       468     1     9     2     8
 -4.3549282412709162E-01 a       469     1     9     2     9
  3.3388509398144445E-01 a       470     1     9     2    10
  2.4879801545939073E-01 a       471     1     9     2    11
  3.3739664482422665E-01 a       472     1     9     2    12
 -1.3351557115903301E-01 a       473     1     9     2    13
 -3.3234321947059275E-01 a       474     1     9     2    14
 -6.6152374826447735E-01 a       475     1     9     2    15
 -4.0173430697355622E-01 a       476     1     9     2    16
 -5.8486351965893046E-01 a       477     1     9     2    17
  3.7325016975739722E-01 a       478     1     9     2    18
  4.5156055669626183E-01 a       479     1     9     2    19
 -1.9724427874088196E-01 a       480     1     9     2    20
 -4.1811554166050030E-01 a       481     1    10     2     1
 -4.8560219435679647E-01 a       482     1    10     2     2
  3.3508113164117115E-01 a       483     1    10     2     3
 -5.1974091681100976E-01 a       484     1    10     2     4
 -3.4577696353769527E-01 a       485     1    10     2     5
 -2.1070047945976703E-01 a       486     1    10     2     6
  1.2186639546266893E-01 a       487     1    10     2     7
  4.3149928172261909E-01 a       488     1    10     2     8
 -5.0916576261662028E-01 a       489     1    10     2     9
 -1.7057172341970267E-01 a       490     1    10     2    10
 -8.0935139969896097E-01 a       491     1    10     2    11
  1.5957864913414100E-02 a       492     1    10     2    12
  5.2126485388498223E-01 a       493     1    10     2    13
  1.0733782963420015E-01 a       494     1    10     2    14
  3.0686021031967781E-01 a       495     1    10     2    15
 -2.9087496235469040E-01 a       496     1    10     2    16
 -4.7674963724336467E-02 a       497     1    10     2    17
 -3.8313534795709016E-02 a       498     1    10     2    18
  2.3578081197503550E-01 a       499     1    10     2    19
 -2.2051936803074534E-01 a       500     1    10     2    20
  2.1542215560770020E-01 a       501     1    11     2     1
 -3.4382602568151050E-04 a       502     1    11     2     2
  7.0642396380454680E-03 a       503     1    11     2     3
 -9.6744209740997289E-02 a       504     1    11     2     4
 -5.1361300013987732E-01 a       505     1    11     2     5
  4.9488004802976887E-01 a       506     1    11     2     6
  3.9125579985189968E-01 a       507     1    11     2     7
 -1.9955837294105033E-02 a       508     1    11     2     8
 -4.8749022840505740E-01 a       509     1    11     2     9
  6.2149005593194073E-01 a       510     1    11     2    10
  2.0218460972010277E-01 a       511     1    11     2    11
  7.4190252370052656E-01 a       512     1    11     2    12
 -6.0229077344323489E-01 a       513     1    11     2    13
 -5.0743542024189758E-01 a       514     1    11     2    14
 -6.8407050257735624E-01 a       515     1    11     2    15
  3.1660135474799656E-01 a       516     1    11     2    16
  4.6259750049382409E-01 a       517     1    11     2    17
 -2.1989276855321649E-01 a       518     1    11     2    18
 -4.7897676145785134E-03 a       519     1    11     2    19
  5.5572958279240181E-01 a       520     1    11     2    20
  4.3514936822374961E-01 a       521     1    12     2     1
  3.6153886165657656E-01 a       522     1    12     2     2
 -5.5867248575853026E-02 a       523     1    12     2     3
 -1.2105121587886825E-01 a       524     1    12     2     4
  4.2704756600979971E-01 a       525     1    12     2     5
 -2.5217793219314399E-01 a       526     1    12     2     6
 -5.7605708486837282E-01 a       527     1    12     2     7
  1.4737723977715991E-02 a       528     1    12     2     8
 -8.2051742559512711E-02 a       529     1    12     2     9
 -5.8285692982008563E-01 a       530     1    12     2    10
 -3.7939975429507439E-01 a       531     1    12     2    11
  5.1364391254145847E-01 a       532     1    12     2    12
 -1.3840697182913644E-01 a       533     1    12     2    13
 -1.7333802028442519E-01 a       534     1    12     2    14
 -2.7057648846058929E-01 a       535     1    12     2    15
 -2.9347070340300435E-01 a       536     1    12     2    16
  5.3819469760019632E-02 a       537     1    12     2    17
  3.5964987321068084E-03 a       538     1    12     2    18
 -3.3155677054944799E-01 a       539     1    12     2    19
  5.3561777523746268E-01 a       540     1    12     2    20
 -2.6617234788111521E-01 a       541     1    13     2     1
 -3.1632649342552249E-01 a       542     1    13     2     2
  1.4836918265243340E-01 a       543     1    13     2     3
 -6.5113007541400314E-01 a       544     1    13     2     4
  5.3634237661347306E-01 a       545     1    13     2     5
  2.9577017683682827E-01 a       546     1    13     2     6
 -9.6923644465828809E-02 a       547     1    13     2     7
  2.1044780272469205E-01 a       548     1    13     2     8
  1.8880373833679140E-01 a       549     1    13     2     9
 -4.4063369660795870E-01 a       550     1    13     2    10
 -7.5539552379808905E-01 a       551     1    13     2    11
  3.9985579387075576E-01 a       552     1    13     2    12
 -2.1886802093763430E-01 a       553     1    13     2    13
 -5.1664664789092318E-01 a       554     1    13     2    14
  3.7341060266263139E-02 a       555     1    13     2    15
  4.2376897891022525E-01 a       556     1    13     2    16
 -2.4103469665604954E-01 a       557     1    13     2    17
  5.2471361241661385E-01 a       558     1    13     2    18
 -5.1466571204506939E-01 a       559     1    13     2    19
 -2.8453675839229853E-01 a       560     1    13     2    20
  3.0037483398959158E-01 a       561     1    14     2     1
  2.2776518971831206E-01 a       562     1    14     2     2
 -5.8778180410979119E-01 a       563     1    14     2     3
 -2.8805592338067038E-01 a       564     1    14     2     4
  2.2051317118076175E-01 a       565     1    14     2     5
  4.8247211377150601E-01 a       566     1    14     2     6
 -2.0476937612522290E-02 a       567     1    14     2     7
 -3.8043932559674354E-01 a       568     1    14     2     8
 -1.8920070595647737E-02 a       569     1    14     2     9
 -2.2300655362805920E-02 a       570     1    14     2    10
 -3.7338809146583951E-01 a       571     1    14     2    11
 -4.1447570421504754E-01 a       572     1    14     2    12
  3.5065124681254223E-01 a       573     1    14     2    13
 -1.2759269636144688E-01 a       574     1    14     2    14
  9.3208319407821386E-02 a       575     1    14     2    15
  9.9344236258919222E-02 a       576     1    14     2    16
  6.6766785884380175E-01 a       577     1    14     2    17
 -6.1074888757814827E-01 a       578     1    14     2    18
 -3.3078724273752913E-02 a       579     1    14     2    19
  2.7120905240704596E-01 a       580     1    14     2    20
  2.3433455926468413E-01 a       581     1    15     2     1
 -2.1604454604329063E-01 a       582     1    15     2     2
 -1.5708591166984462E-01 a       583     1    15     2     3
  1.3358549025439734E-01 a       584     1    15     2     4
  3.2260331365141237E-01 a       585     1    15     2     5
  1.3088477437502347E-01 a       586     1    15     2     6
 -2.9974796880016824E-01 a       587     1    15     2     7
 -2.5790039613005866E-01 a       588     1    15     2     8
  7.7025152400164540E-02 a       589     1    15     2     9
 -2.0804690942458620E-01 a       590     1    15     2    10
  4.5135420972627055E-01 a       591     1    15     2    11
  6.9976095241436886E-02 a       592     1    15     2    12
 -4.7161876260462005E-01 a       593     1    15     2    13
 -1.1280113153311868E-02 a       594     1    15     2    14
 -1.3295233609917292E-01 a       595     1    15     2    15
 -2.0930431342066530E-01 a       596     1    15     2    16
 -7.9998434634995785E-02 a       597     1    15     2    17
  4.5614393347996751E-01 a       598     1    15     2    18
  5.4354191046153411E-01 a       599     1    15     2    19
 -2.9129707831203788E-02 a       600     1    15     2    20
  2.6181770099163765E-01 a       601     1    16     2     1
  2.1766184653430365E-01 a       602     1    16     2     2
 -3.1813576086989392E-01 a       603     1    16     2     3
 -5.3762728162511908E-01 a       604     1    16     2     4
 -6.9395211712922378E-01 a       605     1    16     2     5
  2.4924293858864777E-03 a       606     1    16     2     6
 -1.5840089100916193E-03 a       607     1    16     2     7
  2.4305208860728714E-01 a       608     1    16     2     8
  2.4191309911194156E-01 a       609     1    16     2     9
 -2.1609496154827176E-01 a       610     1    16     2    10
  1.0392624842733336E-01 a       611     1    16     2    11
  5.6620205342079311E-01 a       612     1    16     2    12
  6.8989720400506604E-01 a       613     1    16     2    13
  7.0605156721761694E-02 a       614     1    16     2    14
  5.8595216694292906E-01 a       615     1    16     2    15
  2.5205289781345191E-01 a       616     1    16     2    16
 -2.5915630222086983E-01 a       617     1    16     2    17
 -2.7647243288453149E-01 a       618     1    16     2    18
  1.0905522867655916E-01 a       619     1    16     2    19
 -9.5543206552661158E-02 a       620     1    16     2    20
  3.7729752067101935E-01 a       621     1    17     2     1
  1.1949774502761190E-01 a       622     1    17     2     2
 -5.2997868059603115E-01 a       623     1    17     2     3
 -1.8710628848712326E-02 a       624     1    17     2     4
 -5.8045649248746452E-02 a       625     1    17     2     5
 -3.9701979048517905E-01 a       626     1    17     2     6
  7.7250747685878723E-03 a       627     1    17     2     7
  5.3120354449833873E-01 a       628     1    17     2     8
 -2.3814902579065367E-01 a       629     1    17     2     9
 -2.7259045660154935E-01 a       630     1    17     2    10
  2.7365202368483016E-01 a       631     1    17     2    11
 -2.3577555798735836E-01 a       632     1    17     2    12
 -1.5457768969965519E-01 a       633     1    17     2    13
  2.9467711993321705E-01 a       634     1    17     2    14
 -7.8696824684385686E-02 a       635     1    17     2    15
  1.9481762473312003E-01 a       636     1    17     2    16
 -2.2327444923417281E-01 a       637     1    17     2    17
  5.4312633994589521E-01 a       638     1    17     2    18
 -5.7044792198173475E-02 a       639     1    17     2    19
 -3.6851386066123309E-01 a       640     1    17     2    20
 -3.7217504832836862E-01 a       641     1    18     2     1
 -4.7761297586127749E-01 a       642     1    18     2     2
 -1.7171456739950222E-01 a       643     1    18     2     3
  4.2055677871599584E-01 a       644     1    18     2     4
  1.9823123986674157E-01 a       645     1    18     2     5
 -3.2488798542545005E-01 a       646     1    18     2     6
 -1.9312981887365435E-01 a       647     1    18     2     7
  4.0158256840661127E-02 a       648     1    18     2     8
 -4.0886156203695273E-01 a       649     1    18     2     9
  1.2785990395426436E-01 a       650     1    18     2    10
 -2.2758367090452600E-01 a       651     1    18     2    11
 -4.4996984467669054E-01 a       652     1    18     2    12
 -3.5565946134295634E-01 a       653     1    18     2    13
  5.2668800945521455E-01 a       654     1    18     2    14
  3.4645050124152915E-01 a       655     1    18     2    15
  4.8926103533840420E-01 a       656     1    18     2    16
  1.6071890409055131E-01 a       657     1    18     2    17
  3.1828489459274845E-01 a       658     1    18     2    18
  3.7973266658178817E-01 a       659     1    18     2    19
 -3.4645278763089504E-01 a       660     1    18     2    20
  1.4350429635794965E-02 a       661     1    19     2     1
 -1.4999674594202442E-01 a       662     1    19     2     2
 -3.0293633780611595E-01 a       663     1    19     2     3
 -4.2383320775428579E-01 a       664     1    19     2     4
  2.4862164223188785E-01 a       665     1    19     2     5
  4.2137945628070245E-01 a       666     1    19     2     6
  6.4580907403925403E-01 a       667     1    19     2     7
  1.2637803672371484E-01 a       668     1    19     2     8
  4.1035688840684439E-02 a       669     1    19     2     9
 -1.6244599209290558E-01 a       670     1    19     2    10
  1.8815182536883568E-01 a       671     1    19     2    11
  2.3327970466195927E-01 a       672     1    19     2    12
  2.3665407752983178E-01 a       673     1    19     2    13
  2.4841661018180450E-01 a       674     1    19     2    14
 -3.2245274471180746E-01 a       675     1    19     2    15
 -1.6726248096403126E-01 a       676     1    19     2    16
  4.8973165526700460E-02 a       677     1    19     2    17
  2.9583510885061287E-01 a       678     1    19     2    18
  8.3329724980977529E-02 a       679     1    19     2    19
 -3.1616730874359411E-01 a       680     1    19     2    20
  5.3826069516754227E-01 a       681     1    20     2     1
  4.8462893511122686E-02 a       682     1    20     2     2
 -5.3743324640807422E-01 a       683     1    20     2     3
 -5.8266988743380743E-01 a       684     1    20     2     4
 -5.4620243600032814E-01 a       685     1    20     2     5
  6.9557137143063427E-02 a       686     1    20     2     6
 -4.4625298111753980E-01 a       687     1    20     2     7
  5.1321769207151668E-01 a       688     1    20     2     8
 -3.2742549282812794E-01 a       689     1    20     2     9
 -3.5021109402974149E-01 a       690     1    20     2    10
 -3.5191660345350240E-01 a       691     1    20     2    11
  5.9982438356875645E-01 a       692     1    20     2    12
 -1.0361161335002485E-01 a       693     1    20     2    13
  2.4086343853022277E-01 a       694     1    20     2    14
 -5.4483733987985250E-01 a       695     1    20     2    15
 -6.5765852351631682E-01 a       696     1    20     2    16
  8.4801155971620343E-02 a       697     1    20     2    17
  1.7368845549002407E-01 a       698     1    20     2    18
  4.5595352189256549E-01 a       699     1    20     2    19
 -1.4112995641869580E-01 a       700     1    20     2    20
 -9.1362745836427550E-01 b       701     2     1
  4.5620343947967051E-01 b       702     2     2
 -6.8641548120591112E-01 b       703     2     3
  2.7313695566830232E-01 b       704     2     4
  4.5733145116454474E-02 b       705     2     5
 -1.0041387757924209E+00 b       706     2     6
 -2.7368821062027104E-01 b       707     2     7
  1.6182727380896209E+00 b       708     2     8
  7.3863705861004147E-01 b       709     2     9
  2.7395268046416910E-01 b       710     2    10
  6.0642076629261266E-01 b       711     2    11
  6.5592377274219493E-01 b       712     2    12
  1.1798998049378799E+00 b       713     2    13
 -1.6642640254345392E-01 b       714     2    14
  1.5977086299884924E+00 b       715     2    15
 -1.0962605291601546E+00 b       716     2    16
 -1.2916499128057246E+00 b       717     2    17
 -7.4900309697226242E-01 b       718     2    18
  2.8604806427634671E-01 b       719     2    19
  5.8840708186692348E-01 b       720     2    20
 -4.6060079626948448E-02 a       721     2     1     3     1
 -1.0146581179903113E-02 a       722     2     2     3     1
  8.7602615727399014E-01 a       723     2     3     3     1
 -5.7286082250672921E-01 a       724     2     4     3     1
  3.4401869040081767E-01 a       725     2     5     3     1
 -1.0696717081686273E+00 a       726     2     6     3     1
 -9.5201292885876576E-01 a       727     2     7     3     1
 -8.5145141977382266E-01 a       728     2     8     3     1
 -5.9877047490426982E-01 a       729     2     9     3     1
  6.4123237186546922E-01 a       730     2    10     3     1
  3.0433601030524854E-01 a       731     2    11     3     1
  6.3084469094470808E-01 a       732     2    12     3     1
 -8.3040731356467734E-01 a       733     2    13     3     1
  5.3292191689097068E-01 a       734     2    14     3     1
  5.4899976169064257E-01 a       735     2    15     3     1
  7.4214221860582330E-01 a       736     2    16     3     1
  1.0395914827740840E+00 a       737     2    17     3     1
  4.5595293292438888E-03 a       738     2    18     3     1
  1.0093342115995145E-01 a       739     2    19     3     1
  4.8250531793938019E-02 a       740     2    20     3     1
  9.9847926953417154E-02 b       741     3     1
