################################################################################
# Neural network connection values (weights and biases).
################################################################################
# Col  Name       Description
################################################################################
# 1    connection Neural network connection value.
# 2    t          Connection type (a = weight, b = bias).
# 3    index      Index enumerating weights.
# 4    l_s        Starting point layer (end point layer for biases).
# 5    n_s        Starting point neuron in starting layer (end point neuron for biases).
# 6    l_e        End point layer.
# 7    n_e        End point neuron in end layer.
################################################################################
#                      1 2         3     4     5     6     7
#             connection t     index   l_s   n_s   l_e   n_e
############################################################
  4.2168417106946060E-01 a         1     0     1     1     1
  5.7013131974232811E-01 a         2     0     1     1     2
 -3.9289222855979389E-01 a         3     0     1     1     3
 -3.1795690105975091E-02 a         4     0     1     1     4
  1.1146391605985782E-01 a         5     0     1     1     5
  1.2466152876927740E-01 a         6     0     1     1     6
  6.4471339313323633E-02 a         7     0     1     1     7
  1.0896770968590769E-01 a         8     0     1     1     8
  8.8596005129510269E-01 a         9     0     1     1     9
  6.8540201695666514E-01 a        10     0     1     1    10
  5.3524189326407534E-01 a        11     0     1     1    11
  3.2727557125289625E-01 a        12     0     1     1    12
 -6.8085489120810527E-02 a        13     0     1     1    13
  2.9928491508917343E-01 a        14     0     1     1    14
 -3.6348417838215830E-01 a        15     0     1     1    15
  5.4992135833506806E-01 a        16     0     1     1    16
 -1.0697832759896417E-01 a        17     0     1     1    17
  6.9665187673752260E-01 a        18     0     1     1    18
 -4.6700713809937466E-01 a        19     0     1     1    19
  1.7965978419492357E-01 a        20     0     1     1    20
 -3.3515647389487385E-01 a        21     0     2     1     1
 -8.9767699397317921E-02 a        22     0     2     1     2
  1.5996195386839412E-01 a        23     0     2     1     3
 -5.7676642532190410E-02 a        24     0     2     1     4
 -1.6121637718224788E-01 a        25     0     2     1     5
  5.5933732749895160E-01 a        26     0     2     1     6
 -2.3940549595791655E-01 a        27     0     2     1     7
 -3.9985420964979779E-01 a        28     0     2     1     8
 -3.9255283916954009E-01 a        29     0     2     1     9
 -4.1826076238466975E-01 a        30     0     2     1    10
  9.2382853731700285E-03 a        31     0     2     1    11
  6.0304226111951886E-01 a        32     0     2     1    12
  5.1485382710743655E-01 a        33     0     2     1    13
 -2.7481655994407556E-01 a        34     0     2     1    14
  2.2164971831213328E-03 a        35     0     2     1    15
 -2.7873815273719232E-01 a        36     0     2     1    16
  2.5733765691157817E-01 a        37     0     2     1    17
  5.6805883236152675E-02 a        38     0     2     1    18
  3.0122142155862169E-01 a        39     0     2     1    19
 -1.3323024176227616E-01 a        40     0     2     1    20
 -6.1635840576290002E-01 a        41     0     3     1     1
 -4.9882387781599874E-01 a        42     0     3     1     2
  6.7307296621234203E-01 a        43     0     3     1     3
  7.4988749891856199E-01 a        44     0     3     1     4
  5.6172936071012303E-01 a        45     0     3     1     5
 -1.9143683287687616E-01 a        46     0     3     1     6
  2.6727328802746392E-01 a        47     0     3     1     7
 -1.1134031321182565E-01 a        48     0     3     1     8
  3.0662762410666689E-01 a        49     0     3     1     9
  1.9910139066944715E-01 a        50     0     3     1    10
 -9.6377144398695866E-02 a        51     0     3     1    11
 -3.6230282072327635E-01 a        52     0     3     1    12
  6.7296246090566969E-01 a        53     0     3     1    13
  3.2218761594874817E-01 a        54     0     3     1    14
 -3.8301014099344816E-01 a        55     0     3     1    15
  6.4363607355591146E-01 a        56     0     3     1    16
  3.8555161837663512E-02 a        57     0     3     1    17
  1.8511380026132201E-01 a        58     0     3     1    18
 -6.1430649872525422E-01 a        59     0     3     1    19
  9.9948090506830833E-01 a        60     0     3     1    20
  1.3813145069725466E-01 a        61     0     4     1     1
 -5.2749985244839404E-01 a        62     0     4     1     2
 -3.2589195254566866E-01 a        63     0     4     1     3
 -1.8918184601880619E-01 a        64     0     4     1     4
 -5.7561888018239471E-01 a        65     0     4     1     5
  7.2104727125809631E-01 a        66     0     4     1     6
  2.6023882373716872E-01 a        67     0     4     1     7
  5.2834997147022555E-02 a        68     0     4     1     8
  1.8521794844938105E-01 a        69     0     4     1     9
  6.4394601639566718E-01 a        70     0     4     1    10
 -2.4449547345905645E-01 a        71     0     4     1    11
 -2.3072669147448099E-01 a        72     0     4     1    12
 -1.0833110910997006E-01 a        73     0     4     1    13
  3.5105017426831869E-01 a        74     0     4     1    14
 -7.3803716829271515E-01 a        75     0     4     1    15
 -4.6221823497184227E-02 a        76     0     4     1    16
 -1.3575422434241557E-01 a        77     0     4     1    17
 -3.4511813339220060E-01 a        78     0     4     1    18
 -4.0592267992102721E-01 a        79     0     4     1    19
 -5.4520832922521056E-01 a        80     0     4     1    20
  6.3388764092166139E-01 a        81     0     5     1     1
 -4.3460669355509263E-01 a        82     0     5     1     2
  5.6719306810595083E-01 a        83     0     5     1     3
 -5.6197407174523262E-02 a        84     0     5     1     4
  4.2109279678708811E-02 a        85     0     5     1     5
 -1.7292305570270289E-01 a        86     0     5     1     6
  6.6355241375638285E-01 a        87     0     5     1     7
  2.7872213204808488E-01 a        88     0     5     1     8
  3.1148417905476833E-01 a        89     0     5     1     9
 -5.7230031583959784E-01 a        90     0     5     1    10
 -5.2393943391341891E-01 a        91     0     5     1    11
 -1.6833028466405073E-01 a        92     0     5     1    12
 -2.8320972707208680E-01 a        93     0     5     1    13
  3.4528872144757761E-01 a        94     0     5     1    14
  3.4063393370233330E-01 a        95     0     5     1    15
 -1.5849123314648303E-01 a        96     0     5     1    16
  6.9668315475161791E-01 a        97     0     5     1    17
  1.5769081749952368E-01 a        98     0     5     1    18
  2.0023565592861231E-01 a        99     0     5     1    19
 -2.8069649625706076E-02 a       100     0     5     1    20
  5.8273945218060119E-01 a       101     0     6     1     1
 -6.1086715952921078E-01 a       102     0     6     1     2
 -1.1620120619635296E-01 a       103     0     6     1     3
 -8.1939722011318517E-01 a       104     0     6     1     4
 -9.0043085174640894E-02 a       105     0     6     1     5
 -9.7611786833796302E-02 a       106     0     6     1     6
  4.9172146335008293E-01 a       107     0     6     1     7
  7.2202751391176934E-01 a       108     0     6     1     8
  3.6556886529741406E-01 a       109     0     6     1     9
 -3.6918679529079706E-03 a       110     0     6     1    10
 -4.6258035311305112E-01 a       111     0     6     1    11
 -8.1050124353773151E-02 a       112     0     6     1    12
 -1.2075714224731607E-01 a       113     0     6     1    13
  5.0941515564775552E-01 a       114     0     6     1    14
  1.9629068467692229E-01 a       115     0     6     1    15
 -5.8864357435422632E-01 a       116     0     6     1    16
  5.1377594952928818E-01 a       117     0     6     1    17
  6.9791000026734562E-01 a       118     0     6     1    18
 -2.3455578984586431E-01 a       119     0     6     1    19
  2.2719276416789982E-01 a       120     0     6     1    20
  6.1084577269702123E-01 a       121     0     7     1     1
  1.5717913419149893E-01 a       122     0     7     1     2
 -4.3616847987107626E-01 a       123     0     7     1     3
  7.4337433656491625E-01 a       124     0     7     1     4
  1.1721915594773491E-01 a       125     0     7     1     5
  4.8195928781653591E-01 a       126     0     7     1     6
  7.4705179263218269E-01 a       127     0     7     1     7
  1.1482849792249694E-01 a       128     0     7     1     8
  4.8357728641341607E-01 a       129     0     7     1     9
 -7.9273843694615420E-01 a       130     0     7     1    10
 -4.7466104365814382E-01 a       131     0     7     1    11
 -3.6012995919092966E-01 a       132     0     7     1    12
 -1.6931877128011713E-01 a       133     0     7     1    13
 -2.9027725671094774E-02 a       134     0     7     1    14
  4.4366072902297238E-01 a       135     0     7     1    15
  6.2891636413682894E-01 a       136     0     7     1    16
  4.9261016386986245E-01 a       137     0     7     1    17
  4.1399038279509098E-01 a       138     0     7     1    18
  6.6423767351039420E-01 a       139     0     7     1    19
 -2.2174159483556033E-01 a       140     0     7     1    20
  5.8984179497297773E-01 a       141     0     8     1     1
 -2.1499573272445094E-01 a       142     0     8     1     2
 -2.2455327007128309E-01 a       143     0     8     1     3
 -1.4514955047376749E-01 a       144     0     8     1     4
 -6.4901435579569015E-03 a       145     0     8     1     5
  3.5740950023823376E-01 a       146     0     8     1     6
 -4.4113731128089928E-01 a       147     0     8     1     7
 -6.6791055317331827E-01 a       148     0     8     1     8
 -1.8966155742515434E-01 a       149     0     8     1     9
 -2.2191961387801305E-02 a       150     0     8     1    10
  2.8801681793857314E-01 a       151     0     8     1    11
  5.9988385556540413E-01 a       152     0     8     1    12
 -6.8637830885528750E-01 a       153     0     8     1    13
 -3.7407480159612205E-01 a       154     0     8     1    14
  3.3500700252399523E-01 a       155     0     8     1    15
 -5.4162555707616655E-01 a       156     0     8     1    16
  7.2946529147468531E-01 a       157     0     8     1    17
 -2.1543616931097057E-01 a       158     0     8     1    18
  3.4308767738856333E-01 a       159     0     8     1    19
 -4.9774434567613629E-01 a       160     0     8     1    20
 -1.3223593173381176E-01 a       161     0     9     1     1
 -3.4305727275464420E-01 a       162     0     9     1     2
  1.7471754147258087E-01 a       163     0     9     1     3
 -3.8968807619101059E-01 a       164     0     9     1     4
 -6.6278031227522027E-01 a       165     0     9     1     5
 -2.2118962756849408E-02 a       166     0     9     1     6
 -3.2219851755825329E-01 a       167     0     9     1     7
  4.8376678228052561E-01 a       168     0     9     1     8
  6.7426504255880249E-01 a       169     0     9     1     9
  2.1853930858652981E-01 a       170     0     9     1    10
 -8.7133626401044648E-02 a       171     0     9     1    11
  2.9720924448671632E-01 a       172     0     9     1    12
 -2.8655469560464086E-01 a       173     0     9     1    13
  1.2258588092931830E-01 a       174     0     9     1    14
 -5.4385959439278264E-01 a       175     0     9     1    15
 -1.0426781456761290E-01 a       176     0     9     1    16
  1.5583485059761268E-01 a       177     0     9     1    17
 -3.4929476024692063E-01 a       178     0     9     1    18
 -2.5720597118857169E-01 a       179     0     9     1    19
 -7.7208709038535106E-02 a       180     0     9     1    20
 -3.1321604994902102E-01 a       181     0    10     1     1
 -2.9640824767622115E-01 a       182     0    10     1     2
  1.9419326477941282E-01 a       183     0    10     1     3
 -4.9925766869066696E-01 a       184     0    10     1     4
 -5.0660056030087652E-01 a       185     0    10     1     5
 -2.1629981816528471E-01 a       186     0    10     1     6
  1.9164798172678135E-01 a       187     0    10     1     7
 -1.3476454442811259E-01 a       188     0    10     1     8
 -1.5066755850804511E-01 a       189     0    10     1     9
 -5.7143134924405488E-02 a       190     0    10     1    10
 -2.7009677907169255E-01 a       191     0    10     1    11
 -6.0068010195351840E-01 a       192     0    10     1    12
  1.3962625148774227E-01 a       193     0    10     1    13
  7.3678341008460690E-01 a       194     0    10     1    14
 -3.1369433112334494E-01 a       195     0    10     1    15
  1.8618937911137687E-01 a       196     0    10     1    16
 -5.4611557724993942E-01 a       197     0    10     1    17
 -1.5109384611415691E-01 a       198     0    10     1    18
 -2.4055668616942283E-01 a       199     0    10     1    19
 -1.8282423906440337E-01 a       200     0    10     1    20
 -4.3031744851453130E-01 a       201     0    11     1     1
 -1.6547701676495372E-01 a       202     0    11     1     2
 -3.6845317694966556E-01 a       203     0    11     1     3
 -1.6842016240632751E-01 a       204     0    11     1     4
 -6.2239745820575554E-01 a       205     0    11     1     5
 -4.1175522193777692E-01 a       206     0    11     1     6
 -2.1464611207867881E-01 a       207     0    11     1     7
  2.2780025155751524E-01 a       208     0    11     1     8
  1.1091346795139233E-01 a       209     0    11     1     9
 -5.7046191910705334E-02 a       210     0    11     1    10
 -1.7995665939206354E-01 a       211     0    11     1    11
  4.9487716622060751E-02 a       212     0    11     1    12
  6.6260678404633255E-01 a       213     0    11     1    13
  8.2551806229991212E-02 a       214     0    11     1    14
  3.5996518636430741E-01 a       215     0    11     1    15
  1.6679996072122869E-01 a       216     0    11     1    16
  1.9711246559934439E-01 a       217     0    11     1    17
  2.8578622116882435E-01 a       218     0    11     1    18
  4.8406733091603765E-01 a       219     0    11     1    19
 -2.4765016462454140E-01 a       220     0    11     1    20
 -1.3118550564222284E-01 a       221     0    12     1     1
  2.7657578286038331E-01 a       222     0    12     1     2
 -3.7573657307195057E-01 a       223     0    12     1     3
 -2.5749790068985662E-01 a       224     0    12     1     4
  2.8385115533147831E-01 a       225     0    12     1     5
 -6.7446815218736977E-01 a       226     0    12     1     6
  1.5809396749504344E-02 a       227     0    12     1     7
  6.7150605780780664E-02 a       228     0    12     1     8
 -1.5543427306861149E-01 a       229     0    12     1     9
 -5.7816893324260632E-01 a       230     0    12     1    10
  3.1603752921131817E-01 a       231     0    12     1    11
 -3.1328459431480482E-01 a       232     0    12     1    12
 -5.4305538804680842E-01 a       233     0    12     1    13
 -4.7855402497057337E-01 a       234     0    12     1    14
 -1.9336647529947962E-01 a       235     0    12     1    15
 -3.9874497468504612E-02 a       236     0    12     1    16
 -4.8351419498752746E-01 a       237     0    12     1    17
 -4.7356535949910866E-01 a       238     0    12     1    18
  3.8590109355074520E-01 a       239     0    12     1    19
 -3.9813974973980282E-01 a       240     0    12     1    20
 -4.7313822406954628E-02 a       241     0    13     1     1
 -5.0199795319073515E-01 a       242     0    13     1     2
  4.6415609416081383E-01 a       243     0    13     1     3
  5.4590531197359471E-01 a       244     0    13     1     4
  6.9168108043137255E-01 a       245     0    13     1     5
  3.2779753203389717E-01 a       246     0    13     1     6
  1.9901902189854734E-01 a       247     0    13     1     7
  7.2146508717788294E-01 a       248     0    13     1     8
  2.4103096209808106E-02 a       249     0    13     1     9
 -3.0510434310394563E-01 a       250     0    13     1    10
 -5.6102911342332984E-01 a       251     0    13     1    11
  2.3638323437277428E-01 a       252     0    13     1    12
  3.5772288355062931E-01 a       253     0    13     1    13
 -3.9220617805396213E-01 a       254     0    13     1    14
  4.3534124821365411E-01 a       255     0    13     1    15
 -3.2037775814778546E-01 a       256     0    13     1    16
  1.4942509061321962E-01 a       257     0    13     1    17
 -4.4986904956746609E-01 a       258     0    13     1    18
 -2.7551217099181863E-01 a       259     0    13     1    19
  1.5203828878114331E-01 a       260     0    13     1    20
  3.7107638372747886E-01 a       261     0    14     1     1
 -2.8543261445237000E-01 a       262     0    14     1     2
 -4.1710243787625068E-01 a       263     0    14     1     3
  9.0659126485327729E-02 a       264     0    14     1     4
  5.7023314922415622E-02 a       265     0    14     1     5
 -4.8840597778487271E-01 a       266     0    14     1     6
  2.9644747755605672E-01 a       267     0    14     1     7
  4.5218170773600819E-01 a       268     0    14     1     8
  3.8719738060883968E-01 a       269     0    14     1     9
 -3.3574127087608796E-01 a       270     0    14     1    10
 -5.2944159930131096E-01 a       271     0    14     1    11
 -5.1197956032513603E-01 a       272     0    14     1    12
 -5.3618081496868378E-02 a       273     0    14     1    13
 -5.2478905821272992E-01 a       274     0    14     1    14
  3.9491049439704062E-01 a       275     0    14     1    15
 -4.4822971454120603E-01 a       276     0    14     1    16
 -3.0563006520153296E-01 a       277     0    14     1    17
 -2.9496012268943966E-01 a       278     0    14     1    18
  1.6822180569820291E-02 a       279     0    14     1    19
 -4.3159828046457436E-03 a       280     0    14     1    20
 -1.5290543582737665E-01 b       281     1     1
  4.8480849293405825E-01 b       282     1     2
  2.1942359154306315E-01 b       283     1     3
 -9.7847641791298823E-01 b       284     1     4
 -1.4545587058868034E-01 b       285     1     5
 -9.8339151510400458E-01 b       286     1     6
  3.1351500695517975E-01 b       287     1     7
 -9.2921266577416461E-01 b       288     1     8
 -1.4017225285905073E+00 b       289     1     9
  5.2000798123365763E-02 b       290     1    10
 -8.3472603373472909E-01 b       291     1    11
  1.5791152832575315E+00 b       292     1    12
 -1.6775693376857583E+00 b       293     1    13
  5.4999198796531013E-01 b       294     1    14
 -4.4397498212217185E-01 b       295     1    15
  1.2055886833918572E+00 b       296     1    16
 -8.6824719187338184E-01 b       297     1    17
  1.2725557427294449E+00 b       298     1    18
 -4.8970439604627219E-01 b       299     1    19
 -1.5516422091540192E+00 b       300     1    20
  5.5547810128669065E-02 a       301     1     1     2     1
 -3.0895345358217280E-01 a       302     1     1     2     2
 -1.8045329883559344E-01 a       303     1     1     2     3
 -2.6909529642745189E-01 a       304     1     1     2     4
  4.0204577868460895E-01 a       305     1     1     2     5
 -3.5155188766325729E-01 a       306     1     1     2     6
 -1.3118898941883192E-01 a       307     1     1     2     7
  2.6171181329094084E-01 a       308     1     1     2     8
  5.7008871762334523E-01 a       309     1     1     2     9
  2.9136473506330485E-01 a       310     1     1     2    10
 -2.1606606611201920E-01 a       311     1     1     2    11
 -3.6914759668612374E-01 a       312     1     1     2    12
 -3.2287331980830852E-01 a       313     1     1     2    13
 -6.8849890543496683E-01 a       314     1     1     2    14
  7.5180773050802452E-01 a       315     1     1     2    15
 -5.4418954525470298E-01 a       316     1     1     2    16
  9.4067079935061831E-02 a       317     1     1     2    17
  4.5136271105554615E-01 a       318     1     1     2    18
  6.7258452686689701E-02 a       319     1     1     2    19
  3.9311010064685015E-01 a       320     1     1     2    20
 -1.1982684166482110E-01 a       321     1     2     2     1
 -9.0127749562975146E-02 a       322     1     2     2     2
  3.1393635560603933E-01 a       323     1     2     2     3
  1.1634730519293003E-01 a       324     1     2     2     4
 -9.9211629176980259E-02 a       325     1     2     2     5
  4.3421229223043473E-01 a       326     1     2     2     6
  5.2718302502192049E-01 a       327     1     2     2     7
 -2.1486090386473167E-01 a       328     1     2     2     8
 -1.1692388828678300E-01 a       329     1     2     2     9
 -1.6026428107079396E-01 a       330     1     2     2    10
 -1.5606636911307045E-01 a       331     1     2     2    11
 -4.6926036942905469E-01 a       332     1     2     2    12
  4.9230944293726364E-01 a       333     1     2     2    13
  2.5957285218399506E-01 a       334     1     2     2    14
 -9.7881375418079106E-02 a       335     1     2     2    15
  3.0430897334098345E-01 a       336     1     2     2    16
 -1.2825714277836525E-01 a       337     1     2     2    17
  5.0508969240855926E-02 a       338     1     2     2    18
  1.8687951000029618E-01 a       339     1     2     2    19
 -1.9391690319224086E-01 a       340     1     2     2    20
 -1.3653567516540535E-01 a       341     1     3     2     1
  3.8829872472319904E-01 a       342     1     3     2     2
  3.1933389919750960E-01 a       343     1     3     2     3
  3.8422564878640109E-01 a       344     1     3     2     4
  6.9221904769176301E-01 a       345     1     3     2     5
  1.9328764357010292E-01 a       346     1     3     2     6
 -2.3619106444731219E-01 a       347     1     3     2     7
 -4.7305567877511906E-01 a       348     1     3     2     8
 -3.8467003623961293E-01 a       349     1     3     2     9
  3.3630374336651669E-01 a       350     1     3     2    10
  5.4564134139801365E-02 a       351     1     3     2    11
 -4.0559164343710774E-01 a       352     1     3     2    12
  5.8274494308079050E-01 a       353     1     3     2    13
 -4.4749350147204714E-01 a       354     1     3     2    14
 -1.6137317290108580E-01 a       355     1     3     2    15
 -3.8256354656506886E-01 a       356     1     3     2    16
 -3.0761760191144399E-01 a       357     1     3     2    17
  4.0952914949763253E-01 a       358     1     3     2    18
  6.2827161637991916E-02 a       359     1     3     2    19
  3.0049757646277392E-01 a       360     1     3     2    20
  2.8842653958580566E-01 a       361     1     4     2     1
 -7.5513180113909728E-03 a       362     1     4     2     2
  7.4083178497538746E-02 a       363     1     4     2     3
 -3.8595230257044039E-01 a       364     1     4     2     4
  2.9059240095226874E-01 a       365     1     4     2     5
  3.2016584523718894E-01 a       366     1     4     2     6
  2.8971562527761041E-01 a       367     1     4     2     7
  4.4289087450812648E-01 a       368     1     4     2     8
 -5.4119525019149761E-01 a       369     1     4     2     9
 -6.5799357035486250E-01 a       370     1     4     2    10
  2.3280034029865418E-01 a       371     1     4     2    11
 -2.6050814338533074E-01 a       372     1     4     2    12
 -5.5044013129248351E-02 a       373     1     4     2    13
 -2.7795616085648445E-01 a       374     1     4     2    14
 -1.4598010454327873E-01 a       375     1     4     2    15
 -1.4997411244653104E-02 a       376     1     4     2    16
  3.6845763264445575E-01 a       377     1     4     2    17
  5.3753220228738730E-01 a       378     1     4     2    18
 -3.7055638817789094E-01 a       379     1     4     2    19
  6.1803304577469831E-01 a       380     1     4     2    20
  9.3423388296211954E-02 a       381     1     5     2     1
 -1.9032583641247380E-01 a       382     1     5     2     2
  2.4446328781452567E-01 a       383     1     5     2     3
  3.4503853252802541E-01 a       384     1     5     2     4
 -2.3665402432976446E-01 a       385     1     5     2     5
 -1.3452632439045159E-01 a       386     1     5     2     6
 -2.4618624468562267E-01 a       387     1     5     2     7
  2.9546709693710729E-02 a       388     1     5     2     8
 -1.4046689271681895E-01 a       389     1     5     2     9
 -4.4582248498175636E-01 a       390     1     5     2    10
 -3.5005393462531126E-01 a       391     1     5     2    11
  1.4795963805077592E-01 a       392     1     5     2    12
 -6.0548941654228206E-01 a       393     1     5     2    13
 -1.8719033656808193E-01 a       394     1     5     2    14
  3.7269701871266270E-01 a       395     1     5     2    15
 -1.3323945536900192E-01 a       396     1     5     2    16
  3.3168800910749435E-01 a       397     1     5     2    17
 -6.5984646109726097E-01 a       398     1     5     2    18
 -4.4896779023779948E-01 a       399     1     5     2    19
 -7.2144509975443205E-01 a       400     1     5     2    20
  6.2555629069015539E-01 a       401     1     6     2     1
  6.3953335443520354E-01 a       402     1     6     2     2
 -5.5257096920308046E-01 a       403     1     6     2     3
 -3.4185073068341976E-01 a       404     1     6     2     4
  6.1463366650997768E-02 a       405     1     6     2     5
 -3.0315215727232259E-01 a       406     1     6     2     6
 -6.8553630091275963E-01 a       407     1     6     2     7
  2.8914212018114355E-01 a       408     1     6     2     8
 -3.8773632242986017E-01 a       409     1     6     2     9
  3.3868450847549542E-01 a       410     1     6     2    10
  4.9232164279480489E-01 a       411     1     6     2    11
 -5.6196178949779498E-02 a       412     1     6     2    12
  6.0406575195392657E-02 a       413     1     6     2    13
  3.0977693600442247E-01 a       414     1     6     2    14
 -4.0867509795212692E-01 a       415     1     6     2    15
  4.6457085267070583E-02 a       416     1     6     2    16
 -4.4334681018183823E-02 a       417     1     6     2    17
 -8.3557260005162240E-02 a       418     1     6     2    18
  8.0894472517727745E-02 a       419     1     6     2    19
 -3.6303345329513431E-01 a       420     1     6     2    20
  5.2408061911024495E-01 a       421     1     7     2     1
  1.8175048813904315E-01 a       422     1     7     2     2
  1.9564652784208417E-01 a       423     1     7     2     3
  4.1421651903698575E-01 a       424     1     7     2     4
  6.1564891749574757E-01 a       425     1     7     2     5
 -2.0542590822067783E-01 a       426     1     7     2     6
  3.0301468309251817E-01 a       427     1     7     2     7
  2.2500521677491786E-01 a       428     1     7     2     8
 -3.1476299482274733E-01 a       429     1     7     2     9
  2.0072160566310299E-01 a       430     1     7     2    10
  3.4414410389952094E-01 a       431     1     7     2    11
 -7.5643020143332199E-02 a       432     1     7     2    12
  1.3030870866784305E-01 a       433     1     7     2    13
  6.0192644004531922E-03 a       434     1     7     2    14
 -5.3257566620984509E-01 a       435     1     7     2    15
  2.3223982695371079E-01 a       436     1     7     2    16
  7.3182659951720547E-02 a       437     1     7     2    17
  2.5238731221655031E-01 a       438     1     7     2    18
  3.4610317034932425E-01 a       439     1     7     2    19
  7.0507333302929187E-02 a       440     1     7     2    20
  3.4211346791918745E-01 a       441     1     8     2     1
 -3.1505071247380098E-02 a       442     1     8     2     2
  5.5213965921104968E-01 a       443     1     8     2     3
 -5.9472877431030646E-01 a       444     1     8     2     4
 -3.2393851494876330E-01 a       445     1     8     2     5
  6.9083570264634450E-02 a       446     1     8     2     6
  3.9317905082244214E-01 a       447     1     8     2     7
  1.2664457536373230E-01 a       448     1     8     2     8
  2.3266724248887088E-01 a       449     1     8     2     9
 -1.6669256217148248E-02 a       450     1     8     2    10
 -1.6100194247545799E-01 a       451     1     8     2    11
  1.1607816682848313E-01 a       452     1     8     2    12
  6.3689994316777898E-01 a       453     1     8     2    13
  1.4719945208929566E-01 a       454     1     8     2    14
 -1.5552262026741903E-01 a       455     1     8     2    15
 -1.4043775245642007E-01 a       456     1     8     2    16
 -4.5874259177167659E-01 a       457     1     8     2    17
  5.6011709949259726E-02 a       458     1     8     2    18
 -4.3787037789562633E-01 a       459     1     8     2    19
  2.0389111531838353E-01 a       460     1     8     2    20
 -5.7358893461700172E-02 a       461     1     9     2     1
 -1.5194868094273009E-01 a       462     1     9     2     2
 -1.0228063571225743E-01 a       463     1     9     2     3
  3.6922230296063446E-01 a       464     1     9     2     4
 -1.6919088154001333E-01 a       465     1     9     2     5
 -1.5685272958624752E-01 a       466     1     9     2     6
 -1.4546380654435287E-01 a       467     1     9     2     7
  4.5651434747522465E-02 a       468     1     9     2     8
 -2.6866839809982185E-01 a       469     1     9     2     9
 -6.9231902089296443E-02 a       470     1     9     2    10
 -4.7274856303299861E-02 a       471     1     9     2    11
 -5.2523407142336401E-02 a       472     1     9     2    12
 -5.8816204250257542E-01 a       473     1     9     2    13
 -7.9561807468269172E-02 a       474     1     9     2    14
 -7.0229961206707958E-01 a       475     1     9     2    15
 -5.8940688076248937E-01 a       476     1     9     2    16
  2.6094215797102180E-02 a       477     1     9     2    17
 -3.6648770161625349E-01 a       478     1     9     2    18
  2.0133193844585870E-01 a       479     1     9     2    19
 -2.7516022215073027E-01 a       480     1     9     2    20
  1.1312624282800944E-01 a       481     1    10     2     1
 -1.5897081696309270E-01 a       482     1    10     2     2
  4.3192127427766885E-01 a       483     1    10     2     3
  6.3361892967801703E-01 a       484     1    10     2     4
  1.9076727476004907E-02 a       485     1    10     2     5
 -4.6689941764271281E-01 a       486     1    10     2     6
  3.9539435140774987E-01 a       487     1    10     2     7
 -1.1420161035719599E-02 a       488     1    10     2     8
  1.3126810267413097E-01 a       489     1    10     2     9
  4.8492933696163609E-01 a       490     1    10     2    10
 -3.3892888594614223E-01 a       491     1    10     2    11
 -5.9076944927410990E-01 a       492     1    10     2    12
 -3.2437365366142390E-01 a       493     1    10     2    13
 -8.3204688769970736E-01 a       494     1    10     2    14
  3.4060616548018774E-01 a       495     1    10     2    15
 -3.2091124862136655E-01 a       496     1    10     2    16
  4.1995227553852782E-01 a       497     1    10     2    17
  8.7498630094846097E-02 a       498     1    10     2    18
  4.5492074976726959E-01 a       499     1    10     2    19
  1.1383400590360451E-01 a       500     1    10     2    20
 -5.7424061989055575E-01 a       501     1    11     2     1
  4.1349280900249458E-01 a       502     1    11     2     2
 -5.5369353232173990E-01 a       503     1    11     2     3
  5.1295342747958961E-01 a       504     1    11     2     4
 -3.7680682692708339E-01 a       505     1    11     2     5
 -1.3672985155828772E-02 a       506     1    11     2     6
  3.1640887944207746E-01 a       507     1    11     2     7
 -3.4832386954298097E-03 a       508     1    11     2     8
  4.1490700103354948E-02 a       509     1    11     2     9
 -5.2377191287330016E-01 a       510     1    11     2    10
 -1.1654687486009943E-02 a       511     1    11     2    11
 -1.5103180825409321E-01 a       512     1    11     2    12
 -1.2616467548932103E-01 a       513     1    11     2    13
 -1.8012596449053336E-01 a       514     1    11     2    14
  1.1200597398923469E-01 a       515     1    11     2    15
 -2.6750856497262859E-01 a       516     1    11     2    16
  5.1381527689893980E-01 a       517     1    11     2    17
  2.6283761580988352E-01 a       518     1    11     2    18
  1.8568343472499887E-01 a       519     1    11     2    19
 -2.5672438289896538E-01 a       520     1    11     2    20
 -2.0513119451625733E-01 a       521     1    12     2     1
  5.0588188174617943E-01 a       522     1    12     2     2
  2.6838938027183856E-01 a       523     1    12     2     3
 -4.7738556635452484E-01 a       524     1    12     2     4
  4.2934759532955247E-01 a       525     1    12     2     5
 -1.5124090190941869E-01 a       526     1    12     2     6
  4.0799921229984298E-02 a       527     1    12     2     7
 -7.5101258146931291E-02 a       528     1    12     2     8
  3.5240607326923795E-01 a       529     1    12     2     9
  6.6353533920704511E-01 a       530     1    12     2    10
 -2.5010925117077581E-01 a       531     1    12     2    11
 -5.6336194999790767E-01 a       532     1    12     2    12
 -5.9862483748545148E-01 a       533     1    12     2    13
  1.1198159983204825E-01 a       534     1    12     2    14
  3.0105235647049328E-01 a       535     1    12     2    15
  3.3786628878374642E-01 a       536     1    12     2    16
  2.0186708721236721E-01 a       537     1    12     2    17
 -5.9265094115783357E-01 a       538     1    12     2    18
  1.9525670620625007E-01 a       539     1    12     2    19
 -1.1949789493943061E-02 a       540     1    12     2    20
 -5.8410532465167109E-01 a       541     1    13     2     1
 -5.8052736670150229E-01 a       542     1    13     2     2
 -2.3500802480649843E-01 a       543     1    13     2     3
 -3.9215444809287370E-01 a       544     1    13     2     4
 -2.2809112287782488E-01 a       545     1    13     2     5
 -5.4854330553686315E-01 a       546     1    13     2     6
 -1.4742436857611740E-01 a       547     1    13     2     7
 -3.5813257238198770E-01 a       548     1    13     2     8
 -5.8204508687967393E-01 a       549     1    13     2     9
  3.9874989342637590E-01 a       550     1    13     2    10
 -2.2514398927966184E-01 a       551     1    13     2    11
  2.3688951551816648E-02 a       552     1    13     2    12
 -2.1868485833486294E-02 a       553     1    13     2    13
 -3.9442443333112542E-01 a       554     1    13     2    14
  2.4433078548793541E-01 a       555     1    13     2    15
  3.0101249030556293E-01 a       556     1    13     2    16
 -1.5924899477023102E-01 a       557     1    13     2    17
 -4.8664544498272577E-01 a       558     1    13     2    18
 -2.7562439777863612E-01 a       559     1    13     2    19
 -4.8821486306432911E-02 a       560     1    13     2    20
 -5.1568609012784827E-01 a       561     1    14     2     1
 -1.7666957040758793E-01 a       562     1    14     2     2
 -5.2187990508970350E-01 a       563     1    14     2     3
 -3.7968962095610376E-02 a       564     1    14     2     4
  9.7758800048055497E-02 a       565     1    14     2     5
 -1.4183958287091566E-01 a       566     1    14     2     6
 -9.2299448929226230E-02 a       567     1    14     2     7
  2.6996926141900046E-01 a       568     1    14     2     8
 -5.0987010655576115E-01 a       569     1    14     2     9
 -2.5752239442485492E-01 a       570     1    14     2    10
 -2.9770372088929609E-01 a       571     1    14     2    11
  9.5813688805854551E-03 a       572     1    14     2    12
 -1.1077818933583217E-01 a       573     1    14     2    13
  3.0361571337340060E-01 a       574     1    14     2    14
  2.3110225534755155E-01 a       575     1    14     2    15
  5.1423266762644670E-01 a       576     1    14     2    16
  3.1188558913111486E-01 a       577     1    14     2    17
 -2.8114459189593344E-01 a       578     1    14     2    18
  2.1794790612631312E-02 a       579     1    14     2    19
 -3.5801705660868555E-01 a       580     1    14     2    20
 -1.2099776037334885E-01 a       581     1    15     2     1
 -2.7633030233898898E-01 a       582     1    15     2     2
 -2.5666888991029280E-01 a       583     1    15     2     3
  3.1299372240520518E-01 a       584     1    15     2     4
 -3.7763121991124499E-01 a       585     1    15     2     5
 -3.7725460374347292E-01 a       586     1    15     2     6
  3.5303185972096829E-01 a       587     1    15     2     7
  3.1702284455331420E-01 a       588     1    15     2     8
 -3.6559688565102982E-01 a       589     1    15     2     9
  1.3463723320575094E-01 a       590     1    15     2    10
  9.6930541897525688E-02 a       591     1    15     2    11
 -5.6467255088180901E-01 a       592     1    15     2    12
 -1.7901299981519231E-01 a       593     1    15     2    13
  1.2048252498713852E-01 a       594     1    15     2    14
 -4.7396590577671377E-01 a       595     1    15     2    15
  2.9558818790534863E-01 a       596     1    15     2    16
  5.0967125853839912E-01 a       597     1    15     2    17
  2.4228503811748580E-02 a       598     1    15     2    18
  3.4826365132727899E-01 a       599     1    15     2    19
 -1.8655286884539865E-01 a       600     1    15     2    20
 -2.9627695000821991E-01 a       601     1    16     2     1
  1.9438447969014094E-01 a       602     1    16     2     2
  6.9682067697359712E-02 a       603     1    16     2     3
 -1.5476555739001069E-01 a       604     1    16     2     4
  3.3971823674588669E-01 a       605     1    16     2     5
 -2.4190563411282703E-01 a       606     1    16     2     6
  5.1195714845013685E-01 a       607     1    16     2     7
  5.3014269844403028E-01 a       608     1    16     2     8
  2.3803101330418416E-01 a       609     1    16     2     9
  1.2686882476379313E-01 a       610     1    16     2    10
 -7.2142020429441400E-01 a       611     1    16     2    11
  3.1933446402515792E-01 a       612     1    16     2    12
 -3.4615101028892947E-01 a       613     1    16     2    13
 -6.7964090467069849E-01 a       614     1    16     2    14
 -3.5006722188023837E-01 a       615     1    16     2    15
 -2.5475391585695385E-02 a       616     1    16     2    16
  1.5475175837116992E-01 a       617     1    16     2    17
  6.4832286278003182E-01 a       618     1    16     2    18
 -5.9809510691530432E-01 a       619     1    16     2    19
 -5.5665164324717809E-01 a       620     1    16     2    20
  4.5346253986485957E-01 a       621     1    17     2     1
 -3.0987574766437476E-01 a       622     1    17     2     2
 -1.4507359937405426E-01 a       623     1    17     2     3
 -1.4106348999947310E-01 a       624     1    17     2     4
 -1.1878710075793313E-01 a       625     1    17     2     5
  1.7671672059315449E-01 a       626     1    17     2     6
  2.0999527335293439E-01 a       627     1    17     2     7
  2.7025688616241789E-01 a       628     1    17     2     8
 -1.8824723773384780E-01 a       629     1    17     2     9
 -3.8744213281671042E-01 a       630     1    17     2    10
  9.9275986139019820E-02 a       631     1    17     2    11
 -3.2764883018832391E-01 a       632     1    17     2    12
  1.7048539421986100E-02 a       633     1    17     2    13
 -2.3168237687590371E-01 a       634     1    17     2    14
  4.1403036375792313E-01 a       635     1    17     2    15
 -6.2246469048599462E-01 a       636     1    17     2    16
  1.7953655820878495E-01 a       637     1    17     2    17
 -2.8278130210366559E-01 a       638     1    17     2    18
 -5.3749370306022237E-01 a       639     1    17     2    19
 -9.0726792458366706E-02 a       640     1    17     2    20
 -5.0292875807806801E-02 a       641     1    18     2     1
 -2.3422161019354212E-01 a       642     1    18     2     2
 -4.5584406850687242E-01 a       643     1    18     2     3
 -2.3378681859108028E-01 a       644     1    18     2     4
 -2.7892097606986799E-01 a       645     1    18     2     5
 -4.4740289126554328E-01 a       646     1    18     2     6
  1.1221691922257225E-01 a       647     1    18     2     7
 -4.4012789406896685E-01 a       648     1    18     2     8
  1.0993783678498580E-01 a       649     1    18     2     9
  6.0642780873063640E-01 a       650     1    18     2    10
 -3.9176260588019141E-01 a       651     1    18     2    11
  3.3300548846436384E-01 a       652     1    18     2    12
  1.0741470314319219E-01 a       653     1    18     2    13
 -5.0458717007460163E-01 a       654     1    18     2    14
 -3.2409189939722166E-01 a       655     1    18     2    15
  8.0818894166303112E-02 a       656     1    18     2    16
 -3.7216994130989567E-01 a       657     1    18     2    17
  1.1998824999336721E-01 a       658     1    18     2    18
 -2.0661392367304088E-01 a       659     1    18     2    19
  2.6581786752157177E-01 a       660     1    18     2    20
 -1.5934974100146904E-01 a       661     1    19     2     1
  4.0248209289984338E-01 a       662     1    19     2     2
 -2.5383730767683355E-01 a       663     1    19     2     3
 -5.4513678508364050E-01 a       664     1    19     2     4
 -2.0946107749109391E-01 a       665     1    19     2     5
  2.4885148448850214E-01 a       666     1    19     2     6
 -4.8814600613172954E-01 a       667     1    19     2     7
 -1.7947944556437185E-02 a       668     1    19     2     8
 -3.2561424870572597E-01 a       669     1    19     2     9
  1.7685193487078277E-01 a       670     1    19     2    10
 -3.1190318666946104E-01 a       671     1    19     2    11
 -2.8461239199881694E-01 a       672     1    19     2    12
  1.0433849843533115E-01 a       673     1    19     2    13
 -2.9309092302478462E-01 a       674     1    19     2    14
  1.0838230592295360E-01 a       675     1    19     2    15
 -3.8025986912712006E-01 a       676     1    19     2    16
 -3.1707698780407956E-01 a       677     1    19     2    17
 -1.7964235999264927E-01 a       678     1    19     2    18
  4.2407832953144092E-01 a       679     1    19     2    19
 -3.2726643592044474E-01 a       680     1    19     2    20
  1.8262100755722932E-02 a       681     1    20     2     1
  2.5024228907898172E-01 a       682     1    20     2     2
  1.4534157528576117E-01 a       683     1    20     2     3
  1.6795233546644479E-02 a       684     1    20     2     4
 -7.9206207763143621E-01 a       685     1    20     2     5
 -1.4330958955880982E-01 a       686     1    20     2     6
  2.1252774836479668E-01 a       687     1    20     2     7
 -4.9726474612323940E-01 a       688     1    20     2     8
 -2.1988580076645731E-01 a       689     1    20     2     9
  1.4600275664698451E-01 a       690     1    20     2    10
  2.7338351915478348E-01 a       691     1    20     2    11
  1.4069591643124382E-01 a       692     1    20     2    12
  2.2088267941830389E-01 a       693     1    20     2    13
  1.5834434510634998E-01 a       694     1    20     2    14
  1.1773694674706864E-01 a       695     1    20     2    15
  6.7191677575151276E-01 a       696     1    20     2    16
  5.4813871098650724E-01 a       697     1    20     2    17
 -3.8399920838215806E-01 a       698     1    20     2    18
  2.5737309069865499E-01 a       699     1    20     2    19
  2.3903735545810470E-01 a       700     1    20     2    20
  8.0103465602895074E-01 b       701     2     1
  1.6870805734248470E-01 b       702     2     2
  1.0154674585130645E+00 b       703     2     3
  1.4330392056451566E+00 b       704     2     4
  1.0514630033523726E+00 b       705     2     5
 -2.0253232208355790E-01 b       706     2     6
  9.9725508382180950E-01 b       707     2     7
 -1.4121511228265162E+00 b       708     2     8
  6.8387646286523596E-01 b       709     2     9
 -1.2040135720987457E+00 b       710     2    10
  3.8965756009691616E-01 b       711     2    11
  1.4263705399316819E-02 b       712     2    12
 -1.4151172405398720E+00 b       713     2    13
 -1.6757172328602041E+00 b       714     2    14
 -1.1222421318009925E+00 b       715     2    15
  1.1730392376324734E+00 b       716     2    16
 -4.5708295665471049E-01 b       717     2    17
  1.8781335172743335E-01 b       718     2    18
  1.7471636284133782E-01 b       719     2    19
  9.4086594553421798E-01 b       720     2    20
  5.5724939457609621E-03 a       721     2     1     3     1
  4.1290817757636972E-01 a       722     2     2     3     1
 -2.1486284567517575E-01 a       723     2     3     3     1
  5.2088597436196182E-01 a       724     2     4     3     1
 -4.9169615805549866E-01 a       725     2     5     3     1
 -5.6964223835105032E-01 a       726     2     6     3     1
 -8.8219375490257901E-01 a       727     2     7     3     1
  6.1639488207080995E-01 a       728     2     8     3     1
  4.9074674565960824E-01 a       729     2     9     3     1
 -6.7343601400079933E-01 a       730     2    10     3     1
 -8.5932462143268928E-01 a       731     2    11     3     1
 -1.7706678276957835E-01 a       732     2    12     3     1
  6.9044291449895712E-01 a       733     2    13     3     1
  7.4579332520896047E-01 a       734     2    14     3     1
 -2.1722140350036001E-01 a       735     2    15     3     1
  2.3657869173050206E-01 a       736     2    16     3     1
 -5.9529895725443538E-01 a       737     2    17     3     1
 -1.1322332039937788E+00 a       738     2    18     3     1
  3.2499282408210534E-01 a       739     2    19     3     1
  6.5801765031156434E-01 a       740     2    20     3     1
  4.0250698885997088E-01 b       741     3     1
