################################################################################
# Neural network connection values (weights and biases).
################################################################################
# Col  Name       Description
################################################################################
# 1    connection Neural network connection value.
# 2    t          Connection type (a = weight, b = bias).
# 3    index      Index enumerating weights.
# 4    l_s        Starting point layer (end point layer for biases).
# 5    n_s        Starting point neuron in starting layer (end point neuron for biases).
# 6    l_e        End point layer.
# 7    n_e        End point neuron in end layer.
################################################################################
#                      1 2         3     4     5     6     7
#             connection t     index   l_s   n_s   l_e   n_e
############################################################
 -1.5649270137656218E-01 a         1     0     1     1     1
 -1.6069249314866343E-01 a         2     0     1     1     2
  4.9515149711852330E-01 a         3     0     1     1     3
 -4.7949042477508885E-01 a         4     0     1     1     4
  4.5360224162550017E-01 a         5     0     1     1     5
  7.3238349592774976E-01 a         6     0     1     1     6
 -8.2007048967475710E-02 a         7     0     1     1     7
 -1.2882919940797362E-02 a         8     0     1     1     8
 -1.2169381652329667E-01 a         9     0     1     1     9
  3.7176144521834470E-01 a        10     0     1     1    10
  6.3795884448554674E-01 a        11     0     1     1    11
 -2.4710855357566136E-01 a        12     0     1     1    12
 -7.6976339737162736E-01 a        13     0     1     1    13
  6.7525770145009567E-01 a        14     0     1     1    14
 -1.7620047140223230E-01 a        15     0     1     1    15
  3.5691327166961861E-01 a        16     0     1     1    16
 -4.0650078807718776E-01 a        17     0     1     1    17
  4.6424045002372305E-01 a        18     0     1     1    18
  6.1359464034795497E-01 a        19     0     1     1    19
  2.0423019491550692E-01 a        20     0     1     1    20
  1.4773911800371115E-01 a        21     0     2     1     1
  5.9221624512707050E-01 a        22     0     2     1     2
  6.9392259219163721E-01 a        23     0     2     1     3
  6.8640289629473716E-01 a        24     0     2     1     4
 -5.0979976419301110E-01 a        25     0     2     1     5
  9.9277576304844690E-03 a        26     0     2     1     6
  2.7130123106592197E-01 a        27     0     2     1     7
 -6.7745374697299288E-01 a        28     0     2     1     8
  6.7718736630023080E-01 a        29     0     2     1     9
  3.9068816407199486E-01 a        30     0     2     1    10
  5.3173065590304391E-01 a        31     0     2     1    11
  6.2985347201227293E-01 a        32     0     2     1    12
 -3.4064567537860446E-01 a        33     0     2     1    13
 -7.0778226868127592E-01 a        34     0     2     1    14
  1.0087173046149372E-01 a        35     0     2     1    15
 -1.5462201424298699E-01 a        36     0     2     1    16
  5.3139943496555675E-01 a        37     0     2     1    17
  4.8331901959615736E-01 a        38     0     2     1    18
  1.3061340472834125E-03 a        39     0     2     1    19
 -1.2000092854484043E-01 a        40     0     2     1    20
  4.8457989963705478E-01 a        41     0     3     1     1
  5.7542091660445971E-01 a        42     0     3     1     2
 -2.2262861141367660E-01 a        43     0     3     1     3
 -1.1266492950016339E-01 a        44     0     3     1     4
 -4.7075071859282014E-01 a        45     0     3     1     5
  3.0036921589959503E-01 a        46     0     3     1     6
 -5.9193599712348322E-01 a        47     0     3     1     7
  2.7687407471148290E-01 a        48     0     3     1     8
 -1.3652160123066182E-01 a        49     0     3     1     9
  5.7988972175553521E-01 a        50     0     3     1    10
 -4.5005371424063184E-01 a        51     0     3     1    11
 -5.1906753324300947E-01 a        52     0     3     1    12
 -4.3666028854409400E-01 a        53     0     3     1    13
 -7.3797980958258999E-02 a        54     0     3     1    14
  1.8442530358469218E-02 a        55     0     3     1    15
  2.5115085690612748E-01 a        56     0     3     1    16
  6.6185283901753689E-01 a        57     0     3     1    17
  2.1704295473063920E-01 a        58     0     3     1    18
  5.0602438293325458E-01 a        59     0     3     1    19
  6.8532381570328316E-01 a        60     0     3     1    20
  2.4440313420294332E-01 a        61     0     4     1     1
  4.9439143107919359E-01 a        62     0     4     1     2
 -1.6940928699217608E-01 a        63     0     4     1     3
  5.2143155591148072E-01 a        64     0     4     1     4
 -1.0855882396117079E-01 a        65     0     4     1     5
 -3.7199395504263144E-01 a        66     0     4     1     6
 -1.4885670364684719E-01 a        67     0     4     1     7
 -2.4228505603047099E-01 a        68     0     4     1     8
 -1.3072885029946429E-01 a        69     0     4     1     9
 -4.5208787355457258E-01 a        70     0     4     1    10
  3.6971571612191545E-01 a        71     0     4     1    11
  4.5935485934144460E-01 a        72     0     4     1    12
 -3.8298321245284389E-01 a        73     0     4     1    13
  1.4698125659591826E-01 a        74     0     4     1    14
  5.8988126341560354E-01 a        75     0     4     1    15
  7.1812538804490744E-01 a        76     0     4     1    16
  6.4254277992214215E-01 a        77     0     4     1    17
  8.8409557151244017E-02 a        78     0     4     1    18
  3.6315382311616318E-01 a        79     0     4     1    19
 -5.1769148363816597E-01 a        80     0     4     1    20
  1.9562800020957405E-01 a        81     0     5     1     1
 -9.2580315154891935E-01 a        82     0     5     1     2
 -6.0741458119775338E-01 a        83     0     5     1     3
  5.3876371522675448E-01 a        84     0     5     1     4
 -5.9324235944904036E-01 a        85     0     5     1     5
  6.5395932548013369E-01 a        86     0     5     1     6
  1.4443748679150401E-01 a        87     0     5     1     7
 -5.5977344585341493E-01 a        88     0     5     1     8
  3.4935191072889293E-01 a        89     0     5     1     9
  5.2980458326815016E-01 a        90     0     5     1    10
  4.0183191994855144E-01 a        91     0     5     1    11
 -5.5756552405613158E-01 a        92     0     5     1    12
  4.6160706170980997E-01 a        93     0     5     1    13
  4.1026713465460635E-02 a        94     0     5     1    14
 -3.0125703918018293E-01 a        95     0     5     1    15
  4.1284033328519615E-01 a        96     0     5     1    16
  4.5211001334438361E-01 a        97     0     5     1    17
 -6.8461359515747999E-01 a        98     0     5     1    18
 -4.6285948853173131E-01 a        99     0     5     1    19
 -7.3034588716840557E-02 a       100     0     5     1    20
  1.7965517145215959E-01 a       101     0     6     1     1
 -1.4402656627468996E-01 a       102     0     6     1     2
  6.6296008383994487E-01 a       103     0     6     1     3
 -1.5193949807949095E-01 a       104     0     6     1     4
  6.9826854047337750E-01 a       105     0     6     1     5
  6.1064790622271214E-01 a       106     0     6     1     6
  5.3412169010125277E-01 a       107     0     6     1     7
 -8.9069211098019435E-02 a       108     0     6     1     8
  6.3156592838710823E-01 a       109     0     6     1     9
  7.0453070514472055E-02 a       110     0     6     1    10
  6.4449852059113999E-01 a       111     0     6     1    11
 -4.9307290784403345E-02 a       112     0     6     1    12
 -2.6759051315781346E-01 a       113     0     6     1    13
 -3.6773787707115663E-01 a       114     0     6     1    14
 -1.6912752435769896E-01 a       115     0     6     1    15
 -2.7122180517100303E-01 a       116     0     6     1    16
 -5.3573520699900312E-01 a       117     0     6     1    17
  6.4492104111176596E-01 a       118     0     6     1    18
 -3.4829503287139274E-01 a       119     0     6     1    19
  2.2656771067182468E-01 a       120     0     6     1    20
 -8.5736794481270984E-01 a       121     0     7     1     1
  8.9493174481873605E-02 a       122     0     7     1     2
 -3.9613447509882382E-01 a       123     0     7     1     3
 -3.0110497207125059E-01 a       124     0     7     1     4
  7.8052274652041242E-01 a       125     0     7     1     5
 -2.0061470323369807E-01 a       126     0     7     1     6
  4.8669244709622500E-01 a       127     0     7     1     7
  4.4547911508459315E-01 a       128     0     7     1     8
 -3.9925208861634331E-01 a       129     0     7     1     9
 -1.4844705486684515E-01 a       130     0     7     1    10
  1.9921617838202545E-02 a       131     0     7     1    11
 -1.1108491759797370E-01 a       132     0     7     1    12
  5.7864991128352394E-01 a       133     0     7     1    13
  4.7275770484540847E-02 a       134     0     7     1    14
  4.8683577759995955E-01 a       135     0     7     1    15
  7.2031192287377444E-01 a       136     0     7     1    16
 -3.2655202697027812E-02 a       137     0     7     1    17
  6.4321432042887805E-01 a       138     0     7     1    18
 -2.6118420862549219E-01 a       139     0     7     1    19
 -5.8684322305995518E-01 a       140     0     7     1    20
 -1.0704128901021091E-01 a       141     0     8     1     1
  7.2421523388472006E-02 a       142     0     8     1     2
 -1.7233509406087411E-01 a       143     0     8     1     3
  1.8642073427493483E-01 a       144     0     8     1     4
  1.2367756086850955E-01 a       145     0     8     1     5
  2.3271580524420624E-01 a       146     0     8     1     6
  4.8278981471035953E-01 a       147     0     8     1     7
  5.8836663484538898E-01 a       148     0     8     1     8
  7.6702945905369668E-01 a       149     0     8     1     9
 -5.6388305330716415E-01 a       150     0     8     1    10
  4.5219329310726497E-01 a       151     0     8     1    11
 -6.4115198752302194E-01 a       152     0     8     1    12
  4.2738070705309501E-02 a       153     0     8     1    13
  7.5244525643034765E-01 a       154     0     8     1    14
  2.3934469110676559E-01 a       155     0     8     1    15
  7.2274023507547192E-02 a       156     0     8     1    16
 -2.2910855838570832E-01 a       157     0     8     1    17
 -2.6482409601668716E-01 a       158     0     8     1    18
 -4.4849307544681744E-01 a       159     0     8     1    19
 -5.9746067286933346E-01 a       160     0     8     1    20
 -7.4491677490342134E-02 a       161     0     9     1     1
 -1.4702622627735096E-01 a       162     0     9     1     2
 -4.3836731261010004E-01 a       163     0     9     1     3
  3.9674599554443191E-02 a       164     0     9     1     4
 -2.7987128939906708E-01 a       165     0     9     1     5
 -4.7961276502903893E-01 a       166     0     9     1     6
  6.8575997474545214E-01 a       167     0     9     1     7
 -1.7057711912686013E-01 a       168     0     9     1     8
 -3.2062149486786107E-01 a       169     0     9     1     9
  6.1097005783294311E-01 a       170     0     9     1    10
  2.1381215126103695E-01 a       171     0     9     1    11
  1.7737111023620716E-01 a       172     0     9     1    12
  4.2877891055884404E-01 a       173     0     9     1    13
 -3.9153903530691075E-01 a       174     0     9     1    14
  2.8516795443504289E-01 a       175     0     9     1    15
 -6.3218363084907414E-01 a       176     0     9     1    16
 -4.5471516000471951E-01 a       177     0     9     1    17
 -3.8393321049007156E-01 a       178     0     9     1    18
 -6.5509787124043839E-01 a       179     0     9     1    19
  4.7370915560697968E-01 a       180     0     9     1    20
  7.4532592050941304E-01 a       181     0    10     1     1
 -8.9488955979258197E-02 a       182     0    10     1     2
 -3.2216918428700708E-01 a       183     0    10     1     3
  7.4733597047790667E-01 a       184     0    10     1     4
 -9.0711150253057163E-02 a       185     0    10     1     5
  7.0906476577911437E-01 a       186     0    10     1     6
  1.9156867364980784E-01 a       187     0    10     1     7
 -5.2882810552903936E-01 a       188     0    10     1     8
 -7.8723437190287526E-01 a       189     0    10     1     9
 -4.5461552833254743E-01 a       190     0    10     1    10
  6.2269419865814268E-01 a       191     0    10     1    11
  9.2465736466817661E-02 a       192     0    10     1    12
  3.6531105006245324E-01 a       193     0    10     1    13
 -5.2341915667188121E-01 a       194     0    10     1    14
  4.0842890175014868E-01 a       195     0    10     1    15
  5.1460843013869419E-02 a       196     0    10     1    16
  2.9349188335126902E-01 a       197     0    10     1    17
  1.9795302529298203E-01 a       198     0    10     1    18
 -4.9258155295227718E-01 a       199     0    10     1    19
  6.2167663750055735E-01 a       200     0    10     1    20
 -4.0920639513813289E-01 a       201     0    11     1     1
 -2.1347873552194591E-01 a       202     0    11     1     2
  1.2933994364269155E-01 a       203     0    11     1     3
  5.8755321024402984E-01 a       204     0    11     1     4
 -4.0650331618696406E-01 a       205     0    11     1     5
 -1.3700186554790812E-02 a       206     0    11     1     6
  3.3830848322253598E-01 a       207     0    11     1     7
 -4.2776426964330183E-01 a       208     0    11     1     8
  1.9029336766068453E-01 a       209     0    11     1     9
 -2.9903030742390330E-01 a       210     0    11     1    10
 -1.1732677832155902E-01 a       211     0    11     1    11
  5.6742077274485447E-01 a       212     0    11     1    12
  4.9495211617650514E-01 a       213     0    11     1    13
  2.6241072986275898E-01 a       214     0    11     1    14
 -6.6500797900227215E-01 a       215     0    11     1    15
 -2.3162270902885529E-01 a       216     0    11     1    16
 -4.3223625041668717E-01 a       217     0    11     1    17
  4.6462795175110500E-01 a       218     0    11     1    18
  3.7641620466080977E-01 a       219     0    11     1    19
  4.0125622060744950E-03 a       220     0    11     1    20
  8.7448145005023870E-01 a       221     0    12     1     1
 -5.3376002375484832E-01 a       222     0    12     1     2
  9.3020623816504985E-02 a       223     0    12     1     3
 -6.0212957146724733E-01 a       224     0    12     1     4
 -5.3585055674453153E-01 a       225     0    12     1     5
  1.3952623520356675E-01 a       226     0    12     1     6
  3.4935831977601678E-01 a       227     0    12     1     7
  5.6357185333094262E-01 a       228     0    12     1     8
 -2.3406970869270777E-01 a       229     0    12     1     9
 -6.7389815011325715E-01 a       230     0    12     1    10
 -4.2534903199297852E-01 a       231     0    12     1    11
 -6.7714426318085741E-01 a       232     0    12     1    12
  5.3354090526982678E-01 a       233     0    12     1    13
 -1.5339458015143573E-01 a       234     0    12     1    14
  7.2031972548877676E-01 a       235     0    12     1    15
  5.3080279713825962E-01 a       236     0    12     1    16
 -4.2558636323918869E-01 a       237     0    12     1    17
 -5.9434243657890362E-01 a       238     0    12     1    18
  7.5136125764726380E-01 a       239     0    12     1    19
  4.9878388161334014E-01 a       240     0    12     1    20
  2.1835835708141954E-01 a       241     0    13     1     1
 -2.7695819137622008E-01 a       242     0    13     1     2
  6.2957038959670453E-01 a       243     0    13     1     3
  5.5062252667947942E-01 a       244     0    13     1     4
  3.9439259348364747E-01 a       245     0    13     1     5
 -2.8678364289953390E-01 a       246     0    13     1     6
  6.0446580348116241E-01 a       247     0    13     1     7
  4.5993727723022687E-01 a       248     0    13     1     8
  4.2638688383937612E-01 a       249     0    13     1     9
  5.4308402106669351E-01 a       250     0    13     1    10
  3.6423663066322831E-01 a       251     0    13     1    11
  5.9992756722335927E-01 a       252     0    13     1    12
 -2.6950460772984997E-01 a       253     0    13     1    13
 -7.8463478045646462E-01 a       254     0    13     1    14
  8.2426173575012440E-01 a       255     0    13     1    15
  3.3929266314281137E-01 a       256     0    13     1    16
 -3.9832294868120222E-01 a       257     0    13     1    17
 -1.9470434814631130E-01 a       258     0    13     1    18
 -5.4057089239260414E-01 a       259     0    13     1    19
  4.9336361728717620E-01 a       260     0    13     1    20
 -1.7203773606617517E-01 a       261     0    14     1     1
  7.1279010496686901E-01 a       262     0    14     1     2
  5.5497516839686734E-01 a       263     0    14     1     3
 -1.8118416481937571E-01 a       264     0    14     1     4
  6.6358407759366342E-02 a       265     0    14     1     5
 -5.6489209147724972E-01 a       266     0    14     1     6
 -5.5166078918086603E-01 a       267     0    14     1     7
  4.8518076537634225E-01 a       268     0    14     1     8
 -4.5069259523647176E-01 a       269     0    14     1     9
 -2.9387444337424412E-01 a       270     0    14     1    10
 -5.3184217137816914E-01 a       271     0    14     1    11
  2.4087187690431652E-01 a       272     0    14     1    12
  4.2989548668399974E-01 a       273     0    14     1    13
 -1.3317082276727438E-01 a       274     0    14     1    14
 -4.6180665453360270E-01 a       275     0    14     1    15
 -6.8439938854773474E-01 a       276     0    14     1    16
  4.8573352426717414E-01 a       277     0    14     1    17
 -3.3385672861556676E-01 a       278     0    14     1    18
 -5.3844046736203702E-02 a       279     0    14     1    19
  4.5192569558826262E-01 a       280     0    14     1    20
  2.8783211035594314E-01 b       281     1     1
  5.8141225186538525E-01 b       282     1     2
 -1.7984259681763983E+00 b       283     1     3
 -1.1963069801541486E+00 b       284     1     4
 -7.3390133113542388E-01 b       285     1     5
  1.3373593827045436E+00 b       286     1     6
 -9.6096901784362632E-01 b       287     1     7
 -3.4483533721058540E-01 b       288     1     8
  1.6754483926541661E+00 b       289     1     9
  6.0757239426488385E-01 b       290     1    10
 -1.4056508060081061E+00 b       291     1    11
  9.8099413178743911E-01 b       292     1    12
 -5.1033623438791131E-01 b       293     1    13
 -1.5294889855798401E+00 b       294     1    14
 -1.4019861656144947E+00 b       295     1    15
  4.9867152237855733E-01 b       296     1    16
 -8.1355954526750729E-01 b       297     1    17
 -6.9412266814139978E-01 b       298     1    18
 -1.1826354791928086E+00 b       299     1    19
  1.1431913754228584E+00 b       300     1    20
 -1.6704228155441497E-01 a       301     1     1     2     1
  5.8006538378576944E-01 a       302     1     1     2     2
  3.3370416826876087E-01 a       303     1     1     2     3
 -2.9181497732369638E-02 a       304     1     1     2     4
 -3.2237167201784167E-01 a       305     1     1     2     5
 -4.9883440151764230E-01 a       306     1     1     2     6
 -4.9052496910698984E-01 a       307     1     1     2     7
  5.6929674996751378E-01 a       308     1     1     2     8
  4.8435076771068225E-01 a       309     1     1     2     9
 -1.1060172669310615E-01 a       310     1     1     2    10
 -2.9808842690414550E-01 a       311     1     1     2    11
  6.8914300196947123E-02 a       312     1     1     2    12
 -4.3090783864922727E-01 a       313     1     1     2    13
  2.8569197243416727E-01 a       314     1     1     2    14
 -2.1212711384244462E-01 a       315     1     1     2    15
 -2.0949667810064990E-01 a       316     1     1     2    16
 -1.8451269985331575E-01 a       317     1     1     2    17
  5.6698266456092583E-01 a       318     1     1     2    18
  4.8325019092311311E-01 a       319     1     1     2    19
 -3.3570850216120196E-01 a       320     1     1     2    20
 -5.6662096315298027E-01 a       321     1     2     2     1
 -3.5511392797218849E-01 a       322     1     2     2     2
  3.2821944767796440E-01 a       323     1     2     2     3
  2.6687079350609716E-01 a       324     1     2     2     4
  1.6457703463230641E-01 a       325     1     2     2     5
  4.5184086857084210E-01 a       326     1     2     2     6
  3.5172144913912690E-01 a       327     1     2     2     7
 -4.2077542448352528E-01 a       328     1     2     2     8
  5.1899833660242678E-01 a       329     1     2     2     9
  4.6527522229352186E-01 a       330     1     2     2    10
 -1.5283481783907546E-01 a       331     1     2     2    11
  1.5522379429238145E-01 a       332     1     2     2    12
 -1.5625251131785331E-01 a       333     1     2     2    13
  4.6317141615581064E-01 a       334     1     2     2    14
  3.3561604624368802E-01 a       335     1     2     2    15
 -3.5569911975411667E-01 a       336     1     2     2    16
  4.8531857646506771E-01 a       337     1     2     2    17
 -5.4208609453336232E-01 a       338     1     2     2    18
 -5.1943485334723094E-02 a       339     1     2     2    19
 -1.9906109238389075E-01 a       340     1     2     2    20
  4.8934109690099320E-01 a       341     1     3     2     1
  5.6390376644127727E-01 a       342     1     3     2     2
 -5.0799830306317584E-01 a       343     1     3     2     3
  4.2879890356890732E-01 a       344     1     3     2     4
 -1.3207619306702192E-01 a       345     1     3     2     5
 -1.5703096724606325E-01 a       346     1     3     2     6
  2.1851994971775088E-01 a       347     1     3     2     7
  1.4902630932552277E-01 a       348     1     3     2     8
 -2.5270074591258307E-01 a       349     1     3     2     9
  2.4278077173831150E-01 a       350     1     3     2    10
  3.5043262782527129E-01 a       351     1     3     2    11
  9.1468778197877437E-02 a       352     1     3     2    12
 -2.4851689744870153E-01 a       353     1     3     2    13
  3.7687489769546184E-01 a       354     1     3     2    14
  4.6936921516756852E-02 a       355     1     3     2    15
 -4.7412035835711175E-01 a       356     1     3     2    16
 -4.7784302141353829E-01 a       357     1     3     2    17
  2.4528965694755156E-02 a       358     1     3     2    18
 -1.4300889244484141E-01 a       359     1     3     2    19
 -4.9645447718218433E-01 a       360     1     3     2    20
  3.1729570687683945E-01 a       361     1     4     2     1
 -3.4497432394471889E-01 a       362     1     4     2     2
 -6.2073718014934831E-01 a       363     1     4     2     3
  6.8374243645997579E-01 a       364     1     4     2     4
  1.5252363089214427E-01 a       365     1     4     2     5
 -3.1294190947851863E-01 a       366     1     4     2     6
  7.7918681678511514E-02 a       367     1     4     2     7
 -1.1800786265177921E-03 a       368     1     4     2     8
 -6.3794027199129899E-01 a       369     1     4     2     9
  5.5766890345846187E-01 a       370     1     4     2    10
  5.9199854100646776E-01 a       371     1     4     2    11
 -5.2147977971842938E-02 a       372     1     4     2    12
 -2.7048386904172111E-01 a       373     1     4     2    13
  4.6112542301266096E-01 a       374     1     4     2    14
 -1.2598510434778274E-02 a       375     1     4     2    15
 -6.8211012252117631E-01 a       376     1     4     2    16
  3.8692613560838396E-01 a       377     1     4     2    17
  1.0592449307820166E-01 a       378     1     4     2    18
 -5.6563356277538690E-01 a       379     1     4     2    19
 -4.8235258526740021E-01 a       380     1     4     2    20
  6.7483990447637388E-01 a       381     1     5     2     1
 -6.7684997351503962E-02 a       382     1     5     2     2
  2.1545940998253815E-01 a       383     1     5     2     3
 -1.9074039779736660E-01 a       384     1     5     2     4
 -1.4626115633197431E-01 a       385     1     5     2     5
  3.5517247528261103E-01 a       386     1     5     2     6
 -5.2451555052258902E-01 a       387     1     5     2     7
 -2.8667160667108504E-01 a       388     1     5     2     8
  2.8499304545005177E-01 a       389     1     5     2     9
  6.5227430751738827E-02 a       390     1     5     2    10
 -1.9424578930587122E-01 a       391     1     5     2    11
  1.2153909627185779E-01 a       392     1     5     2    12
 -6.2789066783210279E-02 a       393     1     5     2    13
  4.0064602290257478E-01 a       394     1     5     2    14
 -5.1578000830164239E-01 a       395     1     5     2    15
 -4.3225167145943266E-01 a       396     1     5     2    16
 -4.2192728460033324E-01 a       397     1     5     2    17
 -1.1677188789557238E-01 a       398     1     5     2    18
  4.6044623424032283E-01 a       399     1     5     2    19
 -1.1764773211773463E-01 a       400     1     5     2    20
 -1.5835679817812037E-01 a       401     1     6     2     1
  3.5632299714006294E-01 a       402     1     6     2     2
  2.7755636866906302E-01 a       403     1     6     2     3
  4.2131798179394483E-02 a       404     1     6     2     4
 -1.3042604918361470E-01 a       405     1     6     2     5
 -7.2747355786471467E-03 a       406     1     6     2     6
 -3.0385963558641597E-02 a       407     1     6     2     7
  6.8906204220540246E-01 a       408     1     6     2     8
  4.8001487237243523E-01 a       409     1     6     2     9
  1.4016240303290775E-03 a       410     1     6     2    10
  1.7682555813381010E-01 a       411     1     6     2    11
 -5.7499260767050198E-01 a       412     1     6     2    12
  3.7925550148331433E-01 a       413     1     6     2    13
 -6.1618638019978111E-01 a       414     1     6     2    14
  1.3191302559267476E-01 a       415     1     6     2    15
 -4.7051776233903631E-01 a       416     1     6     2    16
 -1.2705599416953089E-01 a       417     1     6     2    17
  1.2176087354664160E-01 a       418     1     6     2    18
  2.3768433750622162E-01 a       419     1     6     2    19
 -4.4516496484049167E-01 a       420     1     6     2    20
 -1.9526336129488731E-01 a       421     1     7     2     1
  3.9552541021945588E-02 a       422     1     7     2     2
 -3.8675878322230289E-01 a       423     1     7     2     3
  2.0119257481259055E-02 a       424     1     7     2     4
  6.3082737904813696E-02 a       425     1     7     2     5
 -1.0793765795726168E-01 a       426     1     7     2     6
 -2.2762333955886657E-02 a       427     1     7     2     7
 -1.8831415101755744E-01 a       428     1     7     2     8
  9.1559375285454714E-02 a       429     1     7     2     9
  5.6668451083891166E-02 a       430     1     7     2    10
 -3.5299814823978348E-01 a       431     1     7     2    11
 -2.9249508320012929E-01 a       432     1     7     2    12
 -1.2524178101867359E-01 a       433     1     7     2    13
  1.5152145507959275E-01 a       434     1     7     2    14
 -2.5722808274411707E-01 a       435     1     7     2    15
  5.6077962272671356E-01 a       436     1     7     2    16
 -5.3539937146278360E-01 a       437     1     7     2    17
  4.2683043311554464E-01 a       438     1     7     2    18
  4.8211157145862704E-01 a       439     1     7     2    19
 -4.3997202601897650E-01 a       440     1     7     2    20
 -8.7446102911840171E-02 a       441     1     8     2     1
 -6.3357167549733773E-01 a       442     1     8     2     2
 -3.0311280934295890E-02 a       443     1     8     2     3
 -3.3569683933396648E-02 a       444     1     8     2     4
  1.6217343284737865E-01 a       445     1     8     2     5
 -4.7289541206783037E-01 a       446     1     8     2     6
  4.4371805236032108E-01 a       447     1     8     2     7
 -5.4279407291835091E-01 a       448     1     8     2     8
 -3.4987195127148241E-01 a       449     1     8     2     9
 -9.3147386206420268E-02 a       450     1     8     2    10
  1.9518014386595275E-01 a       451     1     8     2    11
 -3.5157889824471905E-01 a       452     1     8     2    12
  4.9191118441055906E-02 a       453     1     8     2    13
  3.4673113814066958E-02 a       454     1     8     2    14
 -3.4608795671846687E-01 a       455     1     8     2    15
  2.1690031824878179E-03 a       456     1     8     2    16
 -4.0580541117921920E-01 a       457     1     8     2    17
 -4.9085755923004093E-01 a       458     1     8     2    18
 -2.6907053664722180E-01 a       459     1     8     2    19
 -5.4351868185974617E-01 a       460     1     8     2    20
 -2.8283360730036555E-01 a       461     1     9     2     1
 -4.2513585311855390E-01 a       462     1     9     2     2
 -2.3411250685142188E-01 a       463     1     9     2     3
  4.6930258370524364E-01 a       464     1     9     2     4
  6.8329299999853044E-01 a       465     1     9     2     5
 -2.7502031574072463E-02 a       466     1     9     2     6
 -5.6915250897936143E-01 a       467     1     9     2     7
  5.4842425299022846E-01 a       468     1     9     2     8
 -4.0642571690471496E-01 a       469     1     9     2     9
  2.3256541814377565E-01 a       470     1     9     2    10
  3.9555463059996387E-03 a       471     1     9     2    11
  4.2483118272544840E-01 a       472     1     9     2    12
 -1.8614186698869975E-01 a       473     1     9     2    13
 -3.1226194063475810E-01 a       474     1     9     2    14
 -6.7913583733507221E-01 a       475     1     9     2    15
 -4.5179158948137116E-01 a       476     1     9     2    16
 -4.4365809433582420E-01 a       477     1     9     2    17
  4.4704996987450429E-01 a       478     1     9     2    18
  4.3384835783840603E-01 a       479     1     9     2    19
 -2.8412411506808161E-01 a       480     1     9     2    20
 -3.1097809784399416E-01 a       481     1    10     2     1
 -5.9224702189023226E-01 a       482     1    10     2     2
  3.7357702234654011E-01 a       483     1    10     2     3
 -4.3022030722127447E-01 a       484     1    10     2     4
 -2.5414982129037073E-01 a       485     1    10     2     5
 -2.1125016736018926E-01 a       486     1    10     2     6
  1.8312173863013578E-01 a       487     1    10     2     7
  4.0131556256474182E-01 a       488     1    10     2     8
 -3.5520175626229034E-01 a       489     1    10     2     9
 -1.4934309700925930E-01 a       490     1    10     2    10
 -7.0616359132740292E-01 a       491     1    10     2    11
  1.1134969174686481E-01 a       492     1    10     2    12
  4.2131984383581778E-01 a       493     1    10     2    13
 -9.6725699149455904E-02 a       494     1    10     2    14
  3.6047538173052268E-01 a       495     1    10     2    15
 -1.2546919884852120E-01 a       496     1    10     2    16
  2.2559118115813567E-01 a       497     1    10     2    17
 -8.7118612214907326E-02 a       498     1    10     2    18
  3.8091090922626236E-01 a       499     1    10     2    19
 -2.9626381357657272E-01 a       500     1    10     2    20
  2.1948268248494179E-01 a       501     1    11     2     1
 -1.4734058734920442E-02 a       502     1    11     2     2
 -1.8230408801088546E-01 a       503     1    11     2     3
 -5.8493690571026026E-02 a       504     1    11     2     4
 -2.4792341901015869E-01 a       505     1    11     2     5
  3.0279052610559187E-01 a       506     1    11     2     6
  3.4104089181885833E-01 a       507     1    11     2     7
  1.4264127568415528E-02 a       508     1    11     2     8
 -3.6866203261515751E-01 a       509     1    11     2     9
  5.6118168210657193E-01 a       510     1    11     2    10
 -1.9235051862693787E-03 a       511     1    11     2    11
  6.0178196054607969E-01 a       512     1    11     2    12
 -6.4560604241796593E-01 a       513     1    11     2    13
 -5.4637142653461390E-01 a       514     1    11     2    14
 -6.0043006365344942E-01 a       515     1    11     2    15
  3.9889136266752240E-01 a       516     1    11     2    16
  5.4803152709686065E-01 a       517     1    11     2    17
 -2.2501539820513861E-01 a       518     1    11     2    18
 -5.7089935517244825E-02 a       519     1    11     2    19
  4.9314134112125491E-01 a       520     1    11     2    20
  4.9297303123474978E-01 a       521     1    12     2     1
  2.3064210956307879E-01 a       522     1    12     2     2
 -6.5589404195256107E-02 a       523     1    12     2     3
 -4.4010238312966000E-02 a       524     1    12     2     4
  4.2426895008992949E-01 a       525     1    12     2     5
 -1.6686698736500205E-01 a       526     1    12     2     6
 -3.9317087183928950E-01 a       527     1    12     2     7
 -7.0875747193024884E-03 a       528     1    12     2     8
 -6.6530301618868470E-02 a       529     1    12     2     9
 -6.8660591721856257E-01 a       530     1    12     2    10
 -2.4564561068320320E-01 a       531     1    12     2    11
  2.5143806472041447E-01 a       532     1    12     2    12
 -2.0333843009003799E-01 a       533     1    12     2    13
 -1.6925259844593377E-01 a       534     1    12     2    14
  3.6215652395575976E-02 a       535     1    12     2    15
 -2.8871042859505403E-01 a       536     1    12     2    16
 -2.0949540745144823E-02 a       537     1    12     2    17
 -1.8111161280892250E-03 a       538     1    12     2    18
 -4.8000043475435472E-01 a       539     1    12     2    19
  4.5182367130410367E-01 a       540     1    12     2    20
 -2.7513236931028434E-01 a       541     1    13     2     1
 -2.6837901095617456E-01 a       542     1    13     2     2
  1.0558344393045140E-01 a       543     1    13     2     3
 -5.0156081283396547E-01 a       544     1    13     2     4
  5.5348449574894509E-01 a       545     1    13     2     5
  3.1591729584756983E-01 a       546     1    13     2     6
 -1.7750015081602832E-01 a       547     1    13     2     7
  1.8190522901663675E-01 a       548     1    13     2     8
 -6.2644618849288514E-02 a       549     1    13     2     9
 -4.4915307179564429E-01 a       550     1    13     2    10
 -7.2543620342684756E-01 a       551     1    13     2    11
  3.6143939567699690E-01 a       552     1    13     2    12
 -2.6219502733310029E-01 a       553     1    13     2    13
 -3.9426632773847065E-01 a       554     1    13     2    14
  3.5223734290847158E-02 a       555     1    13     2    15
  2.6938966221853683E-01 a       556     1    13     2    16
 -2.7683026333766181E-01 a       557     1    13     2    17
  5.5832799805170796E-01 a       558     1    13     2    18
 -3.2713531876847224E-01 a       559     1    13     2    19
 -3.8325903116918308E-01 a       560     1    13     2    20
  2.5273490301614526E-01 a       561     1    14     2     1
  3.0139739608047567E-01 a       562     1    14     2     2
 -5.9190333875037748E-01 a       563     1    14     2     3
 -1.9959828249416886E-01 a       564     1    14     2     4
 -3.7304985440072798E-04 a       565     1    14     2     5
  6.0709831298502392E-01 a       566     1    14     2     6
  1.5797373298445608E-03 a       567     1    14     2     7
 -3.4188144953019439E-01 a       568     1    14     2     8
  2.7578999615767785E-01 a       569     1    14     2     9
  4.1350361653330434E-02 a       570     1    14     2    10
 -1.3935956096456470E-01 a       571     1    14     2    11
 -2.9335099934231201E-01 a       572     1    14     2    12
  4.4921485833796126E-01 a       573     1    14     2    13
 -1.6918926378938007E-01 a       574     1    14     2    14
  9.3091415369966055E-02 a       575     1    14     2    15
  9.0625032322735680E-02 a       576     1    14     2    16
  4.8615771243258032E-01 a       577     1    14     2    17
 -5.7528492273898324E-01 a       578     1    14     2    18
  9.8689740737415085E-03 a       579     1    14     2    19
  3.4109453179616256E-01 a       580     1    14     2    20
  2.2961235026129584E-01 a       581     1    15     2     1
 -2.8587070786522761E-01 a       582     1    15     2     2
 -1.5170134772582489E-01 a       583     1    15     2     3
  2.4327404024992194E-01 a       584     1    15     2     4
  3.7622963835043916E-01 a       585     1    15     2     5
  1.8507360527158490E-01 a       586     1    15     2     6
 -4.2671627880078750E-01 a       587     1    15     2     7
 -2.1175001669094889E-01 a       588     1    15     2     8
  1.0155430332117297E-02 a       589     1    15     2     9
 -3.3240874137938209E-01 a       590     1    15     2    10
  2.6236648980224525E-01 a       591     1    15     2    11
  7.0214745445719123E-02 a       592     1    15     2    12
 -4.5420507987549197E-01 a       593     1    15     2    13
 -1.3285416151554422E-01 a       594     1    15     2    14
 -8.3387015282323826E-02 a       595     1    15     2    15
 -1.0781869562440495E-01 a       596     1    15     2    16
 -9.0588175456864373E-02 a       597     1    15     2    17
  4.2984813767351859E-01 a       598     1    15     2    18
  5.2108390989698194E-01 a       599     1    15     2    19
 -8.3142514979911417E-02 a       600     1    15     2    20
  2.9028302904702069E-01 a       601     1    16     2     1
  2.0496854583876156E-01 a       602     1    16     2     2
 -3.3479873638898311E-01 a       603     1    16     2     3
 -5.9811459677597967E-01 a       604     1    16     2     4
 -7.7048686559646362E-01 a       605     1    16     2     5
 -1.5931409717194583E-01 a       606     1    16     2     6
  1.7043185715853559E-01 a       607     1    16     2     7
  1.4427163017410938E-01 a       608     1    16     2     8
  4.9605356151219254E-01 a       609     1    16     2     9
 -2.3523390090735907E-01 a       610     1    16     2    10
  4.2593512492381197E-01 a       611     1    16     2    11
  4.9460474337812593E-01 a       612     1    16     2    12
  4.1752216492837435E-01 a       613     1    16     2    13
  9.0761981516154125E-02 a       614     1    16     2    14
  5.8760338664114831E-01 a       615     1    16     2    15
 -9.6533809338481807E-03 a       616     1    16     2    16
 -4.8181647168845881E-01 a       617     1    16     2    17
 -2.3793286988957624E-01 a       618     1    16     2    18
  1.9297267031864981E-01 a       619     1    16     2    19
 -1.0561342161765386E-01 a       620     1    16     2    20
  4.2071876674809178E-01 a       621     1    17     2     1
  1.7712161663832940E-01 a       622     1    17     2     2
 -6.2559373097547155E-01 a       623     1    17     2     3
  9.0480023559283182E-02 a       624     1    17     2     4
 -1.4551340535018467E-01 a       625     1    17     2     5
 -4.0446589079046297E-01 a       626     1    17     2     6
  9.2858411578468344E-02 a       627     1    17     2     7
  5.3842109937275850E-01 a       628     1    17     2     8
 -1.6205996058786448E-01 a       629     1    17     2     9
 -2.6875703372031701E-01 a       630     1    17     2    10
  3.3557590515698149E-01 a       631     1    17     2    11
 -3.1843335229043340E-01 a       632     1    17     2    12
 -4.7488773094285958E-01 a       633     1    17     2    13
  4.1150029200621613E-01 a       634     1    17     2    14
 -1.8408313308521435E-01 a       635     1    17     2    15
 -9.7648346654404750E-02 a       636     1    17     2    16
 -5.7669284768742515E-02 a       637     1    17     2    17
  4.5702581446418533E-01 a       638     1    17     2    18
 -3.6999047666563263E-02 a       639     1    17     2    19
 -4.2840938215287305E-01 a       640     1    17     2    20
 -4.1473763373109418E-01 a       641     1    18     2     1
 -4.9039770943634470E-01 a       642     1    18     2     2
 -6.5952180715859413E-02 a       643     1    18     2     3
  4.0996335175314408E-01 a       644     1    18     2     4
  7.1778611801845138E-02 a       645     1    18     2     5
 -5.7669152580613714E-01 a       646     1    18     2     6
 -2.9962852351689701E-01 a       647     1    18     2     7
 -1.6841976530227315E-02 a       648     1    18     2     8
 -4.7488098428886422E-01 a       649     1    18     2     9
  1.4967476314378825E-01 a       650     1    18     2    10
 -2.4985387818707319E-01 a       651     1    18     2    11
 -5.9044029495990125E-01 a       652     1    18     2    12
 -5.6146343775981089E-01 a       653     1    18     2    13
  5.6699049398980561E-01 a       654     1    18     2    14
  3.7880366662202813E-01 a       655     1    18     2    15
  4.6375192932284914E-01 a       656     1    18     2    16
  3.0008641986570056E-01 a       657     1    18     2    17
  2.7914698334002325E-01 a       658     1    18     2    18
  5.2217563866932415E-01 a       659     1    18     2    19
 -3.9079179882007353E-01 a       660     1    18     2    20
 -7.4098316607433226E-02 a       661     1    19     2     1
 -1.4996682063347361E-01 a       662     1    19     2     2
 -2.3899357279486591E-01 a       663     1    19     2     3
 -2.5805887361434837E-01 a       664     1    19     2     4
  3.0315823824414290E-01 a       665     1    19     2     5
  3.4465226098299007E-01 a       666     1    19     2     6
  6.2850221017661823E-01 a       667     1    19     2     7
  1.5031069294384780E-01 a       668     1    19     2     8
  1.1418860901168718E-01 a       669     1    19     2     9
 -1.7790030424294972E-01 a       670     1    19     2    10
  1.0312684213705527E-01 a       671     1    19     2    11
  2.3362406487293291E-01 a       672     1    19     2    12
  4.4803838757389919E-01 a       673     1    19     2    13
  2.6106154032631440E-01 a       674     1    19     2    14
 -3.4075401700950159E-01 a       675     1    19     2    15
 -8.9082404857823649E-02 a       676     1    19     2    16
  1.0663391405966517E-01 a       677     1    19     2    17
  2.7730939670054167E-01 a       678     1    19     2    18
  1.1445448608716011E-01 a       679     1    19     2    19
 -2.9417781269733323E-01 a       680     1    19     2    20
  5.7389792694152919E-01 a       681     1    20     2     1
 -5.3914609882605137E-02 a       682     1    20     2     2
 -5.0044666498521129E-01 a       683     1    20     2     3
 -4.8828178711751441E-01 a       684     1    20     2     4
 -2.4352657212967635E-01 a       685     1    20     2     5
  2.0858416609949357E-01 a       686     1    20     2     6
 -4.0768034787029817E-01 a       687     1    20     2     7
  4.9477222900310258E-01 a       688     1    20     2     8
 -4.4181865507641727E-01 a       689     1    20     2     9
 -5.0474793649144611E-01 a       690     1    20     2    10
 -3.8465183286612281E-01 a       691     1    20     2    11
  4.7579976611854435E-01 a       692     1    20     2    12
 -2.0650928092018267E-01 a       693     1    20     2    13
  2.9672533223259701E-01 a       694     1    20     2    14
 -6.6384385026164083E-01 a       695     1    20     2    15
 -4.9512474659094069E-01 a       696     1    20     2    16
 -3.7383299471431465E-02 a       697     1    20     2    17
  1.1353698857912149E-01 a       698     1    20     2    18
  4.6664467163379908E-01 a       699     1    20     2    19
 -1.8548502093087696E-01 a       700     1    20     2    20
 -8.7160113602878042E-01 b       701     2     1
  4.4625760198021253E-01 b       702     2     2
 -6.7537351283039437E-01 b       703     2     3
  2.2325728912855533E-01 b       704     2     4
 -4.7038920518003610E-02 b       705     2     5
 -9.0163355505686427E-01 b       706     2     6
 -2.3387855632440063E-01 b       707     2     7
  1.5840342164947461E+00 b       708     2     8
  5.6837236074796516E-01 b       709     2     9
  2.1571384691845169E-01 b       710     2    10
  5.8209953631266032E-01 b       711     2    11
  6.9942673451302162E-01 b       712     2    12
  1.1393912225929466E+00 b       713     2    13
 -7.0738619235089895E-02 b       714     2    14
  1.5785182062474352E+00 b       715     2    15
 -1.1411951344881079E+00 b       716     2    16
 -1.3363137389454252E+00 b       717     2    17
 -7.5064772272533697E-01 b       718     2    18
  2.4769988279081376E-01 b       719     2    19
  6.0130136700587589E-01 b       720     2    20
  6.9801513196366752E-02 a       721     2     1     3     1
  1.1525532291266539E-01 a       722     2     2     3     1
  9.7400149855595064E-01 a       723     2     3     3     1
 -7.0438487864559685E-01 a       724     2     4     3     1
  4.4744202676639061E-01 a       725     2     5     3     1
 -9.1825415353261730E-01 a       726     2     6     3     1
 -7.1623875496620926E-01 a       727     2     7     3     1
 -8.5724907632655745E-01 a       728     2     8     3     1
 -5.8646388001764582E-01 a       729     2     9     3     1
  7.3948257750990631E-01 a       730     2    10     3     1
  3.3229715744719052E-01 a       731     2    11     3     1
  6.4921025740234362E-01 a       732     2    12     3     1
 -8.1922078766714868E-01 a       733     2    13     3     1
  3.4213320677544512E-01 a       734     2    14     3     1
  4.8545685484705059E-01 a       735     2    15     3     1
  7.8484151077897357E-01 a       736     2    16     3     1
  7.7106682463369070E-01 a       737     2    17     3     1
  2.6099787071263276E-02 a       738     2    18     3     1
  8.1288602346527392E-02 a       739     2    19     3     1
  3.0829003269950438E-02 a       740     2    20     3     1
  1.0370875839077272E-01 b       741     3     1
