################################################################################
# Neural network connection values (weights and biases).
################################################################################
# Col  Name       Description
################################################################################
# 1    connection Neural network connection value.
# 2    t          Connection type (a = weight, b = bias).
# 3    index      Index enumerating weights.
# 4    l_s        Starting point layer (end point layer for biases).
# 5    n_s        Starting point neuron in starting layer (end point neuron for biases).
# 6    l_e        End point layer.
# 7    n_e        End point neuron in end layer.
################################################################################
#                      1 2         3     4     5     6     7
#             connection t     index   l_s   n_s   l_e   n_e
############################################################
 -1.0710261135921691E-01 a         1     0     1     1     1
 -3.1588975789958437E-02 a         2     0     1     1     2
  4.1069845966467594E-01 a         3     0     1     1     3
  2.2335806167486935E-01 a         4     0     1     1     4
  3.7495001941127437E-01 a         5     0     1     1     5
  6.6768142754080917E-01 a         6     0     1     1     6
  5.0213783889769592E-01 a         7     0     1     1     7
 -5.3274209043910703E-01 a         8     0     1     1     8
  7.6831707723040354E-01 a         9     0     1     1     9
  7.2457631214282503E-02 a        10     0     1     1    10
  5.1355451092605375E-01 a        11     0     1     1    11
  1.9504413466317691E-01 a        12     0     1     1    12
 -1.1039233100502695E-01 a        13     0     1     1    13
 -2.2484738087403250E-01 a        14     0     1     1    14
  4.0211487396423766E-02 a        15     0     1     1    15
  5.3333143983860276E-01 a        16     0     1     1    16
  7.8133889615222507E-01 a        17     0     1     1    17
  4.5419684292759016E-01 a        18     0     1     1    18
 -4.3046962259978644E-01 a        19     0     1     1    19
 -3.7331238039050701E-01 a        20     0     1     1    20
 -4.4350933911321083E-01 a        21     0     2     1     1
  6.5276225576887870E-01 a        22     0     2     1     2
  7.6758561181888529E-01 a        23     0     2     1     3
  3.1082275477728133E-01 a        24     0     2     1     4
  7.8358178648883081E-01 a        25     0     2     1     5
 -1.0890232070559171E-01 a        26     0     2     1     6
 -3.0505938383444742E-01 a        27     0     2     1     7
 -4.9544786912362593E-01 a        28     0     2     1     8
 -4.0332930784080134E-01 a        29     0     2     1     9
  7.2475098615439737E-01 a        30     0     2     1    10
  5.1320192739421855E-01 a        31     0     2     1    11
  3.8584875582273237E-01 a        32     0     2     1    12
  1.6049611492896135E-01 a        33     0     2     1    13
 -5.0779983673010542E-01 a        34     0     2     1    14
 -3.2253467883368592E-01 a        35     0     2     1    15
  5.3781003043785702E-01 a        36     0     2     1    16
  5.0640534776977164E-01 a        37     0     2     1    17
  4.1814120482871647E-01 a        38     0     2     1    18
 -2.6310023518680148E-01 a        39     0     2     1    19
 -7.3357079958283722E-01 a        40     0     2     1    20
 -7.5861010375022270E-02 a        41     0     3     1     1
 -7.3557048275612325E-01 a        42     0     3     1     2
 -4.7847375919640328E-01 a        43     0     3     1     3
 -9.2668820785001305E-01 a        44     0     3     1     4
 -5.7440540269753326E-01 a        45     0     3     1     5
  2.0215000827200522E-01 a        46     0     3     1     6
 -5.6972014182032282E-01 a        47     0     3     1     7
 -2.6262834928191164E-01 a        48     0     3     1     8
  3.5571708793444756E-01 a        49     0     3     1     9
 -1.0214579100704065E-01 a        50     0     3     1    10
 -2.9590384625818561E-01 a        51     0     3     1    11
  5.5765828668849859E-01 a        52     0     3     1    12
 -7.3877202111738340E-03 a        53     0     3     1    13
 -1.4911231441728884E-01 a        54     0     3     1    14
  5.6844903845566985E-01 a        55     0     3     1    15
  5.2153180721643703E-02 a        56     0     3     1    16
 -2.3240878470890133E-01 a        57     0     3     1    17
 -5.3490755792670219E-01 a        58     0     3     1    18
  4.1543680328321347E-01 a        59     0     3     1    19
 -5.2186198521813096E-02 a        60     0     3     1    20
  9.5356700605946576E-01 a        61     0     4     1     1
 -1.3493635881660784E-01 a        62     0     4     1     2
 -3.7295235088822132E-01 a        63     0     4     1     3
  4.2917049749675246E-01 a        64     0     4     1     4
 -4.0524028789388111E-01 a        65     0     4     1     5
  3.6031317558421683E-01 a        66     0     4     1     6
 -5.9956410237230762E-01 a        67     0     4     1     7
 -6.0152772471024263E-01 a        68     0     4     1     8
  3.5386524462080005E-01 a        69     0     4     1     9
 -5.0860146581106047E-01 a        70     0     4     1    10
  5.8900246115449417E-01 a        71     0     4     1    11
 -9.6028158060635235E-02 a        72     0     4     1    12
 -2.8036889361585388E-01 a        73     0     4     1    13
 -5.4538760862675319E-02 a        74     0     4     1    14
 -6.5511462300623102E-02 a        75     0     4     1    15
  5.4932095107256204E-02 a        76     0     4     1    16
 -2.0876264179035739E-01 a        77     0     4     1    17
 -7.3853774485894719E-01 a        78     0     4     1    18
 -1.2682149371756299E-01 a        79     0     4     1    19
 -2.8951629222971076E-01 a        80     0     4     1    20
  2.1293667953929968E-01 a        81     0     5     1     1
 -3.8876475764522900E-01 a        82     0     5     1     2
  4.3424663383497020E-01 a        83     0     5     1     3
  3.4690611623704226E-01 a        84     0     5     1     4
  1.2316971994606858E-01 a        85     0     5     1     5
  6.0330901700156581E-01 a        86     0     5     1     6
 -2.8660531205825474E-01 a        87     0     5     1     7
  1.8637420409062672E-01 a        88     0     5     1     8
  2.1425121867866734E-01 a        89     0     5     1     9
 -4.1613534106091210E-01 a        90     0     5     1    10
  2.2560677971743304E-01 a        91     0     5     1    11
 -5.1050274522016581E-01 a        92     0     5     1    12
  1.1882976030564124E-01 a        93     0     5     1    13
  2.0234070966187734E-01 a        94     0     5     1    14
  1.9375610616466757E-01 a        95     0     5     1    15
 -2.7702947505552344E-01 a        96     0     5     1    16
 -7.1870886196238670E-01 a        97     0     5     1    17
  4.1107412650674163E-01 a        98     0     5     1    18
  5.6540400138899294E-01 a        99     0     5     1    19
 -1.7030384540939561E-01 a       100     0     5     1    20
 -7.1609686680063922E-01 a       101     0     6     1     1
 -7.4223187595006868E-01 a       102     0     6     1     2
  2.8717375833504977E-01 a       103     0     6     1     3
 -1.5527810115038271E-01 a       104     0     6     1     4
 -2.4582538758356481E-01 a       105     0     6     1     5
 -2.9288364823316382E-01 a       106     0     6     1     6
  4.5198926107189469E-01 a       107     0     6     1     7
 -5.3425401645457726E-01 a       108     0     6     1     8
 -7.3104510538235346E-01 a       109     0     6     1     9
 -6.5962213044397533E-01 a       110     0     6     1    10
  5.2478966124142334E-01 a       111     0     6     1    11
  5.6180529145808189E-01 a       112     0     6     1    12
 -9.7290138304068574E-01 a       113     0     6     1    13
 -4.6508661579455035E-01 a       114     0     6     1    14
  6.3949762113064590E-01 a       115     0     6     1    15
  3.1090956466537067E-01 a       116     0     6     1    16
  1.3414036590401490E-01 a       117     0     6     1    17
  1.7886599912864556E-01 a       118     0     6     1    18
 -5.1495989539010056E-01 a       119     0     6     1    19
 -2.2042663291806053E-01 a       120     0     6     1    20
  1.7755633306534346E-01 a       121     0     7     1     1
 -5.0989717343020857E-01 a       122     0     7     1     2
  4.5867938592191193E-01 a       123     0     7     1     3
 -1.6053059190371646E-01 a       124     0     7     1     4
 -4.0153760360084023E-01 a       125     0     7     1     5
  8.1242341753333711E-02 a       126     0     7     1     6
 -1.5177047713616218E-01 a       127     0     7     1     7
  1.1864714993867630E-01 a       128     0     7     1     8
 -4.6748668993316600E-01 a       129     0     7     1     9
  1.9675382913216127E-01 a       130     0     7     1    10
 -2.6293313303599047E-01 a       131     0     7     1    11
  6.0268821478347034E-01 a       132     0     7     1    12
 -7.0052107684235732E-01 a       133     0     7     1    13
 -1.7334218599538817E-01 a       134     0     7     1    14
  4.6367817370298886E-01 a       135     0     7     1    15
 -2.3392894443178125E-01 a       136     0     7     1    16
 -2.6495041009636766E-01 a       137     0     7     1    17
  3.0279141152394556E-01 a       138     0     7     1    18
  5.8334756083688899E-01 a       139     0     7     1    19
  8.0996030736319635E-01 a       140     0     7     1    20
  4.1723645243147683E-01 a       141     0     8     1     1
  5.2862490933590078E-01 a       142     0     8     1     2
 -3.7930450661597764E-01 a       143     0     8     1     3
 -1.4314229054803504E-01 a       144     0     8     1     4
 -6.6798922941570682E-01 a       145     0     8     1     5
  7.9734624778514029E-01 a       146     0     8     1     6
 -1.4083098866890401E-01 a       147     0     8     1     7
  1.8481006307018291E-01 a       148     0     8     1     8
 -5.5628212121764464E-01 a       149     0     8     1     9
  7.2420531210631700E-01 a       150     0     8     1    10
  3.7093876991422131E-01 a       151     0     8     1    11
  2.6783605378926001E-01 a       152     0     8     1    12
  3.8036617794070526E-01 a       153     0     8     1    13
  4.0862457454264506E-02 a       154     0     8     1    14
 -5.0525145883780320E-01 a       155     0     8     1    15
  2.8926069684316774E-01 a       156     0     8     1    16
 -3.5655036886501756E-01 a       157     0     8     1    17
  5.6472243548260315E-01 a       158     0     8     1    18
 -4.6107685820569405E-01 a       159     0     8     1    19
 -1.1338788220503830E-01 a       160     0     8     1    20
 -4.0086227928132728E-01 a       161     0     9     1     1
  1.6903691336351936E-01 a       162     0     9     1     2
  4.5040971597897922E-01 a       163     0     9     1     3
  2.8863383949554433E-01 a       164     0     9     1     4
  7.1453047361542343E-02 a       165     0     9     1     5
 -2.5650862043514609E-02 a       166     0     9     1     6
 -6.8165010636178458E-01 a       167     0     9     1     7
 -4.3122152672648073E-01 a       168     0     9     1     8
  1.0809773442507963E-01 a       169     0     9     1     9
 -3.7238616680188008E-01 a       170     0     9     1    10
 -2.9417075293842226E-01 a       171     0     9     1    11
 -5.6896718878296904E-01 a       172     0     9     1    12
 -3.2784845958379100E-01 a       173     0     9     1    13
  2.0990181769678135E-01 a       174     0     9     1    14
 -3.0462056070862620E-01 a       175     0     9     1    15
  2.3181516687863352E-01 a       176     0     9     1    16
 -3.6867793137759408E-01 a       177     0     9     1    17
  4.3510232234048618E-01 a       178     0     9     1    18
 -3.5038403431142631E-02 a       179     0     9     1    19
  3.3462911322503719E-01 a       180     0     9     1    20
  1.5451739280252219E-01 a       181     0    10     1     1
 -6.3674023230215404E-01 a       182     0    10     1     2
 -3.7510488446427698E-01 a       183     0    10     1     3
  2.9088281235391350E-01 a       184     0    10     1     4
  3.4911733041473914E-01 a       185     0    10     1     5
 -1.4646226640573090E-01 a       186     0    10     1     6
 -7.3444438907214277E-02 a       187     0    10     1     7
  3.9591527790584968E-01 a       188     0    10     1     8
  5.4380111915282248E-01 a       189     0    10     1     9
 -4.7532653481708514E-01 a       190     0    10     1    10
 -4.0694951888469538E-01 a       191     0    10     1    11
  4.0476428731672082E-01 a       192     0    10     1    12
 -5.3348986629530681E-01 a       193     0    10     1    13
  3.8517945533018744E-01 a       194     0    10     1    14
  2.8346643676015859E-01 a       195     0    10     1    15
 -2.5203654597475617E-01 a       196     0    10     1    16
  4.1794072944176941E-01 a       197     0    10     1    17
 -1.5265734224112276E-01 a       198     0    10     1    18
 -6.6356707699200590E-01 a       199     0    10     1    19
  4.5391759344693011E-01 a       200     0    10     1    20
 -6.5219425225957728E-01 a       201     0    11     1     1
 -1.3575224865763649E-01 a       202     0    11     1     2
 -3.5733228845738207E-01 a       203     0    11     1     3
  6.8672454544669437E-01 a       204     0    11     1     4
 -4.5564096583185237E-01 a       205     0    11     1     5
 -6.2685996860652393E-01 a       206     0    11     1     6
 -5.9356114765351187E-01 a       207     0    11     1     7
  8.0836487623998698E-02 a       208     0    11     1     8
  4.1717743597259743E-01 a       209     0    11     1     9
 -3.1866507782350151E-01 a       210     0    11     1    10
 -1.2446253271860787E-01 a       211     0    11     1    11
 -5.3516831344276850E-01 a       212     0    11     1    12
  2.5633297453241577E-01 a       213     0    11     1    13
 -6.6400510020535297E-01 a       214     0    11     1    14
 -5.1126500409482600E-01 a       215     0    11     1    15
  6.4560636193914700E-01 a       216     0    11     1    16
  2.2802185697318997E-01 a       217     0    11     1    17
  3.1948181185432584E-01 a       218     0    11     1    18
  3.2907856889412929E-01 a       219     0    11     1    19
  5.1209140018487609E-01 a       220     0    11     1    20
  7.9309537807612096E-01 a       221     0    12     1     1
  2.0579112650591599E-01 a       222     0    12     1     2
  4.7463598868085344E-01 a       223     0    12     1     3
  2.4831462121313463E-01 a       224     0    12     1     4
 -2.6290384688089136E-01 a       225     0    12     1     5
  2.1999107036261276E-01 a       226     0    12     1     6
 -3.5538613887760551E-01 a       227     0    12     1     7
 -5.6859855424774730E-01 a       228     0    12     1     8
  4.1855081799766120E-01 a       229     0    12     1     9
  5.9611266391802442E-01 a       230     0    12     1    10
  6.7975358293785737E-01 a       231     0    12     1    11
 -3.9047565533402567E-01 a       232     0    12     1    12
  4.7685105806706946E-01 a       233     0    12     1    13
  6.4006659812531264E-01 a       234     0    12     1    14
  4.2804316631868256E-01 a       235     0    12     1    15
  5.6150891161573298E-02 a       236     0    12     1    16
  3.2221227047061840E-01 a       237     0    12     1    17
  5.5617199077631119E-01 a       238     0    12     1    18
 -6.4247622835245655E-01 a       239     0    12     1    19
 -2.2080008761160402E-01 a       240     0    12     1    20
  5.3410923683231259E-01 a       241     0    13     1     1
 -5.7336192460785285E-01 a       242     0    13     1     2
  7.0346163382573113E-01 a       243     0    13     1     3
 -4.1969572810619075E-02 a       244     0    13     1     4
 -3.0032958291522976E-01 a       245     0    13     1     5
 -2.9428574215757347E-01 a       246     0    13     1     6
  2.3947627219251344E-01 a       247     0    13     1     7
  1.2598496736023432E-01 a       248     0    13     1     8
  2.5094586848899966E-02 a       249     0    13     1     9
  2.6480257364195486E-01 a       250     0    13     1    10
 -4.8356300961541182E-01 a       251     0    13     1    11
  2.6639690459215865E-01 a       252     0    13     1    12
  2.4596199112223963E-01 a       253     0    13     1    13
 -5.8307698506124572E-01 a       254     0    13     1    14
  3.7993062434995656E-01 a       255     0    13     1    15
  2.5447733915760090E-01 a       256     0    13     1    16
 -2.4728371389893607E-03 a       257     0    13     1    17
  6.5654736976688902E-02 a       258     0    13     1    18
  4.8769332532712606E-01 a       259     0    13     1    19
  5.3225196844683575E-01 a       260     0    13     1    20
  1.9011438775346440E-01 a       261     0    14     1     1
  7.2314855604370024E-02 a       262     0    14     1     2
  1.4243895413879479E-01 a       263     0    14     1     3
  7.3981574279563123E-01 a       264     0    14     1     4
 -6.9275889430149828E-01 a       265     0    14     1     5
  7.0881727946684792E-01 a       266     0    14     1     6
 -4.6447734479651626E-01 a       267     0    14     1     7
  1.4121443134319633E-01 a       268     0    14     1     8
 -2.4040554283798896E-01 a       269     0    14     1     9
 -2.3462487098360907E-01 a       270     0    14     1    10
 -4.7524833917371984E-01 a       271     0    14     1    11
 -2.8062834928496733E-01 a       272     0    14     1    12
 -4.2428122775409549E-01 a       273     0    14     1    13
 -6.0335496127531218E-01 a       274     0    14     1    14
 -5.1106697980191539E-02 a       275     0    14     1    15
  3.7719781780534423E-01 a       276     0    14     1    16
  6.2341188562934291E-01 a       277     0    14     1    17
  3.0621445081317789E-01 a       278     0    14     1    18
 -3.7152464439608551E-01 a       279     0    14     1    19
 -7.7458212501912416E-01 a       280     0    14     1    20
 -1.7071106785131358E+00 b       281     1     1
 -5.0443432346134187E-01 b       282     1     2
 -3.7874630871054182E-01 b       283     1     3
 -1.1624859849536100E+00 b       284     1     4
 -1.0537522816098126E+00 b       285     1     5
  4.8066745641810921E-01 b       286     1     6
  1.7875450931041745E+00 b       287     1     7
  9.0880809840306054E-01 b       288     1     8
  1.5427202003005884E+00 b       289     1     9
 -8.1896490424496649E-01 b       290     1    10
 -1.7428681995889623E+00 b       291     1    11
  7.5775707077263843E-01 b       292     1    12
 -1.2368633549936519E+00 b       293     1    13
  8.1519101604762401E-01 b       294     1    14
  6.5281097259818832E-01 b       295     1    15
  3.7876451149768681E-01 b       296     1    16
  1.0254134873291092E+00 b       297     1    17
  2.4443938845163765E-01 b       298     1    18
  1.6260619435763011E+00 b       299     1    19
  1.3411423127040221E+00 b       300     1    20
  5.9578800070870874E-01 a       301     1     1     2     1
  6.6508327157938654E-02 a       302     1     1     2     2
 -5.7990023193932969E-02 a       303     1     1     2     3
  7.5719445201632318E-02 a       304     1     1     2     4
 -2.5194119385449348E-01 a       305     1     1     2     5
 -1.5884666601967409E-01 a       306     1     1     2     6
  5.5380078068043848E-01 a       307     1     1     2     7
  1.4971884883249151E-01 a       308     1     1     2     8
 -5.1019594293204662E-01 a       309     1     1     2     9
  5.9223761771486616E-01 a       310     1     1     2    10
  4.2855909027208089E-01 a       311     1     1     2    11
  7.1515608671625125E-02 a       312     1     1     2    12
 -4.0852561712535491E-02 a       313     1     1     2    13
 -2.3181477347863416E-01 a       314     1     1     2    14
  5.0237668204266006E-01 a       315     1     1     2    15
 -5.7915863845896760E-02 a       316     1     1     2    16
 -5.6273363449537528E-01 a       317     1     1     2    17
 -5.4571200740534942E-01 a       318     1     1     2    18
  2.1014949610323055E-01 a       319     1     1     2    19
 -3.7584429960893473E-01 a       320     1     1     2    20
 -5.2681790862722597E-03 a       321     1     2     2     1
  3.6752217907902629E-01 a       322     1     2     2     2
 -1.2522789657453384E-01 a       323     1     2     2     3
  1.0897905190569988E-01 a       324     1     2     2     4
  3.2139224133104993E-01 a       325     1     2     2     5
  7.0720081707639237E-01 a       326     1     2     2     6
  3.3446523691193047E-01 a       327     1     2     2     7
 -5.5901403465669419E-01 a       328     1     2     2     8
  5.5948730333924279E-01 a       329     1     2     2     9
 -6.1942981802954010E-02 a       330     1     2     2    10
 -2.6245393623704005E-01 a       331     1     2     2    11
 -3.7588168793004478E-01 a       332     1     2     2    12
  3.5563422974983477E-01 a       333     1     2     2    13
 -6.6649804898932097E-01 a       334     1     2     2    14
  6.0507411226185948E-01 a       335     1     2     2    15
 -3.1946054106266492E-01 a       336     1     2     2    16
 -3.6862370890187263E-01 a       337     1     2     2    17
 -8.0517139764647860E-02 a       338     1     2     2    18
 -1.6222958986894342E-01 a       339     1     2     2    19
 -4.3799569773687591E-01 a       340     1     2     2    20
 -1.4477339587715538E-01 a       341     1     3     2     1
  1.5523874139828719E-01 a       342     1     3     2     2
 -2.7465692947133025E-01 a       343     1     3     2     3
  5.5016623520382479E-01 a       344     1     3     2     4
 -1.3078980374868179E-01 a       345     1     3     2     5
 -3.5921725175449071E-01 a       346     1     3     2     6
 -4.8644882498136532E-02 a       347     1     3     2     7
 -1.8178320716434429E-01 a       348     1     3     2     8
 -1.6611258611804397E-01 a       349     1     3     2     9
  1.0191637453731004E-02 a       350     1     3     2    10
 -2.0032094835116163E-01 a       351     1     3     2    11
  2.0154747624909414E-01 a       352     1     3     2    12
  5.1931543810293723E-01 a       353     1     3     2    13
 -1.2840874794129124E-02 a       354     1     3     2    14
  3.9002001567723177E-01 a       355     1     3     2    15
  3.3645776484006312E-01 a       356     1     3     2    16
 -3.4795942234598937E-01 a       357     1     3     2    17
 -6.7560833641721307E-01 a       358     1     3     2    18
  7.7514478630095057E-02 a       359     1     3     2    19
  3.3242069479092451E-01 a       360     1     3     2    20
  1.6914028389991934E-01 a       361     1     4     2     1
  4.2219493658994323E-01 a       362     1     4     2     2
  4.3301401041102827E-01 a       363     1     4     2     3
 -3.6986326995727348E-02 a       364     1     4     2     4
  1.7343746805369088E-03 a       365     1     4     2     5
  5.5855419147128493E-01 a       366     1     4     2     6
 -2.5196781855072178E-02 a       367     1     4     2     7
 -5.8315594065601084E-01 a       368     1     4     2     8
  2.1790331964824305E-01 a       369     1     4     2     9
 -3.6573174755911481E-01 a       370     1     4     2    10
 -4.6204107531466182E-01 a       371     1     4     2    11
 -1.5982872559433475E-01 a       372     1     4     2    12
  2.5686645138415481E-01 a       373     1     4     2    13
 -4.9165142810024742E-01 a       374     1     4     2    14
  5.0265028621658647E-01 a       375     1     4     2    15
 -5.7854404344737542E-01 a       376     1     4     2    16
  1.4291172321709072E-01 a       377     1     4     2    17
 -1.0933650960479697E-01 a       378     1     4     2    18
 -2.3104904547811667E-01 a       379     1     4     2    19
  2.6847771814843036E-01 a       380     1     4     2    20
 -6.2847789056696324E-01 a       381     1     5     2     1
 -2.5690839607057873E-02 a       382     1     5     2     2
  3.0862556773870103E-01 a       383     1     5     2     3
  1.5796469937640595E-01 a       384     1     5     2     4
 -4.0558314166764869E-01 a       385     1     5     2     5
 -2.0944681023183020E-01 a       386     1     5     2     6
 -6.0854965100587277E-01 a       387     1     5     2     7
 -2.7431108394210468E-01 a       388     1     5     2     8
 -3.0844372805822068E-01 a       389     1     5     2     9
 -3.6560449218006374E-01 a       390     1     5     2    10
  1.9820658880117284E-01 a       391     1     5     2    11
 -5.9208166533886086E-01 a       392     1     5     2    12
 -3.4989850677850759E-01 a       393     1     5     2    13
 -1.3977221978064391E-01 a       394     1     5     2    14
  2.2602314952107980E-01 a       395     1     5     2    15
 -3.8258813310250445E-01 a       396     1     5     2    16
  9.1594433256737398E-02 a       397     1     5     2    17
  3.2547544735744360E-01 a       398     1     5     2    18
 -2.5072180445799447E-01 a       399     1     5     2    19
  1.5367566368095456E-01 a       400     1     5     2    20
 -3.3445133492801732E-01 a       401     1     6     2     1
  3.0266460323011213E-01 a       402     1     6     2     2
 -3.8802487990629803E-01 a       403     1     6     2     3
  2.1541978329050979E-01 a       404     1     6     2     4
  5.7705041107089095E-01 a       405     1     6     2     5
  1.6045309844977401E-01 a       406     1     6     2     6
  4.5306623433886722E-01 a       407     1     6     2     7
  1.7302058128540745E-01 a       408     1     6     2     8
 -2.9171152929171640E-01 a       409     1     6     2     9
 -4.6019061522332250E-01 a       410     1     6     2    10
  2.3768236093842493E-01 a       411     1     6     2    11
  2.3177007714485394E-02 a       412     1     6     2    12
 -1.9081784708266419E-01 a       413     1     6     2    13
 -1.4159569420659621E-01 a       414     1     6     2    14
 -1.0030288674489392E-01 a       415     1     6     2    15
  3.9105491734003595E-01 a       416     1     6     2    16
 -4.7199482615737287E-01 a       417     1     6     2    17
 -2.0297642249302930E-01 a       418     1     6     2    18
  3.8901746108145346E-01 a       419     1     6     2    19
  4.0766808575168983E-02 a       420     1     6     2    20
  4.0205613796650191E-01 a       421     1     7     2     1
 -4.2693458157516417E-01 a       422     1     7     2     2
 -6.9044336024650732E-01 a       423     1     7     2     3
 -4.0332475721558542E-02 a       424     1     7     2     4
  5.1747852677272899E-01 a       425     1     7     2     5
 -6.4724301910062787E-01 a       426     1     7     2     6
  1.5303484389813035E-01 a       427     1     7     2     7
  4.6992480016557170E-01 a       428     1     7     2     8
  3.3487119873517074E-01 a       429     1     7     2     9
 -3.0956928534263861E-01 a       430     1     7     2    10
  2.8039075337843672E-01 a       431     1     7     2    11
 -3.5249545315508368E-01 a       432     1     7     2    12
 -6.6968055632489684E-02 a       433     1     7     2    13
  3.4054098428863855E-01 a       434     1     7     2    14
 -9.2553134826672906E-02 a       435     1     7     2    15
  3.5036035255857867E-01 a       436     1     7     2    16
  3.0420622282834275E-01 a       437     1     7     2    17
 -1.5274289288909101E-01 a       438     1     7     2    18
  1.5627311653685785E-01 a       439     1     7     2    19
 -4.0588096908838761E-01 a       440     1     7     2    20
 -9.8624581883999085E-02 a       441     1     8     2     1
  1.9905017337129999E-01 a       442     1     8     2     2
 -3.4314053605994682E-01 a       443     1     8     2     3
 -1.1166263557418150E-01 a       444     1     8     2     4
  9.9002408683418544E-02 a       445     1     8     2     5
  2.7881582990685477E-01 a       446     1     8     2     6
  2.4689236418960125E-01 a       447     1     8     2     7
  4.3117860714635423E-03 a       448     1     8     2     8
  1.0058426168543277E-01 a       449     1     8     2     9
 -8.2329580121722334E-01 a       450     1     8     2    10
 -2.9322158765728079E-01 a       451     1     8     2    11
 -2.8084076217448706E-01 a       452     1     8     2    12
  3.9239300136538074E-01 a       453     1     8     2    13
  3.6020730328452760E-01 a       454     1     8     2    14
 -2.2193043523636172E-01 a       455     1     8     2    15
 -2.7206824515068390E-01 a       456     1     8     2    16
  2.0303974353942944E-01 a       457     1     8     2    17
  5.8604924815328718E-01 a       458     1     8     2    18
  1.8390836803006325E-01 a       459     1     8     2    19
  2.9813876802179529E-01 a       460     1     8     2    20
  5.0171161629762562E-01 a       461     1     9     2     1
  1.7450702678871530E-01 a       462     1     9     2     2
  3.2196365019232742E-01 a       463     1     9     2     3
  4.6806080848356552E-02 a       464     1     9     2     4
 -2.5542030365553592E-01 a       465     1     9     2     5
 -1.0153452060432867E-01 a       466     1     9     2     6
  3.5299127729551287E-02 a       467     1     9     2     7
 -3.4453644453445825E-01 a       468     1     9     2     8
 -2.1987447246835393E-01 a       469     1     9     2     9
  3.2704387167694443E-01 a       470     1     9     2    10
 -2.9408106292736785E-01 a       471     1     9     2    11
  3.5365529475061108E-01 a       472     1     9     2    12
  1.1932196642571018E-02 a       473     1     9     2    13
  5.3263131998616531E-01 a       474     1     9     2    14
  6.5955734978640573E-02 a       475     1     9     2    15
  5.2299605440300267E-01 a       476     1     9     2    16
  1.3532415673348355E-01 a       477     1     9     2    17
 -6.8401280320339508E-01 a       478     1     9     2    18
 -4.3589630604231899E-01 a       479     1     9     2    19
  1.7427481307188306E-01 a       480     1     9     2    20
 -5.3476987212717109E-01 a       481     1    10     2     1
  8.2629640343408056E-02 a       482     1    10     2     2
 -3.1985688379303884E-01 a       483     1    10     2     3
 -3.2305748474967738E-01 a       484     1    10     2     4
 -4.4788439664388346E-01 a       485     1    10     2     5
  1.9826588794847635E-01 a       486     1    10     2     6
 -4.6673578981537234E-01 a       487     1    10     2     7
 -2.4649366920214483E-02 a       488     1    10     2     8
  3.4645789036136138E-01 a       489     1    10     2     9
 -2.5601478188419025E-01 a       490     1    10     2    10
  3.5495044685205868E-01 a       491     1    10     2    11
 -1.9937539961345052E-01 a       492     1    10     2    12
  2.0979752520051933E-02 a       493     1    10     2    13
  3.9240193391618688E-01 a       494     1    10     2    14
 -2.3243962232502241E-01 a       495     1    10     2    15
 -4.2589338825232548E-01 a       496     1    10     2    16
 -1.5249881910191238E-01 a       497     1    10     2    17
  3.8892125072088146E-01 a       498     1    10     2    18
  5.4275308447768525E-02 a       499     1    10     2    19
  4.2726066314879951E-01 a       500     1    10     2    20
 -1.7862768412650665E-01 a       501     1    11     2     1
  1.3817632636464411E-01 a       502     1    11     2     2
 -3.9052139766189076E-01 a       503     1    11     2     3
 -2.5535403613925006E-01 a       504     1    11     2     4
 -1.8584832806947882E-01 a       505     1    11     2     5
 -1.9348583611019285E-01 a       506     1    11     2     6
  5.3652288298141775E-02 a       507     1    11     2     7
 -3.6909856139651537E-01 a       508     1    11     2     8
 -4.9985827052720894E-01 a       509     1    11     2     9
 -4.3532719573937523E-01 a       510     1    11     2    10
  2.4457718631632960E-01 a       511     1    11     2    11
  1.9572114352930936E-01 a       512     1    11     2    12
  3.9059609792759814E-01 a       513     1    11     2    13
 -5.3873814737054115E-01 a       514     1    11     2    14
  1.2519709973028587E-01 a       515     1    11     2    15
 -8.9071899442848004E-02 a       516     1    11     2    16
  2.9399276311971861E-01 a       517     1    11     2    17
 -8.2510154981330838E-02 a       518     1    11     2    18
  6.3549667630218476E-01 a       519     1    11     2    19
  1.9927153207924433E-01 a       520     1    11     2    20
  2.5515723261845724E-01 a       521     1    12     2     1
  5.9771205287938878E-01 a       522     1    12     2     2
 -3.3064454460802950E-01 a       523     1    12     2     3
  1.3930735725984836E-01 a       524     1    12     2     4
  5.4978365349248859E-01 a       525     1    12     2     5
 -6.8515458851999045E-01 a       526     1    12     2     6
  5.3855070034174124E-01 a       527     1    12     2     7
  3.9102201848760215E-01 a       528     1    12     2     8
 -9.1507084806175767E-02 a       529     1    12     2     9
 -6.3016602406819916E-02 a       530     1    12     2    10
 -4.6233576054951031E-01 a       531     1    12     2    11
 -4.1328228879986711E-01 a       532     1    12     2    12
  5.9995269350653069E-01 a       533     1    12     2    13
  3.5435310375518198E-01 a       534     1    12     2    14
  5.0998493659203048E-01 a       535     1    12     2    15
  4.1652745306153244E-01 a       536     1    12     2    16
  4.3776440341729278E-01 a       537     1    12     2    17
 -1.7272158430866558E-01 a       538     1    12     2    18
 -8.5214333373685691E-01 a       539     1    12     2    19
  3.4127522790100273E-01 a       540     1    12     2    20
 -2.7989776906426223E-01 a       541     1    13     2     1
  6.2493692045601856E-01 a       542     1    13     2     2
  3.3445199956365118E-01 a       543     1    13     2     3
 -4.0251488810069493E-02 a       544     1    13     2     4
 -3.2350671623215127E-01 a       545     1    13     2     5
  4.4122661796385361E-02 a       546     1    13     2     6
  4.9897315239226726E-02 a       547     1    13     2     7
 -1.0685764876685977E-01 a       548     1    13     2     8
 -4.4824020164136708E-01 a       549     1    13     2     9
  3.1477303295719522E-01 a       550     1    13     2    10
 -1.9727329321993284E-01 a       551     1    13     2    11
  1.2614250865055243E-01 a       552     1    13     2    12
 -2.7922347514264179E-01 a       553     1    13     2    13
 -2.3316823346915164E-01 a       554     1    13     2    14
  1.4845945140746525E-01 a       555     1    13     2    15
 -1.2975001613418469E-01 a       556     1    13     2    16
 -3.8540546304182471E-01 a       557     1    13     2    17
 -2.6916491570017587E-01 a       558     1    13     2    18
 -3.7403873056980746E-01 a       559     1    13     2    19
  2.1945796982017576E-01 a       560     1    13     2    20
  3.7761459163096894E-01 a       561     1    14     2     1
 -2.3454646672056745E-01 a       562     1    14     2     2
 -1.8057296461267823E-02 a       563     1    14     2     3
  5.5093679156721376E-01 a       564     1    14     2     4
 -2.8040988451834409E-01 a       565     1    14     2     5
 -5.5773652844036771E-02 a       566     1    14     2     6
 -1.6635888661797060E-01 a       567     1    14     2     7
  2.9692151202603889E-01 a       568     1    14     2     8
  2.8924997701689903E-01 a       569     1    14     2     9
  2.3062249650268329E-01 a       570     1    14     2    10
 -5.8903484037356575E-02 a       571     1    14     2    11
  3.6878905524966565E-01 a       572     1    14     2    12
  5.9949619159640211E-01 a       573     1    14     2    13
 -2.2468796134646443E-01 a       574     1    14     2    14
 -1.5693802406877849E-01 a       575     1    14     2    15
  1.5334311936596942E-01 a       576     1    14     2    16
 -3.9466571392566047E-01 a       577     1    14     2    17
  5.5612937657661551E-02 a       578     1    14     2    18
  1.9598878398048736E-01 a       579     1    14     2    19
  3.8454730655171254E-01 a       580     1    14     2    20
 -1.9184610241109396E-01 a       581     1    15     2     1
 -5.4780280289209127E-01 a       582     1    15     2     2
 -5.2271962598839906E-02 a       583     1    15     2     3
  4.3019635466207788E-02 a       584     1    15     2     4
  6.6290706486906048E-01 a       585     1    15     2     5
  6.4901303524102716E-01 a       586     1    15     2     6
 -3.5208170275343725E-01 a       587     1    15     2     7
 -4.4949775586762258E-01 a       588     1    15     2     8
  3.1084046289304151E-01 a       589     1    15     2     9
 -2.4624818180052482E-01 a       590     1    15     2    10
  1.1491011650045410E-01 a       591     1    15     2    11
 -2.8943306785342326E-01 a       592     1    15     2    12
  6.3056963766642354E-02 a       593     1    15     2    13
 -3.5764262476075720E-01 a       594     1    15     2    14
 -5.2278006717149705E-01 a       595     1    15     2    15
  1.4748506830883032E-01 a       596     1    15     2    16
  1.1073931145957398E-01 a       597     1    15     2    17
  4.6064166908800008E-01 a       598     1    15     2    18
 -8.7635608338418686E-02 a       599     1    15     2    19
 -1.2400591915993063E-01 a       600     1    15     2    20
  3.5822941023007998E-01 a       601     1    16     2     1
 -1.9359675373500090E-01 a       602     1    16     2     2
 -2.5223063682668834E-01 a       603     1    16     2     3
  4.6270984279784183E-01 a       604     1    16     2     4
  1.2987947505854003E-01 a       605     1    16     2     5
 -1.4444016933817720E-03 a       606     1    16     2     6
 -1.7161948964992663E-01 a       607     1    16     2     7
  4.8546466827952151E-01 a       608     1    16     2     8
  3.2150375125341787E-02 a       609     1    16     2     9
 -2.7346155407758177E-01 a       610     1    16     2    10
 -5.5696588546653092E-01 a       611     1    16     2    11
 -5.1267103487507804E-01 a       612     1    16     2    12
  5.3179588155113733E-01 a       613     1    16     2    13
  4.4975878128041702E-01 a       614     1    16     2    14
 -3.8484580931116186E-01 a       615     1    16     2    15
  5.1308362873532687E-02 a       616     1    16     2    16
 -5.4825972754539265E-01 a       617     1    16     2    17
 -7.4466003597813787E-02 a       618     1    16     2    18
  1.1224980514619620E-01 a       619     1    16     2    19
 -3.8953701588621803E-01 a       620     1    16     2    20
 -6.1793072062289719E-02 a       621     1    17     2     1
  6.9529762560550834E-01 a       622     1    17     2     2
 -6.3187973663988728E-01 a       623     1    17     2     3
 -4.4249609234623644E-01 a       624     1    17     2     4
  1.5278887063002558E-01 a       625     1    17     2     5
  2.2343473605355223E-02 a       626     1    17     2     6
  1.8267740803005614E-01 a       627     1    17     2     7
  5.4068520944046816E-01 a       628     1    17     2     8
 -7.1424400670055488E-01 a       629     1    17     2     9
 -1.8833557213936827E-01 a       630     1    17     2    10
  4.4492084954905703E-01 a       631     1    17     2    11
 -5.2378229592901220E-02 a       632     1    17     2    12
 -4.4588958609691903E-01 a       633     1    17     2    13
  1.6869021628069220E-01 a       634     1    17     2    14
 -4.1118862104253301E-01 a       635     1    17     2    15
 -4.0609923924623054E-01 a       636     1    17     2    16
 -1.9324260834913912E-01 a       637     1    17     2    17
 -7.7011005784821803E-04 a       638     1    17     2    18
 -2.5902436356259378E-01 a       639     1    17     2    19
  4.9399349707302387E-01 a       640     1    17     2    20
  4.2127049277290052E-01 a       641     1    18     2     1
  4.9054171997085572E-01 a       642     1    18     2     2
  3.6624758379384836E-01 a       643     1    18     2     3
 -3.7125992423770904E-01 a       644     1    18     2     4
 -3.3284796947258927E-01 a       645     1    18     2     5
  2.2763365402401495E-01 a       646     1    18     2     6
 -1.6148402687559096E-01 a       647     1    18     2     7
 -1.2727923727248583E-01 a       648     1    18     2     8
  7.8132350672640349E-02 a       649     1    18     2     9
  2.8663307084076861E-01 a       650     1    18     2    10
 -2.4783455651299471E-01 a       651     1    18     2    11
  6.0778793981519572E-02 a       652     1    18     2    12
 -4.7889211081380428E-01 a       653     1    18     2    13
  2.8164826036549057E-01 a       654     1    18     2    14
  7.5373395833146761E-01 a       655     1    18     2    15
 -3.3371974857795639E-01 a       656     1    18     2    16
 -4.7280742082587468E-01 a       657     1    18     2    17
  8.1901196804848786E-01 a       658     1    18     2    18
 -2.3631311070939912E-01 a       659     1    18     2    19
 -9.4817689282868087E-02 a       660     1    18     2    20
 -2.3506379275457254E-01 a       661     1    19     2     1
 -4.3079050010178882E-01 a       662     1    19     2     2
  5.7793605998754949E-01 a       663     1    19     2     3
  4.4332760820860462E-01 a       664     1    19     2     4
 -6.6860967325320195E-02 a       665     1    19     2     5
  9.2070449465368409E-02 a       666     1    19     2     6
  6.5478024373218191E-01 a       667     1    19     2     7
  2.7276910138425137E-01 a       668     1    19     2     8
  7.3915880486818089E-02 a       669     1    19     2     9
 -3.0641776428830436E-01 a       670     1    19     2    10
 -4.9134656588100534E-01 a       671     1    19     2    11
  3.4681698577938389E-02 a       672     1    19     2    12
 -1.6684918774420721E-01 a       673     1    19     2    13
 -1.3201239788361743E-01 a       674     1    19     2    14
  4.4770669280336634E-01 a       675     1    19     2    15
  3.3661160402526680E-01 a       676     1    19     2    16
 -2.9894053134062160E-01 a       677     1    19     2    17
 -5.1300230801243574E-01 a       678     1    19     2    18
 -2.7099911070142635E-01 a       679     1    19     2    19
 -1.3319311021027860E-01 a       680     1    19     2    20
  5.8612166045578173E-01 a       681     1    20     2     1
  7.9314965149684780E-02 a       682     1    20     2     2
  3.5974307863628235E-01 a       683     1    20     2     3
 -5.8202015724588663E-01 a       684     1    20     2     4
 -1.0908470339036901E-01 a       685     1    20     2     5
  2.5002717312609984E-01 a       686     1    20     2     6
 -5.2017114740163950E-01 a       687     1    20     2     7
  5.7681914473469709E-01 a       688     1    20     2     8
  2.0712619005506538E-01 a       689     1    20     2     9
 -2.7286287991236613E-01 a       690     1    20     2    10
 -3.5271969340331366E-01 a       691     1    20     2    11
  3.7721237771836968E-01 a       692     1    20     2    12
 -2.6649833651087435E-01 a       693     1    20     2    13
 -4.6596166838117326E-01 a       694     1    20     2    14
 -2.0653586238073551E-01 a       695     1    20     2    15
  4.9320740230878424E-01 a       696     1    20     2    16
  5.8000529815092061E-01 a       697     1    20     2    17
  9.3236071156325262E-02 a       698     1    20     2    18
  4.5768442738270587E-01 a       699     1    20     2    19
 -1.8633734561236212E-01 a       700     1    20     2    20
  5.2006102923574815E-01 b       701     2     1
 -5.0104098277013276E-01 b       702     2     2
 -1.5911401120862272E+00 b       703     2     3
 -1.5405676670469126E+00 b       704     2     4
 -9.7247430154687819E-01 b       705     2     5
 -1.1104631779631631E+00 b       706     2     6
 -1.0411281164998907E+00 b       707     2     7
 -8.5804977284339209E-02 b       708     2     8
 -1.5705391730099230E+00 b       709     2     9
 -1.0746660851118918E-01 b       710     2    10
  1.4565804854986679E+00 b       711     2    11
 -1.3727429975023484E+00 b       712     2    12
 -6.5313114074001677E-01 b       713     2    13
 -4.2290829893292292E-01 b       714     2    14
 -8.4633539458657547E-01 b       715     2    15
 -1.2222201847287248E+00 b       716     2    16
  3.1564945712160120E-01 b       717     2    17
 -1.1514898960462225E+00 b       718     2    18
 -5.3278312432918869E-02 b       719     2    19
  5.8654191421291146E-01 b       720     2    20
 -4.8034097922798419E-01 a       721     2     1     3     1
 -1.2731275884583138E-01 a       722     2     2     3     1
  6.0914768491829518E-01 a       723     2     3     3     1
 -3.0774038790733055E-01 a       724     2     4     3     1
  2.9087371595804784E-01 a       725     2     5     3     1
 -4.5286464681457805E-01 a       726     2     6     3     1
  3.9519445209907127E-02 a       727     2     7     3     1
  1.8508778720215335E-01 a       728     2     8     3     1
  3.5749481467894147E-02 a       729     2     9     3     1
  7.2540233876390314E-01 a       730     2    10     3     1
 -9.8449607317094498E-02 a       731     2    11     3     1
 -5.1466200510101556E-01 a       732     2    12     3     1
 -1.0663726358136005E-01 a       733     2    13     3     1
  2.3791650229881903E-02 a       734     2    14     3     1
  4.3504155443118181E-01 a       735     2    15     3     1
 -5.9704059414660604E-01 a       736     2    16     3     1
  5.2044249717722916E-04 a       737     2    17     3     1
 -7.8217781835129410E-02 a       738     2    18     3     1
  3.4012011960726213E-01 a       739     2    19     3     1
  2.4838703465833381E-01 a       740     2    20     3     1
  1.3395088305858202E-01 b       741     3     1
