################################################################################
# Neural network connection values (weights and biases).
################################################################################
# Col  Name       Description
################################################################################
# 1    connection Neural network connection value.
# 2    t          Connection type (a = weight, b = bias).
# 3    index      Index enumerating weights.
# 4    l_s        Starting point layer (end point layer for biases).
# 5    n_s        Starting point neuron in starting layer (end point neuron for biases).
# 6    l_e        End point layer.
# 7    n_e        End point neuron in end layer.
################################################################################
#                      1 2         3     4     5     6     7
#             connection t     index   l_s   n_s   l_e   n_e
############################################################
  5.5911601936421162E-01 a         1     0     1     1     1
 -2.3298364096497831E-01 a         2     0     1     1     2
  2.8361089733431083E-01 a         3     0     1     1     3
  5.9459942529189325E-01 a         4     0     1     1     4
 -5.0539729613643547E-01 a         5     0     1     1     5
  1.5941365429571575E-01 a         6     0     1     1     6
  5.7724638856999044E-01 a         7     0     1     1     7
  2.5182252511744180E-01 a         8     0     1     1     8
  2.0316768105274818E-01 a         9     0     1     1     9
  5.1320347939930544E-01 a        10     0     1     1    10
 -1.7473414293197859E-01 a        11     0     1     1    11
 -3.7845859947692073E-01 a        12     0     1     1    12
  5.0641616181116322E-01 a        13     0     1     1    13
 -6.8333103815701157E-01 a        14     0     1     1    14
 -4.7410832479435289E-01 a        15     0     1     1    15
 -4.9333596863856444E-01 a        16     0     1     1    16
 -4.6264672415599389E-01 a        17     0     1     1    17
 -8.3448397095195095E-02 a        18     0     1     1    18
 -3.9612957787203190E-01 a        19     0     1     1    19
 -4.5720881351043324E-02 a        20     0     1     1    20
  3.6922844275916533E-01 a        21     0     2     1     1
 -3.0613213561012892E-01 a        22     0     2     1     2
  4.2834492535852592E-01 a        23     0     2     1     3
 -3.8865327910058417E-01 a        24     0     2     1     4
  3.8095031227638793E-01 a        25     0     2     1     5
  1.5482240870904135E-01 a        26     0     2     1     6
 -4.8960156368224778E-01 a        27     0     2     1     7
  3.8589566542728476E-01 a        28     0     2     1     8
 -6.4343690631892336E-01 a        29     0     2     1     9
 -5.2728011087957205E-01 a        30     0     2     1    10
  7.1952063025404145E-01 a        31     0     2     1    11
  4.8963705533694879E-01 a        32     0     2     1    12
  4.6688711565649255E-01 a        33     0     2     1    13
  6.3007770686501952E-01 a        34     0     2     1    14
 -3.7419114659564567E-01 a        35     0     2     1    15
  6.1461734736539064E-01 a        36     0     2     1    16
  3.3924003447409012E-01 a        37     0     2     1    17
  5.8708519796434178E-01 a        38     0     2     1    18
  5.8038438192095254E-01 a        39     0     2     1    19
  1.2180065837454009E-01 a        40     0     2     1    20
 -2.2904249162196352E-01 a        41     0     3     1     1
 -3.4072603760966541E-01 a        42     0     3     1     2
 -1.0476235237564489E-01 a        43     0     3     1     3
  5.1475335750231410E-01 a        44     0     3     1     4
 -4.2887759157513902E-02 a        45     0     3     1     5
  3.8947768103678171E-01 a        46     0     3     1     6
 -6.7640319763913503E-01 a        47     0     3     1     7
 -4.9741570223663772E-01 a        48     0     3     1     8
  7.4166075696902334E-01 a        49     0     3     1     9
 -4.4491935533135707E-01 a        50     0     3     1    10
  5.8830322861981449E-02 a        51     0     3     1    11
  1.7827387763368532E-01 a        52     0     3     1    12
 -3.8002774828870717E-01 a        53     0     3     1    13
 -7.1204067597389142E-01 a        54     0     3     1    14
 -5.9911974292071168E-01 a        55     0     3     1    15
 -6.8662950786386082E-02 a        56     0     3     1    16
  3.5052284611595885E-01 a        57     0     3     1    17
 -4.3398426531713530E-01 a        58     0     3     1    18
 -6.2084877743726463E-01 a        59     0     3     1    19
  4.6182488363161411E-01 a        60     0     3     1    20
 -2.4028049830531927E-02 a        61     0     4     1     1
  8.6229360279921619E-01 a        62     0     4     1     2
 -5.5869777044813251E-01 a        63     0     4     1     3
  3.3986095190267795E-01 a        64     0     4     1     4
  4.3404545331852712E-01 a        65     0     4     1     5
  1.5179343976440041E-01 a        66     0     4     1     6
  9.4524613010373204E-01 a        67     0     4     1     7
 -2.6679785270070738E-01 a        68     0     4     1     8
  3.8501462791812729E-01 a        69     0     4     1     9
  5.1852677306190476E-01 a        70     0     4     1    10
  1.9102923178402179E-02 a        71     0     4     1    11
  5.2029776571512687E-01 a        72     0     4     1    12
  3.7976832788354364E-01 a        73     0     4     1    13
  1.4627193164332411E-01 a        74     0     4     1    14
  1.4644373171131558E-01 a        75     0     4     1    15
  2.8462690985315608E-01 a        76     0     4     1    16
 -5.1634816693970587E-01 a        77     0     4     1    17
  1.3657247220713437E-01 a        78     0     4     1    18
 -1.7299913663281963E-01 a        79     0     4     1    19
  5.4945547833868420E-03 a        80     0     4     1    20
 -4.8676412950243575E-01 a        81     0     5     1     1
  1.3061651137344293E-01 a        82     0     5     1     2
 -1.2930643666011156E-02 a        83     0     5     1     3
  3.2701562299966666E-02 a        84     0     5     1     4
 -3.1906225632363444E-01 a        85     0     5     1     5
  9.2772450503674608E-02 a        86     0     5     1     6
 -2.1437308756835077E-01 a        87     0     5     1     7
  5.7540559557281823E-01 a        88     0     5     1     8
  3.1662235224531515E-01 a        89     0     5     1     9
 -6.5130736928789412E-01 a        90     0     5     1    10
  3.2998500775193584E-01 a        91     0     5     1    11
 -4.7196848570658007E-01 a        92     0     5     1    12
 -4.0932368604934261E-01 a        93     0     5     1    13
  4.4051987044959072E-02 a        94     0     5     1    14
 -3.8075024397296631E-01 a        95     0     5     1    15
 -1.8376902228249714E-01 a        96     0     5     1    16
  3.2680801639674573E-01 a        97     0     5     1    17
  6.1461603996090519E-01 a        98     0     5     1    18
 -5.6576692682326801E-01 a        99     0     5     1    19
 -2.9925038096414269E-01 a       100     0     5     1    20
  5.3664916606899749E-01 a       101     0     6     1     1
 -7.7757282023280261E-01 a       102     0     6     1     2
 -5.0227720459947056E-01 a       103     0     6     1     3
 -2.8881350326007760E-01 a       104     0     6     1     4
 -5.9187172239696317E-01 a       105     0     6     1     5
  6.3236343184267310E-02 a       106     0     6     1     6
 -1.2507223431560108E-02 a       107     0     6     1     7
  1.2358366722234186E-01 a       108     0     6     1     8
 -6.5175359749313644E-01 a       109     0     6     1     9
  3.2839053295072071E-02 a       110     0     6     1    10
  5.6921900798523517E-01 a       111     0     6     1    11
 -7.9763762582282488E-02 a       112     0     6     1    12
 -3.5168846874539939E-01 a       113     0     6     1    13
 -3.2730595648155736E-01 a       114     0     6     1    14
  2.0797223151499677E-01 a       115     0     6     1    15
  7.4460915988407572E-01 a       116     0     6     1    16
  5.6529977724306846E-02 a       117     0     6     1    17
  4.7344584759877806E-01 a       118     0     6     1    18
 -3.1096736944250858E-01 a       119     0     6     1    19
  4.2637014792978706E-01 a       120     0     6     1    20
  2.1837711304074400E-02 a       121     0     7     1     1
 -2.1452915534078026E-01 a       122     0     7     1     2
  6.0245002230320044E-01 a       123     0     7     1     3
 -7.0663774878891827E-01 a       124     0     7     1     4
 -2.5186744096045427E-01 a       125     0     7     1     5
  8.3954931113577880E-01 a       126     0     7     1     6
 -5.2875905831904074E-02 a       127     0     7     1     7
 -3.0100900643021589E-01 a       128     0     7     1     8
  5.1764736273862044E-01 a       129     0     7     1     9
  2.8217116287175786E-01 a       130     0     7     1    10
  4.3161047330296209E-01 a       131     0     7     1    11
 -5.3717040768990088E-01 a       132     0     7     1    12
 -2.1886129317861441E-01 a       133     0     7     1    13
  3.4149608668960763E-01 a       134     0     7     1    14
 -5.3400703304725783E-01 a       135     0     7     1    15
  3.4752163544688813E-01 a       136     0     7     1    16
  6.1670269582554216E-01 a       137     0     7     1    17
  3.6247085325779682E-01 a       138     0     7     1    18
 -2.8488214774837139E-01 a       139     0     7     1    19
  2.9851240899680581E-01 a       140     0     7     1    20
 -4.5262983613836433E-01 a       141     0     8     1     1
  7.1591984306315104E-01 a       142     0     8     1     2
 -1.9827099793755071E-01 a       143     0     8     1     3
  1.9994047624105774E-01 a       144     0     8     1     4
 -2.4657573587407686E-01 a       145     0     8     1     5
 -5.1665669998152908E-01 a       146     0     8     1     6
  2.7447036737313985E-01 a       147     0     8     1     7
  3.6171311385736460E-01 a       148     0     8     1     8
 -1.3467490454570730E-01 a       149     0     8     1     9
  8.5247711049173724E-02 a       150     0     8     1    10
  5.0301867830568159E-01 a       151     0     8     1    11
  7.5461749213284168E-01 a       152     0     8     1    12
  3.9753386793145651E-01 a       153     0     8     1    13
  4.1489484072955451E-01 a       154     0     8     1    14
  3.6521272117481879E-01 a       155     0     8     1    15
  4.2835836536168952E-02 a       156     0     8     1    16
  5.8388744812426763E-01 a       157     0     8     1    17
 -5.5692819394021942E-01 a       158     0     8     1    18
  1.1423028474047511E-02 a       159     0     8     1    19
  3.9249678206858075E-02 a       160     0     8     1    20
 -3.4121039232329914E-01 a       161     0     9     1     1
 -4.0539193777124283E-02 a       162     0     9     1     2
  2.4098759408215270E-01 a       163     0     9     1     3
 -1.5291874685903853E-01 a       164     0     9     1     4
 -5.1092615821880016E-01 a       165     0     9     1     5
  6.4424998068403971E-01 a       166     0     9     1     6
  1.1336792658607216E-01 a       167     0     9     1     7
 -1.6518973709241153E-01 a       168     0     9     1     8
 -1.1149704365099521E-01 a       169     0     9     1     9
 -3.9958240055820528E-02 a       170     0     9     1    10
  2.7973405773828780E-01 a       171     0     9     1    11
 -4.1152896831426827E-01 a       172     0     9     1    12
 -6.7249678928129253E-01 a       173     0     9     1    13
 -2.3467037492831866E-01 a       174     0     9     1    14
  2.1389003133535833E-01 a       175     0     9     1    15
 -6.3543529954351874E-01 a       176     0     9     1    16
  4.5237051187472059E-02 a       177     0     9     1    17
 -4.9920639178529969E-01 a       178     0     9     1    18
 -6.4932805427195672E-01 a       179     0     9     1    19
 -7.4675491990691201E-03 a       180     0     9     1    20
  1.7804513394362631E-01 a       181     0    10     1     1
  2.5031169339726600E-01 a       182     0    10     1     2
 -9.1813573413683555E-02 a       183     0    10     1     3
  3.3701234940584129E-01 a       184     0    10     1     4
  4.2024079109020684E-01 a       185     0    10     1     5
 -1.2275206559448422E-01 a       186     0    10     1     6
 -3.7495727725917555E-01 a       187     0    10     1     7
  2.1141459337511001E-01 a       188     0    10     1     8
  4.9688868286742560E-01 a       189     0    10     1     9
 -3.7945308239802716E-01 a       190     0    10     1    10
 -2.7783474550486925E-01 a       191     0    10     1    11
  4.0971164184849507E-01 a       192     0    10     1    12
  5.5520390764073724E-01 a       193     0    10     1    13
 -1.3114699520611209E-01 a       194     0    10     1    14
  3.7515066350659232E-01 a       195     0    10     1    15
  9.4088964357560798E-02 a       196     0    10     1    16
 -5.5745959944556278E-01 a       197     0    10     1    17
  5.5468548345556390E-01 a       198     0    10     1    18
 -7.8694131478557167E-02 a       199     0    10     1    19
  1.3012948763973411E-01 a       200     0    10     1    20
  5.8671571321543148E-01 a       201     0    11     1     1
 -2.2563193972023579E-01 a       202     0    11     1     2
 -9.1463141295052924E-02 a       203     0    11     1     3
 -2.1720494277931360E-01 a       204     0    11     1     4
 -3.8348210801561100E-01 a       205     0    11     1     5
  4.3534009221387754E-02 a       206     0    11     1     6
 -2.4671388086111676E-01 a       207     0    11     1     7
 -1.2032298337246373E-01 a       208     0    11     1     8
 -6.1376087051083694E-01 a       209     0    11     1     9
  4.2062705709835863E-01 a       210     0    11     1    10
 -1.7099229212465605E-01 a       211     0    11     1    11
  4.3816224618242977E-01 a       212     0    11     1    12
  9.7146476545192886E-02 a       213     0    11     1    13
  1.0824190349945455E-01 a       214     0    11     1    14
  3.2647614804820446E-01 a       215     0    11     1    15
  1.7952522177623878E-01 a       216     0    11     1    16
 -5.8014832121856508E-01 a       217     0    11     1    17
 -1.4165757314264948E-01 a       218     0    11     1    18
  4.9912309056045800E-01 a       219     0    11     1    19
  6.4069592666189523E-01 a       220     0    11     1    20
  4.8258283000808377E-01 a       221     0    12     1     1
 -5.9283338932667247E-02 a       222     0    12     1     2
  4.0423301671065598E-01 a       223     0    12     1     3
 -2.5776319530360131E-01 a       224     0    12     1     4
  4.8124864692345742E-01 a       225     0    12     1     5
  6.2608939752957926E-01 a       226     0    12     1     6
 -1.6276062639805255E-01 a       227     0    12     1     7
 -6.7391679131255533E-01 a       228     0    12     1     8
  2.3963613990507449E-01 a       229     0    12     1     9
  5.4769324940274156E-01 a       230     0    12     1    10
 -4.6135299300536986E-01 a       231     0    12     1    11
  2.7646280263332956E-01 a       232     0    12     1    12
  7.5825820463508031E-01 a       233     0    12     1    13
 -2.9279242684231566E-01 a       234     0    12     1    14
  5.9377814532056372E-01 a       235     0    12     1    15
  4.1230265989090287E-01 a       236     0    12     1    16
  1.9308208970396065E-01 a       237     0    12     1    17
  2.2489482608625688E-01 a       238     0    12     1    18
 -1.2673291726554153E-01 a       239     0    12     1    19
  7.4523370802166866E-01 a       240     0    12     1    20
 -3.3468941615325204E-01 a       241     0    13     1     1
  5.0379530973108999E-01 a       242     0    13     1     2
 -1.6614928745199736E-02 a       243     0    13     1     3
 -3.1864543997900674E-01 a       244     0    13     1     4
 -7.5100218132540142E-01 a       245     0    13     1     5
 -2.3444547715679356E-01 a       246     0    13     1     6
 -4.2989316356664670E-02 a       247     0    13     1     7
  4.2857232955929386E-01 a       248     0    13     1     8
 -3.8089545999879709E-02 a       249     0    13     1     9
 -3.9385230731376436E-01 a       250     0    13     1    10
 -3.1277899118756886E-01 a       251     0    13     1    11
  7.0462876998382284E-01 a       252     0    13     1    12
 -4.6219181368674173E-01 a       253     0    13     1    13
 -3.0557121868133558E-01 a       254     0    13     1    14
 -2.4233609354753960E-01 a       255     0    13     1    15
  2.8543071999885500E-01 a       256     0    13     1    16
 -2.9462590822677492E-01 a       257     0    13     1    17
 -8.2498719383745367E-02 a       258     0    13     1    18
  1.7260323322113294E-01 a       259     0    13     1    19
 -1.3567367480212530E-01 a       260     0    13     1    20
  6.5469883796018258E-01 a       261     0    14     1     1
 -3.1926551175574491E-01 a       262     0    14     1     2
  4.0780083138314360E-01 a       263     0    14     1     3
 -3.4746052586222020E-01 a       264     0    14     1     4
 -6.2475420813407290E-01 a       265     0    14     1     5
 -5.6787360170579892E-01 a       266     0    14     1     6
  2.5914695205271998E-01 a       267     0    14     1     7
  5.7486014766753313E-01 a       268     0    14     1     8
  2.8812152330775376E-01 a       269     0    14     1     9
  5.3944120463082268E-01 a       270     0    14     1    10
 -9.1347475019150928E-02 a       271     0    14     1    11
 -7.4707434390016356E-02 a       272     0    14     1    12
 -2.9378267847419769E-02 a       273     0    14     1    13
  1.2940794357828611E-01 a       274     0    14     1    14
  5.3378478900691151E-01 a       275     0    14     1    15
  5.7085753516434457E-01 a       276     0    14     1    16
 -5.4925264267135876E-01 a       277     0    14     1    17
  3.3584040621448075E-01 a       278     0    14     1    18
  7.7947402502573970E-01 a       279     0    14     1    19
 -3.8265872449647170E-01 a       280     0    14     1    20
 -6.2242921213745694E-03 b       281     1     1
 -8.4804657650354831E-01 b       282     1     2
 -1.2949373465654340E-01 b       283     1     3
  1.8230814172892895E-01 b       284     1     4
  6.2853214503060828E-01 b       285     1     5
  6.9241771316114853E-01 b       286     1     6
  6.4465710484677863E-01 b       287     1     7
 -2.8859274916396199E-01 b       288     1     8
  1.6087212152181958E+00 b       289     1     9
  5.2932576282089661E-01 b       290     1    10
  4.3500514376582683E-01 b       291     1    11
  2.2891696202121350E-01 b       292     1    12
 -1.4102190490607687E+00 b       293     1    13
  1.7420947251954251E+00 b       294     1    14
  1.8699992316174867E+00 b       295     1    15
 -4.1884836650193485E-01 b       296     1    16
  1.3490134483776672E+00 b       297     1    17
  7.2144836079583705E-02 b       298     1    18
 -1.8354121103744443E+00 b       299     1    19
  5.0082594311652950E-01 b       300     1    20
 -4.0069282637269091E-03 a       301     1     1     2     1
 -5.2525557076499763E-01 a       302     1     1     2     2
 -4.2430311972149176E-01 a       303     1     1     2     3
 -1.0903072127089500E-01 a       304     1     1     2     4
  1.7344854621791556E-01 a       305     1     1     2     5
 -2.1526246054234688E-01 a       306     1     1     2     6
  5.1794746043373074E-01 a       307     1     1     2     7
 -6.0859441192151553E-01 a       308     1     1     2     8
  5.3538844756445281E-01 a       309     1     1     2     9
 -3.5319636797874959E-01 a       310     1     1     2    10
  9.7553531311550506E-02 a       311     1     1     2    11
 -1.0064306184576792E-01 a       312     1     1     2    12
 -3.6993032421425404E-01 a       313     1     1     2    13
  2.2973317466495280E-01 a       314     1     1     2    14
  4.5507256995449846E-01 a       315     1     1     2    15
  4.9512954283693433E-01 a       316     1     1     2    16
 -3.1544077682637661E-01 a       317     1     1     2    17
  4.6443281051842628E-01 a       318     1     1     2    18
 -7.5690341318602160E-04 a       319     1     1     2    19
  5.7912786973042241E-01 a       320     1     1     2    20
  7.0196712564449329E-02 a       321     1     2     2     1
  3.5557867780778923E-01 a       322     1     2     2     2
  3.3890189222727324E-01 a       323     1     2     2     3
  5.0305273947023810E-01 a       324     1     2     2     4
 -4.5294539712967841E-01 a       325     1     2     2     5
  2.2017477376900668E-01 a       326     1     2     2     6
  6.9942574534191393E-02 a       327     1     2     2     7
 -5.2582413831676245E-01 a       328     1     2     2     8
  4.4244866406668926E-01 a       329     1     2     2     9
  5.1575448720399444E-02 a       330     1     2     2    10
  8.9152406035531928E-02 a       331     1     2     2    11
 -4.6140598698094870E-01 a       332     1     2     2    12
  2.4136647136303638E-01 a       333     1     2     2    13
 -1.1088395562706105E-02 a       334     1     2     2    14
  5.0270706830566037E-01 a       335     1     2     2    15
 -2.1506842464023773E-01 a       336     1     2     2    16
  8.8601838240337058E-02 a       337     1     2     2    17
  1.3823279911683667E-01 a       338     1     2     2    18
 -2.4083381514252608E-01 a       339     1     2     2    19
 -3.4351878017007625E-01 a       340     1     2     2    20
 -5.7510729582172948E-01 a       341     1     3     2     1
 -3.2848645983595062E-03 a       342     1     3     2     2
  5.1814918071853566E-02 a       343     1     3     2     3
 -2.5644884879394692E-01 a       344     1     3     2     4
 -2.9423808679566588E-01 a       345     1     3     2     5
  7.3858506215640524E-02 a       346     1     3     2     6
  5.8797283114976018E-01 a       347     1     3     2     7
 -4.7100263255272828E-01 a       348     1     3     2     8
 -3.3516177886736533E-02 a       349     1     3     2     9
 -3.4538184783888243E-01 a       350     1     3     2    10
 -2.7756197336826333E-01 a       351     1     3     2    11
  1.9646240839213183E-01 a       352     1     3     2    12
 -5.0225332752096785E-01 a       353     1     3     2    13
  2.4607663730319562E-01 a       354     1     3     2    14
  4.4771827651975099E-01 a       355     1     3     2    15
 -1.0339707261718502E-01 a       356     1     3     2    16
  4.3410866326164747E-02 a       357     1     3     2    17
 -2.1195942519633987E-01 a       358     1     3     2    18
 -1.0668284909219752E-01 a       359     1     3     2    19
 -2.0595537845641640E-01 a       360     1     3     2    20
 -3.6771228992980931E-01 a       361     1     4     2     1
  3.1632246390854879E-01 a       362     1     4     2     2
 -4.1518759908437108E-01 a       363     1     4     2     3
 -5.2674643020382128E-01 a       364     1     4     2     4
 -5.4377596524933813E-01 a       365     1     4     2     5
  3.4131787343249959E-01 a       366     1     4     2     6
  3.6221765716077003E-01 a       367     1     4     2     7
  4.3436763173797643E-01 a       368     1     4     2     8
  6.3120633373766194E-02 a       369     1     4     2     9
  1.7724899130911870E-02 a       370     1     4     2    10
 -4.5680675764289513E-01 a       371     1     4     2    11
 -2.1398933888529828E-01 a       372     1     4     2    12
 -8.2518296759046234E-02 a       373     1     4     2    13
  3.9342225120806557E-01 a       374     1     4     2    14
 -2.3815902638677838E-01 a       375     1     4     2    15
  9.1437112283152072E-02 a       376     1     4     2    16
  1.9241537150159355E-01 a       377     1     4     2    17
  7.9673600018746210E-02 a       378     1     4     2    18
  3.6682720778170358E-01 a       379     1     4     2    19
 -2.2068475850246724E-01 a       380     1     4     2    20
 -2.6494679097850016E-01 a       381     1     5     2     1
 -2.3034284575446265E-01 a       382     1     5     2     2
 -2.4194753312956924E-01 a       383     1     5     2     3
 -3.5616253848316054E-01 a       384     1     5     2     4
 -1.8173380602694042E-01 a       385     1     5     2     5
 -1.1017529239577084E-01 a       386     1     5     2     6
 -1.3665044360495950E-03 a       387     1     5     2     7
  2.8900862533871718E-01 a       388     1     5     2     8
  4.0754950281284680E-01 a       389     1     5     2     9
  2.1679406117612049E-01 a       390     1     5     2    10
 -1.2137905166619328E-01 a       391     1     5     2    11
  3.4182054039618265E-01 a       392     1     5     2    12
  1.5791475001221481E-01 a       393     1     5     2    13
  2.7780718508691582E-01 a       394     1     5     2    14
 -5.2640061188784981E-01 a       395     1     5     2    15
  2.9481128787267497E-01 a       396     1     5     2    16
  6.4499375257235717E-02 a       397     1     5     2    17
  3.7568254576936126E-02 a       398     1     5     2    18
 -1.7254347462285882E-01 a       399     1     5     2    19
  4.6926960022279512E-01 a       400     1     5     2    20
 -3.4631653700400000E-01 a       401     1     6     2     1
 -1.9812588626887737E-01 a       402     1     6     2     2
 -6.6024832215857499E-01 a       403     1     6     2     3
  2.5974832042629591E-02 a       404     1     6     2     4
 -3.2048447598605756E-01 a       405     1     6     2     5
 -2.2456035923871417E-01 a       406     1     6     2     6
 -3.3613866979803320E-01 a       407     1     6     2     7
  1.2345431159100874E-01 a       408     1     6     2     8
  3.8015633569385793E-01 a       409     1     6     2     9
  3.4195967382238551E-01 a       410     1     6     2    10
 -4.8051206745050684E-01 a       411     1     6     2    11
  3.6654230935736698E-01 a       412     1     6     2    12
 -3.2499200600559552E-01 a       413     1     6     2    13
 -2.3463220135992363E-01 a       414     1     6     2    14
 -4.3452726241450529E-01 a       415     1     6     2    15
 -6.0757500265145770E-01 a       416     1     6     2    16
  8.0396453987093858E-02 a       417     1     6     2    17
 -4.1776410661000590E-01 a       418     1     6     2    18
 -3.9509762386923869E-01 a       419     1     6     2    19
 -4.3390997830583017E-01 a       420     1     6     2    20
 -2.0901665725015792E-01 a       421     1     7     2     1
 -2.2193413489008207E-01 a       422     1     7     2     2
 -4.6997287189514225E-01 a       423     1     7     2     3
 -5.5750765342374953E-01 a       424     1     7     2     4
  3.4154451067245795E-01 a       425     1     7     2     5
 -4.9154269330937639E-01 a       426     1     7     2     6
  6.7320907223368087E-02 a       427     1     7     2     7
 -5.1622175054600472E-01 a       428     1     7     2     8
 -3.8000563257620801E-01 a       429     1     7     2     9
 -4.7680342283814908E-01 a       430     1     7     2    10
  5.2898680337984894E-01 a       431     1     7     2    11
 -4.6870949324200017E-01 a       432     1     7     2    12
 -2.2798480962651230E-01 a       433     1     7     2    13
  1.7529968279966798E-01 a       434     1     7     2    14
  3.1437498483530002E-01 a       435     1     7     2    15
 -2.7796025841838412E-01 a       436     1     7     2    16
 -2.1483993930093409E-01 a       437     1     7     2    17
 -3.0213392485891166E-01 a       438     1     7     2    18
  4.6404056842005229E-03 a       439     1     7     2    19
 -1.1334441606684649E-01 a       440     1     7     2    20
 -1.1009097894992995E-01 a       441     1     8     2     1
 -5.0234009715429975E-02 a       442     1     8     2     2
 -3.4592217468940240E-01 a       443     1     8     2     3
 -2.0879499144005165E-01 a       444     1     8     2     4
 -5.9518514956309188E-01 a       445     1     8     2     5
  3.2902656746559122E-01 a       446     1     8     2     6
  1.3812294103695241E-01 a       447     1     8     2     7
 -3.1882841323268613E-01 a       448     1     8     2     8
  2.4700024635254971E-02 a       449     1     8     2     9
  1.5688751146712690E-01 a       450     1     8     2    10
 -1.5575029683584996E-01 a       451     1     8     2    11
 -4.1257889625212779E-01 a       452     1     8     2    12
 -2.1921488438072706E-01 a       453     1     8     2    13
 -9.0624741600425607E-02 a       454     1     8     2    14
 -1.2586156591926695E-01 a       455     1     8     2    15
  7.0002214968553145E-01 a       456     1     8     2    16
 -5.9694023391365258E-01 a       457     1     8     2    17
 -1.3447052300131881E-01 a       458     1     8     2    18
 -1.5613713873414323E-01 a       459     1     8     2    19
  5.0119077830881864E-01 a       460     1     8     2    20
  3.4248659540119031E-01 a       461     1     9     2     1
 -3.6998808915396969E-01 a       462     1     9     2     2
  3.2546283790706904E-01 a       463     1     9     2     3
  2.6435426127233652E-02 a       464     1     9     2     4
  1.1632078927815932E-01 a       465     1     9     2     5
 -4.6311739220176701E-01 a       466     1     9     2     6
  5.2279413764538518E-01 a       467     1     9     2     7
 -2.8818212081453895E-02 a       468     1     9     2     8
 -2.1079853535719098E-01 a       469     1     9     2     9
 -1.3402028736914837E-01 a       470     1     9     2    10
 -4.9909949834551931E-01 a       471     1     9     2    11
  4.2582830183083054E-01 a       472     1     9     2    12
 -1.4707417194536343E-01 a       473     1     9     2    13
 -1.7178045256253269E-01 a       474     1     9     2    14
 -3.5073374496784376E-01 a       475     1     9     2    15
  4.4888069902378430E-01 a       476     1     9     2    16
  5.9163063550021411E-01 a       477     1     9     2    17
 -4.4120597954522317E-01 a       478     1     9     2    18
  1.4604605137014273E-01 a       479     1     9     2    19
  5.2944059305681779E-01 a       480     1     9     2    20
  5.1048234522135516E-01 a       481     1    10     2     1
  4.8582283427657291E-01 a       482     1    10     2     2
 -5.0813911165712644E-01 a       483     1    10     2     3
  1.9972658184486073E-03 a       484     1    10     2     4
 -3.0830974062341526E-01 a       485     1    10     2     5
  3.1985815466960610E-01 a       486     1    10     2     6
 -7.4717028457264034E-01 a       487     1    10     2     7
  5.5657597858022101E-01 a       488     1    10     2     8
 -4.3716970794409776E-01 a       489     1    10     2     9
  1.7051735831650869E-01 a       490     1    10     2    10
  1.2833459449749524E-01 a       491     1    10     2    11
 -4.3628103256215650E-01 a       492     1    10     2    12
  1.0339098915807693E-01 a       493     1    10     2    13
 -1.6570287537938666E-01 a       494     1    10     2    14
 -7.1129739433182060E-01 a       495     1    10     2    15
 -3.9650387031575668E-01 a       496     1    10     2    16
  5.9265785309631469E-01 a       497     1    10     2    17
 -4.5201170114136735E-01 a       498     1    10     2    18
  5.0490224762215430E-01 a       499     1    10     2    19
  3.5369946036316335E-01 a       500     1    10     2    20
  1.8722917059314290E-01 a       501     1    11     2     1
 -3.3559641751452546E-01 a       502     1    11     2     2
 -3.6998756865057525E-01 a       503     1    11     2     3
  1.3346523603374644E-01 a       504     1    11     2     4
  4.3059724784751501E-02 a       505     1    11     2     5
  2.3754734836247282E-01 a       506     1    11     2     6
  6.7892489591266081E-01 a       507     1    11     2     7
 -4.5130638020019920E-01 a       508     1    11     2     8
 -6.3413664456298557E-01 a       509     1    11     2     9
  2.4151240570262859E-02 a       510     1    11     2    10
 -3.1286700427321879E-01 a       511     1    11     2    11
 -2.6758126583693292E-01 a       512     1    11     2    12
  2.4553435677908877E-01 a       513     1    11     2    13
  7.5638466427934159E-01 a       514     1    11     2    14
 -4.7387835416655505E-01 a       515     1    11     2    15
 -4.5021221253142098E-02 a       516     1    11     2    16
  3.3160428830112298E-01 a       517     1    11     2    17
 -4.7874758250664334E-01 a       518     1    11     2    18
 -3.5837981056814006E-01 a       519     1    11     2    19
 -7.3893078589382183E-02 a       520     1    11     2    20
  7.2262882296304426E-02 a       521     1    12     2     1
 -2.5285655596209627E-01 a       522     1    12     2     2
  3.8195367486315313E-01 a       523     1    12     2     3
 -5.3129387873955236E-01 a       524     1    12     2     4
 -4.2656146039356047E-01 a       525     1    12     2     5
  4.7800718398120134E-01 a       526     1    12     2     6
  1.8329368058959433E-01 a       527     1    12     2     7
  2.9401449512209944E-02 a       528     1    12     2     8
 -3.7881252298708740E-01 a       529     1    12     2     9
 -1.8181471717463504E-01 a       530     1    12     2    10
 -3.1935477385843120E-01 a       531     1    12     2    11
  2.5668944532315841E-01 a       532     1    12     2    12
  7.1599438408017094E-02 a       533     1    12     2    13
  1.6434074773732832E-01 a       534     1    12     2    14
  2.4791802401030583E-01 a       535     1    12     2    15
 -8.1328711736552636E-02 a       536     1    12     2    16
  2.8252497934806475E-01 a       537     1    12     2    17
  3.9166407121621771E-01 a       538     1    12     2    18
 -3.3277048295364042E-02 a       539     1    12     2    19
  3.1091848217181783E-01 a       540     1    12     2    20
 -4.5570706778019932E-01 a       541     1    13     2     1
 -3.9691505313756625E-01 a       542     1    13     2     2
  2.4520471890458598E-01 a       543     1    13     2     3
  4.7995607465178897E-01 a       544     1    13     2     4
 -2.5747230180744457E-01 a       545     1    13     2     5
  3.7985469263641192E-01 a       546     1    13     2     6
  4.3247631585209428E-01 a       547     1    13     2     7
  5.0166951042745900E-01 a       548     1    13     2     8
 -6.3111081027410670E-02 a       549     1    13     2     9
  1.0758274479692372E-01 a       550     1    13     2    10
  7.7810933287591047E-02 a       551     1    13     2    11
 -1.9449668784448863E-02 a       552     1    13     2    12
  4.4371894652452942E-01 a       553     1    13     2    13
  1.3252474408407949E-01 a       554     1    13     2    14
  4.6976949218520486E-01 a       555     1    13     2    15
  5.4526658450568899E-01 a       556     1    13     2    16
 -3.3164590740663735E-01 a       557     1    13     2    17
  3.6889452201468015E-01 a       558     1    13     2    18
  2.8819592918002818E-01 a       559     1    13     2    19
  2.0167532401229155E-01 a       560     1    13     2    20
  1.6730117645765069E-01 a       561     1    14     2     1
  5.8788916100727284E-01 a       562     1    14     2     2
 -5.9768066945407239E-01 a       563     1    14     2     3
  1.5859385452504381E-02 a       564     1    14     2     4
 -1.1654226417532591E-01 a       565     1    14     2     5
 -4.7028496156000044E-01 a       566     1    14     2     6
 -2.1867387576435440E-01 a       567     1    14     2     7
 -4.4837536822958407E-01 a       568     1    14     2     8
 -3.6431487985968175E-01 a       569     1    14     2     9
 -5.3481655415602147E-01 a       570     1    14     2    10
 -5.2359085440054909E-01 a       571     1    14     2    11
 -2.8733780518584351E-01 a       572     1    14     2    12
  1.8562446164033061E-01 a       573     1    14     2    13
 -1.7118089092435057E-01 a       574     1    14     2    14
  8.1103436303623724E-02 a       575     1    14     2    15
 -3.0085674679821506E-01 a       576     1    14     2    16
 -2.7272297639974219E-01 a       577     1    14     2    17
 -4.8919626280043993E-01 a       578     1    14     2    18
 -5.6458656666470042E-01 a       579     1    14     2    19
 -2.0873729887078521E-01 a       580     1    14     2    20
  3.3980552272616218E-02 a       581     1    15     2     1
  4.3956915610813230E-01 a       582     1    15     2     2
 -4.9314464067080394E-01 a       583     1    15     2     3
  4.3909001976556328E-01 a       584     1    15     2     4
 -1.3457116552444764E-01 a       585     1    15     2     5
 -3.3938089293673845E-01 a       586     1    15     2     6
 -5.4591264982408419E-02 a       587     1    15     2     7
  2.3370938349943182E-01 a       588     1    15     2     8
 -4.9008495523205581E-01 a       589     1    15     2     9
 -4.4675430536746197E-01 a       590     1    15     2    10
  4.0290121913262023E-01 a       591     1    15     2    11
 -1.9200862104748337E-01 a       592     1    15     2    12
  5.3112543710520611E-03 a       593     1    15     2    13
 -6.8056203536730997E-01 a       594     1    15     2    14
 -1.2867679727914702E-01 a       595     1    15     2    15
 -6.2511024571074547E-01 a       596     1    15     2    16
 -3.6328631347343310E-01 a       597     1    15     2    17
 -4.0973647996546791E-01 a       598     1    15     2    18
 -3.8480642957261674E-01 a       599     1    15     2    19
  2.7673976834529723E-01 a       600     1    15     2    20
 -1.9460550325950018E-01 a       601     1    16     2     1
  1.1783882937691120E-01 a       602     1    16     2     2
  4.6130551396431424E-01 a       603     1    16     2     3
  3.0400085118283127E-01 a       604     1    16     2     4
 -1.5700999043600336E-01 a       605     1    16     2     5
  1.1338801951501078E-01 a       606     1    16     2     6
  1.2198512365152231E-01 a       607     1    16     2     7
  4.3147755805475335E-01 a       608     1    16     2     8
  2.4093115783445326E-01 a       609     1    16     2     9
 -3.3113390586776731E-01 a       610     1    16     2    10
  1.1127033599957158E-01 a       611     1    16     2    11
 -4.5157820212611327E-01 a       612     1    16     2    12
 -3.9249169397010519E-01 a       613     1    16     2    13
  2.4714448212996656E-01 a       614     1    16     2    14
 -9.5570254433032020E-02 a       615     1    16     2    15
 -1.8100912859953802E-01 a       616     1    16     2    16
  4.6458565863086315E-01 a       617     1    16     2    17
  4.4187871769673726E-01 a       618     1    16     2    18
 -2.5758213794304902E-01 a       619     1    16     2    19
 -2.4634811980709809E-01 a       620     1    16     2    20
  4.7477337158626659E-01 a       621     1    17     2     1
  2.6846637143390040E-01 a       622     1    17     2     2
 -6.2431120847521659E-01 a       623     1    17     2     3
 -3.2715882665124996E-01 a       624     1    17     2     4
 -3.1613064962774273E-01 a       625     1    17     2     5
 -1.0420654342427338E-01 a       626     1    17     2     6
  4.7275087070912120E-01 a       627     1    17     2     7
  2.2715077025980923E-01 a       628     1    17     2     8
 -1.5522493042950269E-01 a       629     1    17     2     9
  4.7908001147040785E-01 a       630     1    17     2    10
  1.0401303609199511E-01 a       631     1    17     2    11
 -2.2858163518847177E-01 a       632     1    17     2    12
  5.1062926324759084E-01 a       633     1    17     2    13
  1.4366708842973952E-01 a       634     1    17     2    14
  8.6891498762934991E-02 a       635     1    17     2    15
  3.0626504191070092E-01 a       636     1    17     2    16
  1.2880560238589382E-02 a       637     1    17     2    17
 -3.1737352344301295E-01 a       638     1    17     2    18
 -1.7772492661154776E-01 a       639     1    17     2    19
 -3.1312793315797033E-01 a       640     1    17     2    20
 -3.6727982676498605E-01 a       641     1    18     2     1
 -2.5024625908290471E-01 a       642     1    18     2     2
  1.1794773927338352E-01 a       643     1    18     2     3
  2.7492027335009667E-01 a       644     1    18     2     4
  3.8851195240917047E-01 a       645     1    18     2     5
  9.1642372402678557E-02 a       646     1    18     2     6
 -5.2695513126726456E-01 a       647     1    18     2     7
  3.2597806689220726E-03 a       648     1    18     2     8
 -4.8304622546169851E-01 a       649     1    18     2     9
  2.6249907906105890E-01 a       650     1    18     2    10
  3.1042951343701730E-01 a       651     1    18     2    11
 -2.0267726492170191E-01 a       652     1    18     2    12
  1.1709359436533769E-01 a       653     1    18     2    13
  3.1807576658493431E-01 a       654     1    18     2    14
  1.0315566835720488E-01 a       655     1    18     2    15
 -1.0079261365696821E-01 a       656     1    18     2    16
 -4.2678948107984349E-01 a       657     1    18     2    17
  4.9312061409645125E-01 a       658     1    18     2    18
 -4.1684100735881185E-01 a       659     1    18     2    19
 -5.5654313943269562E-01 a       660     1    18     2    20
  2.5670346872768129E-01 a       661     1    19     2     1
  2.5089952122348336E-01 a       662     1    19     2     2
 -2.9599140423842121E-02 a       663     1    19     2     3
  1.2451437043850412E-01 a       664     1    19     2     4
 -2.1740615750699988E-01 a       665     1    19     2     5
 -3.5987891074319385E-02 a       666     1    19     2     6
 -1.1453664009290961E-02 a       667     1    19     2     7
  3.5359643650463568E-02 a       668     1    19     2     8
  3.2102845654777579E-01 a       669     1    19     2     9
  5.8597363930947173E-02 a       670     1    19     2    10
 -3.6017529469505971E-01 a       671     1    19     2    11
 -4.2930270075734295E-01 a       672     1    19     2    12
  3.6177888298089894E-01 a       673     1    19     2    13
  9.1370174669660020E-01 a       674     1    19     2    14
 -3.9104559907645664E-01 a       675     1    19     2    15
  8.5307374542663919E-03 a       676     1    19     2    16
  5.2119533881729507E-01 a       677     1    19     2    17
  4.5572498396421435E-01 a       678     1    19     2    18
 -3.4540015359534648E-01 a       679     1    19     2    19
 -5.2755279980513077E-03 a       680     1    19     2    20
 -5.8501903866917404E-01 a       681     1    20     2     1
  1.4275556425754501E-01 a       682     1    20     2     2
 -3.2480245011074921E-01 a       683     1    20     2     3
  1.5817252406822011E-01 a       684     1    20     2     4
 -1.9252273367622275E-01 a       685     1    20     2     5
  7.9817148900298437E-02 a       686     1    20     2     6
  4.3410314341861250E-01 a       687     1    20     2     7
  9.5832389262980235E-03 a       688     1    20     2     8
  3.8051397871345899E-01 a       689     1    20     2     9
 -3.7557821322437046E-01 a       690     1    20     2    10
  6.6692803126798317E-02 a       691     1    20     2    11
  4.4927904020719456E-01 a       692     1    20     2    12
 -3.3846792279139704E-01 a       693     1    20     2    13
 -2.8372542986704841E-01 a       694     1    20     2    14
  2.5877335772626536E-01 a       695     1    20     2    15
  1.9293598269566020E-01 a       696     1    20     2    16
 -9.6971070485360536E-02 a       697     1    20     2    17
  6.0168016028468198E-02 a       698     1    20     2    18
 -5.5926620278759442E-01 a       699     1    20     2    19
 -4.5677956862132668E-01 a       700     1    20     2    20
  5.9197038406771561E-02 b       701     2     1
  2.5819803318996704E-01 b       702     2     2
  2.9303296746423030E-01 b       703     2     3
  9.7609221519122014E-01 b       704     2     4
 -1.1065713606654726E+00 b       705     2     5
  5.6810772983447511E-01 b       706     2     6
  1.0112347062750477E+00 b       707     2     7
  1.5868277701772240E+00 b       708     2     8
 -1.3860767306924302E+00 b       709     2     9
  3.6988693343979645E-01 b       710     2    10
 -5.3066310054261834E-01 b       711     2    11
  3.1700697413690256E-02 b       712     2    12
 -1.7473770324689697E-01 b       713     2    13
 -4.0214857771061585E-01 b       714     2    14
 -5.1947818274509228E-01 b       715     2    15
 -1.7298581797846357E-01 b       716     2    16
 -4.2908142554383499E-01 b       717     2    17
 -1.5527553360727646E+00 b       718     2    18
  1.3385228299219616E+00 b       719     2    19
 -5.6543378869507122E-01 b       720     2    20
  3.2685966905775954E-01 a       721     2     1     3     1
 -7.0275985226960025E-01 a       722     2     2     3     1
  1.2315689135580532E+00 a       723     2     3     3     1
  3.2355715993314932E-01 a       724     2     4     3     1
 -6.7031012511064636E-01 a       725     2     5     3     1
  1.0214367075868995E+00 a       726     2     6     3     1
  3.1550011822914775E-01 a       727     2     7     3     1
 -3.5144184510694571E-01 a       728     2     8     3     1
 -2.6425821772852579E-02 a       729     2     9     3     1
  8.0060183271294194E-01 a       730     2    10     3     1
  9.1714072645126665E-01 a       731     2    11     3     1
  3.0866489228524951E-01 a       732     2    12     3     1
 -3.7743571784982632E-01 a       733     2    13     3     1
  2.2311838363497066E-01 a       734     2    14     3     1
 -9.1149563868099148E-01 a       735     2    15     3     1
 -8.5474222897509566E-01 a       736     2    16     3     1
  1.1029321167490884E-01 a       737     2    17     3     1
 -9.8722396781914884E-02 a       738     2    18     3     1
  2.9498350627758374E-01 a       739     2    19     3     1
  2.3731132991500917E-01 a       740     2    20     3     1
  1.9962406013686060E-01 b       741     3     1
