################################################################################
# Neural network connection values (weights and biases).
################################################################################
# Col  Name       Description
################################################################################
# 1    connection Neural network connection value.
# 2    t          Connection type (a = weight, b = bias).
# 3    index      Index enumerating weights.
# 4    l_s        Starting point layer (end point layer for biases).
# 5    n_s        Starting point neuron in starting layer (end point neuron for biases).
# 6    l_e        End point layer.
# 7    n_e        End point neuron in end layer.
################################################################################
#                      1 2         3     4     5     6     7
#             connection t     index   l_s   n_s   l_e   n_e
############################################################
 -9.8451511797988167E-02 a         1     0     1     1     1
  5.1815052922925464E-01 a         2     0     1     1     2
  9.2109204421076174E-01 a         3     0     1     1     3
 -9.1395286427201428E-01 a         4     0     1     1     4
  2.7248814453623194E-01 a         5     0     1     1     5
 -2.7829722019207581E-01 a         6     0     1     1     6
  1.6868429361076695E-01 a         7     0     1     1     7
  1.0195321399031562E-01 a         8     0     1     1     8
 -1.3048004089409862E-01 a         9     0     1     1     9
  7.9649768755120642E-01 a        10     0     1     1    10
  3.7273559772506804E-01 a        11     0     1     1    11
 -1.0279320119909932E+00 a        12     0     1     1    12
 -1.0268729683286351E+00 a        13     0     1     1    13
 -6.3805596023766398E-01 a        14     0     1     1    14
  4.3502713678608623E-01 a        15     0     1     1    15
  6.8711886608996953E-01 a        16     0     1     1    16
  9.4216529677059435E-01 a        17     0     1     1    17
 -1.2505863035080522E-01 a        18     0     1     1    18
  1.1975780860245165E-01 a        19     0     1     1    19
 -5.7971187683338998E-01 a        20     0     1     1    20
  2.2414539238813244E-01 a        21     0     2     1     1
 -4.0022389801702496E-01 a        22     0     2     1     2
  4.6429318106700440E-01 a        23     0     2     1     3
  4.3539045270404544E-02 a        24     0     2     1     4
  3.9239616687241163E-01 a        25     0     2     1     5
  2.4520600207872788E-02 a        26     0     2     1     6
  4.3342177659743664E-01 a        27     0     2     1     7
  6.7405770203321791E-01 a        28     0     2     1     8
 -8.9917043663550722E-01 a        29     0     2     1     9
  8.2620690872414115E-01 a        30     0     2     1    10
  2.7146271530966615E-01 a        31     0     2     1    11
 -6.2019898865524459E-01 a        32     0     2     1    12
 -3.2653620251699439E-01 a        33     0     2     1    13
 -5.3488223305601978E-01 a        34     0     2     1    14
  1.1970853489669164E+00 a        35     0     2     1    15
  7.3332195689031307E-02 a        36     0     2     1    16
 -4.5152062644291624E-01 a        37     0     2     1    17
  4.4559103867470001E-01 a        38     0     2     1    18
 -2.9060847391553829E-01 a        39     0     2     1    19
 -3.9613943129227902E-01 a        40     0     2     1    20
 -2.9749662882338951E-01 a        41     0     3     1     1
  8.3291107183642771E-02 a        42     0     3     1     2
 -6.5778114323355591E-02 a        43     0     3     1     3
 -1.1764711850414092E-01 a        44     0     3     1     4
 -9.7593610865573055E-01 a        45     0     3     1     5
  2.7805098752809138E-01 a        46     0     3     1     6
 -3.7800857263118087E-01 a        47     0     3     1     7
 -3.8830997179730559E-01 a        48     0     3     1     8
  7.1387745424353832E-01 a        49     0     3     1     9
 -6.8410732051694412E-01 a        50     0     3     1    10
  6.1932603022711386E-01 a        51     0     3     1    11
 -1.7662833944594395E-02 a        52     0     3     1    12
  7.5252503818789354E-02 a        53     0     3     1    13
 -7.0830018474635092E-01 a        54     0     3     1    14
 -8.9416331577940822E-01 a        55     0     3     1    15
 -2.0940437507990156E-01 a        56     0     3     1    16
  3.6216100476890251E-01 a        57     0     3     1    17
  1.0879186122080985E-01 a        58     0     3     1    18
 -7.2212160756066046E-01 a        59     0     3     1    19
 -1.3125493947256481E-01 a        60     0     3     1    20
  2.4412521657943062E-01 a        61     0     4     1     1
 -1.2023463120701143E-01 a        62     0     4     1     2
  6.6092402207899165E-02 a        63     0     4     1     3
 -6.5357988310124882E-01 a        64     0     4     1     4
  9.1759312126023929E-01 a        65     0     4     1     5
 -2.2107138759481673E-01 a        66     0     4     1     6
 -5.4161201468516362E-01 a        67     0     4     1     7
 -6.4980120317586668E-02 a        68     0     4     1     8
  2.9121439668845989E-01 a        69     0     4     1     9
 -5.2246225307673833E-01 a        70     0     4     1    10
  6.4561987664410903E-01 a        71     0     4     1    11
 -2.0984939373454847E-01 a        72     0     4     1    12
 -5.8775519750400151E-01 a        73     0     4     1    13
  3.8698909528982811E-01 a        74     0     4     1    14
  2.8776615631923402E-01 a        75     0     4     1    15
 -1.0892388220546017E+00 a        76     0     4     1    16
  2.1337043209656188E-02 a        77     0     4     1    17
 -5.9571896441732330E-01 a        78     0     4     1    18
 -1.2808025413283977E-01 a        79     0     4     1    19
 -5.2162443968230901E-02 a        80     0     4     1    20
 -1.4995403012879627E-01 a        81     0     5     1     1
 -1.4410850051705534E-01 a        82     0     5     1     2
 -8.9447782664695275E-02 a        83     0     5     1     3
  6.9201266121633065E-01 a        84     0     5     1     4
 -4.3304614195431768E-01 a        85     0     5     1     5
  8.0786558123073271E-01 a        86     0     5     1     6
 -1.5397810608356530E-02 a        87     0     5     1     7
 -5.2178057509795754E-02 a        88     0     5     1     8
  8.8603060166661929E-01 a        89     0     5     1     9
  3.1803296771064532E-01 a        90     0     5     1    10
 -1.2776450794370346E+00 a        91     0     5     1    11
  3.2235537866268721E-01 a        92     0     5     1    12
 -3.5769489980571312E-01 a        93     0     5     1    13
 -2.2023817915706172E-02 a        94     0     5     1    14
 -4.3152654873640611E-01 a        95     0     5     1    15
 -2.0006005282098951E-01 a        96     0     5     1    16
 -2.5644195704574033E-02 a        97     0     5     1    17
 -1.5597835376647998E-01 a        98     0     5     1    18
  8.1718695348606940E-01 a        99     0     5     1    19
  5.0360580783692532E-01 a       100     0     5     1    20
  3.5214711223134820E-01 a       101     0     6     1     1
  2.4733778295950432E-01 a       102     0     6     1     2
 -1.2248736759106036E+00 a       103     0     6     1     3
  8.8321222658115928E-02 a       104     0     6     1     4
  7.0076156376674789E-02 a       105     0     6     1     5
 -8.1562050183206547E-01 a       106     0     6     1     6
  8.4483912063285349E-01 a       107     0     6     1     7
 -7.1791012193023007E-01 a       108     0     6     1     8
  2.2585134427757572E-01 a       109     0     6     1     9
 -2.9524342088314759E-01 a       110     0     6     1    10
  8.0234861483526410E-01 a       111     0     6     1    11
  1.7268884587469988E-01 a       112     0     6     1    12
 -4.8882408931162163E-01 a       113     0     6     1    13
 -6.0526597022393047E-01 a       114     0     6     1    14
  6.0879580563440346E-03 a       115     0     6     1    15
 -8.7234023073607936E-01 a       116     0     6     1    16
 -3.2988841397631929E-01 a       117     0     6     1    17
  6.4324783731868151E-01 a       118     0     6     1    18
 -1.4757596394531949E-01 a       119     0     6     1    19
 -2.9362396774744537E-01 a       120     0     6     1    20
 -1.5144754156906820E-01 a       121     0     7     1     1
 -9.4568517421449716E-01 a       122     0     7     1     2
  6.3132323118248801E-01 a       123     0     7     1     3
 -9.5711513215166119E-02 a       124     0     7     1     4
  2.9923468383883939E-01 a       125     0     7     1     5
  2.1372042729841703E-01 a       126     0     7     1     6
 -5.2109431804015027E-01 a       127     0     7     1     7
  7.4414150753435215E-01 a       128     0     7     1     8
  3.5363783175445390E-01 a       129     0     7     1     9
  3.0557096695710656E-01 a       130     0     7     1    10
 -9.9837692295861769E-01 a       131     0     7     1    11
  5.3482588541314276E-02 a       132     0     7     1    12
  3.8914022133176657E-01 a       133     0     7     1    13
  3.3020285904327673E-01 a       134     0     7     1    14
 -6.8126567099862612E-01 a       135     0     7     1    15
 -5.7549158677205470E-01 a       136     0     7     1    16
 -5.4354446598982975E-01 a       137     0     7     1    17
 -8.9471674901609871E-02 a       138     0     7     1    18
  5.0018465744938567E-01 a       139     0     7     1    19
 -2.8544584001756451E-01 a       140     0     7     1    20
  1.7071097961278026E-01 a       141     0     8     1     1
  5.5781807830110786E-01 a       142     0     8     1     2
 -7.4925613590287976E-01 a       143     0     8     1     3
 -2.2981361084854551E-01 a       144     0     8     1     4
  4.5287971029688995E-01 a       145     0     8     1     5
 -6.1962452584472305E-01 a       146     0     8     1     6
  6.7052746126505947E-01 a       147     0     8     1     7
 -5.0062603886539481E-01 a       148     0     8     1     8
  2.5602312959417112E-01 a       149     0     8     1     9
  5.3441912735927155E-01 a       150     0     8     1    10
  6.1102577638833067E-01 a       151     0     8     1    11
 -3.3373450503432561E-01 a       152     0     8     1    12
  5.3353165556243287E-01 a       153     0     8     1    13
  5.9841591371754099E-01 a       154     0     8     1    14
  3.1297115946976706E-02 a       155     0     8     1    15
 -5.1114313576906001E-01 a       156     0     8     1    16
 -2.8108378117630178E-01 a       157     0     8     1    17
 -1.1301299194237953E-01 a       158     0     8     1    18
  8.4206370410292097E-01 a       159     0     8     1    19
  2.8096358534990019E-02 a       160     0     8     1    20
  6.7982686921473434E-01 a       161     0     9     1     1
  1.9743117650743669E-01 a       162     0     9     1     2
  9.6065999607553398E-01 a       163     0     9     1     3
 -4.5202569579624596E-01 a       164     0     9     1     4
  7.5559918206083365E-01 a       165     0     9     1     5
 -3.6165643549851734E-01 a       166     0     9     1     6
  8.1835192543091045E-02 a       167     0     9     1     7
 -4.8145325153551716E-02 a       168     0     9     1     8
  5.9133058723677745E-01 a       169     0     9     1     9
  4.0544312053542386E-01 a       170     0     9     1    10
 -7.1075138287641837E-01 a       171     0     9     1    11
 -1.1067031539596177E+00 a       172     0     9     1    12
  4.8062902858462192E-01 a       173     0     9     1    13
  5.1764229388583038E-01 a       174     0     9     1    14
  5.8076723346972936E-01 a       175     0     9     1    15
  7.7407142047856614E-01 a       176     0     9     1    16
 -3.9726394077832611E-01 a       177     0     9     1    17
 -3.9986368346037186E-02 a       178     0     9     1    18
 -8.2555825753554068E-01 a       179     0     9     1    19
  3.0728997202800687E-02 a       180     0     9     1    20
  4.6946275714797236E-01 a       181     0    10     1     1
  6.2934224780044387E-02 a       182     0    10     1     2
 -1.5658466748529198E-01 a       183     0    10     1     3
  1.0525016536374775E-01 a       184     0    10     1     4
  4.2389844461372134E-01 a       185     0    10     1     5
 -4.1875667455628379E-01 a       186     0    10     1     6
  3.9977901026927476E-01 a       187     0    10     1     7
  5.8493293841124439E-01 a       188     0    10     1     8
 -2.5572109103352614E-01 a       189     0    10     1     9
 -3.2042174545149316E-01 a       190     0    10     1    10
 -4.5280666098926486E-01 a       191     0    10     1    11
  6.3234944218943401E-01 a       192     0    10     1    12
 -2.8342386725948138E-01 a       193     0    10     1    13
 -7.4095431552388791E-01 a       194     0    10     1    14
  2.5627088990545366E-01 a       195     0    10     1    15
 -7.3908811186887385E-02 a       196     0    10     1    16
 -2.8398649320318453E-01 a       197     0    10     1    17
 -9.3618522985281880E-02 a       198     0    10     1    18
 -2.0474743949554386E-01 a       199     0    10     1    19
 -7.5140587455080654E-01 a       200     0    10     1    20
  7.0827411731077550E-01 a       201     0    11     1     1
 -4.8462425737650111E-01 a       202     0    11     1     2
 -1.3992560414419034E-01 a       203     0    11     1     3
  3.2145458112566011E-01 a       204     0    11     1     4
 -7.4187940575311084E-01 a       205     0    11     1     5
 -6.5672457661144795E-02 a       206     0    11     1     6
  2.3169061799637974E-01 a       207     0    11     1     7
 -4.5432490398063835E-01 a       208     0    11     1     8
  6.7874772056993535E-02 a       209     0    11     1     9
 -2.3463854086963978E-01 a       210     0    11     1    10
  5.7933338668351619E-01 a       211     0    11     1    11
  4.1799264517847662E-01 a       212     0    11     1    12
 -6.1665841875142201E-02 a       213     0    11     1    13
  4.8404415555449709E-01 a       214     0    11     1    14
 -1.9753681490560296E-01 a       215     0    11     1    15
 -1.9696527009739614E-01 a       216     0    11     1    16
 -2.8599225936610789E-01 a       217     0    11     1    17
  4.2515780715333407E-01 a       218     0    11     1    18
  4.8756472380848764E-02 a       219     0    11     1    19
  4.8318492141274222E-01 a       220     0    11     1    20
  3.3433532728541637E-01 a       221     0    12     1     1
  5.3753850720631957E-01 a       222     0    12     1     2
 -1.2412531530714568E-01 a       223     0    12     1     3
  6.9102810359771927E-01 a       224     0    12     1     4
  4.7914662790287038E-01 a       225     0    12     1     5
 -5.1869215255801360E-01 a       226     0    12     1     6
  4.9261368999138841E-02 a       227     0    12     1     7
  5.5845664029365305E-01 a       228     0    12     1     8
  3.4046215116972883E-01 a       229     0    12     1     9
 -1.0739000347269122E-01 a       230     0    12     1    10
 -6.0099139254514999E-01 a       231     0    12     1    11
 -6.8540598148102080E-02 a       232     0    12     1    12
 -1.8588332476794153E-01 a       233     0    12     1    13
  1.3912665186666398E-01 a       234     0    12     1    14
  2.1778560443777786E-01 a       235     0    12     1    15
  1.2313263238757782E-01 a       236     0    12     1    16
 -5.8007174510630111E-01 a       237     0    12     1    17
 -6.4311220624817966E-01 a       238     0    12     1    18
 -9.1412618586835870E-01 a       239     0    12     1    19
  3.1378367844164351E-01 a       240     0    12     1    20
 -5.9274287983812057E-01 a       241     0    13     1     1
  5.1826667862861930E-01 a       242     0    13     1     2
  1.4678786174559036E-01 a       243     0    13     1     3
  4.2644890655744833E-01 a       244     0    13     1     4
  7.0737546725209122E-01 a       245     0    13     1     5
  1.1175932762162077E-01 a       246     0    13     1     6
 -4.6181070285045217E-01 a       247     0    13     1     7
  3.2279950064914964E-01 a       248     0    13     1     8
 -2.8584167515483860E-01 a       249     0    13     1     9
 -2.8601986675149623E-02 a       250     0    13     1    10
 -1.3238501664581717E-01 a       251     0    13     1    11
 -3.4936387963509008E-01 a       252     0    13     1    12
 -3.1391692117982273E-01 a       253     0    13     1    13
  4.7295324723691284E-01 a       254     0    13     1    14
 -4.0497799477409641E-01 a       255     0    13     1    15
  3.7565154615234297E-01 a       256     0    13     1    16
  2.9780466920337467E-01 a       257     0    13     1    17
 -4.5880353958610559E-01 a       258     0    13     1    18
  5.2306405183652808E-02 a       259     0    13     1    19
  3.8718250560636625E-01 a       260     0    13     1    20
  6.6461162556688894E-02 a       261     0    14     1     1
  1.4034768224957256E-01 a       262     0    14     1     2
 -9.9346088586788187E-02 a       263     0    14     1     3
 -4.6841700307371732E-02 a       264     0    14     1     4
  8.1477662045760491E-01 a       265     0    14     1     5
 -1.1308733506969627E-01 a       266     0    14     1     6
 -5.2576597405947512E-01 a       267     0    14     1     7
 -7.3982197982207912E-02 a       268     0    14     1     8
  4.8287977056488823E-01 a       269     0    14     1     9
 -7.9300267296275517E-01 a       270     0    14     1    10
  9.0917069242607029E-01 a       271     0    14     1    11
 -5.4174238950703413E-01 a       272     0    14     1    12
  2.0668796317175414E-01 a       273     0    14     1    13
  7.5763446686022329E-01 a       274     0    14     1    14
  9.4467014531401952E-02 a       275     0    14     1    15
  1.8820586725249437E-02 a       276     0    14     1    16
 -2.6310568270865925E-01 a       277     0    14     1    17
 -6.1570506527534083E-02 a       278     0    14     1    18
  6.7717672303439780E-01 a       279     0    14     1    19
 -3.6451465779777042E-01 a       280     0    14     1    20
  3.2484819432901813E-01 b       281     1     1
 -7.3648016850399442E-02 b       282     1     2
  8.2866069578592094E-01 b       283     1     3
 -6.2489964748773641E-01 b       284     1     4
 -1.0958039263169446E+00 b       285     1     5
 -1.8073852431287605E+00 b       286     1     6
 -3.3033326065737145E-01 b       287     1     7
 -1.2971541256698895E+00 b       288     1     8
 -1.3024280992206776E+00 b       289     1     9
 -5.0828974679556449E-01 b       290     1    10
  1.6360499227522827E+00 b       291     1    11
  7.3362121060739027E-01 b       292     1    12
  4.5725495349454487E-01 b       293     1    13
  1.4243433538358734E+00 b       294     1    14
  1.3977038779277833E+00 b       295     1    15
  8.6880633002929275E-01 b       296     1    16
  5.2313554320672237E-02 b       297     1    17
  1.6100867097869429E+00 b       298     1    18
  1.9400741797622658E-02 b       299     1    19
  1.1105036849383769E+00 b       300     1    20
  2.1868837112570105E-01 a       301     1     1     2     1
  1.5328578127614156E-01 a       302     1     1     2     2
  3.6397795832219459E-01 a       303     1     1     2     3
  3.3334725597354287E-01 a       304     1     1     2     4
  3.6106793366007117E-01 a       305     1     1     2     5
 -5.3946235470424453E-01 a       306     1     1     2     6
 -3.4087143611373893E-01 a       307     1     1     2     7
 -1.0590200532200114E-01 a       308     1     1     2     8
  4.4074631396753416E-01 a       309     1     1     2     9
 -2.3118250763048256E-01 a       310     1     1     2    10
 -3.2508641333586308E-01 a       311     1     1     2    11
 -2.8708253044850207E-01 a       312     1     1     2    12
 -2.5354161489607996E-01 a       313     1     1     2    13
  9.5224442914494931E-02 a       314     1     1     2    14
 -3.3067526491391575E-01 a       315     1     1     2    15
  5.9286178921812049E-01 a       316     1     1     2    16
 -4.5451152184926694E-02 a       317     1     1     2    17
  2.8136971721833098E-01 a       318     1     1     2    18
 -3.0333818663059275E-01 a       319     1     1     2    19
 -2.1440625067981903E-02 a       320     1     1     2    20
  2.7914449252994705E-01 a       321     1     2     2     1
 -4.7383158825529009E-01 a       322     1     2     2     2
 -1.3533630218227702E-01 a       323     1     2     2     3
  7.1604142077567795E-02 a       324     1     2     2     4
 -5.4709235471219286E-01 a       325     1     2     2     5
 -6.2418998048842267E-01 a       326     1     2     2     6
  2.2948209489463076E-01 a       327     1     2     2     7
 -1.2275685920533538E-02 a       328     1     2     2     8
 -2.9031260534739728E-01 a       329     1     2     2     9
 -1.0746070245093509E+00 a       330     1     2     2    10
  4.4610606638201339E-01 a       331     1     2     2    11
  9.0340631625689694E-01 a       332     1     2     2    12
  1.8900716150617980E-01 a       333     1     2     2    13
  4.0894487719671685E-01 a       334     1     2     2    14
  8.0306997542326897E-02 a       335     1     2     2    15
  3.1147313484057093E-01 a       336     1     2     2    16
 -9.9060339253087812E-02 a       337     1     2     2    17
  1.2601806209342947E-01 a       338     1     2     2    18
 -1.6843040116441287E-02 a       339     1     2     2    19
  2.8391416122992025E-01 a       340     1     2     2    20
 -3.2756475072760510E-01 a       341     1     3     2     1
 -3.6925432267069092E-01 a       342     1     3     2     2
  4.5618713256578419E-01 a       343     1     3     2     3
 -1.7832832665592260E-01 a       344     1     3     2     4
 -4.5764348769045438E-01 a       345     1     3     2     5
 -3.6903870147408363E-01 a       346     1     3     2     6
 -5.2380484432999186E-01 a       347     1     3     2     7
 -7.3872127618428496E-01 a       348     1     3     2     8
  3.3047487628782279E-01 a       349     1     3     2     9
 -8.4233899905093146E-01 a       350     1     3     2    10
 -2.9439420811927997E-01 a       351     1     3     2    11
  7.3885409335730845E-02 a       352     1     3     2    12
 -7.7728014608610202E-02 a       353     1     3     2    13
 -2.5810151563545708E-01 a       354     1     3     2    14
  9.3452210857788973E-02 a       355     1     3     2    15
  3.2051573860989874E-01 a       356     1     3     2    16
  2.4353153827444551E-01 a       357     1     3     2    17
 -1.0285270057599420E+00 a       358     1     3     2    18
  1.3421703285945097E-01 a       359     1     3     2    19
 -1.7052308538495745E-01 a       360     1     3     2    20
  9.0869431741688589E-01 a       361     1     4     2     1
 -4.5555672984852713E-01 a       362     1     4     2     2
  8.4775000261488853E-01 a       363     1     4     2     3
 -5.9759666993448901E-01 a       364     1     4     2     4
 -1.8416702783379274E-01 a       365     1     4     2     5
 -4.9698241461932989E-02 a       366     1     4     2     6
  3.3735927147480171E-01 a       367     1     4     2     7
  7.3819533419440608E-01 a       368     1     4     2     8
 -3.2227034331599669E-01 a       369     1     4     2     9
  6.3520574273623273E-02 a       370     1     4     2    10
  4.5118735707823360E-01 a       371     1     4     2    11
  2.1016261258235502E-01 a       372     1     4     2    12
 -2.8343797912604529E-01 a       373     1     4     2    13
 -1.8038111102467411E-01 a       374     1     4     2    14
 -9.2511281297127035E-01 a       375     1     4     2    15
 -9.4052473432710143E-02 a       376     1     4     2    16
 -4.5946091172314116E-02 a       377     1     4     2    17
  7.6294451549329922E-01 a       378     1     4     2    18
  4.4170108324275109E-01 a       379     1     4     2    19
  6.5083549953903774E-01 a       380     1     4     2    20
 -4.4114553599007345E-01 a       381     1     5     2     1
  7.0614541041321233E-01 a       382     1     5     2     2
 -3.4368875456752157E-01 a       383     1     5     2     3
  2.1744550724142819E-01 a       384     1     5     2     4
 -1.4977861710260923E-01 a       385     1     5     2     5
  7.6239980760070991E-02 a       386     1     5     2     6
  4.9611173419470217E-01 a       387     1     5     2     7
 -3.4995740732209413E-01 a       388     1     5     2     8
 -1.7207101614578607E-01 a       389     1     5     2     9
  9.8780483358669166E-02 a       390     1     5     2    10
  4.9842511667587636E-01 a       391     1     5     2    11
  1.9619429551841838E-01 a       392     1     5     2    12
  1.0223815725105727E-01 a       393     1     5     2    13
 -5.0642440124845749E-02 a       394     1     5     2    14
 -1.0826321569022014E-01 a       395     1     5     2    15
 -1.4209282696747680E-01 a       396     1     5     2    16
 -3.4602220664394601E-01 a       397     1     5     2    17
  2.1837410517357189E-01 a       398     1     5     2    18
 -1.1354741005804181E+00 a       399     1     5     2    19
 -7.2317683698470914E-01 a       400     1     5     2    20
  2.5872950797297158E-02 a       401     1     6     2     1
  2.6923723939441513E-01 a       402     1     6     2     2
 -5.8375869020744320E-01 a       403     1     6     2     3
 -2.9575749925269063E-01 a       404     1     6     2     4
  6.5092909365066476E-01 a       405     1     6     2     5
 -3.8775314457796661E-01 a       406     1     6     2     6
  4.9107748846033433E-01 a       407     1     6     2     7
  3.7776193900692084E-01 a       408     1     6     2     8
  4.2588764963419984E-01 a       409     1     6     2     9
  2.5729533643436048E-01 a       410     1     6     2    10
 -2.9252360951364931E-01 a       411     1     6     2    11
 -5.3355937024255318E-01 a       412     1     6     2    12
  1.0289278858366474E-02 a       413     1     6     2    13
 -5.4826830373932889E-01 a       414     1     6     2    14
 -5.2470222069062011E-01 a       415     1     6     2    15
 -2.3465297924006714E-01 a       416     1     6     2    16
  4.3001179752537139E-01 a       417     1     6     2    17
  2.3429137191656768E-01 a       418     1     6     2    18
 -4.6251728043020096E-01 a       419     1     6     2    19
 -5.4868613030182298E-02 a       420     1     6     2    20
 -1.4977908397846934E-01 a       421     1     7     2     1
  2.0599765655654415E-01 a       422     1     7     2     2
  2.6095412768081316E-01 a       423     1     7     2     3
  5.4101255905748846E-01 a       424     1     7     2     4
  6.0016505941187064E-02 a       425     1     7     2     5
 -4.6567756118017134E-01 a       426     1     7     2     6
  1.5953792319689955E-01 a       427     1     7     2     7
  8.2347928618514110E-01 a       428     1     7     2     8
 -6.5377339961042913E-01 a       429     1     7     2     9
 -2.0799142446847069E-01 a       430     1     7     2    10
  3.5034033036484002E-01 a       431     1     7     2    11
  5.0233514066396937E-02 a       432     1     7     2    12
 -1.8621451993794724E-01 a       433     1     7     2    13
 -5.7717855007990604E-01 a       434     1     7     2    14
 -2.7469828151240921E-01 a       435     1     7     2    15
 -7.0222810878276098E-01 a       436     1     7     2    16
  7.7881930099597985E-02 a       437     1     7     2    17
 -5.6981130829613269E-01 a       438     1     7     2    18
 -2.2620340937689370E-01 a       439     1     7     2    19
  3.8164865457325364E-01 a       440     1     7     2    20
 -1.0746541347862501E-01 a       441     1     8     2     1
 -6.3177776158221621E-01 a       442     1     8     2     2
  2.3957420848359501E-01 a       443     1     8     2     3
 -1.1797485620011055E-02 a       444     1     8     2     4
 -7.8888535006734073E-01 a       445     1     8     2     5
 -9.9454795774774563E-02 a       446     1     8     2     6
 -3.6864593236019411E-01 a       447     1     8     2     7
  4.8850856195322934E-01 a       448     1     8     2     8
  5.9194018612139809E-01 a       449     1     8     2     9
 -1.2928936459474022E-01 a       450     1     8     2    10
  3.6945954972629641E-01 a       451     1     8     2    11
 -3.1378328281015710E-01 a       452     1     8     2    12
  1.7706804910214208E-01 a       453     1     8     2    13
 -6.7081227046724874E-03 a       454     1     8     2    14
  2.0071586370119365E-01 a       455     1     8     2    15
 -2.6261425166075641E-01 a       456     1     8     2    16
  1.4722089623019456E-02 a       457     1     8     2    17
 -2.4723613251513063E-01 a       458     1     8     2    18
  7.6219819002053768E-02 a       459     1     8     2    19
 -4.6751716742770349E-01 a       460     1     8     2    20
 -7.4225670927131204E-01 a       461     1     9     2     1
 -1.8476716433511961E-01 a       462     1     9     2     2
 -2.5037821070168848E-01 a       463     1     9     2     3
  5.7494613608669876E-01 a       464     1     9     2     4
  2.8923955113629823E-01 a       465     1     9     2     5
  1.8769277192660483E-01 a       466     1     9     2     6
  3.8587989338767759E-01 a       467     1     9     2     7
  1.4819706561521878E-01 a       468     1     9     2     8
  2.3290080599262636E-01 a       469     1     9     2     9
  2.1732227496340753E-01 a       470     1     9     2    10
 -3.9925313809886875E-01 a       471     1     9     2    11
 -5.6816101222329674E-01 a       472     1     9     2    12
  5.8494105798720997E-01 a       473     1     9     2    13
  2.9129376467647144E-01 a       474     1     9     2    14
 -6.2841250424400208E-01 a       475     1     9     2    15
  5.8672763793974603E-01 a       476     1     9     2    16
  1.6524227286694099E-01 a       477     1     9     2    17
 -4.0797955706800898E-01 a       478     1     9     2    18
 -1.5466103877122603E-01 a       479     1     9     2    19
 -9.3009889647211019E-02 a       480     1     9     2    20
  5.0343807309401456E-01 a       481     1    10     2     1
  4.8687226891672070E-02 a       482     1    10     2     2
 -1.0410371915242066E-01 a       483     1    10     2     3
  1.1997238263616157E-02 a       484     1    10     2     4
 -2.1643724379086374E-01 a       485     1    10     2     5
  7.4635520962240340E-02 a       486     1    10     2     6
  3.9681639561260806E-01 a       487     1    10     2     7
 -4.6431373213438165E-01 a       488     1    10     2     8
  2.1035359216276800E-01 a       489     1    10     2     9
 -5.3229396928754580E-01 a       490     1    10     2    10
 -1.6109660672679171E-01 a       491     1    10     2    11
 -2.6506788151108368E-01 a       492     1    10     2    12
 -1.0240743290657738E-01 a       493     1    10     2    13
 -4.3799734868393603E-01 a       494     1    10     2    14
  2.6703513217554181E-01 a       495     1    10     2    15
 -6.4233874077903708E-02 a       496     1    10     2    16
  2.9308095402988105E-01 a       497     1    10     2    17
  4.9185948512518413E-01 a       498     1    10     2    18
 -4.5274795613571273E-01 a       499     1    10     2    19
 -9.3247134842795121E-02 a       500     1    10     2    20
  6.3453700165332305E-01 a       501     1    11     2     1
  6.8228352817250804E-01 a       502     1    11     2     2
 -2.7216870917372199E-01 a       503     1    11     2     3
  6.2976219882237039E-01 a       504     1    11     2     4
  3.1271883334643641E-01 a       505     1    11     2     5
 -4.8502385511916168E-01 a       506     1    11     2     6
 -1.4227877116788565E-01 a       507     1    11     2     7
  7.4201567378983713E-01 a       508     1    11     2     8
 -4.0801233292441214E-01 a       509     1    11     2     9
  3.9305037078852195E-01 a       510     1    11     2    10
  4.8331873212955156E-01 a       511     1    11     2    11
 -8.8230293677815308E-01 a       512     1    11     2    12
 -5.4973031502483694E-01 a       513     1    11     2    13
  2.3307552943516205E-01 a       514     1    11     2    14
  5.3733208054574844E-01 a       515     1    11     2    15
  6.8433759410758355E-01 a       516     1    11     2    16
 -1.7140912676687522E-01 a       517     1    11     2    17
  5.3855686355974808E-01 a       518     1    11     2    18
  5.8933034685485419E-01 a       519     1    11     2    19
  3.9597488490392602E-01 a       520     1    11     2    20
 -3.7760759688421552E-01 a       521     1    12     2     1
  1.6652079144602180E-01 a       522     1    12     2     2
  8.6409552845514115E-01 a       523     1    12     2     3
  1.2432329274134500E-01 a       524     1    12     2     4
 -1.5495747100949944E-01 a       525     1    12     2     5
 -3.7037625008013025E-01 a       526     1    12     2     6
  6.3396770122390544E-01 a       527     1    12     2     7
 -4.9236272701723240E-02 a       528     1    12     2     8
 -4.8229527913359091E-02 a       529     1    12     2     9
 -1.8912324147101939E-01 a       530     1    12     2    10
  2.4474330281843026E-01 a       531     1    12     2    11
  3.3754756590072138E-01 a       532     1    12     2    12
 -7.7098741858021225E-01 a       533     1    12     2    13
 -3.5591950430987451E-01 a       534     1    12     2    14
 -3.0925874124068042E-01 a       535     1    12     2    15
  1.6544882786288065E-01 a       536     1    12     2    16
 -5.2255238680480898E-01 a       537     1    12     2    17
  3.4573838589771727E-01 a       538     1    12     2    18
  3.3642318134213332E-02 a       539     1    12     2    19
  2.8565196443534285E-01 a       540     1    12     2    20
 -4.2995031316952710E-02 a       541     1    13     2     1
 -8.5446016394494367E-03 a       542     1    13     2     2
  7.1094143841718374E-02 a       543     1    13     2     3
  8.3939840041318242E-02 a       544     1    13     2     4
  1.8290210758541758E-01 a       545     1    13     2     5
 -3.4834426865369700E-01 a       546     1    13     2     6
  1.2859791086394018E-01 a       547     1    13     2     7
 -2.8893235666101152E-01 a       548     1    13     2     8
 -2.4970838674398515E-02 a       549     1    13     2     9
 -5.7295874136261429E-02 a       550     1    13     2    10
 -8.1062892510641138E-02 a       551     1    13     2    11
  8.9770973715329647E-02 a       552     1    13     2    12
  6.4448082595563051E-04 a       553     1    13     2    13
 -1.4394549756543684E-01 a       554     1    13     2    14
  4.2689908261512172E-01 a       555     1    13     2    15
  2.6753840852862049E-02 a       556     1    13     2    16
  3.8878859420360422E-02 a       557     1    13     2    17
  3.9470074384957204E-01 a       558     1    13     2    18
  5.3289525006617222E-01 a       559     1    13     2    19
  1.3388226350829333E-01 a       560     1    13     2    20
 -6.3815892129617524E-01 a       561     1    14     2     1
  7.0654263699356745E-01 a       562     1    14     2     2
 -1.6745555110534990E-01 a       563     1    14     2     3
 -2.6484898472441476E-01 a       564     1    14     2     4
  1.7989779995092867E-01 a       565     1    14     2     5
 -3.1212671385477048E-01 a       566     1    14     2     6
 -5.3025431552343727E-01 a       567     1    14     2     7
  7.7760082853268575E-02 a       568     1    14     2     8
  3.4250648627973203E-02 a       569     1    14     2     9
  1.5861294138211884E-01 a       570     1    14     2    10
  6.4138464475509227E-01 a       571     1    14     2    11
 -4.1883528105395051E-01 a       572     1    14     2    12
 -1.0552933196738380E-01 a       573     1    14     2    13
 -7.1074254818778615E-01 a       574     1    14     2    14
  6.9005465962695667E-01 a       575     1    14     2    15
 -8.3458637005471636E-01 a       576     1    14     2    16
 -4.5147758196582144E-01 a       577     1    14     2    17
  5.2976844556186009E-01 a       578     1    14     2    18
  6.1895123723675505E-02 a       579     1    14     2    19
 -1.1523579210979691E-01 a       580     1    14     2    20
 -4.9256278732448577E-01 a       581     1    15     2     1
  1.2478929362068990E-01 a       582     1    15     2     2
  3.9514035259798491E-01 a       583     1    15     2     3
  2.1636329735777482E-01 a       584     1    15     2     4
 -4.3339454607469380E-01 a       585     1    15     2     5
 -4.1124758368720460E-01 a       586     1    15     2     6
 -1.4655880847606892E-01 a       587     1    15     2     7
  1.4415055560904175E-01 a       588     1    15     2     8
 -1.6407125467100933E-01 a       589     1    15     2     9
 -4.4418425550137913E-01 a       590     1    15     2    10
  4.7922108211268938E-01 a       591     1    15     2    11
  9.8657784727136744E-01 a       592     1    15     2    12
 -1.9854124077061402E-01 a       593     1    15     2    13
  4.5244985316555841E-01 a       594     1    15     2    14
 -1.6966058038338436E-01 a       595     1    15     2    15
  3.7013059407098381E-01 a       596     1    15     2    16
 -2.8432936922353791E-01 a       597     1    15     2    17
 -3.9581668750586874E-01 a       598     1    15     2    18
 -7.4831415982584623E-02 a       599     1    15     2    19
  6.8912650664408470E-01 a       600     1    15     2    20
 -3.5714582447740884E-01 a       601     1    16     2     1
  9.4535988727205131E-02 a       602     1    16     2     2
 -7.6821497695158869E-01 a       603     1    16     2     3
  5.6165194942783758E-01 a       604     1    16     2     4
 -2.1066981440534896E-01 a       605     1    16     2     5
  4.4558011021706151E-01 a       606     1    16     2     6
 -3.1617774605550493E-02 a       607     1    16     2     7
 -2.6389941596968158E-01 a       608     1    16     2     8
  5.2253603168641216E-01 a       609     1    16     2     9
 -7.8002702367429078E-01 a       610     1    16     2    10
  8.7214497800907106E-02 a       611     1    16     2    11
 -7.2908275990323429E-02 a       612     1    16     2    12
  7.7836832846347581E-01 a       613     1    16     2    13
  1.1355075021066084E-01 a       614     1    16     2    14
  4.0471220687043424E-01 a       615     1    16     2    15
 -4.2028697648806196E-01 a       616     1    16     2    16
 -2.2420333148471305E-01 a       617     1    16     2    17
  8.9737453615630702E-01 a       618     1    16     2    18
  1.0395616451074846E-01 a       619     1    16     2    19
 -4.0377596659776305E-01 a       620     1    16     2    20
 -3.5431815523207960E-01 a       621     1    17     2     1
 -2.0324466572751623E-02 a       622     1    17     2     2
  1.5438071074609636E-01 a       623     1    17     2     3
  2.9266087553780246E-01 a       624     1    17     2     4
  2.9752409348474007E-01 a       625     1    17     2     5
  5.4446999548652675E-01 a       626     1    17     2     6
 -1.8314626643238707E-01 a       627     1    17     2     7
 -1.0323870904482585E-01 a       628     1    17     2     8
 -3.7719339305309135E-01 a       629     1    17     2     9
 -3.5559112784234842E-01 a       630     1    17     2    10
  7.1601320204465080E-02 a       631     1    17     2    11
  3.2497096065753878E-01 a       632     1    17     2    12
  3.8539097091340552E-01 a       633     1    17     2    13
  6.7854905877823091E-01 a       634     1    17     2    14
  1.7722758706432104E-01 a       635     1    17     2    15
  4.8174120833931267E-01 a       636     1    17     2    16
  2.8520932322305503E-01 a       637     1    17     2    17
 -1.4824703461053609E-01 a       638     1    17     2    18
  2.5464423932280056E-01 a       639     1    17     2    19
 -1.8427696652407144E-01 a       640     1    17     2    20
  7.0545226022357266E-01 a       641     1    18     2     1
 -1.8482487502775352E-01 a       642     1    18     2     2
 -1.4013133856468551E-01 a       643     1    18     2     3
  3.3290204292273590E-01 a       644     1    18     2     4
 -2.6732900073938826E-01 a       645     1    18     2     5
  5.3479437430992448E-02 a       646     1    18     2     6
 -4.9015556572174479E-01 a       647     1    18     2     7
 -3.0069210400965374E-01 a       648     1    18     2     8
 -5.3911564074699703E-01 a       649     1    18     2     9
  4.4554078819821576E-02 a       650     1    18     2    10
 -3.3026199556647567E-01 a       651     1    18     2    11
 -6.3311246509982144E-01 a       652     1    18     2    12
 -3.2202900216219327E-01 a       653     1    18     2    13
 -7.7870844233789704E-01 a       654     1    18     2    14
 -1.1640785202074040E-01 a       655     1    18     2    15
  4.7541162495302042E-01 a       656     1    18     2    16
  9.0834785171734378E-02 a       657     1    18     2    17
  1.1009522450471612E-01 a       658     1    18     2    18
 -3.6851513243956435E-01 a       659     1    18     2    19
 -3.8933313785083073E-01 a       660     1    18     2    20
  1.1988946333768544E-01 a       661     1    19     2     1
  1.3888290758831084E-01 a       662     1    19     2     2
 -1.0033521034285759E+00 a       663     1    19     2     3
  1.7445560427094611E-01 a       664     1    19     2     4
 -3.1153635356722605E-02 a       665     1    19     2     5
  5.4009837567532792E-01 a       666     1    19     2     6
 -4.4824137933834524E-01 a       667     1    19     2     7
 -6.7757483320132694E-01 a       668     1    19     2     8
 -3.2460613558569068E-01 a       669     1    19     2     9
  5.3589092415738193E-01 a       670     1    19     2    10
 -9.5066595016029230E-03 a       671     1    19     2    11
 -2.6433587735985021E-02 a       672     1    19     2    12
  1.0090225686368166E+00 a       673     1    19     2    13
  3.9303392347921751E-01 a       674     1    19     2    14
  5.5563798527726582E-01 a       675     1    19     2    15
 -4.6225535537487386E-02 a       676     1    19     2    16
  6.0773700829754196E-01 a       677     1    19     2    17
 -8.1850346670546581E-02 a       678     1    19     2    18
  2.8208343132011143E-01 a       679     1    19     2    19
 -7.7790765244970028E-01 a       680     1    19     2    20
  7.8977337826422855E-01 a       681     1    20     2     1
  1.0435551894149805E-01 a       682     1    20     2     2
 -4.7100710927125938E-01 a       683     1    20     2     3
  2.1829494425778730E-02 a       684     1    20     2     4
 -2.5704156644358894E-01 a       685     1    20     2     5
 -2.3056141590294124E-01 a       686     1    20     2     6
  3.2389786670489772E-03 a       687     1    20     2     7
 -1.3119580165577535E-01 a       688     1    20     2     8
  5.1014081373042564E-01 a       689     1    20     2     9
 -3.0266783350316728E-01 a       690     1    20     2    10
  3.6425807556842543E-01 a       691     1    20     2    11
  3.5002183751377114E-01 a       692     1    20     2    12
  1.9105974616631920E-02 a       693     1    20     2    13
  2.5532032339494970E-01 a       694     1    20     2    14
 -3.3781699073181889E-02 a       695     1    20     2    15
  1.4822600423399004E-01 a       696     1    20     2    16
 -4.4413581828447457E-01 a       697     1    20     2    17
  1.1234555903188286E-01 a       698     1    20     2    18
 -4.2234065421359734E-01 a       699     1    20     2    19
 -3.2856752596020417E-02 a       700     1    20     2    20
  1.7390376752250620E+00 b       701     2     1
 -5.4906815622636496E-01 b       702     2     2
 -6.7044131572219312E-01 b       703     2     3
  3.6714991143531672E-01 b       704     2     4
  1.1655109333282028E+00 b       705     2     5
 -2.5050861172700811E-01 b       706     2     6
 -1.0489203670907101E+00 b       707     2     7
 -1.4665316938549779E-02 b       708     2     8
  1.5038060887987357E+00 b       709     2     9
 -1.5998993726080546E-01 b       710     2    10
 -1.3879552203092120E+00 b       711     2    11
  7.4299290694977504E-01 b       712     2    12
  1.8025211121725027E+00 b       713     2    13
 -1.2206695412102395E+00 b       714     2    14
 -1.1974406069476460E+00 b       715     2    15
  5.0370280803965284E-01 b       716     2    16
  1.4631668954513470E+00 b       717     2    17
  9.5870434015698291E-01 b       718     2    18
  1.4288649094810120E+00 b       719     2    19
 -1.0833558580545857E+00 b       720     2    20
 -4.3346059337712262E-01 a       721     2     1     3     1
 -4.8304729184085721E-01 a       722     2     2     3     1
 -1.4209631130508707E-01 a       723     2     3     3     1
  6.4455748695086190E-01 a       724     2     4     3     1
  5.7175881826643316E-01 a       725     2     5     3     1
  3.3838122659901333E-02 a       726     2     6     3     1
 -2.3045984490930965E-01 a       727     2     7     3     1
  5.3152327064390315E-01 a       728     2     8     3     1
  6.4084449619955630E-01 a       729     2     9     3     1
  1.8029554835403766E-01 a       730     2    10     3     1
  5.9120963918709135E-01 a       731     2    11     3     1
  5.3755479326460409E-01 a       732     2    12     3     1
 -2.5391277960143288E-01 a       733     2    13     3     1
 -1.7770989124782921E-01 a       734     2    14     3     1
  1.4465641830959933E-01 a       735     2    15     3     1
 -1.1963239008970641E+00 a       736     2    16     3     1
  2.5947615940689972E-01 a       737     2    17     3     1
 -1.3161292009147827E+00 a       738     2    18     3     1
  6.2656717451207633E-01 a       739     2    19     3     1
 -1.8595551346142145E-01 a       740     2    20     3     1
  3.0545228737650576E-01 b       741     3     1
