################################################################################
# Learning curves for energies and forces.
################################################################################
# Col  Name             Description
################################################################################
# 1    epoch            Current epoch.
# 2    RMSEpa_Etrain_pu RMSE of training energies per atom (physical units)
# 3    RMSEpa_Etest_pu  RMSE of test energies per atom (physical units)
# 4    RMSE_Etrain_pu   RMSE of training energies (physical units)
# 5    RMSE_Etest_pu    RMSE of test energies (physical units)
# 6    MAEpa_Etrain_pu  MAE of training energies per atom (physical units)
# 7    MAEpa_Etest_pu   MAE of test energies per atom (physical units)
# 8    MAE_Etrain_pu    MAE of training energies (physical units)
# 9    MAE_Etest_pu     MAE of test energies (physical units)
# 10   RMSE_Ftrain_pu   RMSE of training forces (physical units)
# 11   RMSE_Ftest_pu    RMSE of test forces (physical units)
# 12   MAE_Ftrain_pu    MAE of training forces (physical units)
# 13   MAE_Ftest_pu     MAE of test forces (physical units)
######################################################################################################################################################################################################################
#        1                2                3                4                5                6                7                8                9               10               11               12               13
#    epoch RMSEpa_Etrain_pu  RMSEpa_Etest_pu   RMSE_Etrain_pu    RMSE_Etest_pu  MAEpa_Etrain_pu   MAEpa_Etest_pu    MAE_Etrain_pu     MAE_Etest_pu   RMSE_Ftrain_pu    RMSE_Ftest_pu    MAE_Ftrain_pu     MAE_Ftest_pu
######################################################################################################################################################################################################################
         0   2.68776391E+00   2.74914666E+00   1.72016890E+02   1.75945386E+02   2.68622278E+00   2.74597080E+00   1.71918258E+02   1.75742131E+02   2.09755885E-01   2.03452796E-01   1.66192456E-01   1.55705392E-01
         1   8.62255070E-04   5.25584231E-04   5.51843245E-02   3.36373908E-02   5.64628867E-04   4.07459349E-04   3.61362475E-02   2.60773983E-02   8.98035290E-03   8.92868117E-03   6.78470963E-03   6.75306898E-03
         2   1.24757865E-03   1.23314447E-03   7.98450338E-02   7.89212463E-02   1.13785995E-03   1.20390284E-03   7.28230367E-02   7.70497816E-02   7.37061676E-03   7.61731169E-03   5.58731658E-03   5.66368409E-03
         3   4.29518423E-04   3.82400012E-04   2.74891790E-02   2.44736008E-02   3.47292389E-04   3.17416746E-04   2.22267129E-02   2.03146718E-02   7.31813874E-03   7.49945700E-03   5.54612759E-03   5.55455769E-03
         4   3.88197228E-04   4.63310184E-04   2.48446226E-02   2.96518518E-02   2.81074730E-04   3.18422201E-04   1.79887827E-02   2.03790208E-02   7.21013089E-03   7.42120502E-03   5.43560689E-03   5.46865418E-03
         5   3.81333168E-04   3.12743449E-04   2.44053228E-02   2.00155807E-02   2.87196325E-04   2.20044321E-04   1.83805648E-02   1.40828365E-02   7.13340945E-03   7.34752760E-03   5.37779548E-03   5.39773758E-03
         6   4.20862894E-04   2.35504350E-04   2.69352252E-02   1.50722784E-02   3.14157802E-04   1.89405921E-04   2.01060993E-02   1.21219790E-02   7.13022713E-03   7.32816563E-03   5.40057386E-03   5.41936612E-03
         7   3.41625095E-04   4.02758588E-04   2.18640061E-02   2.57765497E-02   2.64863319E-04   2.88164763E-04   1.69512524E-02   1.84425448E-02   7.09203405E-03   7.31496204E-03   5.34709640E-03   5.37659329E-03
         8   3.44732817E-04   3.04467147E-04   2.20629003E-02   1.94858974E-02   2.54515490E-04   2.16040516E-04   1.62889914E-02   1.38265930E-02   7.05835632E-03   7.28775173E-03   5.32855967E-03   5.36159985E-03
         9   3.83444187E-04   3.66939228E-04   2.45404279E-02   2.34841106E-02   2.88241428E-04   2.85984589E-04   1.84474514E-02   1.83030137E-02   7.02478809E-03   7.27614237E-03   5.30648376E-03   5.35604702E-03
        10   3.38466922E-04   3.02132329E-04   2.16618830E-02   1.93364691E-02   2.69643863E-04   2.37359457E-04   1.72572072E-02   1.51910053E-02   7.06721037E-03   7.31691645E-03   5.34690686E-03   5.40580372E-03
        11   3.14515432E-04   3.70148517E-04   2.01289876E-02   2.36895051E-02   2.49591718E-04   2.73736168E-04   1.59738699E-02   1.75191147E-02   7.05790614E-03   7.30709467E-03   5.33516881E-03   5.39092941E-03
        12   3.20372747E-04   3.43065141E-04   2.05038558E-02   2.19561690E-02   2.41391542E-04   2.44962778E-04   1.54490587E-02   1.56776178E-02   7.05036030E-03   7.30655381E-03   5.33056659E-03   5.38629263E-03
        13   3.03247167E-04   3.09541601E-04   1.94078187E-02   1.98106624E-02   2.39899370E-04   2.33947304E-04   1.53535597E-02   1.49726274E-02   7.05464819E-03   7.31870071E-03   5.33622947E-03   5.39841019E-03
        14   3.47695697E-04   3.18943735E-04   2.22525246E-02   2.04123990E-02   2.81306247E-04   2.66173711E-04   1.80035998E-02   1.70351175E-02   7.04736406E-03   7.33517739E-03   5.32851400E-03   5.40591160E-03
        15   3.20203594E-04   4.15332606E-04   2.04930300E-02   2.65812868E-02   2.43814148E-04   2.93807685E-04   1.56041055E-02   1.88036918E-02   7.03905449E-03   7.34039091E-03   5.32492092E-03   5.40738136E-03
