################################################################################
# Neural network connection values (weights and biases).
################################################################################
# Col  Name       Description
################################################################################
# 1    connection Neural network connection value.
# 2    t          Connection type (a = weight, b = bias).
# 3    index      Index enumerating weights.
# 4    l_s        Starting point layer (end point layer for biases).
# 5    n_s        Starting point neuron in starting layer (end point neuron for biases).
# 6    l_e        End point layer.
# 7    n_e        End point neuron in end layer.
################################################################################
#                      1 2         3     4     5     6     7
#             connection t     index   l_s   n_s   l_e   n_e
############################################################
  1.1319532759377765E-01 a         1     0     1     1     1
  8.9615480215029172E-02 a         2     0     1     1     2
  1.8960777380955482E-01 a         3     0     1     1     3
  9.9521319781736478E-02 a         4     0     1     1     4
 -5.9258370601566268E-01 a         5     0     1     1     5
 -4.5300827822593870E-01 a         6     0     1     1     6
 -6.7695218926337475E-01 a         7     0     1     1     7
  6.0634090072265590E-01 a         8     0     1     1     8
 -1.8453984279246358E-01 a         9     0     1     1     9
  5.1764479008613573E-01 a        10     0     1     1    10
  9.3818040377622924E-02 a        11     0     1     1    11
 -3.6539597746076968E-01 a        12     0     1     1    12
  1.7504038670635430E-01 a        13     0     1     1    13
  5.4147261182669459E-01 a        14     0     1     1    14
 -7.8805627854778071E-02 a        15     0     1     1    15
  2.2328205673352625E-01 a        16     0     1     1    16
  7.2964719629126618E-01 a        17     0     1     1    17
 -6.3978475217090369E-01 a        18     0     1     1    18
 -3.8088045163849465E-01 a        19     0     1     1    19
 -6.4552673915997838E-02 a        20     0     1     1    20
 -8.2970789134785717E-03 a        21     0     2     1     1
  3.4238747904901440E-01 a        22     0     2     1     2
 -4.8224413655001008E-01 a        23     0     2     1     3
 -5.1823230922374464E-01 a        24     0     2     1     4
  8.4855122725627063E-02 a        25     0     2     1     5
 -3.1659822588460101E-01 a        26     0     2     1     6
 -4.8211038988214427E-01 a        27     0     2     1     7
 -1.5757492140739074E-01 a        28     0     2     1     8
 -4.3117353341264902E-02 a        29     0     2     1     9
  3.6197795164326541E-01 a        30     0     2     1    10
  4.6688606379122094E-01 a        31     0     2     1    11
  2.1032100779578175E-01 a        32     0     2     1    12
 -4.0447262674249718E-01 a        33     0     2     1    13
 -2.8636487279038281E-02 a        34     0     2     1    14
  2.0172625792529661E-01 a        35     0     2     1    15
  1.7338318786176823E-01 a        36     0     2     1    16
 -5.3394954867660230E-03 a        37     0     2     1    17
  5.5331417693550244E-01 a        38     0     2     1    18
 -4.2911019996157701E-01 a        39     0     2     1    19
  6.2827318317942762E-02 a        40     0     2     1    20
 -1.9010442832231145E-01 a        41     0     3     1     1
  6.2677260258974954E-01 a        42     0     3     1     2
  4.1112974853377049E-01 a        43     0     3     1     3
  9.5534978465535603E-02 a        44     0     3     1     4
 -3.5300439735906275E-01 a        45     0     3     1     5
  3.2832396943655119E-02 a        46     0     3     1     6
  2.9732268643691007E-01 a        47     0     3     1     7
 -3.6490228858326396E-01 a        48     0     3     1     8
 -3.5570453820422171E-01 a        49     0     3     1     9
  4.0948942030543556E-01 a        50     0     3     1    10
  4.5218408765599566E-01 a        51     0     3     1    11
  2.8531990066998425E-01 a        52     0     3     1    12
 -3.9499064805025275E-01 a        53     0     3     1    13
 -5.6337311966817620E-02 a        54     0     3     1    14
 -1.1450590257439437E-01 a        55     0     3     1    15
  8.5048725775915490E-01 a        56     0     3     1    16
  1.6787713052376804E-01 a        57     0     3     1    17
 -9.7179561584882515E-02 a        58     0     3     1    18
  4.4296093338858450E-01 a        59     0     3     1    19
  4.1286245545329964E-01 a        60     0     3     1    20
  6.5376327148360336E-02 a        61     0     4     1     1
 -4.9696414429827895E-01 a        62     0     4     1     2
  3.8523425516525039E-01 a        63     0     4     1     3
  4.8441673738599661E-01 a        64     0     4     1     4
 -2.1762523222157110E-01 a        65     0     4     1     5
  9.3631026439399117E-03 a        66     0     4     1     6
 -1.1525456090490088E-01 a        67     0     4     1     7
 -1.1114954587904463E-01 a        68     0     4     1     8
  1.6131639004838724E-01 a        69     0     4     1     9
 -2.7702814106406015E-01 a        70     0     4     1    10
 -8.3361814460100181E-01 a        71     0     4     1    11
 -6.4298660847796174E-01 a        72     0     4     1    12
 -1.9698936759554139E-01 a        73     0     4     1    13
 -8.7049416309618641E-02 a        74     0     4     1    14
 -8.7334946986343975E-02 a        75     0     4     1    15
 -4.3231393316030725E-01 a        76     0     4     1    16
  8.3205188604827673E-02 a        77     0     4     1    17
 -4.0763417743425800E-01 a        78     0     4     1    18
  1.4007593430261833E-01 a        79     0     4     1    19
 -2.1237059236046454E-01 a        80     0     4     1    20
 -5.4812523175740402E-01 a        81     0     5     1     1
 -2.8976972383526020E-02 a        82     0     5     1     2
 -1.8706425175456864E-01 a        83     0     5     1     3
  3.0844804429337586E-01 a        84     0     5     1     4
  5.1522719008294315E-01 a        85     0     5     1     5
 -4.7487144346291310E-01 a        86     0     5     1     6
  6.8464677229985982E-01 a        87     0     5     1     7
  7.6225145828719865E-01 a        88     0     5     1     8
 -1.3418962123971173E-01 a        89     0     5     1     9
 -2.7474781592245823E-01 a        90     0     5     1    10
  1.8609950585086710E-01 a        91     0     5     1    11
 -2.4658267208282836E-01 a        92     0     5     1    12
  3.1663424214899039E-01 a        93     0     5     1    13
  4.9902311614571004E-01 a        94     0     5     1    14
 -5.5535425683360651E-01 a        95     0     5     1    15
 -5.5596834925924987E-01 a        96     0     5     1    16
  6.2195952351467187E-01 a        97     0     5     1    17
  1.3406183086718074E-01 a        98     0     5     1    18
 -6.1839012488893685E-01 a        99     0     5     1    19
  2.1008676701872300E-01 a       100     0     5     1    20
  2.6798002398164233E-01 a       101     0     6     1     1
  5.4214017249861168E-01 a       102     0     6     1     2
  5.8592805120260818E-03 a       103     0     6     1     3
  5.1184309729797584E-01 a       104     0     6     1     4
 -4.3176556644759945E-01 a       105     0     6     1     5
  4.9464578213899213E-01 a       106     0     6     1     6
  4.2226646602731160E-01 a       107     0     6     1     7
 -4.5882935173172851E-01 a       108     0     6     1     8
  3.9041132443687121E-01 a       109     0     6     1     9
 -1.6314989581600106E-01 a       110     0     6     1    10
  1.6151435979441622E-01 a       111     0     6     1    11
 -6.1649711066531954E-01 a       112     0     6     1    12
  3.2916233887805529E-01 a       113     0     6     1    13
 -3.4906255473641734E-01 a       114     0     6     1    14
 -2.3874775185952149E-01 a       115     0     6     1    15
  4.6055573568606140E-01 a       116     0     6     1    16
 -2.9382709743489093E-02 a       117     0     6     1    17
 -2.7935353293146081E-01 a       118     0     6     1    18
  2.8045626184619965E-01 a       119     0     6     1    19
 -4.0079717371731927E-01 a       120     0     6     1    20
 -4.5042748467501775E-01 a       121     0     7     1     1
 -1.6806709546513983E-02 a       122     0     7     1     2
  7.5576822910510932E-01 a       123     0     7     1     3
  1.0761029020027673E+00 a       124     0     7     1     4
  6.5931400468278156E-01 a       125     0     7     1     5
 -5.7209075868963399E-01 a       126     0     7     1     6
  6.4236495363161839E-01 a       127     0     7     1     7
  8.9893245002345593E-02 a       128     0     7     1     8
  4.6548426421560429E-01 a       129     0     7     1     9
  3.6531399108039264E-01 a       130     0     7     1    10
 -3.9297424841421186E-01 a       131     0     7     1    11
  1.4402772368940872E-01 a       132     0     7     1    12
 -5.6098352679562147E-01 a       133     0     7     1    13
 -3.8138847869041642E-01 a       134     0     7     1    14
  3.3892378611281843E-01 a       135     0     7     1    15
 -2.4056746105685156E-01 a       136     0     7     1    16
 -2.4907646699822850E-01 a       137     0     7     1    17
  8.1288025479211912E-01 a       138     0     7     1    18
 -1.4975703364341625E-01 a       139     0     7     1    19
  1.5629881873637896E-01 a       140     0     7     1    20
 -2.9261471997934524E-01 a       141     0     8     1     1
 -1.4476729123124249E-01 a       142     0     8     1     2
  4.0813232882189188E-01 a       143     0     8     1     3
 -8.3914550716153044E-02 a       144     0     8     1     4
 -5.2751521862894046E-01 a       145     0     8     1     5
  6.7984033789592402E-01 a       146     0     8     1     6
 -3.2354198027157743E-01 a       147     0     8     1     7
 -2.9949763085504855E-01 a       148     0     8     1     8
 -8.0060030575973629E-01 a       149     0     8     1     9
 -3.4533290487201174E-01 a       150     0     8     1    10
  5.5763068610232036E-01 a       151     0     8     1    11
 -6.4250553842348712E-01 a       152     0     8     1    12
 -5.7973660163991214E-01 a       153     0     8     1    13
 -6.9325703960174789E-01 a       154     0     8     1    14
  2.7833919851383482E-01 a       155     0     8     1    15
 -1.0046483229497924E-01 a       156     0     8     1    16
  2.4020431360032626E-01 a       157     0     8     1    17
 -5.0847013202613678E-01 a       158     0     8     1    18
  8.1098376732080157E-01 a       159     0     8     1    19
 -6.8324727385808759E-01 a       160     0     8     1    20
 -5.1832440003449376E-01 a       161     0     9     1     1
  4.8463540156554830E-01 a       162     0     9     1     2
 -9.4338378523827135E-02 a       163     0     9     1     3
 -2.4042522405877464E-01 a       164     0     9     1     4
  5.4674779341374380E-01 a       165     0     9     1     5
 -6.6271083197573843E-01 a       166     0     9     1     6
 -1.5733876663898722E-01 a       167     0     9     1     7
  6.1402003876959299E-01 a       168     0     9     1     8
  6.7996617079473398E-01 a       169     0     9     1     9
 -1.4453735806593110E-01 a       170     0     9     1    10
 -2.6071612946674916E-01 a       171     0     9     1    11
  4.7846647061692738E-01 a       172     0     9     1    12
  4.2040939204423217E-01 a       173     0     9     1    13
  6.5523300827159492E-01 a       174     0     9     1    14
 -4.7562662465035443E-01 a       175     0     9     1    15
  5.8490208299135005E-01 a       176     0     9     1    16
  3.3465160538276256E-01 a       177     0     9     1    17
 -1.6831224309517781E-01 a       178     0     9     1    18
  5.7706451633011885E-02 a       179     0     9     1    19
  6.1582448167354953E-01 a       180     0     9     1    20
  2.8942493010987635E-01 a       181     0    10     1     1
  3.0684795456948943E-01 a       182     0    10     1     2
 -6.3712749747591735E-01 a       183     0    10     1     3
 -6.1403058284444678E-01 a       184     0    10     1     4
 -2.2222074419442356E-01 a       185     0    10     1     5
 -5.3715825251395100E-01 a       186     0    10     1     6
 -1.2261608216400834E-01 a       187     0    10     1     7
 -4.1514665073817136E-01 a       188     0    10     1     8
  3.9559629455282919E-01 a       189     0    10     1     9
 -2.7190728004564990E-01 a       190     0    10     1    10
  2.6053108921658263E-01 a       191     0    10     1    11
  2.7278758456068730E-01 a       192     0    10     1    12
  4.1193105138364872E-01 a       193     0    10     1    13
 -5.8533659358829115E-01 a       194     0    10     1    14
 -7.0697781898975776E-01 a       195     0    10     1    15
 -3.9715465215464346E-01 a       196     0    10     1    16
  4.7548936599801911E-01 a       197     0    10     1    17
 -3.6264817273162919E-01 a       198     0    10     1    18
 -4.8228263327061038E-01 a       199     0    10     1    19
 -4.7699922336489392E-01 a       200     0    10     1    20
 -3.0575565549218275E-01 a       201     0    11     1     1
 -6.7816024022106652E-02 a       202     0    11     1     2
 -2.8443528808451257E-01 a       203     0    11     1     3
 -4.7896945362081500E-02 a       204     0    11     1     4
 -4.0295082387686768E-02 a       205     0    11     1     5
 -3.5323674681959355E-01 a       206     0    11     1     6
 -4.0167208553657280E-01 a       207     0    11     1     7
 -1.4644201842729818E-01 a       208     0    11     1     8
 -2.6629372258899942E-01 a       209     0    11     1     9
 -1.7701373413523275E-01 a       210     0    11     1    10
 -4.2444670001389739E-01 a       211     0    11     1    11
  4.0113161837790823E-01 a       212     0    11     1    12
  3.4418425164938032E-01 a       213     0    11     1    13
 -3.1632390443597830E-01 a       214     0    11     1    14
  6.0004270049313420E-02 a       215     0    11     1    15
 -7.5508155338757767E-03 a       216     0    11     1    16
  2.1126801329877901E-01 a       217     0    11     1    17
  4.9322217583710798E-01 a       218     0    11     1    18
 -4.5958290989491385E-01 a       219     0    11     1    19
  3.5408129367536362E-01 a       220     0    11     1    20
 -1.6153244309283981E-02 a       221     0    12     1     1
 -3.5847440276638959E-01 a       222     0    12     1     2
 -2.2609688380484319E-01 a       223     0    12     1     3
  3.9795336513178292E-02 a       224     0    12     1     4
  5.0990648067619637E-01 a       225     0    12     1     5
  5.2213974699981625E-01 a       226     0    12     1     6
  4.6181866770917235E-01 a       227     0    12     1     7
 -3.1140338453885356E-02 a       228     0    12     1     8
 -7.4335906289039702E-02 a       229     0    12     1     9
 -5.3668303073263457E-01 a       230     0    12     1    10
  2.2737164967873549E-01 a       231     0    12     1    11
 -4.7399861803872850E-01 a       232     0    12     1    12
  3.2529045099386150E-01 a       233     0    12     1    13
  3.6155854652835401E-01 a       234     0    12     1    14
 -3.3178277282227492E-01 a       235     0    12     1    15
 -7.0524411703263090E-01 a       236     0    12     1    16
 -2.2604006938764964E-01 a       237     0    12     1    17
 -1.8008601738537325E-01 a       238     0    12     1    18
  1.4833861389080930E-01 a       239     0    12     1    19
  4.6026446349657812E-01 a       240     0    12     1    20
 -2.6227676037575232E-01 a       241     0    13     1     1
  9.8388459453093755E-02 a       242     0    13     1     2
 -4.5410785654465663E-01 a       243     0    13     1     3
 -3.1665957381445314E-01 a       244     0    13     1     4
 -3.4622276891918030E-01 a       245     0    13     1     5
 -1.2456949404502318E-01 a       246     0    13     1     6
  6.3220725267987543E-01 a       247     0    13     1     7
 -2.9396774898540307E-01 a       248     0    13     1     8
 -5.5559077065378382E-02 a       249     0    13     1     9
 -3.2534399688218091E-01 a       250     0    13     1    10
  4.3869745130738663E-01 a       251     0    13     1    11
 -3.7784441897910881E-01 a       252     0    13     1    12
 -5.1179917139842535E-01 a       253     0    13     1    13
  3.7381799907403937E-02 a       254     0    13     1    14
  1.5329288104783975E-01 a       255     0    13     1    15
  1.7225108895231042E-01 a       256     0    13     1    16
 -8.4343151729875006E-03 a       257     0    13     1    17
 -3.8570322139980101E-01 a       258     0    13     1    18
  6.8824265855853550E-01 a       259     0    13     1    19
 -5.9673003239773958E-01 a       260     0    13     1    20
  1.9055000821886930E-01 a       261     0    14     1     1
 -5.5511941493412753E-01 a       262     0    14     1     2
 -4.9315121675802537E-01 a       263     0    14     1     3
 -3.2288961664326588E-01 a       264     0    14     1     4
  5.6377797943203101E-01 a       265     0    14     1     5
 -1.4738133990277796E-01 a       266     0    14     1     6
 -6.1047350924087362E-02 a       267     0    14     1     7
  2.2147510335917417E-01 a       268     0    14     1     8
 -5.2001792584336792E-01 a       269     0    14     1     9
  7.0416428714170608E-03 a       270     0    14     1    10
 -8.1047330349410182E-02 a       271     0    14     1    11
 -1.9639232568887346E-01 a       272     0    14     1    12
  3.9761832398771502E-01 a       273     0    14     1    13
 -4.0228587929398696E-01 a       274     0    14     1    14
  7.5512969677637765E-01 a       275     0    14     1    15
  3.2555675143964860E-02 a       276     0    14     1    16
 -3.1952003442436300E-01 a       277     0    14     1    17
  3.7413345881685528E-01 a       278     0    14     1    18
 -2.6624117222084065E-01 a       279     0    14     1    19
  1.2228894689833021E-01 a       280     0    14     1    20
 -6.5786581075788025E-02 b       281     1     1
  9.9990000087488962E-01 b       282     1     2
  9.8008885657280512E-02 b       283     1     3
 -1.6820681682241201E+00 b       284     1     4
  1.6663788902355174E+00 b       285     1     5
  2.0801720015998995E-01 b       286     1     6
 -4.2306314033940451E-01 b       287     1     7
  1.2694338115988177E+00 b       288     1     8
  7.9921913095421382E-01 b       289     1     9
 -1.6939071328310087E+00 b       290     1    10
  1.2741218771117511E+00 b       291     1    11
  1.5224065838084115E+00 b       292     1    12
  1.1055800539749137E+00 b       293     1    13
  8.9877973043060888E-01 b       294     1    14
 -1.6744567772430832E-01 b       295     1    15
  1.0330721441158945E+00 b       296     1    16
 -5.5358206810976773E-01 b       297     1    17
 -7.2209548514307298E-01 b       298     1    18
  1.7715302690363874E+00 b       299     1    19
  1.8723591326636337E+00 b       300     1    20
 -9.8743139316995243E-02 a       301     1     1     2     1
 -3.2033018882808839E-01 a       302     1     1     2     2
  3.5747747555489945E-01 a       303     1     1     2     3
  5.4919482825901500E-01 a       304     1     1     2     4
 -4.3139423269689259E-01 a       305     1     1     2     5
  5.0814626723682577E-01 a       306     1     1     2     6
  3.2620592521439618E-01 a       307     1     1     2     7
  1.4104100969512345E-01 a       308     1     1     2     8
  1.6802906653764486E-02 a       309     1     1     2     9
 -3.1660144785747896E-01 a       310     1     1     2    10
 -1.7945272122005967E-01 a       311     1     1     2    11
 -6.6774501666020572E-02 a       312     1     1     2    12
  8.2133019210592892E-02 a       313     1     1     2    13
 -3.6187698567685256E-01 a       314     1     1     2    14
  3.0725192931324713E-01 a       315     1     1     2    15
 -2.8146508107216234E-01 a       316     1     1     2    16
  2.9945321681499443E-01 a       317     1     1     2    17
  3.1091471103302443E-01 a       318     1     1     2    18
 -1.1187786369629453E-01 a       319     1     1     2    19
  5.6314331262706840E-01 a       320     1     1     2    20
  5.6385215498661101E-01 a       321     1     2     2     1
 -1.6894351097183147E-01 a       322     1     2     2     2
  1.8973008269886266E-01 a       323     1     2     2     3
 -4.8545317697244246E-02 a       324     1     2     2     4
  9.2476990469613038E-02 a       325     1     2     2     5
  1.7385748267987305E-01 a       326     1     2     2     6
 -2.3897043083882269E-01 a       327     1     2     2     7
 -1.1221962339263804E-01 a       328     1     2     2     8
  3.7886808739428834E-01 a       329     1     2     2     9
  6.0862353344482389E-01 a       330     1     2     2    10
  3.8225047991378713E-01 a       331     1     2     2    11
  3.8689375262399928E-01 a       332     1     2     2    12
  4.5576097233365603E-01 a       333     1     2     2    13
 -5.1062845127367884E-01 a       334     1     2     2    14
 -2.9375304291461635E-01 a       335     1     2     2    15
 -1.2214338896012258E-01 a       336     1     2     2    16
  8.1668531849387355E-02 a       337     1     2     2    17
  4.7585210861438765E-01 a       338     1     2     2    18
 -3.8658439792901772E-01 a       339     1     2     2    19
  1.5272428862385629E-01 a       340     1     2     2    20
  2.6037588390469257E-01 a       341     1     3     2     1
  3.7784245758992263E-01 a       342     1     3     2     2
  3.5728956530556261E-01 a       343     1     3     2     3
 -1.1674546989200804E-01 a       344     1     3     2     4
 -3.2478056309681658E-01 a       345     1     3     2     5
  1.3300100282008435E-03 a       346     1     3     2     6
 -5.2558157750706165E-02 a       347     1     3     2     7
  3.2225323173729586E-01 a       348     1     3     2     8
 -3.7990873463409380E-01 a       349     1     3     2     9
 -6.0343115110523517E-02 a       350     1     3     2    10
  2.2135426957182458E-01 a       351     1     3     2    11
 -2.2040439866465270E-01 a       352     1     3     2    12
  1.9788088435904383E-01 a       353     1     3     2    13
  5.5617644250696907E-01 a       354     1     3     2    14
 -3.0271646983295980E-01 a       355     1     3     2    15
 -3.7582662727014499E-01 a       356     1     3     2    16
  3.6962186046757904E-02 a       357     1     3     2    17
  2.0211132184063374E-01 a       358     1     3     2    18
 -5.5580583565976194E-01 a       359     1     3     2    19
  1.7781391745030281E-01 a       360     1     3     2    20
 -4.7490049659848094E-01 a       361     1     4     2     1
 -3.2739050506552586E-01 a       362     1     4     2     2
 -3.6612329665940196E-01 a       363     1     4     2     3
  6.3136850718558479E-01 a       364     1     4     2     4
 -2.9796798502679905E-01 a       365     1     4     2     5
  4.5591146832844304E-01 a       366     1     4     2     6
 -3.4058579584932569E-01 a       367     1     4     2     7
  4.5053900905286659E-01 a       368     1     4     2     8
  1.5269081143406962E-01 a       369     1     4     2     9
  5.1147577622674190E-01 a       370     1     4     2    10
 -9.7512769430302279E-02 a       371     1     4     2    11
  2.8478219075784067E-01 a       372     1     4     2    12
  5.0760962861611990E-02 a       373     1     4     2    13
  1.5123312774323805E-01 a       374     1     4     2    14
  4.9195705517471204E-02 a       375     1     4     2    15
  3.8256903623855643E-01 a       376     1     4     2    16
 -1.9509675764689146E-02 a       377     1     4     2    17
  4.4930908953488091E-01 a       378     1     4     2    18
 -3.2428127793283612E-01 a       379     1     4     2    19
  4.7523341364521277E-01 a       380     1     4     2    20
 -6.0081035834242369E-01 a       381     1     5     2     1
 -5.1177957564851539E-01 a       382     1     5     2     2
  2.7312139397424184E-01 a       383     1     5     2     3
 -2.0189785278229191E-01 a       384     1     5     2     4
 -2.6523770140344832E-01 a       385     1     5     2     5
  5.9998790146899728E-01 a       386     1     5     2     6
  1.0878169437996561E-01 a       387     1     5     2     7
  6.0021594981041149E-01 a       388     1     5     2     8
 -2.9164631659503032E-01 a       389     1     5     2     9
  5.8233367824935411E-01 a       390     1     5     2    10
 -8.0761038405031946E-02 a       391     1     5     2    11
  4.0334625250614320E-01 a       392     1     5     2    12
 -1.4924981995950415E-01 a       393     1     5     2    13
 -1.2406174023176104E-01 a       394     1     5     2    14
  2.1266568360077084E-01 a       395     1     5     2    15
 -1.4465972178211361E-01 a       396     1     5     2    16
 -3.8783757990726725E-01 a       397     1     5     2    17
 -4.8419224187221027E-02 a       398     1     5     2    18
  1.5635941448488014E-01 a       399     1     5     2    19
 -9.9752418251511474E-02 a       400     1     5     2    20
 -3.4253139377716729E-01 a       401     1     6     2     1
  4.0702138214764239E-01 a       402     1     6     2     2
 -3.5092248453718217E-01 a       403     1     6     2     3
 -5.5803435701464021E-01 a       404     1     6     2     4
  2.5004422807726340E-01 a       405     1     6     2     5
 -5.3805834174234102E-01 a       406     1     6     2     6
 -1.7418706575503967E-01 a       407     1     6     2     7
 -2.9392023693116343E-01 a       408     1     6     2     8
  3.4988247045400406E-01 a       409     1     6     2     9
 -4.7375401829940827E-01 a       410     1     6     2    10
  2.8813198012882446E-01 a       411     1     6     2    11
 -3.4381103637084309E-01 a       412     1     6     2    12
  3.6010402623442189E-01 a       413     1     6     2    13
  9.9810621270454314E-02 a       414     1     6     2    14
 -4.4389253142813506E-01 a       415     1     6     2    15
  1.1900247708553163E-01 a       416     1     6     2    16
  4.0994635759703224E-01 a       417     1     6     2    17
 -2.5610728117118470E-01 a       418     1     6     2    18
  1.4840506296563796E-01 a       419     1     6     2    19
 -1.7664496053366152E-01 a       420     1     6     2    20
 -2.6303626864378319E-02 a       421     1     7     2     1
 -4.4986635447350981E-01 a       422     1     7     2     2
  2.2385417043559047E-01 a       423     1     7     2     3
  1.8715295239436480E-01 a       424     1     7     2     4
 -4.9934659350021565E-01 a       425     1     7     2     5
  6.7537954700164007E-02 a       426     1     7     2     6
  3.2481491178121202E-01 a       427     1     7     2     7
  2.1005831422029553E-02 a       428     1     7     2     8
  2.7824563839362954E-01 a       429     1     7     2     9
  2.1826295467954404E-01 a       430     1     7     2    10
 -2.5278098880767302E-01 a       431     1     7     2    11
 -2.8263014827395161E-01 a       432     1     7     2    12
 -2.4727438536157267E-01 a       433     1     7     2    13
 -9.8899566777376963E-02 a       434     1     7     2    14
 -1.4001288210427126E-01 a       435     1     7     2    15
  1.1184112421020835E-01 a       436     1     7     2    16
 -3.6727538251536568E-01 a       437     1     7     2    17
 -3.8036555548876272E-01 a       438     1     7     2    18
 -9.5379107344157610E-02 a       439     1     7     2    19
  5.9059831346712743E-01 a       440     1     7     2    20
  1.7192950427155565E-01 a       441     1     8     2     1
 -2.0785295223424294E-01 a       442     1     8     2     2
  4.3211271492936776E-01 a       443     1     8     2     3
 -3.3405628207505717E-03 a       444     1     8     2     4
  4.5783836693145064E-01 a       445     1     8     2     5
 -3.6223999556537584E-01 a       446     1     8     2     6
  2.2536543484274543E-01 a       447     1     8     2     7
  2.5168383691457640E-02 a       448     1     8     2     8
  3.3874777338937678E-01 a       449     1     8     2     9
  1.2375359307683280E-01 a       450     1     8     2    10
  2.9086010044768612E-01 a       451     1     8     2    11
 -3.4357612381483510E-01 a       452     1     8     2    12
  1.4654157824156056E-01 a       453     1     8     2    13
  4.2616469547347896E-01 a       454     1     8     2    14
 -1.2593875105625729E-01 a       455     1     8     2    15
  2.2158731920394473E-01 a       456     1     8     2    16
 -2.1433369269084390E-01 a       457     1     8     2    17
  3.7307848390532689E-01 a       458     1     8     2    18
 -5.2140125092552270E-01 a       459     1     8     2    19
 -3.9978279137633194E-01 a       460     1     8     2    20
  4.5328796141155242E-01 a       461     1     9     2     1
 -2.8304570082806524E-01 a       462     1     9     2     2
  3.9319690752507697E-01 a       463     1     9     2     3
 -4.1591122427821553E-01 a       464     1     9     2     4
  1.7573081284738737E-01 a       465     1     9     2     5
 -2.2754970346485998E-01 a       466     1     9     2     6
 -2.7854210241137484E-01 a       467     1     9     2     7
  4.8278852088255769E-01 a       468     1     9     2     8
 -2.7691638147820169E-01 a       469     1     9     2     9
 -5.2962988871567684E-01 a       470     1     9     2    10
  1.5895859014730054E-01 a       471     1     9     2    11
  3.3950155768879609E-01 a       472     1     9     2    12
  9.0585026213895872E-02 a       473     1     9     2    13
 -3.0192262994944763E-01 a       474     1     9     2    14
  3.8323541638911085E-01 a       475     1     9     2    15
  4.8210488791513606E-01 a       476     1     9     2    16
 -1.0667764333263040E-01 a       477     1     9     2    17
  2.5286432396847458E-01 a       478     1     9     2    18
 -5.8851687077629573E-03 a       479     1     9     2    19
 -3.8432682094130047E-02 a       480     1     9     2    20
  2.2062982292851602E-01 a       481     1    10     2     1
  4.6253161947012761E-01 a       482     1    10     2     2
 -8.1884373546220763E-03 a       483     1    10     2     3
  6.7385375358308996E-01 a       484     1    10     2     4
 -2.4931368441023485E-01 a       485     1    10     2     5
  1.9728868268795108E-01 a       486     1    10     2     6
 -4.6403634827878698E-01 a       487     1    10     2     7
  4.9653696888745341E-01 a       488     1    10     2     8
  3.3419110961416815E-01 a       489     1    10     2     9
  1.9401097382815194E-01 a       490     1    10     2    10
  5.2575638487436870E-02 a       491     1    10     2    11
 -3.9400036338313721E-01 a       492     1    10     2    12
 -7.5618342730065125E-02 a       493     1    10     2    13
  3.3767357529669567E-01 a       494     1    10     2    14
 -4.1529743136203479E-01 a       495     1    10     2    15
 -3.0661728107774922E-01 a       496     1    10     2    16
 -1.8770502781667880E-01 a       497     1    10     2    17
  2.2664915703995808E-01 a       498     1    10     2    18
  1.0040048743099213E-01 a       499     1    10     2    19
 -4.8945599423853481E-01 a       500     1    10     2    20
 -4.8672066832267558E-01 a       501     1    11     2     1
  5.9301251210922101E-01 a       502     1    11     2     2
 -5.0941149427839738E-01 a       503     1    11     2     3
  3.1210491540651797E-01 a       504     1    11     2     4
  6.1480867525473681E-01 a       505     1    11     2     5
 -4.5488997770200990E-01 a       506     1    11     2     6
  4.0838622542333897E-01 a       507     1    11     2     7
  2.6588042257499511E-01 a       508     1    11     2     8
 -4.9820614022737009E-01 a       509     1    11     2     9
  5.4658874061042606E-01 a       510     1    11     2    10
  3.5703865824944464E-01 a       511     1    11     2    11
  1.1180705008301454E-01 a       512     1    11     2    12
 -6.1609519142738489E-01 a       513     1    11     2    13
 -7.4269052019276327E-01 a       514     1    11     2    14
  3.4368743843019073E-01 a       515     1    11     2    15
 -2.1728394164962525E-01 a       516     1    11     2    16
 -4.3463510637324865E-01 a       517     1    11     2    17
  1.9874391439454661E-01 a       518     1    11     2    18
 -2.9258273379218996E-01 a       519     1    11     2    19
  3.1344318272566457E-01 a       520     1    11     2    20
 -6.0739454168906759E-01 a       521     1    12     2     1
 -8.1330079925517593E-02 a       522     1    12     2     2
  4.2573732265745240E-01 a       523     1    12     2     3
  5.4298180576089605E-01 a       524     1    12     2     4
 -2.4695704149134290E-01 a       525     1    12     2     5
  1.1232017641192316E-01 a       526     1    12     2     6
 -5.0508984021201264E-01 a       527     1    12     2     7
  6.6922555607054635E-01 a       528     1    12     2     8
  4.4210355890672209E-01 a       529     1    12     2     9
 -6.0387826615814733E-01 a       530     1    12     2    10
  4.4549190402161809E-01 a       531     1    12     2    11
  4.4799124920677058E-01 a       532     1    12     2    12
 -1.4845780970482317E-01 a       533     1    12     2    13
 -1.5829782757588953E-01 a       534     1    12     2    14
  4.2328952185277730E-01 a       535     1    12     2    15
  1.3042614229385679E-01 a       536     1    12     2    16
 -3.9634213453191380E-01 a       537     1    12     2    17
 -5.0561092136576402E-01 a       538     1    12     2    18
 -5.2506777979371699E-01 a       539     1    12     2    19
 -1.2021378362538915E-01 a       540     1    12     2    20
  1.1855933630762647E-01 a       541     1    13     2     1
 -2.6235701383768484E-01 a       542     1    13     2     2
 -2.5727197431129678E-01 a       543     1    13     2     3
  4.9096728661066602E-01 a       544     1    13     2     4
 -3.1019266260123929E-01 a       545     1    13     2     5
 -8.0642276004140423E-02 a       546     1    13     2     6
 -2.6204291211166170E-01 a       547     1    13     2     7
 -1.9483624727537552E-01 a       548     1    13     2     8
 -2.9877255426464044E-01 a       549     1    13     2     9
  1.1005355142892523E-01 a       550     1    13     2    10
 -1.4415406925151347E-01 a       551     1    13     2    11
  4.0832418518918295E-01 a       552     1    13     2    12
 -5.4807428085477805E-01 a       553     1    13     2    13
 -1.1207617782597054E-02 a       554     1    13     2    14
 -4.9539387468791418E-01 a       555     1    13     2    15
  3.0257716809372781E-01 a       556     1    13     2    16
 -3.4196468290525188E-02 a       557     1    13     2    17
  3.6531729313423933E-01 a       558     1    13     2    18
 -4.1861465459237618E-01 a       559     1    13     2    19
 -5.5478321835346378E-01 a       560     1    13     2    20
 -9.1358683848354605E-02 a       561     1    14     2     1
  1.7511825980157922E-01 a       562     1    14     2     2
  2.6048579735397653E-01 a       563     1    14     2     3
  5.2862639661560080E-02 a       564     1    14     2     4
 -4.8535814588251885E-01 a       565     1    14     2     5
  3.2940529259427731E-01 a       566     1    14     2     6
  3.8294237500078232E-01 a       567     1    14     2     7
 -1.7153882106763968E-01 a       568     1    14     2     8
 -2.2846124544459756E-01 a       569     1    14     2     9
  2.1294106027353790E-01 a       570     1    14     2    10
 -6.2247333379637282E-01 a       571     1    14     2    11
  5.1168580482187176E-01 a       572     1    14     2    12
 -3.4273642156749407E-01 a       573     1    14     2    13
 -5.8185646743985431E-01 a       574     1    14     2    14
 -2.9572781144052940E-01 a       575     1    14     2    15
 -1.5249656549398510E-01 a       576     1    14     2    16
  9.2870226918311621E-02 a       577     1    14     2    17
  2.8710303648012342E-01 a       578     1    14     2    18
 -4.5571990947744057E-01 a       579     1    14     2    19
 -3.3409400567095354E-01 a       580     1    14     2    20
  2.6509058160082438E-01 a       581     1    15     2     1
  9.2416483086704693E-03 a       582     1    15     2     2
  1.8640435922939954E-02 a       583     1    15     2     3
 -4.2160726883082444E-01 a       584     1    15     2     4
 -2.3278726947879951E-02 a       585     1    15     2     5
  4.2127522808925205E-01 a       586     1    15     2     6
  8.7951609677376613E-02 a       587     1    15     2     7
 -3.8723436903035743E-02 a       588     1    15     2     8
 -3.2171984857053898E-01 a       589     1    15     2     9
 -2.4995786898409192E-01 a       590     1    15     2    10
  3.8029702099292362E-01 a       591     1    15     2    11
 -3.6438891902310033E-02 a       592     1    15     2    12
  2.5813481881506073E-01 a       593     1    15     2    13
  3.4275620295125825E-01 a       594     1    15     2    14
  1.6085031065548874E-01 a       595     1    15     2    15
  3.2503673017206369E-01 a       596     1    15     2    16
 -4.8418903333114582E-01 a       597     1    15     2    17
  4.0158900647901086E-01 a       598     1    15     2    18
 -1.5698111984230639E-01 a       599     1    15     2    19
  2.0541669811158098E-01 a       600     1    15     2    20
 -1.9507736053960537E-01 a       601     1    16     2     1
  3.0165662869716711E-02 a       602     1    16     2     2
 -3.1468462054258917E-01 a       603     1    16     2     3
 -5.0396291152825720E-02 a       604     1    16     2     4
 -4.3734903242490863E-01 a       605     1    16     2     5
 -1.1086768120555536E-01 a       606     1    16     2     6
 -3.5852324655701526E-02 a       607     1    16     2     7
 -9.1492693599085836E-02 a       608     1    16     2     8
 -4.5581541878402249E-01 a       609     1    16     2     9
 -6.2734912628181638E-01 a       610     1    16     2    10
  4.3899108107360529E-01 a       611     1    16     2    11
  1.1918873397556069E-01 a       612     1    16     2    12
  7.2147720658905568E-02 a       613     1    16     2    13
  4.0866311449683357E-01 a       614     1    16     2    14
 -2.8111425735881677E-02 a       615     1    16     2    15
 -3.3331245214629268E-01 a       616     1    16     2    16
  7.3940128618209450E-02 a       617     1    16     2    17
 -1.2366549224814305E-01 a       618     1    16     2    18
  4.4943847206287046E-01 a       619     1    16     2    19
 -1.5048024914151337E-01 a       620     1    16     2    20
  4.9949019443139298E-01 a       621     1    17     2     1
 -5.2772375625557109E-02 a       622     1    17     2     2
  4.3187396633004672E-02 a       623     1    17     2     3
  8.2718863266144124E-02 a       624     1    17     2     4
 -3.3923941073049002E-01 a       625     1    17     2     5
 -1.9334400013070061E-01 a       626     1    17     2     6
  3.2016983702684487E-01 a       627     1    17     2     7
 -2.7112272385517744E-01 a       628     1    17     2     8
 -2.8742247187668585E-01 a       629     1    17     2     9
 -2.0383337494874254E-01 a       630     1    17     2    10
 -6.4678516346400805E-01 a       631     1    17     2    11
 -3.1666866047990849E-01 a       632     1    17     2    12
  4.0401699161627264E-01 a       633     1    17     2    13
  1.9177211311708126E-01 a       634     1    17     2    14
 -4.6898327385039235E-01 a       635     1    17     2    15
 -4.2941114639532213E-01 a       636     1    17     2    16
  2.6876067132934328E-01 a       637     1    17     2    17
  5.7534438354388140E-01 a       638     1    17     2    18
 -3.4664908321629534E-01 a       639     1    17     2    19
  5.8918070332516459E-01 a       640     1    17     2    20
 -3.2468750272757925E-02 a       641     1    18     2     1
 -2.4850685871431583E-01 a       642     1    18     2     2
 -2.1136325098322868E-02 a       643     1    18     2     3
  3.9143783280803529E-01 a       644     1    18     2     4
  4.9948879554518810E-01 a       645     1    18     2     5
 -4.6479592517612367E-01 a       646     1    18     2     6
  1.1453229176212953E-02 a       647     1    18     2     7
  2.7625798961120446E-01 a       648     1    18     2     8
 -1.5836238628843072E-01 a       649     1    18     2     9
  9.7080923672295844E-02 a       650     1    18     2    10
 -7.3521565652846965E-01 a       651     1    18     2    11
 -3.0062812631875858E-02 a       652     1    18     2    12
 -1.2667609596257384E-01 a       653     1    18     2    13
 -1.5484988723443849E-01 a       654     1    18     2    14
  9.4836647055286091E-02 a       655     1    18     2    15
  4.1185318698394169E-01 a       656     1    18     2    16
  3.5862006222081461E-01 a       657     1    18     2    17
  4.7548135201659614E-01 a       658     1    18     2    18
  3.9812318090998500E-02 a       659     1    18     2    19
  3.3412216733053074E-01 a       660     1    18     2    20
 -5.9828825866025570E-01 a       661     1    19     2     1
 -5.0383139431393953E-01 a       662     1    19     2     2
 -2.7802499295725774E-01 a       663     1    19     2     3
 -1.5555019931803060E-01 a       664     1    19     2     4
 -5.0817699016297635E-01 a       665     1    19     2     5
  3.4820467314923664E-01 a       666     1    19     2     6
  5.2543453642878646E-01 a       667     1    19     2     7
  4.3217503442462463E-01 a       668     1    19     2     8
  4.2691802489895914E-01 a       669     1    19     2     9
  4.7224574755019191E-02 a       670     1    19     2    10
  3.6556787764817017E-01 a       671     1    19     2    11
  2.8311359005757547E-01 a       672     1    19     2    12
  4.1542518309146681E-01 a       673     1    19     2    13
 -2.2539251625316267E-01 a       674     1    19     2    14
  3.2686753948245362E-01 a       675     1    19     2    15
  6.4087942595228886E-01 a       676     1    19     2    16
 -3.5774529906113156E-01 a       677     1    19     2    17
  3.7077397644877347E-01 a       678     1    19     2    18
 -1.6114143927207900E-01 a       679     1    19     2    19
  5.1539627117437536E-01 a       680     1    19     2    20
  2.5119457364484837E-01 a       681     1    20     2     1
 -6.8931268690572323E-01 a       682     1    20     2     2
 -8.6034157517066931E-02 a       683     1    20     2     3
 -1.0852746992890194E-01 a       684     1    20     2     4
 -7.2614707279422361E-02 a       685     1    20     2     5
 -2.7599497154701036E-01 a       686     1    20     2     6
  5.5476039719541559E-01 a       687     1    20     2     7
 -1.6802369556991661E-01 a       688     1    20     2     8
  3.2960636557998069E-01 a       689     1    20     2     9
  2.1403494123756045E-01 a       690     1    20     2    10
 -4.6139327741185118E-03 a       691     1    20     2    11
 -2.9200445588244667E-01 a       692     1    20     2    12
  2.2960922809042270E-01 a       693     1    20     2    13
  4.6312575271356504E-01 a       694     1    20     2    14
 -1.3909861101327542E-01 a       695     1    20     2    15
  3.7673938046596106E-01 a       696     1    20     2    16
  3.8818455316853223E-01 a       697     1    20     2    17
  4.0124778792643606E-01 a       698     1    20     2    18
  2.4224931917171619E-01 a       699     1    20     2    19
 -8.7545823745547036E-02 a       700     1    20     2    20
 -9.8515405317772986E-01 b       701     2     1
  1.1024470568872693E+00 b       702     2     2
  1.8933582258969281E-01 b       703     2     3
 -1.1527482997790415E+00 b       704     2     4
 -3.4023166200805582E-01 b       705     2     5
 -1.0940335357377216E+00 b       706     2     6
 -1.3393644263182285E+00 b       707     2     7
  1.1147918385678874E+00 b       708     2     8
 -5.8224180151768556E-01 b       709     2     9
  8.8699834388171217E-01 b       710     2    10
  1.3689045624751183E-02 b       711     2    11
 -1.1525142207403678E+00 b       712     2    12
 -2.1312780194411757E-01 b       713     2    13
 -1.5710002133054002E+00 b       714     2    14
 -1.2983302163263593E+00 b       715     2    15
  6.1065937553889194E-01 b       716     2    16
  7.3508118998840100E-01 b       717     2    17
  2.2058636458152002E-02 b       718     2    18
  5.7094134346310343E-01 b       719     2    19
 -1.5385099675598596E-01 b       720     2    20
  2.7277378215722009E-01 a       721     2     1     3     1
  2.6718064154370808E-01 a       722     2     2     3     1
  7.0148727603159255E-01 a       723     2     3     3     1
 -4.1567942513605577E-01 a       724     2     4     3     1
  6.6256488934705274E-02 a       725     2     5     3     1
  5.6284594608811112E-01 a       726     2     6     3     1
 -4.9010804771155980E-01 a       727     2     7     3     1
 -1.0159748873865777E+00 a       728     2     8     3     1
  7.3720650998033266E-01 a       729     2     9     3     1
 -6.8119869339946307E-02 a       730     2    10     3     1
  7.2382271384403007E-01 a       731     2    11     3     1
 -4.1468344002891194E-01 a       732     2    12     3     1
 -5.2916364069203647E-01 a       733     2    13     3     1
 -3.6159201149403791E-01 a       734     2    14     3     1
 -4.3991744215335093E-01 a       735     2    15     3     1
 -1.0094688076913101E+00 a       736     2    16     3     1
 -4.1332411096233534E-01 a       737     2    17     3     1
  5.8735172248504919E-01 a       738     2    18     3     1
  7.8665407121655728E-01 a       739     2    19     3     1
  1.2285547050470202E-01 a       740     2    20     3     1
  4.2379071307215654E-01 b       741     3     1
