################################################################################
# Neural network connection values (weights and biases).
################################################################################
# Col  Name       Description
################################################################################
# 1    connection Neural network connection value.
# 2    t          Connection type (a = weight, b = bias).
# 3    index      Index enumerating weights.
# 4    l_s        Starting point layer (end point layer for biases).
# 5    n_s        Starting point neuron in starting layer (end point neuron for biases).
# 6    l_e        End point layer.
# 7    n_e        End point neuron in end layer.
################################################################################
#                      1 2         3     4     5     6     7
#             connection t     index   l_s   n_s   l_e   n_e
############################################################
 -6.1368122576635563E-02 a         1     0     1     1     1
  3.5223111153563158E-04 a         2     0     1     1     2
  5.0959668627957977E-02 a         3     0     1     1     3
  2.0701452468809889E-01 a         4     0     1     1     4
 -5.9866689606537549E-01 a         5     0     1     1     5
 -3.7431106152787752E-01 a         6     0     1     1     6
 -4.2919896913073508E-01 a         7     0     1     1     7
  2.9394156128419369E-01 a         8     0     1     1     8
 -1.1538581106037769E-01 a         9     0     1     1     9
  4.7537858207537587E-01 a        10     0     1     1    10
 -1.6545593219175081E-01 a        11     0     1     1    11
 -4.0732756689792066E-01 a        12     0     1     1    12
  1.3337719925099079E-01 a        13     0     1     1    13
  6.2074884422521326E-01 a        14     0     1     1    14
 -2.2438809547988484E-01 a        15     0     1     1    15
  2.6358717860647590E-01 a        16     0     1     1    16
  7.7444409609978615E-01 a        17     0     1     1    17
 -3.6080405611364680E-01 a        18     0     1     1    18
 -2.9002229300385018E-01 a        19     0     1     1    19
 -2.3436724888194077E-01 a        20     0     1     1    20
  2.5339019140845936E-01 a        21     0     2     1     1
  2.7065727399150874E-01 a        22     0     2     1     2
 -1.9382697715871386E-01 a        23     0     2     1     3
 -6.6185188460517064E-01 a        24     0     2     1     4
 -1.9107381234497782E-02 a        25     0     2     1     5
 -1.7396782107435910E-01 a        26     0     2     1     6
 -6.7857608397033653E-01 a        27     0     2     1     7
 -3.0229174502372685E-01 a        28     0     2     1     8
 -1.6544518620798601E-01 a        29     0     2     1     9
  3.9126108972655199E-01 a        30     0     2     1    10
  3.3751095017521099E-01 a        31     0     2     1    11
 -4.7837645554987415E-02 a        32     0     2     1    12
 -3.6387575434667829E-01 a        33     0     2     1    13
 -5.3641362283941653E-02 a        34     0     2     1    14
  6.0428309814926931E-02 a        35     0     2     1    15
  1.8514441977411802E-01 a        36     0     2     1    16
 -3.2780888672072211E-02 a        37     0     2     1    17
  6.6600206120709371E-01 a        38     0     2     1    18
 -4.1745578546196438E-01 a        39     0     2     1    19
  2.8666853140813570E-01 a        40     0     2     1    20
 -1.8472555535626400E-01 a        41     0     3     1     1
  4.4952492043616954E-01 a        42     0     3     1     2
  2.3101800505744863E-01 a        43     0     3     1     3
 -9.9524088921498943E-02 a        44     0     3     1     4
 -1.6119734320572326E-01 a        45     0     3     1     5
  1.3151486596083642E-01 a        46     0     3     1     6
  1.5224804489070115E-01 a        47     0     3     1     7
 -3.8142532886423541E-01 a        48     0     3     1     8
 -2.7800995740659201E-01 a        49     0     3     1     9
  3.1675981864916614E-01 a        50     0     3     1    10
  1.7307424079430439E-01 a        51     0     3     1    11
  3.2110596314363610E-01 a        52     0     3     1    12
 -3.9397893424890124E-01 a        53     0     3     1    13
 -8.7107355243737139E-02 a        54     0     3     1    14
 -2.3328693921780647E-01 a        55     0     3     1    15
  1.0837652055530915E+00 a        56     0     3     1    16
  7.8983253153877261E-02 a        57     0     3     1    17
 -8.6904180924522942E-03 a        58     0     3     1    18
  4.3813100271386107E-01 a        59     0     3     1    19
  3.0756693768614052E-01 a        60     0     3     1    20
  1.7080973246360937E-01 a        61     0     4     1     1
 -6.5340216409848462E-01 a        62     0     4     1     2
  4.0767645468204738E-01 a        63     0     4     1     3
  2.9052163631159866E-01 a        64     0     4     1     4
 -2.0129208583224846E-02 a        65     0     4     1     5
 -1.0319317471930685E-02 a        66     0     4     1     6
 -5.3137205084936946E-02 a        67     0     4     1     7
 -2.6808171826884344E-02 a        68     0     4     1     8
  1.8987129587238541E-01 a        69     0     4     1     9
 -2.8062413453807838E-01 a        70     0     4     1    10
 -9.3658502480515182E-01 a        71     0     4     1    11
 -4.1309379041227612E-01 a        72     0     4     1    12
 -3.4293667918439563E-01 a        73     0     4     1    13
 -1.6954980689029464E-01 a        74     0     4     1    14
 -4.0791963683840783E-02 a        75     0     4     1    15
 -4.7572566916720654E-01 a        76     0     4     1    16
  5.8595484506782272E-02 a        77     0     4     1    17
 -3.8289872314162554E-01 a        78     0     4     1    18
 -3.7649984579826566E-02 a        79     0     4     1    19
 -3.8597842239696467E-01 a        80     0     4     1    20
 -5.7111117254321486E-01 a        81     0     5     1     1
  2.2826642334935102E-01 a        82     0     5     1     2
 -3.7649256895566818E-01 a        83     0     5     1     3
  4.6077952923672921E-01 a        84     0     5     1     4
  4.3138891274743146E-01 a        85     0     5     1     5
 -5.4033000665458175E-01 a        86     0     5     1     6
  6.5843876926267042E-01 a        87     0     5     1     7
  8.3816805254204108E-01 a        88     0     5     1     8
 -2.1216664867034199E-01 a        89     0     5     1     9
 -2.3074701326392222E-02 a        90     0     5     1    10
  2.2143253951714478E-01 a        91     0     5     1    11
 -2.5991954677884738E-01 a        92     0     5     1    12
  2.9387343634736907E-01 a        93     0     5     1    13
  5.5445772967091045E-01 a        94     0     5     1    14
 -4.1181069255140079E-01 a        95     0     5     1    15
 -5.9467209538471100E-01 a        96     0     5     1    16
  6.7344972429794792E-01 a        97     0     5     1    17
  1.2858922736608663E-01 a        98     0     5     1    18
 -5.8142304254553312E-01 a        99     0     5     1    19
  4.4633393307659086E-01 a       100     0     5     1    20
  2.0588251816907785E-01 a       101     0     6     1     1
  5.7248162135981318E-01 a       102     0     6     1     2
 -7.5766622778899617E-02 a       103     0     6     1     3
  3.6179288223857914E-01 a       104     0     6     1     4
 -5.3121206434033219E-01 a       105     0     6     1     5
  3.1243554085124881E-01 a       106     0     6     1     6
  5.7107163245823334E-01 a       107     0     6     1     7
 -5.2889355986794184E-01 a       108     0     6     1     8
  4.7831954882899835E-01 a       109     0     6     1     9
 -3.8361392031181013E-01 a       110     0     6     1    10
  1.2121759462844497E-01 a       111     0     6     1    11
 -7.5566198519721639E-01 a       112     0     6     1    12
  3.9271342187831776E-01 a       113     0     6     1    13
 -2.8396136752095180E-01 a       114     0     6     1    14
 -8.4850454862332822E-02 a       115     0     6     1    15
  4.8337791400558572E-01 a       116     0     6     1    16
 -8.6120674717841170E-02 a       117     0     6     1    17
 -4.7762620717035753E-01 a       118     0     6     1    18
  6.2555915159969971E-02 a       119     0     6     1    19
 -2.9746435016921080E-01 a       120     0     6     1    20
 -4.7452744631292643E-01 a       121     0     7     1     1
 -8.6822551028874727E-06 a       122     0     7     1     2
  4.1445424133913067E-01 a       123     0     7     1     3
  8.2427213426633184E-01 a       124     0     7     1     4
  4.4762567436937495E-01 a       125     0     7     1     5
 -4.1481109340652106E-01 a       126     0     7     1     6
  8.8084824077617729E-01 a       127     0     7     1     7
  1.8988486180740746E-01 a       128     0     7     1     8
  3.8852014724526140E-01 a       129     0     7     1     9
  3.0963781226502107E-01 a       130     0     7     1    10
 -6.1997150948545232E-01 a       131     0     7     1    11
 -1.1135152535426239E-01 a       132     0     7     1    12
 -3.4746556049587135E-01 a       133     0     7     1    13
 -2.4713482777888446E-01 a       134     0     7     1    14
  2.9026123625135986E-01 a       135     0     7     1    15
 -5.9584641440987163E-01 a       136     0     7     1    16
 -2.3025689049689424E-01 a       137     0     7     1    17
  5.8267356290810846E-01 a       138     0     7     1    18
 -2.7206111457883153E-02 a       139     0     7     1    19
 -6.1893273120326775E-02 a       140     0     7     1    20
 -4.0498414678947958E-01 a       141     0     8     1     1
 -3.1755671928986628E-01 a       142     0     8     1     2
  4.4793863558067049E-01 a       143     0     8     1     3
 -1.6814291006813806E-01 a       144     0     8     1     4
 -7.0429791892687776E-01 a       145     0     8     1     5
  6.5688911634496516E-01 a       146     0     8     1     6
 -4.7059897730909356E-01 a       147     0     8     1     7
 -3.4037302921909468E-01 a       148     0     8     1     8
 -8.4042868362726464E-01 a       149     0     8     1     9
 -4.1129862899996644E-01 a       150     0     8     1    10
  5.9805904225884998E-01 a       151     0     8     1    11
 -5.6828957713687800E-01 a       152     0     8     1    12
 -4.5788879937601912E-01 a       153     0     8     1    13
 -6.8382901138829877E-01 a       154     0     8     1    14
  4.1501085842601843E-01 a       155     0     8     1    15
 -2.0183520133315291E-01 a       156     0     8     1    16
  3.6314099921153820E-01 a       157     0     8     1    17
 -4.6820994855983206E-01 a       158     0     8     1    18
  4.7440078796515595E-01 a       159     0     8     1    19
 -7.9141999891871195E-01 a       160     0     8     1    20
 -5.3410971598261037E-01 a       161     0     9     1     1
  5.1802690304813059E-01 a       162     0     9     1     2
 -2.3175137780678021E-02 a       163     0     9     1     3
 -3.0614647455064209E-01 a       164     0     9     1     4
  4.9110718226232386E-01 a       165     0     9     1     5
 -7.3641482935084002E-01 a       166     0     9     1     6
 -1.9240391258297762E-01 a       167     0     9     1     7
  4.7653305702023391E-01 a       168     0     9     1     8
  8.1765290291199055E-01 a       169     0     9     1     9
 -2.2557332617130835E-01 a       170     0     9     1    10
 -4.1459716601799812E-01 a       171     0     9     1    11
  4.0390796685269126E-01 a       172     0     9     1    12
  2.6777844885032215E-01 a       173     0     9     1    13
  6.0003374419254885E-01 a       174     0     9     1    14
 -4.9231906907648465E-01 a       175     0     9     1    15
  5.3180526712613974E-01 a       176     0     9     1    16
  3.2937898417343686E-01 a       177     0     9     1    17
 -3.7953016905504837E-02 a       178     0     9     1    18
  3.7417350928296220E-02 a       179     0     9     1    19
  7.4732730436993766E-01 a       180     0     9     1    20
  1.4509814835794671E-01 a       181     0    10     1     1
  4.5881319508572954E-01 a       182     0    10     1     2
 -5.4215168733064056E-01 a       183     0    10     1     3
 -5.1928389440077960E-01 a       184     0    10     1     4
 -4.7448794981956510E-01 a       185     0    10     1     5
 -3.4993121824783591E-01 a       186     0    10     1     6
  2.9570885439693322E-02 a       187     0    10     1     7
 -6.8365567700760133E-01 a       188     0    10     1     8
  3.8595434915501264E-01 a       189     0    10     1     9
 -3.7728278123146597E-01 a       190     0    10     1    10
  1.7365855164632893E-01 a       191     0    10     1    11
  1.7571853700343940E-01 a       192     0    10     1    12
  5.2199299506915686E-01 a       193     0    10     1    13
 -2.7511850877510169E-01 a       194     0    10     1    14
 -6.0273192238241513E-01 a       195     0    10     1    15
 -5.1240574022958418E-01 a       196     0    10     1    16
  5.7322889029743129E-01 a       197     0    10     1    17
 -4.4126047705369903E-01 a       198     0    10     1    18
 -2.6435885078156279E-01 a       199     0    10     1    19
 -3.1889349100282399E-01 a       200     0    10     1    20
 -3.0264374355356910E-01 a       201     0    11     1     1
 -2.3417294926577703E-01 a       202     0    11     1     2
 -1.3962377211927399E-01 a       203     0    11     1     3
  2.2117305119387823E-01 a       204     0    11     1     4
  1.8999786019157316E-01 a       205     0    11     1     5
 -1.9708998359829266E-01 a       206     0    11     1     6
 -3.2402384836124715E-01 a       207     0    11     1     7
 -1.7309849096340058E-01 a       208     0    11     1     8
 -2.4231913208991357E-01 a       209     0    11     1     9
 -3.6478139625468919E-01 a       210     0    11     1    10
 -3.7699069000960178E-01 a       211     0    11     1    11
  5.0640477864661404E-01 a       212     0    11     1    12
  4.2495044754957656E-01 a       213     0    11     1    13
 -3.5206960324357089E-01 a       214     0    11     1    14
  2.7819831581692933E-01 a       215     0    11     1    15
 -4.4104529738649900E-03 a       216     0    11     1    16
  1.7927188873026406E-01 a       217     0    11     1    17
  4.6325583770890272E-01 a       218     0    11     1    18
 -3.8239753777584701E-01 a       219     0    11     1    19
  1.4440322550191625E-01 a       220     0    11     1    20
  1.5586122160089991E-01 a       221     0    12     1     1
 -2.4906595239980331E-01 a       222     0    12     1     2
 -2.4992967599258201E-01 a       223     0    12     1     3
  5.7093749003125811E-02 a       224     0    12     1     4
  5.9178060962406864E-01 a       225     0    12     1     5
  2.9118812057145921E-01 a       226     0    12     1     6
  4.8465855307555877E-01 a       227     0    12     1     7
 -2.6326869768881450E-01 a       228     0    12     1     8
 -2.2009372036681299E-01 a       229     0    12     1     9
 -4.9558147796295687E-01 a       230     0    12     1    10
  2.9658675847373195E-01 a       231     0    12     1    11
 -3.5259444641935850E-01 a       232     0    12     1    12
  1.2493736313568167E-01 a       233     0    12     1    13
  2.9325107885455309E-01 a       234     0    12     1    14
 -2.8119674719900856E-01 a       235     0    12     1    15
 -7.1718402407420989E-01 a       236     0    12     1    16
 -2.7550683206337001E-01 a       237     0    12     1    17
 -4.1893638551289286E-01 a       238     0    12     1    18
  1.4068317875342745E-01 a       239     0    12     1    19
  4.4672909193865329E-01 a       240     0    12     1    20
 -2.5319240835343143E-01 a       241     0    13     1     1
  2.2872510351065914E-01 a       242     0    13     1     2
 -4.8040227668537738E-01 a       243     0    13     1     3
 -3.4156173722838873E-01 a       244     0    13     1     4
 -5.2036234467848819E-01 a       245     0    13     1     5
 -2.7390870306682802E-01 a       246     0    13     1     6
  3.3879938570181156E-01 a       247     0    13     1     7
 -8.1244489858150484E-02 a       248     0    13     1     8
 -3.6810732137741158E-02 a       249     0    13     1     9
 -2.0279510177710500E-01 a       250     0    13     1    10
  2.9602714277517167E-01 a       251     0    13     1    11
 -3.1329572620755808E-01 a       252     0    13     1    12
 -4.7710210470812647E-01 a       253     0    13     1    13
  1.4110336475228341E-01 a       254     0    13     1    14
  3.0220142663107202E-01 a       255     0    13     1    15
  1.8590544644246779E-01 a       256     0    13     1    16
 -2.9448909666914561E-02 a       257     0    13     1    17
 -3.9919711857355927E-01 a       258     0    13     1    18
  5.0484807483781513E-01 a       259     0    13     1    19
 -5.3257022437856349E-01 a       260     0    13     1    20
  2.6835082215847456E-01 a       261     0    14     1     1
 -4.7886206255271635E-01 a       262     0    14     1     2
 -6.2850580480961094E-01 a       263     0    14     1     3
 -4.1769465534911182E-01 a       264     0    14     1     4
  7.4490612672255496E-01 a       265     0    14     1     5
 -1.3906792520458033E-01 a       266     0    14     1     6
 -5.0725346029324589E-02 a       267     0    14     1     7
  2.0233035541409208E-01 a       268     0    14     1     8
 -6.1334547533841022E-01 a       269     0    14     1     9
  6.7709487246779096E-02 a       270     0    14     1    10
  4.2599020176751393E-02 a       271     0    14     1    11
 -1.1628546514964079E-01 a       272     0    14     1    12
  3.7651074799661460E-01 a       273     0    14     1    13
 -3.4572878350059350E-01 a       274     0    14     1    14
  7.4522478269142800E-01 a       275     0    14     1    15
  1.2634580027297154E-01 a       276     0    14     1    16
 -3.2846869241553572E-01 a       277     0    14     1    17
  5.2847317593104504E-01 a       278     0    14     1    18
 -2.0928147611746115E-01 a       279     0    14     1    19
  1.3283299198418916E-01 a       280     0    14     1    20
 -5.8672966832642857E-02 b       281     1     1
  8.9954348526999772E-01 b       282     1     2
  9.4135445344018659E-02 b       283     1     3
 -1.7775263289452934E+00 b       284     1     4
  1.6518911510129064E+00 b       285     1     5
  1.1292852238481492E-01 b       286     1     6
 -4.1240955063997797E-01 b       287     1     7
  1.3925025129620576E+00 b       288     1     8
  8.0346709005081074E-01 b       289     1     9
 -1.7295808696971575E+00 b       290     1    10
  1.1496629388291879E+00 b       291     1    11
  1.3902851610171694E+00 b       292     1    12
  9.9846669080734052E-01 b       293     1    13
  8.4816145523684283E-01 b       294     1    14
 -1.3102546214109692E-01 b       295     1    15
  9.3299717368519708E-01 b       296     1    16
 -4.2375489848379749E-01 b       297     1    17
 -6.4781265609483552E-01 b       298     1    18
  1.6563433727771646E+00 b       299     1    19
  1.8322399060388730E+00 b       300     1    20
 -2.1495404423351078E-01 a       301     1     1     2     1
 -3.0095000402391492E-01 a       302     1     1     2     2
  2.9160967573116975E-01 a       303     1     1     2     3
  6.5428032707946071E-01 a       304     1     1     2     4
 -5.5392526980047685E-01 a       305     1     1     2     5
  4.9184058708094508E-01 a       306     1     1     2     6
  1.2086090883059723E-01 a       307     1     1     2     7
  2.6056204309329251E-01 a       308     1     1     2     8
 -1.9745854506709466E-02 a       309     1     1     2     9
 -8.1732984248514662E-02 a       310     1     1     2    10
 -1.5057782444940970E-01 a       311     1     1     2    11
  2.2007073991551826E-01 a       312     1     1     2    12
  1.3496567281686531E-01 a       313     1     1     2    13
 -4.5309246715864010E-01 a       314     1     1     2    14
  3.8285004233916647E-01 a       315     1     1     2    15
 -2.4557399353962595E-01 a       316     1     1     2    16
  2.0240481345650849E-01 a       317     1     1     2    17
  3.5258491778459378E-01 a       318     1     1     2    18
 -8.0463761140505366E-02 a       319     1     1     2    19
  4.8886598497392231E-01 a       320     1     1     2    20
  7.0386830465009209E-01 a       321     1     2     2     1
 -1.1272456188603586E-01 a       322     1     2     2     2
  3.1286948136842530E-01 a       323     1     2     2     3
  1.1966792484976535E-02 a       324     1     2     2     4
  6.4795236728431183E-02 a       325     1     2     2     5
  6.1385506060376738E-02 a       326     1     2     2     6
 -3.7114159733814434E-01 a       327     1     2     2     7
 -2.3550649561760811E-01 a       328     1     2     2     8
  5.3416160306221927E-01 a       329     1     2     2     9
  6.0650553819900055E-01 a       330     1     2     2    10
  4.0310446043409370E-01 a       331     1     2     2    11
  4.6810518682329655E-01 a       332     1     2     2    12
  5.1652124417531275E-01 a       333     1     2     2    13
 -4.8446529398456256E-01 a       334     1     2     2    14
 -3.6176177830603362E-01 a       335     1     2     2    15
  3.6788473517457183E-02 a       336     1     2     2    16
  9.6964024462594722E-02 a       337     1     2     2    17
  4.4245062962285236E-01 a       338     1     2     2    18
 -5.9859354075597138E-01 a       339     1     2     2    19
  2.9784592594184761E-01 a       340     1     2     2    20
  3.7178261939513590E-01 a       341     1     3     2     1
  5.9524753668108032E-01 a       342     1     3     2     2
  1.5502373886636170E-01 a       343     1     3     2     3
 -1.8371777897521188E-01 a       344     1     3     2     4
 -2.9573229642665427E-01 a       345     1     3     2     5
  1.6361667428799800E-01 a       346     1     3     2     6
 -6.0324613647748687E-02 a       347     1     3     2     7
  3.4369131308750339E-01 a       348     1     3     2     8
 -4.0466376607352800E-01 a       349     1     3     2     9
 -1.8618229581793228E-01 a       350     1     3     2    10
  1.5042217377042238E-01 a       351     1     3     2    11
 -1.8596601500190166E-01 a       352     1     3     2    12
  2.4753095826522273E-01 a       353     1     3     2    13
  6.4828757961866823E-01 a       354     1     3     2    14
 -1.9676717237819452E-01 a       355     1     3     2    15
 -2.7043673048564854E-01 a       356     1     3     2    16
 -1.3930164093061123E-01 a       357     1     3     2    17
  2.5485091869475462E-01 a       358     1     3     2    18
 -4.4295688256790378E-01 a       359     1     3     2    19
  1.9311615773533075E-01 a       360     1     3     2    20
 -4.9712715089889647E-01 a       361     1     4     2     1
 -3.8774553444733612E-01 a       362     1     4     2     2
 -3.1802513051448073E-01 a       363     1     4     2     3
  6.1826086799641977E-01 a       364     1     4     2     4
 -2.9554899913323546E-01 a       365     1     4     2     5
  5.0526777529638001E-01 a       366     1     4     2     6
 -2.7849528083787017E-01 a       367     1     4     2     7
  3.2066063340640222E-01 a       368     1     4     2     8
  1.1984138639061524E-01 a       369     1     4     2     9
  5.3949789680131488E-01 a       370     1     4     2    10
 -9.9198165750151113E-02 a       371     1     4     2    11
  3.8424977535140736E-01 a       372     1     4     2    12
  1.9037309142701642E-01 a       373     1     4     2    13
  1.6505570095270655E-01 a       374     1     4     2    14
  1.9862129680159135E-01 a       375     1     4     2    15
  3.4080675775273989E-01 a       376     1     4     2    16
 -1.5389888215035694E-01 a       377     1     4     2    17
  5.4536687425731900E-01 a       378     1     4     2    18
 -2.5581746108688425E-01 a       379     1     4     2    19
  5.0635498630367348E-01 a       380     1     4     2    20
 -5.8357823376449547E-01 a       381     1     5     2     1
 -4.2142777120356911E-01 a       382     1     5     2     2
  2.2858427655671898E-01 a       383     1     5     2     3
 -2.2636091603906530E-01 a       384     1     5     2     4
 -2.3710873617102479E-01 a       385     1     5     2     5
  5.8167692108766111E-01 a       386     1     5     2     6
 -1.5154442411314587E-02 a       387     1     5     2     7
  6.5794759820098581E-01 a       388     1     5     2     8
 -4.1597495155685416E-01 a       389     1     5     2     9
  4.4611831050347012E-01 a       390     1     5     2    10
 -2.1012772546310548E-02 a       391     1     5     2    11
  5.6687880299555460E-01 a       392     1     5     2    12
 -3.0734137484629631E-01 a       393     1     5     2    13
 -1.1872226005457791E-01 a       394     1     5     2    14
  1.2135603324651095E-01 a       395     1     5     2    15
 -2.7619816999395436E-01 a       396     1     5     2    16
 -2.7153657762009104E-01 a       397     1     5     2    17
 -3.1255036215135201E-01 a       398     1     5     2    18
  6.1042400919562936E-02 a       399     1     5     2    19
 -1.9318759821580975E-01 a       400     1     5     2    20
 -2.9879228250852147E-01 a       401     1     6     2     1
  4.1565436762038643E-01 a       402     1     6     2     2
 -3.0455598228558650E-01 a       403     1     6     2     3
 -5.5140749114633414E-01 a       404     1     6     2     4
  2.1802060296498088E-01 a       405     1     6     2     5
 -5.4154090758558115E-01 a       406     1     6     2     6
  1.2748584231918166E-02 a       407     1     6     2     7
 -5.3158136638636810E-01 a       408     1     6     2     8
  4.7356324133313199E-01 a       409     1     6     2     9
 -2.8551750911997387E-01 a       410     1     6     2    10
  4.1439552282326408E-01 a       411     1     6     2    11
 -3.7513628303350116E-01 a       412     1     6     2    12
  3.0856012993307880E-01 a       413     1     6     2    13
  1.6035386527297982E-01 a       414     1     6     2    14
 -4.3850565212076070E-01 a       415     1     6     2    15
  1.1587680454049244E-01 a       416     1     6     2    16
  4.0771400441021638E-01 a       417     1     6     2    17
 -3.4423434466544522E-01 a       418     1     6     2    18
  2.8597704497240178E-01 a       419     1     6     2    19
 -1.9833762247650405E-01 a       420     1     6     2    20
 -9.7499519149882405E-02 a       421     1     7     2     1
 -2.3760548441233545E-01 a       422     1     7     2     2
  1.7726698260529897E-01 a       423     1     7     2     3
  1.4622395349689221E-01 a       424     1     7     2     4
 -3.9051862506875523E-01 a       425     1     7     2     5
  2.9553478590609073E-02 a       426     1     7     2     6
  2.1000014178760143E-01 a       427     1     7     2     7
 -7.3654518259326673E-02 a       428     1     7     2     8
  2.1459577620340056E-01 a       429     1     7     2     9
  3.6840519760168583E-01 a       430     1     7     2    10
 -3.3527952057754928E-01 a       431     1     7     2    11
 -5.7002763721049787E-01 a       432     1     7     2    12
 -1.8604834877070603E-01 a       433     1     7     2    13
 -6.6044077451572619E-02 a       434     1     7     2    14
 -1.7783366591664010E-01 a       435     1     7     2    15
  1.1283189982951872E-01 a       436     1     7     2    16
 -2.2110987471866306E-01 a       437     1     7     2    17
 -3.8170250176278342E-01 a       438     1     7     2    18
 -1.5551818098951090E-01 a       439     1     7     2    19
  4.7271074113441652E-01 a       440     1     7     2    20
  1.7526119447212940E-01 a       441     1     8     2     1
 -2.3639794365782094E-01 a       442     1     8     2     2
  2.8549411629383137E-01 a       443     1     8     2     3
 -6.4741137943335803E-02 a       444     1     8     2     4
  4.7866632287457855E-01 a       445     1     8     2     5
 -3.5162616826446252E-01 a       446     1     8     2     6
  3.3801654314901097E-01 a       447     1     8     2     7
  6.9831088936723074E-02 a       448     1     8     2     8
  2.9538764990953686E-01 a       449     1     8     2     9
  2.7860547459867449E-02 a       450     1     8     2    10
  3.3528253781367268E-01 a       451     1     8     2    11
 -3.2120285933276638E-01 a       452     1     8     2    12
 -7.5844404634415191E-02 a       453     1     8     2    13
  4.1962010440188724E-01 a       454     1     8     2    14
 -9.2926329177565270E-02 a       455     1     8     2    15
  1.5567293056028922E-01 a       456     1     8     2    16
 -1.7522685860535103E-01 a       457     1     8     2    17
  5.9254280558732841E-01 a       458     1     8     2    18
 -5.5713046777235753E-01 a       459     1     8     2    19
 -5.1837624289745943E-01 a       460     1     8     2    20
  2.4821407732118630E-01 a       461     1     9     2     1
 -2.6817592105651517E-01 a       462     1     9     2     2
  4.4590516933414204E-01 a       463     1     9     2     3
 -3.9340777774666807E-01 a       464     1     9     2     4
  2.6237455390898706E-01 a       465     1     9     2     5
  4.1351544385708788E-02 a       466     1     9     2     6
 -2.4434768518566430E-01 a       467     1     9     2     7
  5.8924200528145709E-01 a       468     1     9     2     8
 -3.9387209876021417E-01 a       469     1     9     2     9
 -3.7233150794428926E-01 a       470     1     9     2    10
  4.0785759672147127E-02 a       471     1     9     2    11
  3.1178153931894420E-01 a       472     1     9     2    12
 -4.6889239625906532E-03 a       473     1     9     2    13
 -3.2333028605688552E-01 a       474     1     9     2    14
  6.0187215666887428E-01 a       475     1     9     2    15
  5.0389518388247168E-01 a       476     1     9     2    16
 -7.2322127928782620E-02 a       477     1     9     2    17
  1.8210468825896600E-01 a       478     1     9     2    18
  2.7402340419051457E-01 a       479     1     9     2    19
 -8.5150112824669347E-02 a       480     1     9     2    20
  1.4150237075378422E-01 a       481     1    10     2     1
  5.8363102231902353E-01 a       482     1    10     2     2
 -1.7282906986566083E-02 a       483     1    10     2     3
  7.2689476774509076E-01 a       484     1    10     2     4
 -2.2755858694006734E-01 a       485     1    10     2     5
  1.9321681941469859E-01 a       486     1    10     2     6
 -4.9900503443574556E-01 a       487     1    10     2     7
  4.8398119726336636E-01 a       488     1    10     2     8
  2.5749460374223349E-01 a       489     1    10     2     9
  2.4015268428228742E-01 a       490     1    10     2    10
 -2.3664645929404982E-02 a       491     1    10     2    11
 -4.5003941465988712E-01 a       492     1    10     2    12
 -2.2165582549748367E-01 a       493     1    10     2    13
  3.3542172665882769E-01 a       494     1    10     2    14
 -3.7461599524411093E-01 a       495     1    10     2    15
 -3.5891862222675097E-01 a       496     1    10     2    16
 -1.0922867967725748E-01 a       497     1    10     2    17
  1.9636767147695344E-01 a       498     1    10     2    18
 -1.2025201212527901E-01 a       499     1    10     2    19
 -4.3287950476770781E-01 a       500     1    10     2    20
 -4.0211050889393002E-01 a       501     1    11     2     1
  3.4315412753293439E-01 a       502     1    11     2     2
 -4.0599873823537264E-01 a       503     1    11     2     3
  3.1342311782913340E-01 a       504     1    11     2     4
  6.2706713679901038E-01 a       505     1    11     2     5
 -7.0851942717207417E-01 a       506     1    11     2     6
  3.5951842409469320E-01 a       507     1    11     2     7
  1.9928973238747213E-01 a       508     1    11     2     8
 -5.6281114492034667E-01 a       509     1    11     2     9
  4.5808862151474827E-01 a       510     1    11     2    10
  4.0676741468986366E-01 a       511     1    11     2    11
  2.8692096184429777E-01 a       512     1    11     2    12
 -2.8805322500723013E-01 a       513     1    11     2    13
 -6.9590863818209936E-01 a       514     1    11     2    14
  2.6622257448053466E-01 a       515     1    11     2    15
 -3.9761633417405085E-01 a       516     1    11     2    16
 -3.3261765145161087E-01 a       517     1    11     2    17
  3.4828402514638440E-01 a       518     1    11     2    18
 -3.8269373301171323E-03 a       519     1    11     2    19
  3.4567953690507869E-01 a       520     1    11     2    20
 -6.5946648895304127E-01 a       521     1    12     2     1
  4.5740891366163994E-02 a       522     1    12     2     2
  5.7746191894549881E-01 a       523     1    12     2     3
  5.4029835178745589E-01 a       524     1    12     2     4
 -1.7100686170690876E-01 a       525     1    12     2     5
  1.8629024059228136E-01 a       526     1    12     2     6
 -6.4699399017438208E-01 a       527     1    12     2     7
  3.7637359194565251E-01 a       528     1    12     2     8
  5.8048595862096908E-01 a       529     1    12     2     9
 -6.0386570157628239E-01 a       530     1    12     2    10
  4.3181624985585598E-01 a       531     1    12     2    11
  2.8492120554935857E-01 a       532     1    12     2    12
 -1.6607857803960580E-01 a       533     1    12     2    13
 -1.7523963125109426E-01 a       534     1    12     2    14
  7.2709605107396424E-01 a       535     1    12     2    15
  1.7907530073088179E-01 a       536     1    12     2    16
 -6.4267700343704615E-01 a       537     1    12     2    17
 -3.8608393349389775E-01 a       538     1    12     2    18
 -5.7852966393073058E-01 a       539     1    12     2    19
 -1.6485019192145522E-02 a       540     1    12     2    20
 -6.0497536678138071E-02 a       541     1    13     2     1
 -3.7404887103656775E-01 a       542     1    13     2     2
 -2.2029391830673592E-01 a       543     1    13     2     3
  3.2643243312602171E-01 a       544     1    13     2     4
 -2.2598486439401994E-01 a       545     1    13     2     5
 -3.4254615932273530E-01 a       546     1    13     2     6
 -7.2678941192132723E-02 a       547     1    13     2     7
 -1.6454302069216992E-01 a       548     1    13     2     8
 -3.1880068084599655E-01 a       549     1    13     2     9
 -1.1823151285205005E-01 a       550     1    13     2    10
  1.1363565515747201E-02 a       551     1    13     2    11
  4.0420827799249837E-01 a       552     1    13     2    12
 -4.4053057747666141E-01 a       553     1    13     2    13
 -7.0153117620026517E-02 a       554     1    13     2    14
 -4.7022033450270839E-01 a       555     1    13     2    15
  7.5949844311311188E-02 a       556     1    13     2    16
  4.0662185100279170E-02 a       557     1    13     2    17
  4.1371770852135092E-01 a       558     1    13     2    18
 -2.6644021228851927E-01 a       559     1    13     2    19
 -4.9809612242446105E-01 a       560     1    13     2    20
 -4.3978891094672692E-02 a       561     1    14     2     1
  3.1406576987013396E-01 a       562     1    14     2     2
  1.9141863139843865E-01 a       563     1    14     2     3
 -5.8803060965943229E-03 a       564     1    14     2     4
 -4.4882572287151573E-01 a       565     1    14     2     5
  5.3596748014575057E-01 a       566     1    14     2     6
  3.4747950698850699E-01 a       567     1    14     2     7
 -1.5440258171341645E-01 a       568     1    14     2     8
 -3.1051200699886178E-01 a       569     1    14     2     9
  2.9243296014955145E-01 a       570     1    14     2    10
 -6.1833184042314870E-01 a       571     1    14     2    11
  3.9992624906016838E-01 a       572     1    14     2    12
 -1.7685029145403774E-01 a       573     1    14     2    13
 -7.2037785142213628E-01 a       574     1    14     2    14
 -2.5553119680062653E-01 a       575     1    14     2    15
  9.0894384350754268E-02 a       576     1    14     2    16
 -2.3512444011365680E-01 a       577     1    14     2    17
  3.7994569335809569E-01 a       578     1    14     2    18
 -4.0381496877899453E-01 a       579     1    14     2    19
 -3.8072183535328280E-01 a       580     1    14     2    20
  2.2478391562766092E-01 a       581     1    15     2     1
  1.9956886053459152E-01 a       582     1    15     2     2
  2.4273974095664733E-01 a       583     1    15     2     3
 -3.8644653215049568E-01 a       584     1    15     2     4
 -5.5597961279182914E-02 a       585     1    15     2     5
  4.8271062940292292E-01 a       586     1    15     2     6
  1.5096639660774552E-01 a       587     1    15     2     7
 -1.1453289233524015E-01 a       588     1    15     2     8
 -2.5032493695936703E-01 a       589     1    15     2     9
 -3.3599680863138470E-01 a       590     1    15     2    10
  3.3629900266019008E-01 a       591     1    15     2    11
  2.0952185033567872E-02 a       592     1    15     2    12
  2.8226988441361150E-01 a       593     1    15     2    13
  3.2719542927968637E-01 a       594     1    15     2    14
  1.6953144737144638E-01 a       595     1    15     2    15
  1.9969814607725328E-01 a       596     1    15     2    16
 -5.0466947152111563E-01 a       597     1    15     2    17
  3.6721548338182430E-01 a       598     1    15     2    18
 -2.5740802108476007E-01 a       599     1    15     2    19
  1.4902944180763869E-02 a       600     1    15     2    20
 -7.7913281995557526E-02 a       601     1    16     2     1
  8.0001440752828432E-02 a       602     1    16     2     2
 -3.4428283701702461E-01 a       603     1    16     2     3
 -1.3330179360289312E-02 a       604     1    16     2     4
 -5.2013567629265900E-01 a       605     1    16     2     5
 -2.3531914321327344E-02 a       606     1    16     2     6
 -2.0272615749614385E-03 a       607     1    16     2     7
 -1.1916869911370065E-01 a       608     1    16     2     8
 -4.8447531590827991E-01 a       609     1    16     2     9
 -4.9517806134779557E-01 a       610     1    16     2    10
  1.8538871298285814E-01 a       611     1    16     2    11
  2.5716297694550888E-01 a       612     1    16     2    12
  2.1233160141267887E-01 a       613     1    16     2    13
  4.0898764251091185E-01 a       614     1    16     2    14
  4.3214268657049250E-03 a       615     1    16     2    15
 -2.3863120949453756E-01 a       616     1    16     2    16
  1.0716954373372935E-01 a       617     1    16     2    17
 -1.9338252607056086E-01 a       618     1    16     2    18
  5.6420080923197546E-01 a       619     1    16     2    19
 -9.9817980093985667E-02 a       620     1    16     2    20
  5.0306137337625922E-01 a       621     1    17     2     1
 -1.0913050479860011E-01 a       622     1    17     2     2
 -1.9504241010223689E-02 a       623     1    17     2     3
 -1.8692888109207290E-02 a       624     1    17     2     4
 -2.0827603684508270E-01 a       625     1    17     2     5
 -1.8407701644824118E-01 a       626     1    17     2     6
  2.4415739800602757E-01 a       627     1    17     2     7
 -1.4898794491071948E-01 a       628     1    17     2     8
 -2.7210719459110561E-01 a       629     1    17     2     9
 -5.0559870368428583E-01 a       630     1    17     2    10
 -6.6769122180486062E-01 a       631     1    17     2    11
 -3.5088791760344185E-01 a       632     1    17     2    12
  2.7488035791268195E-01 a       633     1    17     2    13
  1.7407646464656867E-01 a       634     1    17     2    14
 -3.2757551132381452E-01 a       635     1    17     2    15
 -3.0482590286021244E-01 a       636     1    17     2    16
  2.9113554773040046E-01 a       637     1    17     2    17
  2.7571340552047724E-01 a       638     1    17     2    18
 -1.2735466013397109E-01 a       639     1    17     2    19
  6.5533402032545440E-01 a       640     1    17     2    20
 -7.3626103909564585E-03 a       641     1    18     2     1
 -4.0736827900433431E-01 a       642     1    18     2     2
  2.8919766093252847E-01 a       643     1    18     2     3
  4.6871403437679304E-01 a       644     1    18     2     4
  5.4035165632847992E-01 a       645     1    18     2     5
 -4.8996722227428635E-01 a       646     1    18     2     6
  2.3449991177388142E-02 a       647     1    18     2     7
  5.0328467180899694E-01 a       648     1    18     2     8
 -3.1024796087207429E-01 a       649     1    18     2     9
 -3.8137645100297858E-02 a       650     1    18     2    10
 -8.3740726723842118E-01 a       651     1    18     2    11
 -5.3184159769434941E-02 a       652     1    18     2    12
 -2.5280187826906075E-01 a       653     1    18     2    13
 -1.6484794702429709E-01 a       654     1    18     2    14
 -7.1721795670081315E-02 a       655     1    18     2    15
  6.2986338834013056E-01 a       656     1    18     2    16
  3.2169261335211879E-01 a       657     1    18     2    17
  2.9737311053404891E-01 a       658     1    18     2    18
  8.5984021883055317E-02 a       659     1    18     2    19
  4.0797009230704712E-01 a       660     1    18     2    20
 -5.5936693157007300E-01 a       661     1    19     2     1
 -4.1417796082439257E-01 a       662     1    19     2     2
 -5.3340402706015766E-01 a       663     1    19     2     3
 -1.3818229089945108E-01 a       664     1    19     2     4
 -4.5635794606204610E-01 a       665     1    19     2     5
  4.6161976876213945E-01 a       666     1    19     2     6
  4.7439250076472889E-01 a       667     1    19     2     7
  6.0797999046247087E-01 a       668     1    19     2     8
  2.3041716061222842E-01 a       669     1    19     2     9
  1.2243298458902308E-02 a       670     1    19     2    10
  2.3897573407329764E-01 a       671     1    19     2    11
  2.3484585753130874E-01 a       672     1    19     2    12
  3.3373628563666641E-01 a       673     1    19     2    13
 -2.3794988021779323E-01 a       674     1    19     2    14
  3.4134567282413109E-01 a       675     1    19     2    15
  4.6182407720116986E-01 a       676     1    19     2    16
 -4.4358158871396952E-01 a       677     1    19     2    17
  2.1617121916395687E-01 a       678     1    19     2    18
 -3.3438355905143707E-01 a       679     1    19     2    19
  4.8522800031703883E-01 a       680     1    19     2    20
  3.4820300191283227E-01 a       681     1    20     2     1
 -5.5899366375301696E-01 a       682     1    20     2     2
  1.2692517977614437E-01 a       683     1    20     2     3
 -1.1382970899805549E-01 a       684     1    20     2     4
 -2.6103466596533117E-02 a       685     1    20     2     5
 -3.4388530573141912E-01 a       686     1    20     2     6
  4.2439774927009105E-01 a       687     1    20     2     7
 -2.0570858079060794E-01 a       688     1    20     2     8
  1.7298636143347526E-01 a       689     1    20     2     9
  8.0937866355756671E-02 a       690     1    20     2    10
 -4.2592059394497617E-02 a       691     1    20     2    11
 -2.3711496527982862E-01 a       692     1    20     2    12
  5.0150909304152926E-02 a       693     1    20     2    13
  4.4044847846774465E-01 a       694     1    20     2    14
 -2.6539899578195858E-01 a       695     1    20     2    15
  2.6542693232365044E-01 a       696     1    20     2    16
  4.7910643677001524E-01 a       697     1    20     2    17
  3.0932313503847281E-01 a       698     1    20     2    18
  2.8709997670280368E-01 a       699     1    20     2    19
 -1.3782416641007017E-01 a       700     1    20     2    20
 -9.3946410173451811E-01 b       701     2     1
  1.0556688189809555E+00 b       702     2     2
  3.0883627210669212E-01 b       703     2     3
 -1.1719617952830339E+00 b       704     2     4
 -3.5345301702911458E-01 b       705     2     5
 -1.1509075287314086E+00 b       706     2     6
 -1.2851283686133297E+00 b       707     2     7
  1.1144439996313040E+00 b       708     2     8
 -6.1693713121340399E-01 b       709     2     9
  8.3034403801568912E-01 b       710     2    10
 -4.7041841414593624E-02 b       711     2    11
 -1.1108977744974762E+00 b       712     2    12
 -5.5184755952539612E-02 b       713     2    13
 -1.5851603973381536E+00 b       714     2    14
 -1.1929573499992379E+00 b       715     2    15
  6.2384367638533800E-01 b       716     2    16
  8.3132459828408967E-01 b       717     2    17
  2.2472424403830065E-03 b       718     2    18
  4.8113470965888627E-01 b       719     2    19
 -2.4175450964422143E-01 b       720     2    20
  3.0599888576546963E-01 a       721     2     1     3     1
  1.7005913168112319E-01 a       722     2     2     3     1
  7.8624635405327536E-01 a       723     2     3     3     1
 -4.9712391113510662E-01 a       724     2     4     3     1
  6.4490704096623983E-02 a       725     2     5     3     1
  6.5477306995009632E-01 a       726     2     6     3     1
 -5.0010781286269856E-01 a       727     2     7     3     1
 -9.1510242737903658E-01 a       728     2     8     3     1
  8.6634403187584208E-01 a       729     2     9     3     1
 -4.1635625380410018E-02 a       730     2    10     3     1
  6.2885117532971613E-01 a       731     2    11     3     1
 -4.5984725823672923E-01 a       732     2    12     3     1
 -4.9619898880898600E-01 a       733     2    13     3     1
 -3.3073653220346100E-01 a       734     2    14     3     1
 -4.4971787425629295E-01 a       735     2    15     3     1
 -9.5637432024182423E-01 a       736     2    16     3     1
 -4.7595273095765767E-01 a       737     2    17     3     1
  6.1589189385709509E-01 a       738     2    18     3     1
  8.9186672342485995E-01 a       739     2    19     3     1
  1.3360844059034996E-01 a       740     2    20     3     1
  4.0700002181270101E-01 b       741     3     1
