################################################################################
# Neural network connection values (weights and biases).
################################################################################
# Col  Name       Description
################################################################################
# 1    connection Neural network connection value.
# 2    t          Connection type (a = weight, b = bias).
# 3    index      Index enumerating weights.
# 4    l_s        Starting point layer (end point layer for biases).
# 5    n_s        Starting point neuron in starting layer (end point neuron for biases).
# 6    l_e        End point layer.
# 7    n_e        End point neuron in end layer.
################################################################################
#                      1 2         3     4     5     6     7
#             connection t     index   l_s   n_s   l_e   n_e
############################################################
 -1.1696554501892178E-01 a         1     0     1     1     1
  2.8730392084068862E-01 a         2     0     1     1     2
 -3.6427495989449948E-01 a         3     0     1     1     3
 -1.6954990378553894E-01 a         4     0     1     1     4
  1.0294416883388810E-01 a         5     0     1     1     5
  7.2643624366521642E-01 a         6     0     1     1     6
 -6.6431683409373429E-02 a         7     0     1     1     7
  1.0521598766571018E-01 a         8     0     1     1     8
 -6.2982069370193516E-01 a         9     0     1     1     9
  4.3703029320172983E-02 a        10     0     1     1    10
  2.6417953079822981E-01 a        11     0     1     1    11
 -1.1387791410197530E-01 a        12     0     1     1    12
  5.0456934570702283E-01 a        13     0     1     1    13
 -6.7708643972082627E-01 a        14     0     1     1    14
 -2.3639735597544048E-01 a        15     0     1     1    15
  4.1765924928263709E-01 a        16     0     1     1    16
  1.7470637612720000E-02 a        17     0     1     1    17
 -4.3391478149905738E-02 a        18     0     1     1    18
 -1.2754470277512478E-01 a        19     0     1     1    19
 -5.7158750132888558E-01 a        20     0     1     1    20
 -7.3279869847555257E-01 a        21     0     2     1     1
  3.4755462524475567E-01 a        22     0     2     1     2
  2.8373150251113721E-01 a        23     0     2     1     3
 -4.1566074630049488E-01 a        24     0     2     1     4
 -3.5423326879913652E-01 a        25     0     2     1     5
 -5.7324460582756076E-01 a        26     0     2     1     6
 -1.7522906344286610E-01 a        27     0     2     1     7
 -2.2117722607574475E-01 a        28     0     2     1     8
  2.4042858142173612E-01 a        29     0     2     1     9
 -5.3320938555739916E-01 a        30     0     2     1    10
 -1.6338512575444922E-01 a        31     0     2     1    11
 -4.8204392547168362E-01 a        32     0     2     1    12
  5.5115637612835744E-01 a        33     0     2     1    13
 -3.5928117505519935E-01 a        34     0     2     1    14
 -5.6781725836606189E-01 a        35     0     2     1    15
 -7.9788230827452400E-02 a        36     0     2     1    16
 -9.6716929788757733E-02 a        37     0     2     1    17
 -2.7174720766162896E-01 a        38     0     2     1    18
  4.4759257264310170E-01 a        39     0     2     1    19
  2.0501844116903412E-01 a        40     0     2     1    20
 -1.0749787604814526E-01 a        41     0     3     1     1
 -3.1034951929356136E-01 a        42     0     3     1     2
 -2.5566106563090418E-01 a        43     0     3     1     3
  2.5499580966362340E-01 a        44     0     3     1     4
 -4.0893782516951381E-02 a        45     0     3     1     5
 -2.5199807001939890E-02 a        46     0     3     1     6
  2.1620596991438307E-01 a        47     0     3     1     7
  4.4841003886708458E-01 a        48     0     3     1     8
  1.4080857279080787E-02 a        49     0     3     1     9
  2.8404266210046347E-01 a        50     0     3     1    10
  6.2271155131208678E-01 a        51     0     3     1    11
  4.3061577454793987E-01 a        52     0     3     1    12
 -3.0576827022716185E-01 a        53     0     3     1    13
  2.8423353674512380E-01 a        54     0     3     1    14
  3.6742407232777019E-01 a        55     0     3     1    15
  5.5368205677756976E-01 a        56     0     3     1    16
  5.4127893851828379E-01 a        57     0     3     1    17
 -4.0654119246465564E-01 a        58     0     3     1    18
 -1.0567609325907064E-01 a        59     0     3     1    19
  3.4600076612567182E-01 a        60     0     3     1    20
  6.6000018612102529E-01 a        61     0     4     1     1
 -5.0186404756181535E-01 a        62     0     4     1     2
 -1.7574719855877795E-02 a        63     0     4     1     3
  6.9540204393703198E-01 a        64     0     4     1     4
  8.7699100778163186E-01 a        65     0     4     1     5
  5.1696986763771735E-01 a        66     0     4     1     6
  3.5030166391348766E-01 a        67     0     4     1     7
 -8.3904309666501753E-02 a        68     0     4     1     8
 -2.6731466500230322E-01 a        69     0     4     1     9
  4.8768250601960550E-01 a        70     0     4     1    10
 -7.6716489556262413E-01 a        71     0     4     1    11
  4.5251869753005836E-01 a        72     0     4     1    12
  4.7505720164870402E-01 a        73     0     4     1    13
 -2.0941746732759753E-01 a        74     0     4     1    14
  2.9139089001152096E-01 a        75     0     4     1    15
 -3.2389021449858851E-01 a        76     0     4     1    16
  2.1986142249860374E-01 a        77     0     4     1    17
 -2.3351225572535167E-01 a        78     0     4     1    18
  5.4768390358831831E-01 a        79     0     4     1    19
  3.2589613891964353E-01 a        80     0     4     1    20
 -4.8161255065369102E-01 a        81     0     5     1     1
  2.0913056406248751E-01 a        82     0     5     1     2
  8.7655853501646244E-02 a        83     0     5     1     3
  3.0011574662350515E-01 a        84     0     5     1     4
 -8.2288161181636477E-01 a        85     0     5     1     5
 -6.4409765839930200E-01 a        86     0     5     1     6
 -5.4982981355248017E-01 a        87     0     5     1     7
  1.1092455892680271E-01 a        88     0     5     1     8
 -6.5446945699551184E-01 a        89     0     5     1     9
  4.3304711967985349E-01 a        90     0     5     1    10
 -2.4972936946280946E-01 a        91     0     5     1    11
  4.9409255985605005E-01 a        92     0     5     1    12
  6.9248222358906819E-01 a        93     0     5     1    13
 -2.2242882999390112E-01 a        94     0     5     1    14
 -6.7793214155404000E-02 a        95     0     5     1    15
  3.4532718381585281E-01 a        96     0     5     1    16
 -5.8565937669488588E-01 a        97     0     5     1    17
  5.0936396435767271E-02 a        98     0     5     1    18
  1.3806293465071742E-01 a        99     0     5     1    19
 -3.1335226351421575E-01 a       100     0     5     1    20
 -5.6093526546478079E-01 a       101     0     6     1     1
 -1.4899007817378335E-01 a       102     0     6     1     2
 -5.4932997952351936E-01 a       103     0     6     1     3
  6.4834140888929659E-01 a       104     0     6     1     4
  6.3478671226559313E-01 a       105     0     6     1     5
 -1.1948734276372830E-01 a       106     0     6     1     6
 -1.8332999315185641E-01 a       107     0     6     1     7
 -1.4924671770816475E-01 a       108     0     6     1     8
  3.0029246484157179E-01 a       109     0     6     1     9
 -1.8402059141075280E-01 a       110     0     6     1    10
 -1.4296944957425169E-02 a       111     0     6     1    11
 -6.9299508765062567E-01 a       112     0     6     1    12
 -5.8638062018379356E-01 a       113     0     6     1    13
  5.3120751070351280E-01 a       114     0     6     1    14
 -6.2777602245962427E-01 a       115     0     6     1    15
 -5.9063721272901715E-01 a       116     0     6     1    16
 -5.4319699207709293E-01 a       117     0     6     1    17
  3.2676793057840775E-01 a       118     0     6     1    18
 -2.6800572691150421E-01 a       119     0     6     1    19
 -5.2839773940727885E-01 a       120     0     6     1    20
  6.0825161727214749E-01 a       121     0     7     1     1
  5.4790887149488454E-01 a       122     0     7     1     2
 -3.2417522829255507E-01 a       123     0     7     1     3
 -5.2694151477240581E-01 a       124     0     7     1     4
 -3.1638773256250619E-01 a       125     0     7     1     5
 -1.2243048690346924E-01 a       126     0     7     1     6
 -1.5784385745173764E-02 a       127     0     7     1     7
 -8.7412469537437021E-01 a       128     0     7     1     8
 -4.0343184923202163E-01 a       129     0     7     1     9
  4.1148295163149723E-01 a       130     0     7     1    10
 -3.7402288272548379E-02 a       131     0     7     1    11
 -2.3502759392032199E-01 a       132     0     7     1    12
  7.2047233477876427E-01 a       133     0     7     1    13
  5.9115279525285525E-01 a       134     0     7     1    14
  6.5278629509797481E-01 a       135     0     7     1    15
 -5.6049793503921619E-01 a       136     0     7     1    16
  8.8589823655976438E-02 a       137     0     7     1    17
 -2.4092873218421706E-01 a       138     0     7     1    18
  6.3390940996941023E-02 a       139     0     7     1    19
 -2.4411584292526278E-01 a       140     0     7     1    20
 -2.1160192840717312E-01 a       141     0     8     1     1
  3.9777248231950024E-01 a       142     0     8     1     2
 -2.3370265252380143E-01 a       143     0     8     1     3
 -1.0811969739269064E-01 a       144     0     8     1     4
  2.1586516600881739E-01 a       145     0     8     1     5
 -3.9114585676394892E-02 a       146     0     8     1     6
 -2.8278002236863810E-02 a       147     0     8     1     7
 -5.7270010629264190E-01 a       148     0     8     1     8
  4.2340920127958259E-01 a       149     0     8     1     9
  8.6214137037916938E-01 a       150     0     8     1    10
 -5.9915185567145944E-02 a       151     0     8     1    11
 -3.1149110404203439E-01 a       152     0     8     1    12
  2.2240399372719911E-02 a       153     0     8     1    13
 -2.6539407773725093E-01 a       154     0     8     1    14
  4.3628641698410846E-02 a       155     0     8     1    15
 -8.0253033288775727E-02 a       156     0     8     1    16
  5.0314490533666967E-01 a       157     0     8     1    17
  2.1776894717900805E-01 a       158     0     8     1    18
  5.0747249537018002E-01 a       159     0     8     1    19
  5.4780891952027910E-01 a       160     0     8     1    20
  1.6208317400672870E-01 a       161     0     9     1     1
 -4.5903867783588204E-01 a       162     0     9     1     2
 -1.9392190218136249E-01 a       163     0     9     1     3
  5.1352168829489397E-01 a       164     0     9     1     4
 -1.6865470858340240E-01 a       165     0     9     1     5
 -6.1836282078810445E-01 a       166     0     9     1     6
 -8.2561517862217659E-02 a       167     0     9     1     7
 -2.6721022220809049E-01 a       168     0     9     1     8
  1.8017669349291254E-01 a       169     0     9     1     9
 -3.5422897120729219E-01 a       170     0     9     1    10
  6.0890035768724127E-01 a       171     0     9     1    11
  5.6236145884184019E-01 a       172     0     9     1    12
  5.7035985758108154E-01 a       173     0     9     1    13
  1.8151405952379088E-02 a       174     0     9     1    14
  5.9225981964440777E-01 a       175     0     9     1    15
 -1.3443820747455579E-01 a       176     0     9     1    16
 -2.2604496470644753E-01 a       177     0     9     1    17
 -9.0070495577989601E-02 a       178     0     9     1    18
 -6.3129463096992716E-02 a       179     0     9     1    19
  3.6285135308558270E-01 a       180     0     9     1    20
  6.9504339784323722E-03 a       181     0    10     1     1
  2.4594087980724755E-01 a       182     0    10     1     2
 -3.5616448149497798E-01 a       183     0    10     1     3
  2.5688564962679489E-01 a       184     0    10     1     4
 -5.0332082810558809E-01 a       185     0    10     1     5
 -7.3264441972097538E-01 a       186     0    10     1     6
  4.5974572170098610E-01 a       187     0    10     1     7
 -9.2715587802707089E-01 a       188     0    10     1     8
  5.5624459753548294E-01 a       189     0    10     1     9
 -3.1808830358673162E-01 a       190     0    10     1    10
  6.6645784995170010E-01 a       191     0    10     1    11
  4.6796405912361833E-01 a       192     0    10     1    12
  3.2852776239407289E-01 a       193     0    10     1    13
 -3.5146648479914283E-01 a       194     0    10     1    14
  8.6705182483740526E-02 a       195     0    10     1    15
 -2.0432840916062694E-01 a       196     0    10     1    16
 -2.5126397440270662E-02 a       197     0    10     1    17
  6.7998552005308699E-01 a       198     0    10     1    18
  7.8825707394656441E-01 a       199     0    10     1    19
  3.6620661403487748E-01 a       200     0    10     1    20
  2.8274321828981941E-01 a       201     0    11     1     1
  6.4083164328299447E-01 a       202     0    11     1     2
  7.1389408140251709E-01 a       203     0    11     1     3
  5.9853860698624073E-01 a       204     0    11     1     4
  1.6370888740144671E-01 a       205     0    11     1     5
 -3.2328834880946022E-01 a       206     0    11     1     6
 -7.7227841718539891E-01 a       207     0    11     1     7
 -2.1767053718939744E-01 a       208     0    11     1     8
 -3.7870875186181757E-01 a       209     0    11     1     9
  3.6211472570652908E-01 a       210     0    11     1    10
  5.4811453246409325E-01 a       211     0    11     1    11
  5.3322580378243212E-01 a       212     0    11     1    12
 -1.0753255186693703E-01 a       213     0    11     1    13
 -6.1911206160756660E-01 a       214     0    11     1    14
  4.9598736435975488E-01 a       215     0    11     1    15
  6.1559138880628861E-01 a       216     0    11     1    16
 -1.2742919081484305E-01 a       217     0    11     1    17
 -4.7508612579256682E-01 a       218     0    11     1    18
 -6.2394217027560606E-01 a       219     0    11     1    19
 -5.4905821671145594E-01 a       220     0    11     1    20
 -8.2391088204060359E-01 a       221     0    12     1     1
  7.1663681577881957E-02 a       222     0    12     1     2
 -5.7416265152735169E-01 a       223     0    12     1     3
 -5.1985423654169849E-01 a       224     0    12     1     4
  5.6844212208817219E-02 a       225     0    12     1     5
  3.6094397824015323E-01 a       226     0    12     1     6
 -3.5540393847583357E-01 a       227     0    12     1     7
 -3.5130842861738248E-01 a       228     0    12     1     8
  2.9852137999645950E-01 a       229     0    12     1     9
 -5.5962988095878696E-01 a       230     0    12     1    10
  5.9656287942947517E-01 a       231     0    12     1    11
  4.6742024951732614E-01 a       232     0    12     1    12
 -4.6702113447728005E-01 a       233     0    12     1    13
  9.9174524057805934E-03 a       234     0    12     1    14
  1.6793872839837121E-01 a       235     0    12     1    15
 -5.1296473001221976E-01 a       236     0    12     1    16
  5.0743079112781608E-01 a       237     0    12     1    17
 -4.9033227825772058E-01 a       238     0    12     1    18
 -4.1795025084886417E-01 a       239     0    12     1    19
 -6.6529623235831836E-01 a       240     0    12     1    20
 -2.0123314853182064E-01 a       241     0    13     1     1
  3.3736899938172160E-01 a       242     0    13     1     2
 -1.2106163478083681E-01 a       243     0    13     1     3
 -3.5143098797007721E-01 a       244     0    13     1     4
 -9.9453444875479361E-03 a       245     0    13     1     5
  3.1300923198586444E-01 a       246     0    13     1     6
 -4.7516199313169344E-01 a       247     0    13     1     7
 -2.0201820575444079E-01 a       248     0    13     1     8
  3.2100432710841964E-01 a       249     0    13     1     9
 -2.0713298767660970E-01 a       250     0    13     1    10
  3.3228681110181668E-01 a       251     0    13     1    11
 -4.6555902631047608E-01 a       252     0    13     1    12
  2.2512391551691682E-01 a       253     0    13     1    13
  3.7042340139598118E-01 a       254     0    13     1    14
 -3.4137867642281006E-01 a       255     0    13     1    15
 -1.2456654762348823E-01 a       256     0    13     1    16
 -1.3442134165538105E-01 a       257     0    13     1    17
  1.1042121925467403E-01 a       258     0    13     1    18
 -4.3359435123631845E-01 a       259     0    13     1    19
 -3.8363573567027487E-01 a       260     0    13     1    20
 -3.0154659353589536E-01 a       261     0    14     1     1
 -5.7188561330328291E-01 a       262     0    14     1     2
  5.2006132781360159E-01 a       263     0    14     1     3
 -5.1906926523231112E-01 a       264     0    14     1     4
 -7.6490151889657565E-01 a       265     0    14     1     5
 -6.3267698875153033E-01 a       266     0    14     1     6
 -6.2745350586408477E-01 a       267     0    14     1     7
 -6.6429991854318016E-01 a       268     0    14     1     8
 -6.9219120680358226E-01 a       269     0    14     1     9
 -5.4613034926842030E-01 a       270     0    14     1    10
 -4.8419930403970335E-01 a       271     0    14     1    11
  2.1486763580096868E-01 a       272     0    14     1    12
 -9.1674195389375032E-02 a       273     0    14     1    13
 -6.9578421479759789E-01 a       274     0    14     1    14
 -3.2821007517224343E-01 a       275     0    14     1    15
 -3.3794860878187377E-01 a       276     0    14     1    16
 -8.3079563652402233E-01 a       277     0    14     1    17
  7.0347763096873051E-01 a       278     0    14     1    18
  8.7482844821552108E-02 a       279     0    14     1    19
 -2.0296304681379065E-01 a       280     0    14     1    20
  1.0044852029793745E+00 b       281     1     1
  1.4680597675508780E+00 b       282     1     2
 -2.7515394566125906E-01 b       283     1     3
  3.6082551537610286E-01 b       284     1     4
 -2.1979090786653099E-01 b       285     1     5
 -1.6881089770555253E+00 b       286     1     6
  7.1614862401342372E-01 b       287     1     7
  1.2688627188330408E+00 b       288     1     8
  1.3923715858278365E-01 b       289     1     9
 -9.5106885731415647E-01 b       290     1    10
 -1.0756502708418241E+00 b       291     1    11
  1.4256887728447731E+00 b       292     1    12
 -9.1630085249338000E-01 b       293     1    13
  1.6960838139609948E+00 b       294     1    14
 -3.3841771876582810E-01 b       295     1    15
  1.1743729529916438E+00 b       296     1    16
 -1.8935698641671175E-03 b       297     1    17
  1.6549010397428152E-01 b       298     1    18
  1.5901665193114476E+00 b       299     1    19
  8.2566290266437725E-01 b       300     1    20
  4.2852250344489534E-01 a       301     1     1     2     1
 -3.5686227634415890E-01 a       302     1     1     2     2
 -1.7632611627102660E-01 a       303     1     1     2     3
  6.3492365355452496E-02 a       304     1     1     2     4
 -2.8483147955263149E-01 a       305     1     1     2     5
  1.7835995475957087E-01 a       306     1     1     2     6
 -2.6685273245616231E-01 a       307     1     1     2     7
 -1.2489612210761360E-01 a       308     1     1     2     8
 -1.7797643695829654E-01 a       309     1     1     2     9
  4.7230774301143574E-01 a       310     1     1     2    10
 -4.8620509298636555E-01 a       311     1     1     2    11
  5.2939411117969526E-01 a       312     1     1     2    12
  3.8534309261516492E-01 a       313     1     1     2    13
  4.5533668453768295E-01 a       314     1     1     2    14
  2.3141457105900662E-01 a       315     1     1     2    15
  4.3086188554659322E-01 a       316     1     1     2    16
  2.8400843554342383E-02 a       317     1     1     2    17
 -2.4571898465647696E-01 a       318     1     1     2    18
  3.4973003714332374E-01 a       319     1     1     2    19
  3.0416123607141776E-01 a       320     1     1     2    20
  4.8682445504609512E-01 a       321     1     2     2     1
 -4.1578425863184804E-01 a       322     1     2     2     2
 -1.2719635078205727E-01 a       323     1     2     2     3
  1.7847172898581742E-01 a       324     1     2     2     4
  7.2509120035787245E-01 a       325     1     2     2     5
  5.7101863481240789E-01 a       326     1     2     2     6
  4.0469876542181635E-02 a       327     1     2     2     7
  4.0481906692777997E-01 a       328     1     2     2     8
  8.3354372615763506E-02 a       329     1     2     2     9
  5.6188988908396109E-01 a       330     1     2     2    10
 -2.9447741131945226E-01 a       331     1     2     2    11
  6.2439502382834644E-01 a       332     1     2     2    12
 -2.3806386956139286E-01 a       333     1     2     2    13
 -5.3113842448963133E-01 a       334     1     2     2    14
 -4.2057357137399709E-01 a       335     1     2     2    15
 -5.7159958098279751E-01 a       336     1     2     2    16
  3.7729415502014585E-01 a       337     1     2     2    17
  1.8356326993222513E-01 a       338     1     2     2    18
 -4.0537295195612527E-01 a       339     1     2     2    19
  1.2802532856550441E-01 a       340     1     2     2    20
  3.6866494187646193E-01 a       341     1     3     2     1
  1.4018139949467442E-01 a       342     1     3     2     2
  3.9218108699780302E-01 a       343     1     3     2     3
 -3.4469603445162383E-01 a       344     1     3     2     4
 -1.6625620771661687E-01 a       345     1     3     2     5
  5.2416988006267484E-01 a       346     1     3     2     6
 -8.1032548214754307E-02 a       347     1     3     2     7
 -3.1895884217071230E-01 a       348     1     3     2     8
  3.0581645698994497E-01 a       349     1     3     2     9
  6.6109912512327096E-01 a       350     1     3     2    10
 -6.9591541623537298E-02 a       351     1     3     2    11
 -3.6760138881693655E-01 a       352     1     3     2    12
 -3.1497467611134122E-01 a       353     1     3     2    13
  3.5082946622959371E-01 a       354     1     3     2    14
 -3.8691201589738849E-02 a       355     1     3     2    15
 -2.1402162205521777E-01 a       356     1     3     2    16
 -6.5186089105945222E-01 a       357     1     3     2    17
  1.0240548503203485E-01 a       358     1     3     2    18
  1.1775929275778448E-01 a       359     1     3     2    19
  4.9573026050842448E-02 a       360     1     3     2    20
 -3.7666856575671931E-01 a       361     1     4     2     1
 -6.1616732330658353E-01 a       362     1     4     2     2
 -3.1224038887152639E-01 a       363     1     4     2     3
 -2.6759213693435147E-01 a       364     1     4     2     4
 -1.2886071383675798E-01 a       365     1     4     2     5
  4.6584378542871785E-01 a       366     1     4     2     6
  3.2024440952404704E-01 a       367     1     4     2     7
 -5.0014578612677907E-01 a       368     1     4     2     8
 -8.5558128153445295E-02 a       369     1     4     2     9
 -4.6580893092116868E-02 a       370     1     4     2    10
 -2.5452841683751315E-01 a       371     1     4     2    11
  2.4946492941793605E-01 a       372     1     4     2    12
 -4.7100953011429136E-01 a       373     1     4     2    13
  2.7216908426440128E-01 a       374     1     4     2    14
 -3.7453168419914395E-01 a       375     1     4     2    15
  3.4844948004252962E-01 a       376     1     4     2    16
 -3.0725237286309409E-01 a       377     1     4     2    17
  5.6179727805763968E-01 a       378     1     4     2    18
 -1.2694366471083521E-01 a       379     1     4     2    19
  2.1309007173253283E-01 a       380     1     4     2    20
 -3.1247583875408769E-01 a       381     1     5     2     1
 -3.7576014370003341E-01 a       382     1     5     2     2
  1.6395669527082779E-01 a       383     1     5     2     3
  6.3202979675258109E-01 a       384     1     5     2     4
 -1.4239417021771983E-01 a       385     1     5     2     5
 -5.4788481663787991E-01 a       386     1     5     2     6
 -4.1461904046003539E-01 a       387     1     5     2     7
  3.9207629204684624E-01 a       388     1     5     2     8
  2.4893100681315544E-01 a       389     1     5     2     9
 -4.5606724907405105E-01 a       390     1     5     2    10
  4.3559075978641060E-01 a       391     1     5     2    11
 -1.9012449220192110E-01 a       392     1     5     2    12
  3.8465973586321150E-01 a       393     1     5     2    13
 -2.1596192830890415E-01 a       394     1     5     2    14
 -1.5126820980997494E-01 a       395     1     5     2    15
 -2.6140980080097398E-01 a       396     1     5     2    16
  2.5538878792653347E-01 a       397     1     5     2    17
  5.4353838750377725E-01 a       398     1     5     2    18
  9.2803328768595057E-03 a       399     1     5     2    19
 -3.2985400302472195E-01 a       400     1     5     2    20
 -1.0509827930348467E-01 a       401     1     6     2     1
 -4.8985283514615695E-02 a       402     1     6     2     2
 -2.0497387950648602E-01 a       403     1     6     2     3
  5.5962482208609365E-01 a       404     1     6     2     4
 -1.1964666514193888E-01 a       405     1     6     2     5
  3.2808220609231886E-01 a       406     1     6     2     6
  2.5585281068470284E-01 a       407     1     6     2     7
 -3.7134240826602261E-01 a       408     1     6     2     8
  4.4193953615769394E-01 a       409     1     6     2     9
 -1.7131128242158444E-01 a       410     1     6     2    10
  1.8631388732859164E-01 a       411     1     6     2    11
 -3.6382699051934325E-01 a       412     1     6     2    12
  3.5057754514278355E-01 a       413     1     6     2    13
  1.5951213216048599E-01 a       414     1     6     2    14
  2.7325782403058673E-02 a       415     1     6     2    15
 -3.2230104307977087E-01 a       416     1     6     2    16
 -2.9482111723983007E-01 a       417     1     6     2    17
  3.2936851744943513E-01 a       418     1     6     2    18
 -8.2190256798051586E-02 a       419     1     6     2    19
 -1.6281769972234922E-01 a       420     1     6     2    20
 -3.6165568815742483E-01 a       421     1     7     2     1
 -8.8669605172607080E-02 a       422     1     7     2     2
  7.5371122279190217E-01 a       423     1     7     2     3
 -2.2945539588693981E-01 a       424     1     7     2     4
  4.2004161947337942E-01 a       425     1     7     2     5
  4.4209281727013536E-02 a       426     1     7     2     6
  4.6980727936985928E-01 a       427     1     7     2     7
  2.4158787865243231E-01 a       428     1     7     2     8
  4.0140486262441333E-01 a       429     1     7     2     9
 -9.9408832498469185E-02 a       430     1     7     2    10
  5.3574711755116200E-01 a       431     1     7     2    11
 -3.0814057958551549E-01 a       432     1     7     2    12
  2.3513536670494392E-01 a       433     1     7     2    13
 -7.8241323079188768E-02 a       434     1     7     2    14
  3.8685453532982261E-01 a       435     1     7     2    15
 -4.8532769436397033E-01 a       436     1     7     2    16
 -3.4385215262262912E-03 a       437     1     7     2    17
 -4.9611647915833182E-02 a       438     1     7     2    18
 -2.8669569002127243E-01 a       439     1     7     2    19
 -1.7656444954189254E-01 a       440     1     7     2    20
  2.5674861095209339E-01 a       441     1     8     2     1
  2.5784964332888188E-01 a       442     1     8     2     2
 -1.1733160548062102E-01 a       443     1     8     2     3
 -4.7907936548626526E-03 a       444     1     8     2     4
 -3.8987944623113402E-01 a       445     1     8     2     5
 -4.8291654497014447E-01 a       446     1     8     2     6
 -2.0801558981643650E-01 a       447     1     8     2     7
  5.5864596793833909E-01 a       448     1     8     2     8
 -3.1805266644503333E-01 a       449     1     8     2     9
  2.6420406378950800E-01 a       450     1     8     2    10
 -9.9370946506300656E-02 a       451     1     8     2    11
  7.3431813194277185E-01 a       452     1     8     2    12
 -4.3963251331119710E-02 a       453     1     8     2    13
  5.2367175167722269E-01 a       454     1     8     2    14
  2.4886881944929623E-01 a       455     1     8     2    15
 -3.7319559686692849E-01 a       456     1     8     2    16
 -4.3335469019271200E-01 a       457     1     8     2    17
 -6.5731241340890390E-01 a       458     1     8     2    18
 -1.4134813667120033E-01 a       459     1     8     2    19
  3.0599863867148908E-01 a       460     1     8     2    20
 -1.7181114249831059E-01 a       461     1     9     2     1
 -2.5566940274161198E-01 a       462     1     9     2     2
 -1.2309865946552219E-01 a       463     1     9     2     3
 -2.9591218925289692E-01 a       464     1     9     2     4
  1.1280735562743192E-01 a       465     1     9     2     5
 -4.2259345113561503E-01 a       466     1     9     2     6
 -2.1079086653566531E-01 a       467     1     9     2     7
  4.3154256838235133E-01 a       468     1     9     2     8
  2.3225340143595838E-01 a       469     1     9     2     9
 -1.1312422598652681E-01 a       470     1     9     2    10
 -4.3228127407850363E-03 a       471     1     9     2    11
  2.6741203306723194E-01 a       472     1     9     2    12
  2.3200983624031399E-01 a       473     1     9     2    13
 -3.0051560239868930E-01 a       474     1     9     2    14
 -3.3322968615137250E-01 a       475     1     9     2    15
  3.3060281897812072E-01 a       476     1     9     2    16
 -2.5435788668891607E-01 a       477     1     9     2    17
 -3.6038577928235099E-01 a       478     1     9     2    18
 -6.6952851637826627E-01 a       479     1     9     2    19
 -3.1117785696936073E-01 a       480     1     9     2    20
  2.7880366364147269E-01 a       481     1    10     2     1
  4.3362838753758948E-01 a       482     1    10     2     2
  2.1219275809490357E-01 a       483     1    10     2     3
  1.7120339168948165E-01 a       484     1    10     2     4
  8.0720386773653285E-02 a       485     1    10     2     5
 -3.1057335551069776E-01 a       486     1    10     2     6
  2.3978986041412637E-01 a       487     1    10     2     7
 -5.4671377609740601E-01 a       488     1    10     2     8
 -3.8603679121198325E-01 a       489     1    10     2     9
  4.7041860090346177E-01 a       490     1    10     2    10
 -7.3704189903943917E-01 a       491     1    10     2    11
  1.0545419915415345E-01 a       492     1    10     2    12
 -2.1770164606248713E-02 a       493     1    10     2    13
 -2.1125076698357828E-01 a       494     1    10     2    14
  4.1058841247092509E-01 a       495     1    10     2    15
  2.0360545158932530E-01 a       496     1    10     2    16
  3.5870852208403059E-01 a       497     1    10     2    17
  3.5451109770986172E-01 a       498     1    10     2    18
 -6.7376877744156793E-01 a       499     1    10     2    19
  3.2602081418366385E-01 a       500     1    10     2    20
  2.5167585946673066E-01 a       501     1    11     2     1
 -3.2191556817260952E-01 a       502     1    11     2     2
  4.0520844721358792E-02 a       503     1    11     2     3
  1.1753919015797076E-01 a       504     1    11     2     4
  1.1291808486291781E-01 a       505     1    11     2     5
 -4.7668993769185636E-01 a       506     1    11     2     6
 -2.9999827142209518E-01 a       507     1    11     2     7
 -3.4773476522765884E-01 a       508     1    11     2     8
 -2.1476280944314652E-01 a       509     1    11     2     9
  4.3367893898526405E-01 a       510     1    11     2    10
  3.3022214929374371E-03 a       511     1    11     2    11
 -5.1914204300276701E-01 a       512     1    11     2    12
 -3.9334634171189920E-03 a       513     1    11     2    13
  1.3516696638070316E-01 a       514     1    11     2    14
 -7.8753039271527714E-02 a       515     1    11     2    15
  4.0710325976732312E-02 a       516     1    11     2    16
 -1.0987906301365646E-01 a       517     1    11     2    17
 -2.5716793429466867E-01 a       518     1    11     2    18
 -1.6473734281196933E-01 a       519     1    11     2    19
  1.5626990001614716E-01 a       520     1    11     2    20
  7.1599117259970965E-02 a       521     1    12     2     1
 -3.9364972991163072E-01 a       522     1    12     2     2
  4.0082609863879060E-01 a       523     1    12     2     3
  3.7152537789262263E-01 a       524     1    12     2     4
 -7.3086689711540642E-02 a       525     1    12     2     5
 -1.1701459263296458E-01 a       526     1    12     2     6
  4.9732332213571045E-01 a       527     1    12     2     7
  3.3377315697235183E-01 a       528     1    12     2     8
 -1.7675687750893773E-02 a       529     1    12     2     9
  1.8106706463129577E-01 a       530     1    12     2    10
 -2.9828652839367831E-01 a       531     1    12     2    11
  2.3925038561080264E-01 a       532     1    12     2    12
  3.8468184052923399E-01 a       533     1    12     2    13
 -5.3355791405695990E-02 a       534     1    12     2    14
  2.8699364863387450E-01 a       535     1    12     2    15
 -8.3235037962082217E-02 a       536     1    12     2    16
  3.1801468561892154E-01 a       537     1    12     2    17
  1.8471547245522574E-01 a       538     1    12     2    18
  2.8556222921447799E-01 a       539     1    12     2    19
  3.9589491650440461E-01 a       540     1    12     2    20
  2.6374476992021556E-01 a       541     1    13     2     1
 -5.5160821738895971E-01 a       542     1    13     2     2
  5.7999687241432263E-01 a       543     1    13     2     3
  6.4247899153919305E-02 a       544     1    13     2     4
  3.1376101682585389E-01 a       545     1    13     2     5
  1.6397133519240939E-01 a       546     1    13     2     6
 -3.6932870412709345E-01 a       547     1    13     2     7
  2.3967116273335229E-01 a       548     1    13     2     8
  9.6666969838987968E-02 a       549     1    13     2     9
  2.8531373538263117E-02 a       550     1    13     2    10
 -2.4989113408857380E-01 a       551     1    13     2    11
  1.0136479391997356E-01 a       552     1    13     2    12
  2.3618599936904244E-01 a       553     1    13     2    13
  2.1649685997405121E-01 a       554     1    13     2    14
  5.5278941223185585E-01 a       555     1    13     2    15
 -6.9353677146364778E-01 a       556     1    13     2    16
  1.0787585615587969E-01 a       557     1    13     2    17
  9.8325054164360437E-03 a       558     1    13     2    18
 -5.7696937835453366E-01 a       559     1    13     2    19
  5.5611934999889234E-01 a       560     1    13     2    20
 -1.2005393003006465E-01 a       561     1    14     2     1
 -3.6049898942961395E-01 a       562     1    14     2     2
  1.8507673172081338E-02 a       563     1    14     2     3
  3.4652643966835739E-01 a       564     1    14     2     4
  3.0443774157218501E-01 a       565     1    14     2     5
 -7.6669569325408179E-02 a       566     1    14     2     6
  3.5617793190875535E-01 a       567     1    14     2     7
 -1.6686561018563598E-01 a       568     1    14     2     8
  4.3627511942468067E-01 a       569     1    14     2     9
 -7.5295510020189571E-01 a       570     1    14     2    10
  3.6105219936428157E-01 a       571     1    14     2    11
 -3.2600803767420106E-01 a       572     1    14     2    12
  2.4117163830917313E-01 a       573     1    14     2    13
 -6.3771496104021352E-01 a       574     1    14     2    14
 -2.0013875002785958E-01 a       575     1    14     2    15
 -5.4293562689219976E-01 a       576     1    14     2    16
  2.7743357494130011E-01 a       577     1    14     2    17
  1.0481703973479820E-01 a       578     1    14     2    18
 -5.3551447918381534E-01 a       579     1    14     2    19
 -3.3182423707795755E-01 a       580     1    14     2    20
 -1.0349532775413772E-01 a       581     1    15     2     1
  3.7094515699762631E-01 a       582     1    15     2     2
  4.3700551985031411E-01 a       583     1    15     2     3
 -1.8053202078434225E-01 a       584     1    15     2     4
 -3.8983714333706337E-01 a       585     1    15     2     5
  1.0122754185442343E-01 a       586     1    15     2     6
  6.1912978190729095E-01 a       587     1    15     2     7
 -5.1162678209781798E-01 a       588     1    15     2     8
  4.1515008450990665E-01 a       589     1    15     2     9
  2.7611836827689601E-01 a       590     1    15     2    10
  8.4066043531652285E-02 a       591     1    15     2    11
  1.8524842146818932E-01 a       592     1    15     2    12
  6.5535015812017372E-01 a       593     1    15     2    13
  9.5064276362569727E-02 a       594     1    15     2    14
  2.9186532114684083E-02 a       595     1    15     2    15
 -1.9981259548164079E-01 a       596     1    15     2    16
  1.5626118035446124E-01 a       597     1    15     2    17
  4.4535855787005169E-01 a       598     1    15     2    18
  3.7885705739551517E-01 a       599     1    15     2    19
 -8.9153957037104867E-02 a       600     1    15     2    20
  2.4157166816767409E-01 a       601     1    16     2     1
  4.3527097048575653E-01 a       602     1    16     2     2
 -5.3611406414039620E-01 a       603     1    16     2     3
 -6.8660471244747812E-01 a       604     1    16     2     4
  6.6972050196787469E-01 a       605     1    16     2     5
  7.6541044693165902E-02 a       606     1    16     2     6
 -1.4006470484334921E-01 a       607     1    16     2     7
  2.5818439014769057E-01 a       608     1    16     2     8
 -3.4538392461778644E-01 a       609     1    16     2     9
  4.9434446979996438E-01 a       610     1    16     2    10
  2.2681547832964763E-01 a       611     1    16     2    11
  4.8668325691935466E-01 a       612     1    16     2    12
 -4.6312112699098623E-01 a       613     1    16     2    13
  4.0196729335204756E-01 a       614     1    16     2    14
 -2.6306126926706953E-02 a       615     1    16     2    15
  6.6662607416039021E-02 a       616     1    16     2    16
 -5.1989752361724129E-01 a       617     1    16     2    17
 -4.7937206871687177E-01 a       618     1    16     2    18
  6.7409704912245616E-01 a       619     1    16     2    19
  9.5191201669960882E-02 a       620     1    16     2    20
 -4.7505755923564208E-01 a       621     1    17     2     1
  3.3703102328914031E-01 a       622     1    17     2     2
 -2.9349544295319125E-02 a       623     1    17     2     3
 -5.7684192611487450E-01 a       624     1    17     2     4
 -3.7223581236497971E-01 a       625     1    17     2     5
  4.0316678832328556E-01 a       626     1    17     2     6
 -4.0899832160206435E-02 a       627     1    17     2     7
 -1.2617774887927796E-01 a       628     1    17     2     8
 -5.5570360826918519E-01 a       629     1    17     2     9
  5.0989849248653363E-01 a       630     1    17     2    10
 -5.7080167108414859E-01 a       631     1    17     2    11
  1.7651420253948162E-02 a       632     1    17     2    12
  1.5129948051213743E-01 a       633     1    17     2    13
 -1.9905463194751374E-01 a       634     1    17     2    14
  3.1240226964974849E-01 a       635     1    17     2    15
 -1.7701097302235555E-01 a       636     1    17     2    16
  3.8960812804843198E-01 a       637     1    17     2    17
 -7.3748687413414074E-02 a       638     1    17     2    18
  5.2218892871375411E-01 a       639     1    17     2    19
  3.2233497971305697E-01 a       640     1    17     2    20
 -4.6852712363585097E-01 a       641     1    18     2     1
  3.0667207699037835E-01 a       642     1    18     2     2
 -1.3968483371304399E-01 a       643     1    18     2     3
 -2.2686189284284228E-01 a       644     1    18     2     4
  7.2524361393101988E-01 a       645     1    18     2     5
 -4.8282355247230474E-01 a       646     1    18     2     6
 -5.5718406857395852E-01 a       647     1    18     2     7
  3.9626986659944907E-01 a       648     1    18     2     8
 -1.2303516448526788E-01 a       649     1    18     2     9
 -3.4000321429320690E-01 a       650     1    18     2    10
  1.6657550746642338E-01 a       651     1    18     2    11
  2.8454888109075044E-01 a       652     1    18     2    12
 -1.4990351264075558E-01 a       653     1    18     2    13
 -3.1624454898896742E-01 a       654     1    18     2    14
 -2.6635470144284024E-01 a       655     1    18     2    15
  4.7057356325347445E-02 a       656     1    18     2    16
 -1.2354798254286799E-01 a       657     1    18     2    17
 -5.3681622804305586E-02 a       658     1    18     2    18
 -1.0262039423268961E-01 a       659     1    18     2    19
 -3.9013911494263936E-01 a       660     1    18     2    20
  4.6890563602473950E-01 a       661     1    19     2     1
  1.3693520938328990E-01 a       662     1    19     2     2
 -6.2557680265227777E-01 a       663     1    19     2     3
 -1.6824475390548066E-01 a       664     1    19     2     4
 -3.8098022194699627E-01 a       665     1    19     2     5
  3.6015551219688030E-01 a       666     1    19     2     6
 -4.4090382422975882E-01 a       667     1    19     2     7
 -1.4820405701232020E-01 a       668     1    19     2     8
  9.6766264785971431E-02 a       669     1    19     2     9
 -2.7570207750668535E-01 a       670     1    19     2    10
 -5.4065294810376563E-01 a       671     1    19     2    11
 -3.5116159577391365E-01 a       672     1    19     2    12
  4.6162623720834733E-01 a       673     1    19     2    13
  4.8418955545069131E-01 a       674     1    19     2    14
 -6.5380910716593899E-01 a       675     1    19     2    15
  7.7431946618643765E-01 a       676     1    19     2    16
 -1.6725640773310171E-01 a       677     1    19     2    17
 -6.7252945162216782E-01 a       678     1    19     2    18
  1.8108419141564608E-01 a       679     1    19     2    19
 -4.0023728342365489E-01 a       680     1    19     2    20
 -4.9428317152112677E-01 a       681     1    20     2     1
  4.4750974636481938E-01 a       682     1    20     2     2
 -3.6437232455306112E-01 a       683     1    20     2     3
 -1.5146642706696270E-01 a       684     1    20     2     4
  4.0592981260846239E-01 a       685     1    20     2     5
  5.4509983404597384E-01 a       686     1    20     2     6
  6.3440852297020300E-01 a       687     1    20     2     7
  4.2613233427050212E-01 a       688     1    20     2     8
 -1.1711087995726892E-01 a       689     1    20     2     9
 -7.6893657287341238E-02 a       690     1    20     2    10
 -1.2021949377046559E-01 a       691     1    20     2    11
 -2.2284671724132890E-01 a       692     1    20     2    12
  3.2232021795341925E-01 a       693     1    20     2    13
  3.0630055771379361E-01 a       694     1    20     2    14
 -3.8090549565441750E-01 a       695     1    20     2    15
  1.6013858619534038E-01 a       696     1    20     2    16
  4.5972466547696922E-01 a       697     1    20     2    17
 -4.6456048536134337E-01 a       698     1    20     2    18
 -1.2234845756530027E-01 a       699     1    20     2    19
  3.2299491103226841E-01 a       700     1    20     2    20
  1.4674678765659541E+00 b       701     2     1
 -2.7613165339947582E-01 b       702     2     2
  6.1194476936555009E-01 b       703     2     3
 -1.2208876705985459E+00 b       704     2     4
  8.9101089737402417E-01 b       705     2     5
 -7.6071473535713341E-01 b       706     2     6
  1.5870456111998394E+00 b       707     2     7
  7.2596217445540490E-01 b       708     2     8
  1.6520694826204749E+00 b       709     2     9
 -5.5668655434223224E-01 b       710     2    10
 -1.0296186146961477E+00 b       711     2    11
  4.1151254828971140E-01 b       712     2    12
  1.2759099769216242E+00 b       713     2    13
  1.1257128983052120E+00 b       714     2    14
 -2.9726070471194932E-01 b       715     2    15
  9.9601404243992619E-01 b       716     2    16
  1.5839555912825083E+00 b       717     2    17
 -1.3698372961371093E+00 b       718     2    18
  1.4426174046779816E+00 b       719     2    19
  5.2868835071150722E-01 b       720     2    20
  6.3125966857033297E-02 a       721     2     1     3     1
 -3.2466042833087384E-02 a       722     2     2     3     1
  4.0250126240406298E-01 a       723     2     3     3     1
  5.9594348069681546E-01 a       724     2     4     3     1
 -1.1786809141255140E-01 a       725     2     5     3     1
  5.3739472542338317E-02 a       726     2     6     3     1
 -1.5015574866047592E-02 a       727     2     7     3     1
 -2.0606988520355812E-01 a       728     2     8     3     1
 -1.1433177112151756E+00 a       729     2     9     3     1
 -4.1444421446412923E-02 a       730     2    10     3     1
 -2.5496706984071665E-01 a       731     2    11     3     1
 -4.1223280794673778E-01 a       732     2    12     3     1
  1.1871992535651273E-01 a       733     2    13     3     1
  2.1177098050283374E-01 a       734     2    14     3     1
 -1.0508306959538685E+00 a       735     2    15     3     1
 -3.3062473160834993E-01 a       736     2    16     3     1
 -3.4661239867260896E-01 a       737     2    17     3     1
 -3.5296355724554168E-01 a       738     2    18     3     1
 -4.0651586789854205E-01 a       739     2    19     3     1
 -2.1077084637252150E-01 a       740     2    20     3     1
  8.9726712461537461E-01 b       741     3     1
