################################################################################
# Neural network connection values (weights and biases).
################################################################################
# Col  Name       Description
################################################################################
# 1    connection Neural network connection value.
# 2    t          Connection type (a = weight, b = bias).
# 3    index      Index enumerating weights.
# 4    l_s        Starting point layer (end point layer for biases).
# 5    n_s        Starting point neuron in starting layer (end point neuron for biases).
# 6    l_e        End point layer.
# 7    n_e        End point neuron in end layer.
################################################################################
#                      1 2         3     4     5     6     7
#             connection t     index   l_s   n_s   l_e   n_e
############################################################
 -2.0150070918348709E-01 a         1     0     1     1     1
  2.6567922556988677E-01 a         2     0     1     1     2
  9.7830366762274523E-02 a         3     0     1     1     3
 -7.2863443470086192E-02 a         4     0     1     1     4
  6.7530088310074010E-01 a         5     0     1     1     5
  4.6102979066135280E-01 a         6     0     1     1     6
  6.5738012650684496E-01 a         7     0     1     1     7
 -6.3046231921270501E-01 a         8     0     1     1     8
  9.9355897113668679E-01 a         9     0     1     1     9
 -1.4845101930504784E-01 a        10     0     1     1    10
  4.8795265584528014E-01 a        11     0     1     1    11
  9.8533849383532268E-02 a        12     0     1     1    12
 -2.0527523387463997E-02 a        13     0     1     1    13
 -2.0262039842831642E-01 a        14     0     1     1    14
 -1.1886865896067275E-01 a        15     0     1     1    15
  4.1669103885049869E-01 a        16     0     1     1    16
  5.1723357818102833E-01 a        17     0     1     1    17
  1.1674886280460752E+00 a        18     0     1     1    18
 -5.4716027315308635E-01 a        19     0     1     1    19
 -3.8214961894411720E-01 a        20     0     1     1    20
  7.7676692318895471E-02 a        21     0     2     1     1
  4.8984061565100950E-01 a        22     0     2     1     2
  8.2318192651359678E-01 a        23     0     2     1     3
  6.0249610077281091E-01 a        24     0     2     1     4
  5.6925498962082310E-01 a        25     0     2     1     5
 -2.4082032597687597E-01 a        26     0     2     1     6
 -6.8553154202789524E-01 a        27     0     2     1     7
 -6.7460077812504926E-01 a        28     0     2     1     8
 -5.9667165219985852E-01 a        29     0     2     1     9
  4.7412234232986394E-01 a        30     0     2     1    10
  1.1357934442955788E+00 a        31     0     2     1    11
  6.1197575702251650E-01 a        32     0     2     1    12
 -5.9237694038359656E-02 a        33     0     2     1    13
 -1.2516739055629031E+00 a        34     0     2     1    14
 -4.2920625636531029E-01 a        35     0     2     1    15
  3.2155823068664563E-01 a        36     0     2     1    16
  3.0072001969408790E-01 a        37     0     2     1    17
  5.2568912321115568E-01 a        38     0     2     1    18
 -2.3527678405915650E-01 a        39     0     2     1    19
 -3.8642593624942401E-01 a        40     0     2     1    20
 -4.2784334729364198E-01 a        41     0     3     1     1
 -7.2397703050391060E-01 a        42     0     3     1     2
  7.6308340827816082E-02 a        43     0     3     1     3
 -7.0418190601466746E-01 a        44     0     3     1     4
 -4.8614242941770647E-01 a        45     0     3     1     5
  2.5604777886656394E-01 a        46     0     3     1     6
 -7.8904938866463081E-01 a        47     0     3     1     7
 -1.4786090738433813E-01 a        48     0     3     1     8
  9.7222758513859509E-01 a        49     0     3     1     9
 -4.8579076820110728E-01 a        50     0     3     1    10
 -3.0052082158201698E-01 a        51     0     3     1    11
  2.5098128155084692E-01 a        52     0     3     1    12
  1.9794945399565345E-01 a        53     0     3     1    13
 -1.4654235408292024E-01 a        54     0     3     1    14
  8.3876569723271321E-01 a        55     0     3     1    15
  3.4008331949501071E-02 a        56     0     3     1    16
 -4.1970682778799745E-01 a        57     0     3     1    17
 -1.6244836160743162E-01 a        58     0     3     1    18
  4.1708329133329392E-01 a        59     0     3     1    19
 -2.9105685424191885E-01 a        60     0     3     1    20
  1.1656029773538317E+00 a        61     0     4     1     1
  1.4458184961250561E-01 a        62     0     4     1     2
 -6.6417032856582825E-01 a        63     0     4     1     3
  8.0042973021929509E-01 a        64     0     4     1     4
 -8.1988579278045459E-01 a        65     0     4     1     5
  5.2237617691442195E-01 a        66     0     4     1     6
 -1.4148792437693325E-01 a        67     0     4     1     7
 -9.3831719424039650E-01 a        68     0     4     1     8
  3.3486355790653688E-01 a        69     0     4     1     9
 -2.7111400667385166E-01 a        70     0     4     1    10
  6.1998744977463394E-01 a        71     0     4     1    11
 -2.9767123641200327E-01 a        72     0     4     1    12
 -5.7859028762084833E-02 a        73     0     4     1    13
 -2.1719653154496993E-01 a        74     0     4     1    14
 -5.4860076437212313E-01 a        75     0     4     1    15
 -2.3235130109155341E-01 a        76     0     4     1    16
  3.3166348983826358E-03 a        77     0     4     1    17
 -2.0066266060247365E-01 a        78     0     4     1    18
 -1.5817419558575585E-01 a        79     0     4     1    19
 -4.1164734064535963E-01 a        80     0     4     1    20
  3.4576112471042342E-01 a        81     0     5     1     1
  1.0980403057419361E-01 a        82     0     5     1     2
  5.9150480109375048E-01 a        83     0     5     1     3
  4.3094757711529497E-01 a        84     0     5     1     4
  1.1703251850111993E-01 a        85     0     5     1     5
  6.3021352195536817E-01 a        86     0     5     1     6
 -3.1863378430351574E-01 a        87     0     5     1     7
  5.3758959648207316E-02 a        88     0     5     1     8
  2.0695218309878818E-01 a        89     0     5     1     9
 -5.2963127000527230E-02 a        90     0     5     1    10
  6.6421951461125939E-01 a        91     0     5     1    11
 -7.6826760495058299E-01 a        92     0     5     1    12
  4.7305899339797525E-01 a        93     0     5     1    13
 -6.2720666993508353E-02 a        94     0     5     1    14
  3.0777288292678856E-01 a        95     0     5     1    15
 -3.1492790645606450E-01 a        96     0     5     1    16
 -3.3861498217988301E-01 a        97     0     5     1    17
  3.1757609158253663E-01 a        98     0     5     1    18
  1.5557101603338114E-01 a        99     0     5     1    19
 -3.2959503034031162E-03 a       100     0     5     1    20
 -6.2101740217193391E-01 a       101     0     6     1     1
 -8.9170059618276865E-01 a       102     0     6     1     2
  2.5691712168104464E-01 a       103     0     6     1     3
 -1.1201542186071135E-01 a       104     0     6     1     4
 -1.0665765431448586E-01 a       105     0     6     1     5
 -1.8230359348233058E-01 a       106     0     6     1     6
 -9.2516175051959096E-02 a       107     0     6     1     7
 -4.3802403217503239E-01 a       108     0     6     1     8
 -4.3455364126313645E-01 a       109     0     6     1     9
 -7.2990666258780457E-01 a       110     0     6     1    10
  4.1946556962940018E-01 a       111     0     6     1    11
  6.3504759551959133E-01 a       112     0     6     1    12
 -6.6684134780277138E-01 a       113     0     6     1    13
  5.7668838320401913E-02 a       114     0     6     1    14
  3.0957559119169020E-01 a       115     0     6     1    15
  8.3971053097065862E-01 a       116     0     6     1    16
  1.9539447567281998E-01 a       117     0     6     1    17
  2.3796269956020297E-01 a       118     0     6     1    18
 -7.2628707164888595E-01 a       119     0     6     1    19
 -7.5453054019289134E-01 a       120     0     6     1    20
  4.9545838035125700E-01 a       121     0     7     1     1
 -6.9444606632012559E-02 a       122     0     7     1     2
  4.7065712708005342E-01 a       123     0     7     1     3
  1.4786742170917941E-01 a       124     0     7     1     4
 -7.9824601532550932E-01 a       125     0     7     1     5
  7.7138708126820832E-02 a       126     0     7     1     6
 -1.3633749970834436E-02 a       127     0     7     1     7
 -1.7414720994586733E-01 a       128     0     7     1     8
 -7.4282943266896406E-01 a       129     0     7     1     9
  4.1539822309957480E-02 a       130     0     7     1    10
 -6.3552779355245032E-02 a       131     0     7     1    11
 -9.1785234463429122E-02 a       132     0     7     1    12
 -7.0949564371124163E-01 a       133     0     7     1    13
 -1.2887561724074253E-01 a       134     0     7     1    14
  3.5633072306594027E-01 a       135     0     7     1    15
 -5.7890731055850542E-01 a       136     0     7     1    16
 -5.3751524709157661E-01 a       137     0     7     1    17
  2.9594441889635337E-01 a       138     0     7     1    18
  7.2201124943619377E-01 a       139     0     7     1    19
  1.0111292854118048E+00 a       140     0     7     1    20
  8.1770552798748086E-01 a       141     0     8     1     1
  5.5827867774232476E-01 a       142     0     8     1     2
 -3.7424290813316785E-01 a       143     0     8     1     3
 -4.6406553349787477E-01 a       144     0     8     1     4
 -6.0978306236837709E-01 a       145     0     8     1     5
  5.2577621476499992E-01 a       146     0     8     1     6
 -4.1038627320927007E-01 a       147     0     8     1     7
  3.0715516221915862E-01 a       148     0     8     1     8
 -7.4306325780700488E-01 a       149     0     8     1     9
  1.0645491395321904E+00 a       150     0     8     1    10
  7.6402184416449270E-01 a       151     0     8     1    11
  3.3021440282111020E-01 a       152     0     8     1    12
  5.2503674346871698E-02 a       153     0     8     1    13
  3.2901609865761607E-02 a       154     0     8     1    14
 -3.2233354695039967E-01 a       155     0     8     1    15
  3.7406048864988839E-01 a       156     0     8     1    16
 -1.7296331818956667E-01 a       157     0     8     1    17
  4.0618554072114271E-01 a       158     0     8     1    18
 -3.2494612454824806E-01 a       159     0     8     1    19
 -2.9006662704471969E-01 a       160     0     8     1    20
 -5.5290294813457197E-01 a       161     0     9     1     1
  2.4417382126743920E-01 a       162     0     9     1     2
  2.6518547631190370E-01 a       163     0     9     1     3
  2.6309667012270849E-01 a       164     0     9     1     4
  5.1439868546518364E-01 a       165     0     9     1     5
 -3.6150858716998208E-01 a       166     0     9     1     6
 -1.1942627082243407E+00 a       167     0     9     1     7
 -6.2521807795354389E-01 a       168     0     9     1     8
  3.8362050668490966E-01 a       169     0     9     1     9
 -3.9212183113337856E-01 a       170     0     9     1    10
 -1.7739559037632002E-01 a       171     0     9     1    11
 -2.1042617533560157E-01 a       172     0     9     1    12
 -1.1992651248737538E-01 a       173     0     9     1    13
 -2.2378365260547736E-01 a       174     0     9     1    14
 -3.9143495887080354E-01 a       175     0     9     1    15
  2.6801337847912227E-01 a       176     0     9     1    16
 -6.0341629038926803E-01 a       177     0     9     1    17
  8.0340896624235902E-01 a       178     0     9     1    18
 -1.0748700731351128E-01 a       179     0     9     1    19
  3.2496046130023226E-01 a       180     0     9     1    20
  4.8881820638479179E-01 a       181     0    10     1     1
 -7.5921850239765809E-01 a       182     0    10     1     2
 -3.1348161817677522E-01 a       183     0    10     1     3
  7.5698427581105981E-02 a       184     0    10     1     4
  1.6329333692581055E-01 a       185     0    10     1     5
 -1.4227542872782054E-02 a       186     0    10     1     6
 -5.5327444424373362E-01 a       187     0    10     1     7
  3.3397065356317396E-01 a       188     0    10     1     8
  1.1463732779788426E-01 a       189     0    10     1     9
 -6.9186300397793221E-01 a       190     0    10     1    10
 -5.3835776809322322E-01 a       191     0    10     1    11
  1.6948492893377223E-01 a       192     0    10     1    12
 -3.4639924300390162E-01 a       193     0    10     1    13
  6.7775493383119811E-01 a       194     0    10     1    14
  2.2098364588710825E-01 a       195     0    10     1    15
 -8.2440455000775056E-02 a       196     0    10     1    16
 -2.5514525604601912E-01 a       197     0    10     1    17
 -5.3761403757320170E-01 a       198     0    10     1    18
 -1.8763353549365541E-01 a       199     0    10     1    19
  3.4938400571329903E-01 a       200     0    10     1    20
 -8.1616266501028256E-01 a       201     0    11     1     1
 -3.0457759426182618E-01 a       202     0    11     1     2
 -3.1204740400565426E-02 a       203     0    11     1     3
  7.0543353878740844E-01 a       204     0    11     1     4
 -3.6407539676252360E-01 a       205     0    11     1     5
 -5.3577838146827560E-02 a       206     0    11     1     6
 -5.4656925012750990E-01 a       207     0    11     1     7
  7.7459325088446329E-02 a       208     0    11     1     8
  4.5851829465512650E-01 a       209     0    11     1     9
 -2.5914912732787215E-01 a       210     0    11     1    10
 -4.9338338641398340E-02 a       211     0    11     1    11
 -3.8985047981091769E-01 a       212     0    11     1    12
  6.2458385623341744E-02 a       213     0    11     1    13
 -8.9320484530209832E-01 a       214     0    11     1    14
 -3.8515159758389811E-01 a       215     0    11     1    15
  5.5960512095063641E-01 a       216     0    11     1    16
  1.2958561980575506E-01 a       217     0    11     1    17
  9.6571803813827684E-02 a       218     0    11     1    18
  2.1257746920619811E-01 a       219     0    11     1    19
 -1.4646189281868724E-01 a       220     0    11     1    20
  1.0609747930416240E+00 a       221     0    12     1     1
 -1.0638791915956669E-01 a       222     0    12     1     2
  1.0518936764897353E+00 a       223     0    12     1     3
  3.5505584856247269E-01 a       224     0    12     1     4
  1.8980341573337327E-02 a       225     0    12     1     5
  3.3891719943308618E-01 a       226     0    12     1     6
 -3.0647663513829193E-01 a       227     0    12     1     7
 -7.0822347173909062E-01 a       228     0    12     1     8
  5.9965497821964264E-01 a       229     0    12     1     9
  7.0983795841424546E-01 a       230     0    12     1    10
  8.0232706099097606E-01 a       231     0    12     1    11
 -2.1263814336784628E-01 a       232     0    12     1    12
  3.6288625572694577E-01 a       233     0    12     1    13
  7.9157516800545724E-01 a       234     0    12     1    14
  7.2779070306573190E-01 a       235     0    12     1    15
  2.3309608770874973E-01 a       236     0    12     1    16
  6.8860107044608088E-01 a       237     0    12     1    17
  2.5141388737531889E-01 a       238     0    12     1    18
 -8.4592051801249624E-01 a       239     0    12     1    19
 -4.3633143463149787E-01 a       240     0    12     1    20
  5.3884435555226973E-01 a       241     0    13     1     1
 -3.8762206480685657E-01 a       242     0    13     1     2
  5.3115065920783000E-01 a       243     0    13     1     3
 -7.7296287587938745E-02 a       244     0    13     1     4
 -1.5841669083566662E-01 a       245     0    13     1     5
 -2.9358306861444244E-01 a       246     0    13     1     6
  4.1049824656814088E-01 a       247     0    13     1     7
  1.6792172608127390E-01 a       248     0    13     1     8
 -2.2772718243383151E-02 a       249     0    13     1     9
  2.0283493633746769E-01 a       250     0    13     1    10
 -4.4804396866845597E-01 a       251     0    13     1    11
  2.8258367020114566E-01 a       252     0    13     1    12
  1.0396542072457572E-01 a       253     0    13     1    13
 -3.6859547703209522E-01 a       254     0    13     1    14
  4.2886613549193620E-01 a       255     0    13     1    15
  3.1785686294212023E-01 a       256     0    13     1    16
  2.8151075020613398E-01 a       257     0    13     1    17
  3.8674411167473793E-01 a       258     0    13     1    18
  6.6013396484312492E-01 a       259     0    13     1    19
  3.7394154514348055E-01 a       260     0    13     1    20
  2.6552174105738713E-01 a       261     0    14     1     1
  1.6373088196636035E-01 a       262     0    14     1     2
  5.8699163637088998E-02 a       263     0    14     1     3
  1.0933238141958239E+00 a       264     0    14     1     4
 -5.2179645249774220E-01 a       265     0    14     1     5
  2.9359918995866585E-01 a       266     0    14     1     6
 -8.9223035918633287E-01 a       267     0    14     1     7
  6.7679468205673346E-02 a       268     0    14     1     8
 -3.4401739129470577E-01 a       269     0    14     1     9
 -2.8559593337849850E-02 a       270     0    14     1    10
 -6.4949043293738085E-01 a       271     0    14     1    11
 -5.1759004579995949E-01 a       272     0    14     1    12
 -2.9080916664673917E-01 a       273     0    14     1    13
 -7.7540610085872819E-01 a       274     0    14     1    14
 -3.1397730240253267E-02 a       275     0    14     1    15
  2.6500225774316494E-01 a       276     0    14     1    16
  5.4259837582015402E-01 a       277     0    14     1    17
  4.9344557531631979E-02 a       278     0    14     1    18
 -3.1313228693907191E-01 a       279     0    14     1    19
 -5.3378846911468691E-01 a       280     0    14     1    20
 -1.9220519288490066E+00 b       281     1     1
 -3.3945036582885829E-01 b       282     1     2
 -5.3429882946645779E-01 b       283     1     3
 -1.1886932310556617E+00 b       284     1     4
 -1.0670695921406006E+00 b       285     1     5
  4.3293002252920065E-01 b       286     1     6
  1.9101498557925285E+00 b       287     1     7
  9.5198777489552366E-01 b       288     1     8
  1.4558680413007927E+00 b       289     1     9
 -9.8720314138294640E-01 b       290     1    10
 -1.6813286373174388E+00 b       291     1    11
  7.8741010158775282E-01 b       292     1    12
 -1.1886309496857892E+00 b       293     1    13
  7.9275915452597268E-01 b       294     1    14
  6.0272473522221781E-01 b       295     1    15
  4.4042162242073418E-01 b       296     1    16
  1.1857652525030156E+00 b       297     1    17
  7.1394505074580353E-02 b       298     1    18
  1.7258038304619236E+00 b       299     1    19
  1.3198508318731312E+00 b       300     1    20
  4.8727832211329464E-01 a       301     1     1     2     1
  5.5172693877485593E-02 a       302     1     1     2     2
 -3.7115592470630909E-01 a       303     1     1     2     3
  4.6534941165667232E-01 a       304     1     1     2     4
 -6.6491066002326946E-02 a       305     1     1     2     5
 -4.0799682350470690E-01 a       306     1     1     2     6
  3.6949780310829006E-01 a       307     1     1     2     7
  1.2004591964366830E-01 a       308     1     1     2     8
 -3.9065225278246607E-01 a       309     1     1     2     9
  2.0044546751844097E-01 a       310     1     1     2    10
  4.1027816086878993E-01 a       311     1     1     2    11
 -1.3653189538823265E-01 a       312     1     1     2    12
 -1.6422281832982724E-01 a       313     1     1     2    13
 -2.5607840023697581E-01 a       314     1     1     2    14
  4.1069066790453918E-01 a       315     1     1     2    15
  2.0658992977143228E-01 a       316     1     1     2    16
 -5.1971340460641557E-01 a       317     1     1     2    17
 -5.8294532995521386E-01 a       318     1     1     2    18
  4.6330465916604174E-01 a       319     1     1     2    19
 -3.9505412636162157E-01 a       320     1     1     2    20
 -1.7738311020395750E-01 a       321     1     2     2     1
  2.8943005507706437E-01 a       322     1     2     2     2
  7.9999572685700807E-02 a       323     1     2     2     3
  1.7613620844141653E-01 a       324     1     2     2     4
  4.0613923049372896E-01 a       325     1     2     2     5
  9.5504851780733491E-01 a       326     1     2     2     6
  1.6593150933227488E-01 a       327     1     2     2     7
 -4.6388183180333414E-01 a       328     1     2     2     8
  8.0498368528463171E-01 a       329     1     2     2     9
  6.8864066046739364E-02 a       330     1     2     2    10
 -1.8577460901833123E-01 a       331     1     2     2    11
 -2.4999540926971617E-01 a       332     1     2     2    12
  1.3313082555563704E-01 a       333     1     2     2    13
 -5.8182365686992144E-01 a       334     1     2     2    14
  7.9195158904957574E-01 a       335     1     2     2    15
 -2.8907082414103064E-01 a       336     1     2     2    16
 -3.4552675689711859E-01 a       337     1     2     2    17
 -1.6965630344929949E-01 a       338     1     2     2    18
 -4.0477260211013322E-01 a       339     1     2     2    19
 -3.6420035058168998E-01 a       340     1     2     2    20
 -3.2304519677879756E-01 a       341     1     3     2     1
  2.3912344009764283E-01 a       342     1     3     2     2
 -3.1141638857579718E-01 a       343     1     3     2     3
  4.8022902503743731E-01 a       344     1     3     2     4
 -6.2338620047925515E-02 a       345     1     3     2     5
 -5.7934241194661440E-01 a       346     1     3     2     6
 -2.7287130878681432E-01 a       347     1     3     2     7
 -1.7895618673751792E-01 a       348     1     3     2     8
 -1.6218539164057735E-01 a       349     1     3     2     9
  4.6866016357769401E-03 a       350     1     3     2    10
 -9.4027102736237392E-02 a       351     1     3     2    11
  2.7842746592489814E-01 a       352     1     3     2    12
  3.4796289846594719E-01 a       353     1     3     2    13
 -1.0993952834967308E-01 a       354     1     3     2    14
  3.3003590986480019E-01 a       355     1     3     2    15
  5.8147332436550681E-01 a       356     1     3     2    16
 -4.5207265900675481E-01 a       357     1     3     2    17
 -8.1793399161682712E-01 a       358     1     3     2    18
  2.1124274401976675E-01 a       359     1     3     2    19
  3.2487364316147321E-01 a       360     1     3     2    20
  3.5184472563560719E-03 a       361     1     4     2     1
  2.7220005393881436E-01 a       362     1     4     2     2
  3.9375969654083914E-01 a       363     1     4     2     3
 -9.9413929880071014E-02 a       364     1     4     2     4
 -8.2816698212369255E-02 a       365     1     4     2     5
  1.7831638532751717E-01 a       366     1     4     2     6
  1.6815059031088719E-01 a       367     1     4     2     7
 -5.4761849502355653E-01 a       368     1     4     2     8
  4.6563504150888818E-01 a       369     1     4     2     9
 -2.3563996810024160E-01 a       370     1     4     2    10
 -6.0992927692753385E-01 a       371     1     4     2    11
 -3.8584012113017360E-02 a       372     1     4     2    12
  5.1185420353710065E-01 a       373     1     4     2    13
 -5.6730462256400593E-01 a       374     1     4     2    14
  6.2009347902713130E-01 a       375     1     4     2    15
 -4.9541481828296052E-01 a       376     1     4     2    16
  2.3654968702122561E-01 a       377     1     4     2    17
 -7.9264510126558722E-03 a       378     1     4     2    18
 -2.0500821803443200E-01 a       379     1     4     2    19
  1.2009306674676952E-01 a       380     1     4     2    20
 -5.7386209317118808E-01 a       381     1     5     2     1
 -3.4819461273526454E-02 a       382     1     5     2     2
  3.3265458370388806E-01 a       383     1     5     2     3
  1.1541564974502277E-01 a       384     1     5     2     4
 -3.5019381442446101E-01 a       385     1     5     2     5
 -2.5871537399890876E-01 a       386     1     5     2     6
 -6.3678042341864127E-01 a       387     1     5     2     7
 -3.4839857215809289E-01 a       388     1     5     2     8
 -2.9924336410163316E-01 a       389     1     5     2     9
 -2.9321749547717657E-01 a       390     1     5     2    10
  2.0731698360910730E-01 a       391     1     5     2    11
 -4.4149605201844205E-01 a       392     1     5     2    12
 -5.0281990274289490E-01 a       393     1     5     2    13
 -1.5511105420657942E-01 a       394     1     5     2    14
  3.5119231122329125E-01 a       395     1     5     2    15
 -6.6035409759724473E-01 a       396     1     5     2    16
  6.8850632648663268E-01 a       397     1     5     2    17
  9.4466273547631777E-02 a       398     1     5     2    18
 -2.1391451705600195E-01 a       399     1     5     2    19
 -1.1029529541057027E-02 a       400     1     5     2    20
 -4.5582051573366200E-01 a       401     1     6     2     1
  3.1039148661000493E-01 a       402     1     6     2     2
 -5.6159807284975249E-01 a       403     1     6     2     3
  1.1833497336987689E-01 a       404     1     6     2     4
  6.8510926410683104E-01 a       405     1     6     2     5
  1.1228404370245608E-01 a       406     1     6     2     6
  3.6945966619875625E-01 a       407     1     6     2     7
  1.9813202281202574E-01 a       408     1     6     2     8
 -1.7344188638534735E-01 a       409     1     6     2     9
 -4.9276441522189657E-01 a       410     1     6     2    10
  2.5131101920639726E-01 a       411     1     6     2    11
  5.2896825875038689E-02 a       412     1     6     2    12
 -1.2663773173383625E-01 a       413     1     6     2    13
  2.2483826322717865E-01 a       414     1     6     2    14
 -1.5658872465814690E-02 a       415     1     6     2    15
  2.3416726797660251E-01 a       416     1     6     2    16
 -6.7236044763226055E-01 a       417     1     6     2    17
 -2.2928566500619157E-01 a       418     1     6     2    18
  3.5775551107218373E-01 a       419     1     6     2    19
 -1.6774608346631636E-01 a       420     1     6     2    20
  4.9025351418167934E-01 a       421     1     7     2     1
 -3.3867767079763522E-01 a       422     1     7     2     2
 -6.7232114571481183E-01 a       423     1     7     2     3
  1.7668625061987325E-01 a       424     1     7     2     4
  5.3413380379531872E-01 a       425     1     7     2     5
 -4.9045121060795055E-01 a       426     1     7     2     6
  1.4254856268508118E-01 a       427     1     7     2     7
  4.9709707748807125E-01 a       428     1     7     2     8
  2.4622942829471792E-01 a       429     1     7     2     9
 -2.3390151610035503E-01 a       430     1     7     2    10
  5.1154085705592623E-03 a       431     1     7     2    11
 -3.9475303886621038E-01 a       432     1     7     2    12
 -3.8812345238526343E-02 a       433     1     7     2    13
  1.4173309665541106E-01 a       434     1     7     2    14
  4.1481627629662524E-02 a       435     1     7     2    15
  3.2123899467830325E-01 a       436     1     7     2    16
  3.4494620509721441E-01 a       437     1     7     2    17
  5.1855908548699037E-01 a       438     1     7     2    18
  2.1002478562057378E-01 a       439     1     7     2    19
 -6.7700141516225865E-01 a       440     1     7     2    20
 -6.6007219885460239E-02 a       441     1     8     2     1
 -8.2216747294508508E-02 a       442     1     8     2     2
 -3.1986638257103495E-01 a       443     1     8     2     3
  5.2240086823524746E-02 a       444     1     8     2     4
  1.6062584182706349E-01 a       445     1     8     2     5
 -1.6108684198953849E-01 a       446     1     8     2     6
  1.2867938245526754E-02 a       447     1     8     2     7
  2.9524969179535458E-02 a       448     1     8     2     8
  4.6190062137537263E-01 a       449     1     8     2     9
 -6.9675849101782505E-01 a       450     1     8     2    10
 -2.1230869324005844E-01 a       451     1     8     2    11
 -1.0778287815585924E-01 a       452     1     8     2    12
  1.0572567302785330E-01 a       453     1     8     2    13
  6.4780210650287762E-01 a       454     1     8     2    14
 -8.2303400087688060E-03 a       455     1     8     2    15
 -2.5888312193007945E-01 a       456     1     8     2    16
  3.6801859009279531E-01 a       457     1     8     2    17
  6.6355266203647834E-01 a       458     1     8     2    18
  1.3509254628632592E-01 a       459     1     8     2    19
  1.4081135255388905E-01 a       460     1     8     2    20
  5.8136954717254608E-01 a       461     1     9     2     1
  5.1061896936893059E-01 a       462     1     9     2     2
  5.2904651381169920E-01 a       463     1     9     2     3
  2.1415354465584419E-02 a       464     1     9     2     4
 -2.9816539774322315E-01 a       465     1     9     2     5
 -9.6688786839641092E-02 a       466     1     9     2     6
  1.2537436829375778E-01 a       467     1     9     2     7
 -3.0849792621844763E-01 a       468     1     9     2     8
 -7.9473241329659244E-02 a       469     1     9     2     9
  2.4360511070194776E-01 a       470     1     9     2    10
 -4.5289748828120724E-01 a       471     1     9     2    11
  2.4408604543325912E-01 a       472     1     9     2    12
  1.9905518541840803E-01 a       473     1     9     2    13
  4.4921407732212559E-01 a       474     1     9     2    14
  5.2158615789321239E-02 a       475     1     9     2    15
  3.3589861803384757E-01 a       476     1     9     2    16
  3.8159130736797742E-01 a       477     1     9     2    17
 -1.1217515909334690E+00 a       478     1     9     2    18
 -3.7062384977022250E-01 a       479     1     9     2    19
  4.7914853548490323E-02 a       480     1     9     2    20
 -5.5513587374711959E-01 a       481     1    10     2     1
 -8.3737069039019757E-02 a       482     1    10     2     2
 -4.3342653443131623E-01 a       483     1    10     2     3
 -3.0716087330627118E-01 a       484     1    10     2     4
 -2.5579712568215901E-01 a       485     1    10     2     5
 -1.2085354030225105E-02 a       486     1    10     2     6
 -6.5850589588376762E-01 a       487     1    10     2     7
  2.3806069137021157E-02 a       488     1    10     2     8
  3.3168890286745750E-01 a       489     1    10     2     9
 -2.3628416462284671E-01 a       490     1    10     2    10
  5.1252602792885271E-01 a       491     1    10     2    11
 -5.2260722616365307E-01 a       492     1    10     2    12
  8.2484104460955818E-02 a       493     1    10     2    13
  6.3791603859374557E-01 a       494     1    10     2    14
 -2.2526439363026296E-01 a       495     1    10     2    15
 -6.1517710754312860E-01 a       496     1    10     2    16
 -2.5189189337202567E-01 a       497     1    10     2    17
 -2.8662139093517790E-02 a       498     1    10     2    18
  2.0752338192777414E-01 a       499     1    10     2    19
 -1.0721184453429065E-01 a       500     1    10     2    20
 -1.7421662504943899E-01 a       501     1    11     2     1
  2.7614385753550363E-01 a       502     1    11     2     2
 -3.4944482991727249E-01 a       503     1    11     2     3
 -6.9378627598422626E-01 a       504     1    11     2     4
 -3.9206607980477193E-01 a       505     1    11     2     5
  6.3131020403956864E-02 a       506     1    11     2     6
  4.0954469619485533E-02 a       507     1    11     2     7
 -4.1214093111363775E-01 a       508     1    11     2     8
 -5.1093029294807746E-01 a       509     1    11     2     9
 -6.8107927546012670E-01 a       510     1    11     2    10
  5.9891610134714453E-02 a       511     1    11     2    11
  4.6901208208398221E-01 a       512     1    11     2    12
  1.1838595115262004E-01 a       513     1    11     2    13
 -7.3336694972536787E-01 a       514     1    11     2    14
  5.9919987574011478E-02 a       515     1    11     2    15
 -3.1525361933359708E-01 a       516     1    11     2    16
  3.8154698320760883E-01 a       517     1    11     2    17
 -2.9189044305140677E-01 a       518     1    11     2    18
  6.9804189295045893E-01 a       519     1    11     2    19
  3.8226388532138439E-01 a       520     1    11     2    20
  3.7282322877037644E-01 a       521     1    12     2     1
  7.0182019873430856E-01 a       522     1    12     2     2
 -9.3760383298550465E-02 a       523     1    12     2     3
 -2.3358012067643798E-02 a       524     1    12     2     4
  5.0365709282781201E-01 a       525     1    12     2     5
 -5.6115976233094056E-01 a       526     1    12     2     6
  2.3096664371855552E-01 a       527     1    12     2     7
  3.9437935248509937E-01 a       528     1    12     2     8
  4.3824290235052321E-01 a       529     1    12     2     9
 -1.1365141192297781E-01 a       530     1    12     2    10
 -5.4844548824359896E-01 a       531     1    12     2    11
 -1.6022262763728265E-01 a       532     1    12     2    12
  6.5415883051669699E-01 a       533     1    12     2    13
  3.2274791580085566E-01 a       534     1    12     2    14
  5.1963721321643908E-01 a       535     1    12     2    15
  4.7420641115990847E-01 a       536     1    12     2    16
  2.5374281655005909E-01 a       537     1    12     2    17
 -2.2789631181741188E-01 a       538     1    12     2    18
 -4.1829772706916152E-01 a       539     1    12     2    19
  1.8319737892387339E-01 a       540     1    12     2    20
 -2.4936617562362576E-01 a       541     1    13     2     1
  8.4300300989823340E-01 a       542     1    13     2     2
  3.0687261034546398E-01 a       543     1    13     2     3
  2.1141416492267331E-01 a       544     1    13     2     4
 -3.8560607187942558E-01 a       545     1    13     2     5
  1.1431522748821188E-01 a       546     1    13     2     6
 -1.9676904441771625E-01 a       547     1    13     2     7
 -6.4525377823353408E-02 a       548     1    13     2     8
 -6.7399986060525785E-01 a       549     1    13     2     9
  2.8252628229845456E-01 a       550     1    13     2    10
 -3.3519753782130796E-01 a       551     1    13     2    11
  3.0352819714585721E-01 a       552     1    13     2    12
 -2.3921631701200685E-01 a       553     1    13     2    13
 -3.2902410356120598E-01 a       554     1    13     2    14
  2.7216825703751563E-01 a       555     1    13     2    15
 -1.6392135430732346E-01 a       556     1    13     2    16
 -2.6237965003900743E-01 a       557     1    13     2    17
 -9.5654499209547245E-02 a       558     1    13     2    18
 -2.8636558262769007E-01 a       559     1    13     2    19
  6.3961599163204352E-01 a       560     1    13     2    20
  3.8943155970081506E-01 a       561     1    14     2     1
 -3.3843499089958823E-01 a       562     1    14     2     2
 -1.0434729797142445E-01 a       563     1    14     2     3
  7.6082032815423251E-01 a       564     1    14     2     4
 -3.4307990215368728E-01 a       565     1    14     2     5
 -2.5943473879590612E-01 a       566     1    14     2     6
 -5.5109193232924658E-01 a       567     1    14     2     7
  1.8769371758484718E-01 a       568     1    14     2     8
  1.9875417261617206E-01 a       569     1    14     2     9
  3.4651869745585118E-01 a       570     1    14     2    10
  1.5520642742542581E-01 a       571     1    14     2    11
  1.5514367832340933E-01 a       572     1    14     2    12
  2.9724076737311073E-01 a       573     1    14     2    13
  2.0479315784111010E-02 a       574     1    14     2    14
 -9.8144072525791007E-02 a       575     1    14     2    15
  3.3545170917489292E-01 a       576     1    14     2    16
 -5.8640596519971355E-01 a       577     1    14     2    17
  2.2666608578569311E-01 a       578     1    14     2    18
  2.9386430416445497E-01 a       579     1    14     2    19
  4.3467812860228344E-01 a       580     1    14     2    20
 -2.0832460778236880E-01 a       581     1    15     2     1
 -9.0996906266280919E-01 a       582     1    15     2     2
 -3.7625750676470271E-01 a       583     1    15     2     3
  3.2346241689445582E-02 a       584     1    15     2     4
  6.5769578951284668E-01 a       585     1    15     2     5
  6.1547111416698552E-01 a       586     1    15     2     6
 -2.7597723897504062E-01 a       587     1    15     2     7
 -5.0622975382727387E-01 a       588     1    15     2     8
 -7.4107355326813049E-02 a       589     1    15     2     9
 -1.8062347246369193E-01 a       590     1    15     2    10
 -5.8880050791988124E-02 a       591     1    15     2    11
 -3.2037322293900394E-01 a       592     1    15     2    12
 -6.5095737448716273E-01 a       593     1    15     2    13
  1.9665705231773006E-01 a       594     1    15     2    14
 -4.2575734735392079E-01 a       595     1    15     2    15
  5.6530665673714883E-02 a       596     1    15     2    16
  1.0015759186723003E-01 a       597     1    15     2    17
 -1.6328967118575186E-01 a       598     1    15     2    18
 -6.0314735273027587E-01 a       599     1    15     2    19
 -3.2635004714465715E-01 a       600     1    15     2    20
  4.4244903313794304E-01 a       601     1    16     2     1
 -3.9044475279069335E-01 a       602     1    16     2     2
 -7.0372470972821566E-02 a       603     1    16     2     3
  4.5363310671900287E-01 a       604     1    16     2     4
  1.5395114597050824E-01 a       605     1    16     2     5
  1.9116570490201706E-01 a       606     1    16     2     6
 -1.6876565891254949E-01 a       607     1    16     2     7
  5.2367713770734470E-01 a       608     1    16     2     8
  9.5970812030621612E-03 a       609     1    16     2     9
 -8.6891304493640770E-02 a       610     1    16     2    10
 -5.0492136358783790E-01 a       611     1    16     2    11
 -2.6864222061609866E-01 a       612     1    16     2    12
  3.5574577382653605E-01 a       613     1    16     2    13
  2.8192826903174628E-01 a       614     1    16     2    14
 -3.3056889504338938E-01 a       615     1    16     2    15
  4.3424462847090517E-01 a       616     1    16     2    16
 -4.2871764366186982E-01 a       617     1    16     2    17
 -6.0225484688777774E-02 a       618     1    16     2    18
  2.4976684565040361E-02 a       619     1    16     2    19
 -2.3676406920718721E-01 a       620     1    16     2    20
  2.7036708150683177E-02 a       621     1    17     2     1
  4.0383399518043367E-01 a       622     1    17     2     2
 -8.0330087093286506E-01 a       623     1    17     2     3
 -4.9394118661762199E-01 a       624     1    17     2     4
  3.5783851082291126E-03 a       625     1    17     2     5
  4.9134998873502936E-02 a       626     1    17     2     6
  5.5602870583386066E-01 a       627     1    17     2     7
  5.9503293004639157E-01 a       628     1    17     2     8
 -8.2347201007621829E-01 a       629     1    17     2     9
 -2.1567808889479304E-01 a       630     1    17     2    10
  4.4460397165039467E-01 a       631     1    17     2    11
  1.2091239664114626E-02 a       632     1    17     2    12
 -2.1151164010756823E-01 a       633     1    17     2    13
  3.1199818774768961E-02 a       634     1    17     2    14
 -3.8410180972527452E-01 a       635     1    17     2    15
 -3.1439167820242669E-01 a       636     1    17     2    16
 -4.1579015763902838E-01 a       637     1    17     2    17
 -4.0850406712553265E-02 a       638     1    17     2    18
 -1.9295160474341347E-01 a       639     1    17     2    19
  3.9069132969201326E-01 a       640     1    17     2    20
  3.9793282853735912E-01 a       641     1    18     2     1
  6.7954973314068934E-01 a       642     1    18     2     2
  5.2163325735162569E-01 a       643     1    18     2     3
 -1.6227050257109693E-01 a       644     1    18     2     4
 -2.5762872016325011E-01 a       645     1    18     2     5
  3.6697874325060514E-01 a       646     1    18     2     6
 -4.1252766127456153E-01 a       647     1    18     2     7
 -1.3501537958960630E-01 a       648     1    18     2     8
  1.0350766294661064E-01 a       649     1    18     2     9
  2.7428464655236279E-01 a       650     1    18     2    10
 -1.4815803788130775E-02 a       651     1    18     2    11
 -6.2404829211250026E-02 a       652     1    18     2    12
 -5.8525683787215421E-01 a       653     1    18     2    13
 -9.3828856678786432E-02 a       654     1    18     2    14
  8.2270709550608645E-01 a       655     1    18     2    15
 -6.2265623912752566E-01 a       656     1    18     2    16
 -3.5994526656539100E-01 a       657     1    18     2    17
  7.3405719137141312E-01 a       658     1    18     2    18
 -3.1762239476987253E-01 a       659     1    18     2    19
  1.7115450237571463E-03 a       660     1    18     2    20
 -1.8999969545376236E-01 a       661     1    19     2     1
 -2.3225304566228325E-01 a       662     1    19     2     2
  2.7581959108204895E-01 a       663     1    19     2     3
  3.2338150463812509E-01 a       664     1    19     2     4
 -2.8569801383547899E-01 a       665     1    19     2     5
 -1.8318151812950886E-01 a       666     1    19     2     6
  7.4714067297046227E-01 a       667     1    19     2     7
  3.2082798168240545E-01 a       668     1    19     2     8
  1.4888765803312623E-01 a       669     1    19     2     9
 -3.3343162305777485E-01 a       670     1    19     2    10
 -3.3574437852468847E-01 a       671     1    19     2    11
  2.6828682898726425E-01 a       672     1    19     2    12
 -2.2282397626164782E-01 a       673     1    19     2    13
 -2.5734369972653220E-01 a       674     1    19     2    14
  4.0729232221730843E-01 a       675     1    19     2    15
  3.0940662573086120E-01 a       676     1    19     2    16
 -2.4972837767558165E-01 a       677     1    19     2    17
 -4.8185752639627566E-01 a       678     1    19     2    18
  2.5320801894720430E-02 a       679     1    19     2    19
 -1.5609757069805538E-01 a       680     1    19     2    20
  5.9911016132526518E-01 a       681     1    20     2     1
  4.8633698548602899E-01 a       682     1    20     2     2
  4.5080965940400797E-01 a       683     1    20     2     3
 -7.4321107334008030E-01 a       684     1    20     2     4
  2.7987103973840877E-01 a       685     1    20     2     5
  1.2196508574619530E-01 a       686     1    20     2     6
 -6.2162713421049409E-01 a       687     1    20     2     7
  5.8990909278626491E-01 a       688     1    20     2     8
  2.7198979553411406E-01 a       689     1    20     2     9
 -4.8492953635603026E-01 a       690     1    20     2    10
 -5.8211695885287040E-01 a       691     1    20     2    11
  5.1395230031284245E-01 a       692     1    20     2    12
 -1.9667460072775106E-01 a       693     1    20     2    13
 -4.3371627756723397E-01 a       694     1    20     2    14
 -2.6245558407033065E-01 a       695     1    20     2    15
  4.1541658988922658E-01 a       696     1    20     2    16
  5.2609613337187622E-01 a       697     1    20     2    17
  2.4523946280972603E-01 a       698     1    20     2    18
  2.7390835327400936E-01 a       699     1    20     2    19
 -4.2394307516062747E-02 a       700     1    20     2    20
  5.3356911930560769E-01 b       701     2     1
 -3.9193123259517693E-01 b       702     2     2
 -1.6911478381603353E+00 b       703     2     3
 -1.4990590885055899E+00 b       704     2     4
 -9.9391289787026404E-01 b       705     2     5
 -1.0939179725827632E+00 b       706     2     6
 -1.0299482240651083E+00 b       707     2     7
 -4.6691441206695897E-02 b       708     2     8
 -1.5346278701277372E+00 b       709     2     9
 -3.1525097158038123E-01 b       710     2    10
  1.6510708459651222E+00 b       711     2    11
 -1.0590372974959243E+00 b       712     2    12
 -3.5055554466125999E-01 b       713     2    13
 -4.6631773410980104E-01 b       714     2    14
 -8.4290242619731914E-01 b       715     2    15
 -1.2228794094285529E+00 b       716     2    16
  2.9380609978046313E-01 b       717     2    17
 -1.2742217094565356E+00 b       718     2    18
  3.0223339150851286E-01 b       719     2    19
  3.2952471500594971E-01 b       720     2    20
 -4.5870177721168653E-01 a       721     2     1     3     1
 -1.5360548526701151E-01 a       722     2     2     3     1
  4.8260769510333484E-01 a       723     2     3     3     1
 -3.7815316000460547E-01 a       724     2     4     3     1
  3.7928626782927682E-01 a       725     2     5     3     1
 -5.1214714368694514E-01 a       726     2     6     3     1
  1.3120108986375364E-01 a       727     2     7     3     1
  1.2269341182520635E-01 a       728     2     8     3     1
  6.6423781103931254E-02 a       729     2     9     3     1
  7.1030238107533850E-01 a       730     2    10     3     1
 -1.7840776642953915E-01 a       731     2    11     3     1
 -5.4100009508955471E-01 a       732     2    12     3     1
 -2.3965492246149278E-01 a       733     2    13     3     1
  3.7351114191646179E-01 a       734     2    14     3     1
  4.3937867250094848E-01 a       735     2    15     3     1
 -8.1575074113190493E-01 a       736     2    16     3     1
 -5.3322241072093518E-02 a       737     2    17     3     1
 -7.9744216534541321E-02 a       738     2    18     3     1
  4.1707136554705737E-01 a       739     2    19     3     1
  4.4007972821396402E-01 a       740     2    20     3     1
  9.2761095237520672E-02 b       741     3     1
