################################################################################
# Learning curves for energies and forces.
################################################################################
# Col  Name             Description
################################################################################
# 1    epoch            Current epoch.
# 2    RMSEpa_Etrain_pu RMSE of training energies per atom (physical units)
# 3    RMSEpa_Etest_pu  RMSE of test energies per atom (physical units)
# 4    RMSE_Etrain_pu   RMSE of training energies (physical units)
# 5    RMSE_Etest_pu    RMSE of test energies (physical units)
# 6    MAEpa_Etrain_pu  MAE of training energies per atom (physical units)
# 7    MAEpa_Etest_pu   MAE of test energies per atom (physical units)
# 8    MAE_Etrain_pu    MAE of training energies (physical units)
# 9    MAE_Etest_pu     MAE of test energies (physical units)
# 10   RMSE_Ftrain_pu   RMSE of training forces (physical units)
# 11   RMSE_Ftest_pu    RMSE of test forces (physical units)
# 12   MAE_Ftrain_pu    MAE of training forces (physical units)
# 13   MAE_Ftest_pu     MAE of test forces (physical units)
######################################################################################################################################################################################################################
#        1                2                3                4                5                6                7                8                9               10               11               12               13
#    epoch RMSEpa_Etrain_pu  RMSEpa_Etest_pu   RMSE_Etrain_pu    RMSE_Etest_pu  MAEpa_Etrain_pu   MAEpa_Etest_pu    MAE_Etrain_pu     MAE_Etest_pu   RMSE_Ftrain_pu    RMSE_Ftest_pu    MAE_Ftrain_pu     MAE_Ftest_pu
######################################################################################################################################################################################################################
         0   2.47359906E+00   2.43995343E+00   1.58310340E+02   1.56157020E+02   2.47102294E+00   2.43576118E+00   1.58145468E+02   1.55888715E+02   4.59294010E-01   4.37256659E-01   2.71496908E-01   2.65156837E-01
         1   5.61173472E-04   5.54953509E-04   3.59151022E-02   3.55170246E-02   4.35885949E-04   4.31522451E-04   2.78967007E-02   2.76174369E-02   1.12624845E-02   1.40200086E-02   7.88370769E-03   9.27288764E-03
         2   7.12019094E-04   9.27774327E-04   4.55692220E-02   5.93775569E-02   5.89791400E-04   7.18457331E-04   3.77466496E-02   4.59812692E-02   7.47843372E-03   8.66528730E-03   5.56096858E-03   6.33832145E-03
         3   6.47830314E-04   8.77647664E-04   4.14611401E-02   5.61694505E-02   4.58695897E-04   5.80879166E-04   2.93565374E-02   3.71762666E-02   6.97209804E-03   7.98250725E-03   5.19422219E-03   5.87578640E-03
         4   4.47820485E-04   4.91683019E-04   2.86605111E-02   3.14677132E-02   3.53146879E-04   3.53058707E-04   2.26014002E-02   2.25957572E-02   6.95458839E-03   8.05918331E-03   5.22939444E-03   5.92531615E-03
         5   4.06851642E-04   5.27316215E-04   2.60385051E-02   3.37482377E-02   3.40965068E-04   4.21310589E-04   2.18217644E-02   2.69638777E-02   6.97391845E-03   8.09118990E-03   5.23112190E-03   5.96957084E-03
         6   4.08336007E-04   5.29281694E-04   2.61335045E-02   3.38740284E-02   3.28017935E-04   3.92902410E-04   2.09931478E-02   2.51457543E-02   6.97939207E-03   8.09016772E-03   5.25164787E-03   5.96859698E-03
         7   2.83539113E-04   4.15875797E-04   1.81465032E-02   2.66160510E-02   2.10706005E-04   2.76257380E-04   1.34851843E-02   1.76804723E-02   6.95065073E-03   8.10669509E-03   5.23403993E-03   5.98534376E-03
         8   3.24601240E-04   4.53972017E-04   2.07744794E-02   2.90542091E-02   2.39492832E-04   3.54251478E-04   1.53275413E-02   2.26720946E-02   6.92699789E-03   8.06072892E-03   5.21439341E-03   5.96412240E-03
         9   2.95253267E-04   4.18976366E-04   1.88962091E-02   2.68144874E-02   2.23868209E-04   2.82971759E-04   1.43275654E-02   1.81101926E-02   6.91936961E-03   8.07485061E-03   5.21200444E-03   5.97096926E-03
        10   2.76707669E-04   4.08403076E-04   1.77092908E-02   2.61377969E-02   2.15755683E-04   2.73315915E-04   1.38083637E-02   1.74922186E-02   6.91461627E-03   8.07415505E-03   5.21120408E-03   5.97138495E-03
        11   2.62216763E-04   4.19690051E-04   1.67818728E-02   2.68601632E-02   2.05358165E-04   2.70934319E-04   1.31429225E-02   1.73397964E-02   6.91486047E-03   8.07974361E-03   5.21053793E-03   5.97844398E-03
        12   2.64034843E-04   4.18396891E-04   1.68982299E-02   2.67774010E-02   2.05938033E-04   2.69749822E-04   1.31800341E-02   1.72639886E-02   6.88974160E-03   8.04915027E-03   5.19248939E-03   5.95679661E-03
        13   2.65003018E-04   4.35610787E-04   1.69601932E-02   2.78790903E-02   2.07903227E-04   2.75771915E-04   1.33058065E-02   1.76494025E-02   6.87772490E-03   8.05648477E-03   5.17339482E-03   5.95804880E-03
        14   2.63027953E-04   4.31962657E-04   1.68337890E-02   2.76456100E-02   2.06576805E-04   2.65268892E-04   1.32209155E-02   1.69772091E-02   6.86574643E-03   8.03110952E-03   5.16803152E-03   5.94804838E-03
        15   2.58221922E-04   4.38121202E-04   1.65262030E-02   2.80397569E-02   1.98659284E-04   2.69780226E-04   1.27141942E-02   1.72659345E-02   6.86876766E-03   8.02880864E-03   5.17438502E-03   5.94895838E-03
