################################################################################
# Neural network connection values (weights and biases).
################################################################################
# Col  Name       Description
################################################################################
# 1    connection Neural network connection value.
# 2    t          Connection type (a = weight, b = bias).
# 3    index      Index enumerating weights.
# 4    l_s        Starting point layer (end point layer for biases).
# 5    n_s        Starting point neuron in starting layer (end point neuron for biases).
# 6    l_e        End point layer.
# 7    n_e        End point neuron in end layer.
################################################################################
#                      1 2         3     4     5     6     7
#             connection t     index   l_s   n_s   l_e   n_e
############################################################
 -1.9765199299576405E-01 a         1     0     1     1     1
 -7.2320152752939945E-02 a         2     0     1     1     2
  2.1615689254947121E-01 a         3     0     1     1     3
  1.4712149291628871E-02 a         4     0     1     1     4
  5.4437483949590348E-01 a         5     0     1     1     5
  7.0735905047820302E-01 a         6     0     1     1     6
  4.0025933412511633E-01 a         7     0     1     1     7
 -6.6891690890701661E-01 a         8     0     1     1     8
  7.0884851870073740E-01 a         9     0     1     1     9
 -2.3576338671213604E-02 a        10     0     1     1    10
  4.7962946769452680E-01 a        11     0     1     1    11
  2.4978622170530854E-01 a        12     0     1     1    12
 -9.0956452813766672E-02 a        13     0     1     1    13
 -2.7010087291922735E-01 a        14     0     1     1    14
  1.8205009404811429E-01 a        15     0     1     1    15
  6.0807187549008856E-01 a        16     0     1     1    16
  5.4053344461321107E-01 a        17     0     1     1    17
  8.0972667359775152E-01 a        18     0     1     1    18
 -4.9479459225303996E-01 a        19     0     1     1    19
 -4.1711509484472076E-01 a        20     0     1     1    20
 -4.8044125030377893E-01 a        21     0     2     1     1
  6.6843734163851320E-01 a        22     0     2     1     2
  4.7881172338440864E-01 a        23     0     2     1     3
  2.8065315597537038E-01 a        24     0     2     1     4
  4.2062986152515947E-01 a        25     0     2     1     5
 -1.9949552543184323E-01 a        26     0     2     1     6
 -3.4242191573416930E-01 a        27     0     2     1     7
 -7.9378769594485377E-01 a        28     0     2     1     8
 -3.7311391385531395E-01 a        29     0     2     1     9
  5.4853993374425758E-01 a        30     0     2     1    10
  6.2816444523957549E-01 a        31     0     2     1    11
  4.8628248473396374E-01 a        32     0     2     1    12
  3.0264393031981692E-02 a        33     0     2     1    13
 -5.2710097887924412E-01 a        34     0     2     1    14
 -6.5691275677799865E-01 a        35     0     2     1    15
  5.0940442421684573E-01 a        36     0     2     1    16
  7.9878445783286434E-01 a        37     0     2     1    17
  3.4096626441584171E-01 a        38     0     2     1    18
 -3.6105468320306711E-01 a        39     0     2     1    19
 -6.6009752589440707E-01 a        40     0     2     1    20
 -1.3892254817029817E-01 a        41     0     3     1     1
 -5.5584215694465999E-01 a        42     0     3     1     2
 -5.3561987957044821E-01 a        43     0     3     1     3
 -7.9119265754299417E-01 a        44     0     3     1     4
 -4.1516573934225914E-01 a        45     0     3     1     5
  2.9369652042829059E-01 a        46     0     3     1     6
 -4.9866470867915430E-01 a        47     0     3     1     7
 -5.0985720659948303E-02 a        48     0     3     1     8
  3.8910632627224784E-01 a        49     0     3     1     9
 -3.9731960897322234E-02 a        50     0     3     1    10
 -2.2193045586879165E-01 a        51     0     3     1    11
  5.0394969171152459E-01 a        52     0     3     1    12
 -7.1784506337592910E-02 a        53     0     3     1    13
 -1.4121995155978440E-01 a        54     0     3     1    14
  6.0703357026445459E-01 a        55     0     3     1    15
  1.0130517531073929E-01 a        56     0     3     1    16
 -4.6910459191674470E-01 a        57     0     3     1    17
 -4.3317785961331895E-01 a        58     0     3     1    18
  5.3231727535298623E-01 a        59     0     3     1    19
  3.7622774327620734E-02 a        60     0     3     1    20
  4.9499131031633770E-01 a        61     0     4     1     1
 -2.1540072281293471E-01 a        62     0     4     1     2
 -5.1193260487635783E-01 a        63     0     4     1     3
  4.0630467654490549E-01 a        64     0     4     1     4
 -2.5903988499886949E-01 a        65     0     4     1     5
  3.8861779000716012E-01 a        66     0     4     1     6
 -6.0230661414441666E-01 a        67     0     4     1     7
 -5.0768669395765798E-01 a        68     0     4     1     8
  4.5000892766395495E-01 a        69     0     4     1     9
 -5.1622465431334252E-01 a        70     0     4     1    10
  6.5785761597976644E-01 a        71     0     4     1    11
 -3.7712170770394604E-01 a        72     0     4     1    12
 -3.4212300990378403E-01 a        73     0     4     1    13
 -1.5013096033828294E-01 a        74     0     4     1    14
  1.4038089656506336E-01 a        75     0     4     1    15
 -1.0691363033404518E-01 a        76     0     4     1    16
 -5.0769879604086943E-01 a        77     0     4     1    17
 -1.1466475016939345E-01 a        78     0     4     1    18
 -1.7059765173335597E-02 a        79     0     4     1    19
 -1.3474458907318076E-01 a        80     0     4     1    20
  1.7080057104183732E-01 a        81     0     5     1     1
 -2.8646240900697412E-01 a        82     0     5     1     2
  4.8166446953181818E-01 a        83     0     5     1     3
  3.5859059497242773E-01 a        84     0     5     1     4
  4.5260760323477874E-02 a        85     0     5     1     5
  6.5875396732946301E-01 a        86     0     5     1     6
 -1.0585559035682336E-01 a        87     0     5     1     7
 -9.1419128969489152E-04 a        88     0     5     1     8
  4.0001463714775670E-01 a        89     0     5     1     9
 -2.5725326029190632E-01 a        90     0     5     1    10
  2.7305387992675989E-01 a        91     0     5     1    11
 -2.0840080599955832E-01 a        92     0     5     1    12
  2.0329467435195825E-01 a        93     0     5     1    13
  6.9673533090875497E-02 a        94     0     5     1    14
  3.4681300077368626E-01 a        95     0     5     1    15
 -5.1025062207135929E-02 a        96     0     5     1    16
 -5.4040776578761263E-01 a        97     0     5     1    17
  2.1728774293805109E-01 a        98     0     5     1    18
  3.1316184270588271E-01 a        99     0     5     1    19
 -2.1989473614048449E-01 a       100     0     5     1    20
 -5.8164644877808735E-01 a       101     0     6     1     1
 -6.5975673609619701E-01 a       102     0     6     1     2
  3.3111971916396860E-01 a       103     0     6     1     3
 -1.4142142280709072E-01 a       104     0     6     1     4
 -1.3530198043337524E-01 a       105     0     6     1     5
 -2.0200458566891469E-01 a       106     0     6     1     6
  5.5494409120246058E-01 a       107     0     6     1     7
 -4.7617444596281716E-01 a       108     0     6     1     8
 -7.5555243871357713E-01 a       109     0     6     1     9
 -4.4950237538957510E-01 a       110     0     6     1    10
  5.4247558243175253E-01 a       111     0     6     1    11
  5.9456028741573297E-01 a       112     0     6     1    12
 -9.3759376436004327E-01 a       113     0     6     1    13
 -5.3488379213287185E-01 a       114     0     6     1    14
  6.6203605637799856E-01 a       115     0     6     1    15
  2.6680092165312541E-01 a       116     0     6     1    16
  1.2502365315184188E-01 a       117     0     6     1    17
  1.5474657918582441E-01 a       118     0     6     1    18
 -6.4992211496059682E-01 a       119     0     6     1    19
 -4.8966369328588649E-01 a       120     0     6     1    20
  2.0719842183767167E-02 a       121     0     7     1     1
 -3.0886498712930027E-01 a       122     0     7     1     2
  5.5021773964422616E-01 a       123     0     7     1     3
 -2.2217915528664900E-01 a       124     0     7     1     4
 -4.6333661539468729E-01 a       125     0     7     1     5
  1.4231849272703873E-01 a       126     0     7     1     6
  5.7133941224692307E-02 a       127     0     7     1     7
  2.3331241036909309E-01 a       128     0     7     1     8
 -5.2651387969425689E-01 a       129     0     7     1     9
  7.3763907756902350E-02 a       130     0     7     1    10
 -1.6789249096133180E-01 a       131     0     7     1    11
  3.5112317776323804E-01 a       132     0     7     1    12
 -8.7504113614420043E-01 a       133     0     7     1    13
 -2.0870409675332616E-01 a       134     0     7     1    14
  5.5302462885589132E-01 a       135     0     7     1    15
 -8.7070952904536092E-02 a       136     0     7     1    16
 -4.0221168755544950E-01 a       137     0     7     1    17
  5.9568444516919361E-01 a       138     0     7     1    18
  6.1251732870679509E-01 a       139     0     7     1    19
  7.6770119554494154E-01 a       140     0     7     1    20
  2.5483824095730656E-01 a       141     0     8     1     1
  2.4705261918678634E-01 a       142     0     8     1     2
 -4.1132884477062420E-01 a       143     0     8     1     3
 -3.8303298725732732E-01 a       144     0     8     1     4
 -3.4614489839966084E-01 a       145     0     8     1     5
  5.3702842340982937E-01 a       146     0     8     1     6
 -1.0545506916771551E-01 a       147     0     8     1     7
  3.9377184416072536E-01 a       148     0     8     1     8
 -5.9003418639479022E-01 a       149     0     8     1     9
  7.2469210062690992E-01 a       150     0     8     1    10
  3.8641600545231597E-01 a       151     0     8     1    11
  5.0070117607662334E-01 a       152     0     8     1    12
  2.7288570928078543E-01 a       153     0     8     1    13
  2.5680000239298845E-01 a       154     0     8     1    14
 -4.9938814752055541E-02 a       155     0     8     1    15
  2.7189859124849430E-01 a       156     0     8     1    16
 -3.4297837113418611E-01 a       157     0     8     1    17
  7.5277201244277436E-01 a       158     0     8     1    18
 -4.4647760709672794E-02 a       159     0     8     1    19
 -1.2691173827084373E-01 a       160     0     8     1    20
 -1.5032886305863566E-01 a       161     0     9     1     1
  6.2386784389881197E-02 a       162     0     9     1     2
  2.0854249629555341E-01 a       163     0     9     1     3
 -6.2686956470108052E-02 a       164     0     9     1     4
  3.2998182102349422E-01 a       165     0     9     1     5
 -5.1457767298414114E-02 a       166     0     9     1     6
 -6.4919249058354211E-01 a       167     0     9     1     7
 -4.7593018486719862E-01 a       168     0     9     1     8
  1.7021264626151545E-02 a       169     0     9     1     9
 -3.7456384897223904E-01 a       170     0     9     1    10
 -3.1074480796507931E-01 a       171     0     9     1    11
 -3.0672995069547676E-01 a       172     0     9     1    12
 -2.2576339215820787E-01 a       173     0     9     1    13
  8.9425405320004356E-02 a       174     0     9     1    14
 -1.6367849333853249E-01 a       175     0     9     1    15
  1.5611391551407910E-01 a       176     0     9     1    16
 -1.0100318530209416E-01 a       177     0     9     1    17
  2.7212904726077219E-01 a       178     0     9     1    18
  1.3943090368516703E-01 a       179     0     9     1    19
  3.3181010392039217E-01 a       180     0     9     1    20
  4.1728225383877215E-01 a       181     0    10     1     1
 -4.8181368988572915E-01 a       182     0    10     1     2
 -2.1025346895064925E-01 a       183     0    10     1     3
  1.7459215346041165E-01 a       184     0    10     1     4
  1.8125985714852177E-01 a       185     0    10     1     5
 -2.6972322920944075E-01 a       186     0    10     1     6
 -5.1064191366169992E-02 a       187     0    10     1     7
  1.2904735889363572E-01 a       188     0    10     1     8
  4.6327869352825918E-01 a       189     0    10     1     9
 -2.2820369486524916E-01 a       190     0    10     1    10
 -3.8571227634110794E-01 a       191     0    10     1    11
  5.9328740741436026E-01 a       192     0    10     1    12
 -5.6602439212307998E-01 a       193     0    10     1    13
  3.7550534930805907E-01 a       194     0    10     1    14
  1.9313366191838999E-01 a       195     0    10     1    15
 -1.2256258998706293E-01 a       196     0    10     1    16
  1.8737683401412722E-01 a       197     0    10     1    17
 -2.3823459760886390E-01 a       198     0    10     1    18
 -3.8063957519957853E-01 a       199     0    10     1    19
  4.3408014272241574E-01 a       200     0    10     1    20
 -6.7827837571109240E-01 a       201     0    11     1     1
 -3.3736703009135510E-01 a       202     0    11     1     2
 -2.8309229641021333E-01 a       203     0    11     1     3
  6.6393893294997064E-01 a       204     0    11     1     4
 -3.2693721869770559E-01 a       205     0    11     1     5
 -5.1510174492322169E-01 a       206     0    11     1     6
 -4.9810109965188548E-01 a       207     0    11     1     7
  1.0432689256664673E-01 a       208     0    11     1     8
  3.2570650047402583E-01 a       209     0    11     1     9
 -1.0348855489044437E-01 a       210     0    11     1    10
 -1.6312491758358916E-01 a       211     0    11     1    11
 -5.2421719434806746E-01 a       212     0    11     1    12
  3.7481145844888819E-01 a       213     0    11     1    13
 -3.2744802098350462E-01 a       214     0    11     1    14
 -3.5865943789824745E-01 a       215     0    11     1    15
  7.4631624373188510E-01 a       216     0    11     1    16
  5.2945727890490075E-02 a       217     0    11     1    17
  5.7442848697281212E-01 a       218     0    11     1    18
  3.7539624636904256E-01 a       219     0    11     1    19
  3.7014441344083415E-01 a       220     0    11     1    20
  6.5567471155398882E-01 a       221     0    12     1     1
  2.1132652842464988E-01 a       222     0    12     1     2
  5.8596070855380111E-01 a       223     0    12     1     3
  3.5442333516251256E-01 a       224     0    12     1     4
 -1.4090412098705446E-01 a       225     0    12     1     5
  3.4500689239188732E-02 a       226     0    12     1     6
 -3.6893454645784263E-01 a       227     0    12     1     7
 -5.8796265838469663E-01 a       228     0    12     1     8
  4.8427757188632681E-01 a       229     0    12     1     9
  8.6626641485706235E-01 a       230     0    12     1    10
  7.0734498677232704E-01 a       231     0    12     1    11
 -4.5084179426447457E-01 a       232     0    12     1    12
  5.0486443953160343E-01 a       233     0    12     1    13
  7.2261329311917466E-01 a       234     0    12     1    14
  3.6995246055772374E-01 a       235     0    12     1    15
  2.1006126032365191E-01 a       236     0    12     1    16
 -1.3506853748678091E-02 a       237     0    12     1    17
  5.9121712977205632E-01 a       238     0    12     1    18
 -6.4396234126909024E-01 a       239     0    12     1    19
 -1.2814041182113656E-01 a       240     0    12     1    20
  7.3278601226145235E-01 a       241     0    13     1     1
 -5.0515074842999763E-01 a       242     0    13     1     2
  4.5651303696703960E-01 a       243     0    13     1     3
 -6.6269391012326068E-02 a       244     0    13     1     4
 -4.3694865928625470E-01 a       245     0    13     1     5
 -4.5077314871670510E-01 a       246     0    13     1     6
  3.3359008628074499E-01 a       247     0    13     1     7
  5.7819614896281943E-03 a       248     0    13     1     8
  2.5198379488304331E-03 a       249     0    13     1     9
  3.9816201427212128E-01 a       250     0    13     1    10
 -4.8503937802289587E-01 a       251     0    13     1    11
  4.2096481413756476E-01 a       252     0    13     1    12
  1.2521260898060826E-01 a       253     0    13     1    13
 -6.1205397839665332E-01 a       254     0    13     1    14
  3.9902519322254065E-01 a       255     0    13     1    15
  2.0513643066162299E-01 a       256     0    13     1    16
  8.2236894019300164E-02 a       257     0    13     1    17
  2.5790442375241062E-03 a       258     0    13     1    18
  3.5062758029470736E-01 a       259     0    13     1    19
  4.2199457231106352E-01 a       260     0    13     1    20
  3.8005880319335872E-01 a       261     0    14     1     1
  1.1845011586515518E-01 a       262     0    14     1     2
  7.6453601749805422E-02 a       263     0    14     1     3
  8.5471978362404388E-01 a       264     0    14     1     4
 -5.1416840272342768E-01 a       265     0    14     1     5
  4.7909329051814104E-01 a       266     0    14     1     6
 -3.8025158893049560E-01 a       267     0    14     1     7
  9.8082762527014741E-02 a       268     0    14     1     8
 -1.4699289151428752E-01 a       269     0    14     1     9
 -1.2039590679065489E-01 a       270     0    14     1    10
 -5.0344288981386254E-01 a       271     0    14     1    11
 -2.7950003204598983E-01 a       272     0    14     1    12
 -4.3956887073205297E-01 a       273     0    14     1    13
 -6.4040196130568428E-01 a       274     0    14     1    14
 -2.2010404621955343E-01 a       275     0    14     1    15
  1.7290708831109486E-01 a       276     0    14     1    16
  6.5908789742800256E-01 a       277     0    14     1    17
  6.5485375025274170E-02 a       278     0    14     1    18
 -4.6300173057191929E-01 a       279     0    14     1    19
 -5.7732520711405833E-01 a       280     0    14     1    20
 -1.6903381519448759E+00 b       281     1     1
 -5.3099386204000543E-01 b       282     1     2
 -3.3070025738950948E-01 b       283     1     3
 -1.1107725666005543E+00 b       284     1     4
 -1.1294336343131897E+00 b       285     1     5
  4.6072516786252216E-01 b       286     1     6
  1.6903392776761736E+00 b       287     1     7
  9.2967171381093072E-01 b       288     1     8
  1.5633751937777731E+00 b       289     1     9
 -9.3945813035967562E-01 b       290     1    10
 -1.6804714214644372E+00 b       291     1    11
  8.8770766370157705E-01 b       292     1    12
 -1.0658168319671100E+00 b       293     1    13
  5.1224686602653702E-01 b       294     1    14
  7.7079048366161140E-01 b       295     1    15
  4.3031453209013287E-01 b       296     1    16
  1.1706151798444016E+00 b       297     1    17
  1.6450525825765536E-01 b       298     1    18
  1.7983234433872570E+00 b       299     1    19
  1.2604057013745229E+00 b       300     1    20
  5.5863555266669074E-01 a       301     1     1     2     1
 -3.4397515726980747E-04 a       302     1     1     2     2
 -1.1038923722956048E-01 a       303     1     1     2     3
  1.3039887664225788E-01 a       304     1     1     2     4
 -1.5933697381406214E-01 a       305     1     1     2     5
 -2.1527402410870966E-01 a       306     1     1     2     6
  5.0950823652971022E-01 a       307     1     1     2     7
  1.4628351186892491E-01 a       308     1     1     2     8
 -4.9608634605440094E-01 a       309     1     1     2     9
  4.4193635010103050E-01 a       310     1     1     2    10
  2.7350127874785196E-01 a       311     1     1     2    11
  1.4494404157393984E-01 a       312     1     1     2    12
 -1.4939027186468318E-01 a       313     1     1     2    13
 -1.7939413501602411E-01 a       314     1     1     2    14
  4.7074301717695821E-01 a       315     1     1     2    15
 -1.1053408176792200E-01 a       316     1     1     2    16
 -5.3254686389864847E-01 a       317     1     1     2    17
 -5.1979976773297321E-01 a       318     1     1     2    18
  1.6914946543119858E-01 a       319     1     1     2    19
 -2.4156615220142558E-01 a       320     1     1     2    20
 -8.2256239588579638E-02 a       321     1     2     2     1
  4.1102196067306990E-01 a       322     1     2     2     2
 -1.7638911052218190E-01 a       323     1     2     2     3
  2.1360007986593782E-01 a       324     1     2     2     4
  4.5642127465337168E-01 a       325     1     2     2     5
  8.3376051014995844E-01 a       326     1     2     2     6
  5.9229644769258716E-01 a       327     1     2     2     7
 -5.4386634194755246E-01 a       328     1     2     2     8
  6.2075282973965074E-01 a       329     1     2     2     9
  2.2498702661649067E-01 a       330     1     2     2    10
 -2.0382644348667659E-02 a       331     1     2     2    11
 -4.0501359291707739E-01 a       332     1     2     2    12
  4.3214297574573596E-01 a       333     1     2     2    13
 -5.1668924708555930E-01 a       334     1     2     2    14
  7.7098116126703131E-01 a       335     1     2     2    15
 -3.0709228194600646E-01 a       336     1     2     2    16
 -2.3038806115935831E-01 a       337     1     2     2    17
 -2.2967051843143568E-02 a       338     1     2     2    18
 -2.9677526143774552E-01 a       339     1     2     2    19
 -5.2461408607489879E-01 a       340     1     2     2    20
 -2.9725842777189543E-01 a       341     1     3     2     1
  2.4934242914856741E-01 a       342     1     3     2     2
 -1.6799692910511457E-01 a       343     1     3     2     3
  5.8867399920665309E-01 a       344     1     3     2     4
 -2.1025950513144953E-01 a       345     1     3     2     5
 -2.8883461246892550E-01 a       346     1     3     2     6
 -1.7133326473460778E-02 a       347     1     3     2     7
 -7.7662128512316991E-02 a       348     1     3     2     8
 -2.1995519726072416E-01 a       349     1     3     2     9
 -3.3550750004084265E-02 a       350     1     3     2    10
 -2.7468611125470926E-01 a       351     1     3     2    11
  2.0612321186706020E-01 a       352     1     3     2    12
  2.7710149120953531E-01 a       353     1     3     2    13
 -1.6338014100909004E-01 a       354     1     3     2    14
  2.0269418742590750E-01 a       355     1     3     2    15
  4.4428579318341249E-01 a       356     1     3     2    16
 -5.0938706437627512E-01 a       357     1     3     2    17
 -6.3403770776142732E-01 a       358     1     3     2    18
  2.0677891243578791E-01 a       359     1     3     2    19
  2.7993620519148882E-01 a       360     1     3     2    20
  1.2269690142540769E-01 a       361     1     4     2     1
  3.5019470515313966E-01 a       362     1     4     2     2
  4.2064074430971238E-01 a       363     1     4     2     3
  1.4394376826591776E-01 a       364     1     4     2     4
 -2.1015799955126310E-01 a       365     1     4     2     5
  5.3092818593659408E-01 a       366     1     4     2     6
  2.7184904487565626E-02 a       367     1     4     2     7
 -5.7301311832082991E-01 a       368     1     4     2     8
  3.1539897159523766E-01 a       369     1     4     2     9
 -3.6102305776730748E-01 a       370     1     4     2    10
 -3.9874417954709085E-01 a       371     1     4     2    11
 -2.5749292233354237E-01 a       372     1     4     2    12
  3.5232547354878585E-01 a       373     1     4     2    13
 -5.4965971224120913E-01 a       374     1     4     2    14
  4.3451713504857459E-01 a       375     1     4     2    15
 -5.0261875170463999E-01 a       376     1     4     2    16
  1.4615540569245919E-01 a       377     1     4     2    17
 -3.6942003126874991E-02 a       378     1     4     2    18
 -2.0677943932949619E-01 a       379     1     4     2    19
  2.6836466300837003E-01 a       380     1     4     2    20
 -6.6300865402350373E-01 a       381     1     5     2     1
 -5.4579310222678472E-02 a       382     1     5     2     2
  2.7785027127841327E-01 a       383     1     5     2     3
 -4.5968138461313118E-02 a       384     1     5     2     4
 -5.1571143325280966E-01 a       385     1     5     2     5
 -4.4225020134509491E-01 a       386     1     5     2     6
 -4.9387864283256572E-01 a       387     1     5     2     7
 -2.9086156177552408E-01 a       388     1     5     2     8
 -3.8758001010835996E-01 a       389     1     5     2     9
 -4.9631874618438626E-01 a       390     1     5     2    10
  1.3427520735361170E-01 a       391     1     5     2    11
 -6.5375001815992984E-01 a       392     1     5     2    12
 -3.7783933122514196E-01 a       393     1     5     2    13
 -3.1606323472247466E-01 a       394     1     5     2    14
  1.7252556035608724E-01 a       395     1     5     2    15
 -3.7750381118315846E-01 a       396     1     5     2    16
  1.6354884449976803E-01 a       397     1     5     2    17
  2.6384428948752842E-01 a       398     1     5     2    18
 -4.3874234748505425E-01 a       399     1     5     2    19
  2.1383232935886937E-01 a       400     1     5     2    20
 -2.6619690162439480E-01 a       401     1     6     2     1
  9.3558114995402522E-02 a       402     1     6     2     2
 -4.5258352360572796E-01 a       403     1     6     2     3
  1.3940411945422487E-01 a       404     1     6     2     4
  5.6363590340451708E-01 a       405     1     6     2     5
  7.9666823872487053E-02 a       406     1     6     2     6
  4.2184436080229759E-01 a       407     1     6     2     7
  2.4584783476350930E-01 a       408     1     6     2     8
 -1.4560705646579231E-01 a       409     1     6     2     9
 -4.2921568583700181E-01 a       410     1     6     2    10
  2.3956716150547258E-01 a       411     1     6     2    11
  1.9319371722997877E-01 a       412     1     6     2    12
 -1.2456280735401465E-01 a       413     1     6     2    13
  1.2556473176265304E-01 a       414     1     6     2    14
  6.1162237093073321E-02 a       415     1     6     2    15
  3.7502831727877567E-01 a       416     1     6     2    16
 -4.3630289316811510E-01 a       417     1     6     2    17
 -3.3819721940119801E-01 a       418     1     6     2    18
  4.8406554756450099E-01 a       419     1     6     2    19
  5.6930699626468788E-02 a       420     1     6     2    20
  3.6959847813991181E-01 a       421     1     7     2     1
 -4.8698933152832491E-01 a       422     1     7     2     2
 -5.5719208003068021E-01 a       423     1     7     2     3
  1.7462868993520936E-01 a       424     1     7     2     4
  4.7126797863944692E-01 a       425     1     7     2     5
 -5.9948103984676682E-01 a       426     1     7     2     6
  2.1836628538650565E-01 a       427     1     7     2     7
  4.5422758156742682E-01 a       428     1     7     2     8
  2.9328661021170260E-01 a       429     1     7     2     9
  5.6172571664329096E-02 a       430     1     7     2    10
  2.5449143318704737E-01 a       431     1     7     2    11
 -1.6962699868269676E-01 a       432     1     7     2    12
 -7.3179386690019567E-03 a       433     1     7     2    13
  3.6905790285647705E-01 a       434     1     7     2    14
 -1.0427201348299346E-02 a       435     1     7     2    15
  3.7919024670135493E-01 a       436     1     7     2    16
  2.5506676680380597E-01 a       437     1     7     2    17
  6.2066991472266873E-02 a       438     1     7     2    18
  3.0718118221595186E-01 a       439     1     7     2    19
 -6.7476492458340465E-01 a       440     1     7     2    20
 -7.3189568150747564E-02 a       441     1     8     2     1
  3.0670328237450190E-01 a       442     1     8     2     2
 -1.2866820003934420E-01 a       443     1     8     2     3
 -2.4799973107030807E-01 a       444     1     8     2     4
  1.3908304912513114E-01 a       445     1     8     2     5
  3.6908443405296515E-01 a       446     1     8     2     6
  2.9338961889861348E-01 a       447     1     8     2     7
 -6.4141250480949184E-03 a       448     1     8     2     8
  2.9965408169617164E-01 a       449     1     8     2     9
 -8.0575960402632518E-01 a       450     1     8     2    10
 -6.1354387917244568E-01 a       451     1     8     2    11
 -2.2840614578006918E-01 a       452     1     8     2    12
  3.5885188263863038E-01 a       453     1     8     2    13
  4.0327032823631809E-01 a       454     1     8     2    14
 -1.5314339423545162E-01 a       455     1     8     2    15
 -2.1942066190133613E-01 a       456     1     8     2    16
  1.7119362699955024E-01 a       457     1     8     2    17
  5.5890150377484382E-01 a       458     1     8     2    18
  1.9249453342776879E-01 a       459     1     8     2    19
  1.0297845435018199E-01 a       460     1     8     2    20
  5.6380083902403511E-01 a       461     1     9     2     1
  2.3122723012701304E-01 a       462     1     9     2     2
  4.1117282135735356E-01 a       463     1     9     2     3
  5.9254334712525933E-02 a       464     1     9     2     4
 -2.5529821256657070E-01 a       465     1     9     2     5
 -2.2629429055470701E-01 a       466     1     9     2     6
  5.0909780445592620E-03 a       467     1     9     2     7
 -3.4478607929364585E-01 a       468     1     9     2     8
 -3.4362780074695554E-01 a       469     1     9     2     9
  4.7296531117530793E-01 a       470     1     9     2    10
  5.1122192300569625E-03 a       471     1     9     2    11
  3.7232623630211792E-01 a       472     1     9     2    12
 -1.5419340933370806E-01 a       473     1     9     2    13
  5.5224280693912220E-01 a       474     1     9     2    14
  1.7355429573292855E-01 a       475     1     9     2    15
  5.1634507162946308E-01 a       476     1     9     2    16
  6.6233239881246880E-02 a       477     1     9     2    17
 -7.0705888220106117E-01 a       478     1     9     2    18
 -3.6370810960118294E-01 a       479     1     9     2    19
  1.2224466051629680E-01 a       480     1     9     2    20
 -5.2125524342197105E-01 a       481     1    10     2     1
 -9.7607472684267754E-02 a       482     1    10     2     2
 -3.3744331211333473E-01 a       483     1    10     2     3
 -3.9669817455016959E-01 a       484     1    10     2     4
 -2.1111318510873128E-01 a       485     1    10     2     5
 -6.8193490743704135E-02 a       486     1    10     2     6
 -6.1398201488469184E-01 a       487     1    10     2     7
 -1.7452229937931774E-02 a       488     1    10     2     8
  4.0226564569916406E-01 a       489     1    10     2     9
 -2.0470615102359654E-01 a       490     1    10     2    10
  3.2229971383716066E-01 a       491     1    10     2    11
 -3.8168602412275232E-01 a       492     1    10     2    12
  1.9161010160703557E-01 a       493     1    10     2    13
  4.8946445013838163E-01 a       494     1    10     2    14
 -1.6740156596357006E-01 a       495     1    10     2    15
 -5.8896582137400211E-01 a       496     1    10     2    16
 -1.2062248452811807E-01 a       497     1    10     2    17
  2.6609732399247316E-01 a       498     1    10     2    18
  8.2374966754047360E-02 a       499     1    10     2    19
  1.1527816481613672E-02 a       500     1    10     2    20
 -2.4299898540920745E-01 a       501     1    11     2     1
  1.5241477841107290E-01 a       502     1    11     2     2
 -4.0258739353363932E-01 a       503     1    11     2     3
 -3.8073587291824862E-01 a       504     1    11     2     4
 -1.3339534343724330E-01 a       505     1    11     2     5
 -1.2982637171287750E-01 a       506     1    11     2     6
  7.8209354566052366E-02 a       507     1    11     2     7
 -3.5696386103847533E-01 a       508     1    11     2     8
 -5.6429915984837309E-01 a       509     1    11     2     9
 -4.5606592560829851E-01 a       510     1    11     2    10
  3.0765885675504129E-01 a       511     1    11     2    11
  1.2827020699305633E-01 a       512     1    11     2    12
  2.6047984566237825E-01 a       513     1    11     2    13
 -4.3096856396806404E-01 a       514     1    11     2    14
  4.3221866305180032E-02 a       515     1    11     2    15
 -1.9517777101876760E-01 a       516     1    11     2    16
  3.1975903058862626E-01 a       517     1    11     2    17
 -1.0383204702861019E-01 a       518     1    11     2    18
  5.9091561758895639E-01 a       519     1    11     2    19
  3.6054699642007171E-01 a       520     1    11     2    20
  3.5651614075468241E-01 a       521     1    12     2     1
  5.3920248203973176E-01 a       522     1    12     2     2
 -1.6947695621996312E-01 a       523     1    12     2     3
  1.8527715743289824E-01 a       524     1    12     2     4
  2.3155270779634884E-01 a       525     1    12     2     5
 -6.4182745972507349E-01 a       526     1    12     2     6
  5.9545421983207347E-01 a       527     1    12     2     7
  3.8286307512415430E-01 a       528     1    12     2     8
  1.2388306770951667E-01 a       529     1    12     2     9
 -7.0925245592005637E-02 a       530     1    12     2    10
 -2.2086017668761643E-01 a       531     1    12     2    11
 -2.9583890755408915E-01 a       532     1    12     2    12
  3.9140277337007928E-01 a       533     1    12     2    13
  2.1295983595895340E-01 a       534     1    12     2    14
  4.3784742752540018E-01 a       535     1    12     2    15
  4.4346321430095503E-01 a       536     1    12     2    16
  3.4616016491863916E-01 a       537     1    12     2    17
 -2.0286155109037204E-01 a       538     1    12     2    18
 -5.5449111354306690E-01 a       539     1    12     2    19
  6.0577717324370527E-02 a       540     1    12     2    20
 -2.9524394476986315E-01 a       541     1    13     2     1
  7.3155215266808715E-01 a       542     1    13     2     2
  4.4233079777381412E-01 a       543     1    13     2     3
  5.4108758069046879E-02 a       544     1    13     2     4
 -2.6155668738581817E-01 a       545     1    13     2     5
  3.1846763497404597E-02 a       546     1    13     2     6
 -2.3309129664507926E-02 a       547     1    13     2     7
 -1.1469762969545494E-01 a       548     1    13     2     8
 -6.2221073140016736E-01 a       549     1    13     2     9
 -3.3007639300636930E-02 a       550     1    13     2    10
 -2.0305509715979739E-01 a       551     1    13     2    11
  5.0642199804878885E-02 a       552     1    13     2    12
 -1.6355997613918066E-01 a       553     1    13     2    13
 -2.3203057134531910E-01 a       554     1    13     2    14
  2.2960611981584303E-01 a       555     1    13     2    15
  2.1938082673617215E-02 a       556     1    13     2    16
 -3.5106274307106061E-01 a       557     1    13     2    17
 -7.2635994036963178E-02 a       558     1    13     2    18
 -2.8706232275899740E-01 a       559     1    13     2    19
  3.5650739408628923E-01 a       560     1    13     2    20
  4.6205648459290488E-01 a       561     1    14     2     1
 -1.1784161601159113E-01 a       562     1    14     2     2
  6.7814973410542448E-02 a       563     1    14     2     3
  4.9298121334094919E-01 a       564     1    14     2     4
 -1.7817214455292282E-01 a       565     1    14     2     5
 -7.6192916484983039E-02 a       566     1    14     2     6
 -9.5077087178771308E-02 a       567     1    14     2     7
  2.7079345771826674E-01 a       568     1    14     2     8
  2.2186688121295511E-01 a       569     1    14     2     9
  9.1583230754326422E-02 a       570     1    14     2    10
 -2.7873984081691599E-02 a       571     1    14     2    11
  2.2587026922855977E-01 a       572     1    14     2    12
  3.9975770621096529E-01 a       573     1    14     2    13
 -2.4718878029959782E-01 a       574     1    14     2    14
 -1.7573881144327966E-01 a       575     1    14     2    15
  7.8790443462186013E-02 a       576     1    14     2    16
 -4.1320222859732220E-01 a       577     1    14     2    17
  1.1352551442186526E-01 a       578     1    14     2    18
  2.4587710282359332E-01 a       579     1    14     2    19
  3.2641171471936575E-01 a       580     1    14     2    20
 -7.7203983376489871E-02 a       581     1    15     2     1
 -5.5745351520496700E-01 a       582     1    15     2     2
 -3.0813949553124481E-01 a       583     1    15     2     3
 -1.2668497694299316E-01 a       584     1    15     2     4
  4.7724551497921647E-01 a       585     1    15     2     5
  4.7462797033628784E-01 a       586     1    15     2     6
 -6.7487069447960912E-01 a       587     1    15     2     7
 -4.4717438604428855E-01 a       588     1    15     2     8
  3.5534594876960879E-01 a       589     1    15     2     9
 -2.9603186972600198E-01 a       590     1    15     2    10
 -1.2721725622662861E-01 a       591     1    15     2    11
 -3.5729760136535160E-01 a       592     1    15     2    12
 -7.3740115854173824E-02 a       593     1    15     2    13
 -3.4506003707219202E-01 a       594     1    15     2    14
 -5.0271361410217497E-01 a       595     1    15     2    15
  1.3334761176136153E-01 a       596     1    15     2    16
  1.0676123126793535E-02 a       597     1    15     2    17
  2.1937034663387556E-01 a       598     1    15     2    18
 -3.5026523144451205E-01 a       599     1    15     2    19
 -1.2442387929576323E-01 a       600     1    15     2    20
  3.7298945939096728E-01 a       601     1    16     2     1
 -3.9927453088093978E-02 a       602     1    16     2     2
 -1.9457184824253551E-01 a       603     1    16     2     3
  3.8140225578135034E-01 a       604     1    16     2     4
  3.0721452332544058E-01 a       605     1    16     2     5
  3.8952047849328611E-03 a       606     1    16     2     6
 -1.5305204106405540E-01 a       607     1    16     2     7
  5.4036378641583449E-01 a       608     1    16     2     8
 -4.6377551114635887E-02 a       609     1    16     2     9
 -3.9801161276653929E-01 a       610     1    16     2    10
 -5.0341002741843377E-01 a       611     1    16     2    11
 -3.8479471410315613E-01 a       612     1    16     2    12
  4.6822733614214651E-01 a       613     1    16     2    13
  2.7269990551365209E-01 a       614     1    16     2    14
 -4.9965200343903116E-01 a       615     1    16     2    15
  3.3983562777221671E-01 a       616     1    16     2    16
 -5.6757878827454866E-01 a       617     1    16     2    17
  8.0837094775246143E-02 a       618     1    16     2    18
  1.5584796687823113E-01 a       619     1    16     2    19
 -3.0585913445994178E-01 a       620     1    16     2    20
 -9.7227534161255472E-02 a       621     1    17     2     1
  5.0901277051603933E-01 a       622     1    17     2     2
 -4.9453233048551382E-01 a       623     1    17     2     3
 -4.5800459552286682E-01 a       624     1    17     2     4
  1.9855898900063651E-01 a       625     1    17     2     5
  6.0277168233136807E-02 a       626     1    17     2     6
  2.8546077861746721E-01 a       627     1    17     2     7
  5.4442709690978686E-01 a       628     1    17     2     8
 -5.5287673905019930E-01 a       629     1    17     2     9
 -2.5764296497934952E-01 a       630     1    17     2    10
  4.6472001646839156E-01 a       631     1    17     2    11
  2.0526541707658114E-01 a       632     1    17     2    12
 -2.3786314381635393E-01 a       633     1    17     2    13
  1.3581230723023963E-02 a       634     1    17     2    14
 -2.3070586546860034E-01 a       635     1    17     2    15
 -2.8309062657466183E-01 a       636     1    17     2    16
 -2.3432908029921767E-01 a       637     1    17     2    17
 -4.2553258881038211E-02 a       638     1    17     2    18
 -1.9255191286972248E-01 a       639     1    17     2    19
  6.2829921013108558E-01 a       640     1    17     2    20
  4.2276824501130433E-01 a       641     1    18     2     1
  4.2711862178256277E-01 a       642     1    18     2     2
  3.8304673426239361E-01 a       643     1    18     2     3
 -4.8168847219444710E-01 a       644     1    18     2     4
 -2.0895137867312458E-01 a       645     1    18     2     5
  3.7996436717563559E-01 a       646     1    18     2     6
 -1.1656762486046696E-01 a       647     1    18     2     7
 -5.7105141795486501E-02 a       648     1    18     2     8
  1.6410180519613407E-01 a       649     1    18     2     9
  2.8532512359023765E-01 a       650     1    18     2    10
 -7.3445199490430962E-02 a       651     1    18     2    11
 -7.5536141727538753E-02 a       652     1    18     2    12
 -3.1590834890524033E-01 a       653     1    18     2    13
  2.5421316366887986E-01 a       654     1    18     2    14
  6.1705081929749528E-01 a       655     1    18     2    15
 -5.7561142692249034E-01 a       656     1    18     2    16
 -4.7796890416287380E-01 a       657     1    18     2    17
  4.7738720901529164E-01 a       658     1    18     2    18
 -3.1991864122182423E-01 a       659     1    18     2    19
 -2.0776758277653729E-01 a       660     1    18     2    20
 -1.7138927048765695E-01 a       661     1    19     2     1
 -3.4580846229991818E-01 a       662     1    19     2     2
  4.2992208221190864E-01 a       663     1    19     2     3
  3.9069426920399858E-01 a       664     1    19     2     4
 -1.1478138562684859E-01 a       665     1    19     2     5
  6.4141933437791995E-02 a       666     1    19     2     6
  5.4956106398587579E-01 a       667     1    19     2     7
  2.7050441358664840E-01 a       668     1    19     2     8
  3.8814944071401979E-02 a       669     1    19     2     9
 -1.3669515802232921E-01 a       670     1    19     2    10
 -3.9377138481581336E-01 a       671     1    19     2    11
 -8.3321690316675107E-02 a       672     1    19     2    12
 -8.1843914531320242E-02 a       673     1    19     2    13
 -1.4935858117979611E-01 a       674     1    19     2    14
  5.5169152340890082E-01 a       675     1    19     2    15
  4.4512626412259965E-01 a       676     1    19     2    16
 -3.0806232206272433E-01 a       677     1    19     2    17
 -3.2739011097970394E-01 a       678     1    19     2    18
 -2.4506894494329179E-01 a       679     1    19     2    19
 -1.0722297147059935E-01 a       680     1    19     2    20
  6.1309540285815256E-01 a       681     1    20     2     1
  1.0561602139835723E-01 a       682     1    20     2     2
  5.4416765778393916E-01 a       683     1    20     2     3
 -4.3466080641016602E-01 a       684     1    20     2     4
 -8.5651077684537474E-02 a       685     1    20     2     5
  1.4027626821419978E-01 a       686     1    20     2     6
 -4.9591445501518255E-01 a       687     1    20     2     7
  5.6611937624951447E-01 a       688     1    20     2     8
  2.0781538977565256E-01 a       689     1    20     2     9
 -2.3616690152361378E-01 a       690     1    20     2    10
 -3.3239155841821566E-01 a       691     1    20     2    11
  3.6670674998822034E-01 a       692     1    20     2    12
 -2.4216558703394664E-01 a       693     1    20     2    13
 -4.4595251998034963E-01 a       694     1    20     2    14
 -2.2193607852708319E-01 a       695     1    20     2    15
  4.7650368562246020E-01 a       696     1    20     2    16
  5.1419856879395631E-01 a       697     1    20     2    17
  1.4516051478421912E-02 a       698     1    20     2    18
  4.0850869903697695E-01 a       699     1    20     2    19
 -1.1154352995768886E-01 a       700     1    20     2    20
  5.8194594812660649E-01 b       701     2     1
 -4.6600153037097208E-01 b       702     2     2
 -1.6338302270858751E+00 b       703     2     3
 -1.4532999802820104E+00 b       704     2     4
 -9.8618825827983847E-01 b       705     2     5
 -1.1199378273079437E+00 b       706     2     6
 -1.1127665387604340E+00 b       707     2     7
 -8.4716109064049763E-02 b       708     2     8
 -1.5520758837713318E+00 b       709     2     9
 -4.3610487890729133E-02 b       710     2    10
  1.5583207199942497E+00 b       711     2    11
 -1.1571276423105001E+00 b       712     2    12
 -5.3674879932627417E-01 b       713     2    13
 -5.2184459076174039E-01 b       714     2    14
 -7.7029383073813562E-01 b       715     2    15
 -1.2036403078695155E+00 b       716     2    16
  2.7880738852425413E-01 b       717     2    17
 -1.1248546266093962E+00 b       718     2    18
 -1.4890519553761161E-01 b       719     2    19
  4.3971359403213611E-01 b       720     2    20
 -5.4629128457898168E-01 a       721     2     1     3     1
 -1.4437158951819987E-01 a       722     2     2     3     1
  4.6466625413496332E-01 a       723     2     3     3     1
 -3.7087680071102780E-01 a       724     2     4     3     1
  3.4760112683056632E-01 a       725     2     5     3     1
 -3.4024317856700742E-01 a       726     2     6     3     1
  4.9561524297590594E-02 a       727     2     7     3     1
  1.0736853843513407E-01 a       728     2     8     3     1
  5.2068656246173392E-02 a       729     2     9     3     1
  3.9163712404583817E-01 a       730     2    10     3     1
 -1.8778027991526799E-01 a       731     2    11     3     1
 -5.0447381976283345E-01 a       732     2    12     3     1
 -2.9999883762862506E-01 a       733     2    13     3     1
  2.4977732098397554E-01 a       734     2    14     3     1
  3.6484143661257312E-01 a       735     2    15     3     1
 -8.9360696114305382E-01 a       736     2    16     3     1
  7.8071869440719029E-03 a       737     2    17     3     1
 -1.4733766687428343E-01 a       738     2    18     3     1
  3.9135603378496886E-01 a       739     2    19     3     1
  4.6164986708803174E-01 a       740     2    20     3     1
  1.6199458371359214E-02 b       741     3     1
