################################################################################
# Learning curves for energies and forces.
################################################################################
# Col  Name             Description
################################################################################
# 1    epoch            Current epoch.
# 2    RMSEpa_Etrain_pu RMSE of training energies per atom (physical units)
# 3    RMSEpa_Etest_pu  RMSE of test energies per atom (physical units)
# 4    RMSE_Etrain_pu   RMSE of training energies (physical units)
# 5    RMSE_Etest_pu    RMSE of test energies (physical units)
# 6    MAEpa_Etrain_pu  MAE of training energies per atom (physical units)
# 7    MAEpa_Etest_pu   MAE of test energies per atom (physical units)
# 8    MAE_Etrain_pu    MAE of training energies (physical units)
# 9    MAE_Etest_pu     MAE of test energies (physical units)
# 10   RMSE_Ftrain_pu   RMSE of training forces (physical units)
# 11   RMSE_Ftest_pu    RMSE of test forces (physical units)
# 12   MAE_Ftrain_pu    MAE of training forces (physical units)
# 13   MAE_Ftest_pu     MAE of test forces (physical units)
######################################################################################################################################################################################################################
#        1                2                3                4                5                6                7                8                9               10               11               12               13
#    epoch RMSEpa_Etrain_pu  RMSEpa_Etest_pu   RMSE_Etrain_pu    RMSE_Etest_pu  MAEpa_Etrain_pu   MAEpa_Etest_pu    MAE_Etrain_pu     MAE_Etest_pu   RMSE_Ftrain_pu    RMSE_Ftest_pu    MAE_Ftrain_pu     MAE_Ftest_pu
######################################################################################################################################################################################################################
         0   1.44037329E+00   1.42960646E+00   9.21838904E+01   9.14948135E+01   1.43314820E+00   1.42555524E+00   9.17214850E+01   9.12355352E+01   8.35342393E-01   5.53335000E-01   3.94633130E-01   3.62098367E-01
         1   1.40662814E-03   1.25520740E-03   9.00242007E-02   8.03332739E-02   1.08784873E-03   1.09549940E-03   6.96223187E-02   7.01119618E-02   1.77527383E-02   1.43849945E-02   1.10572288E-02   1.07885966E-02
         2   1.13024533E-03   9.77016726E-04   7.23357013E-02   6.25290705E-02   6.45560176E-04   5.80263508E-04   4.13158513E-02   3.71368645E-02   8.68772873E-03   8.46420878E-03   6.21768687E-03   6.44909682E-03
         3   9.84986178E-04   9.39227876E-04   6.30391154E-02   6.01105841E-02   8.98315945E-04   8.57758321E-04   5.74922205E-02   5.48965325E-02   6.91002431E-03   7.16151157E-03   5.16594587E-03   5.46389074E-03
         4   7.73060453E-04   5.90920683E-04   4.94758690E-02   3.78189237E-02   4.94329632E-04   3.50347876E-04   3.16370964E-02   2.24222641E-02   6.67192006E-03   6.84767099E-03   4.93596526E-03   5.18369670E-03
         5   2.84147406E-04   2.70923635E-04   1.81854340E-02   1.73391126E-02   2.12012369E-04   2.30847729E-04   1.35687916E-02   1.47742546E-02   6.61671536E-03   6.83768206E-03   4.94039340E-03   5.19802765E-03
         6   4.17975682E-04   4.16236515E-04   2.67504437E-02   2.66391370E-02   3.14961197E-04   3.67120397E-04   2.01575166E-02   2.34957054E-02   6.53462393E-03   6.80949632E-03   4.89845741E-03   5.19720239E-03
         7   2.14874386E-04   2.06122588E-04   1.37519607E-02   1.31918456E-02   1.66347743E-04   1.92489704E-04   1.06462556E-02   1.23193411E-02   6.55878884E-03   6.79275058E-03   4.90067091E-03   5.17571480E-03
         8   2.24751475E-04   2.17812621E-04   1.43840944E-02   1.39400077E-02   1.69878445E-04   1.95191481E-04   1.08722205E-02   1.24922548E-02   6.46888987E-03   6.75151416E-03   4.81876959E-03   5.13537745E-03
         9   2.08201899E-04   2.27132669E-04   1.33249215E-02   1.45364908E-02   1.62008879E-04   2.15737820E-04   1.03685683E-02   1.38072205E-02   6.48437262E-03   6.76191983E-03   4.84321759E-03   5.16777599E-03
        10   1.95248690E-04   2.41399195E-04   1.24959162E-02   1.54495485E-02   1.53281167E-04   2.33271587E-04   9.80999470E-03   1.49293816E-02   6.50556560E-03   6.78662329E-03   4.86735858E-03   5.17985316E-03
        11   2.27555879E-04   2.41251509E-04   1.45635763E-02   1.54400966E-02   1.78548465E-04   1.86949529E-04   1.14271018E-02   1.19647699E-02   6.46864501E-03   6.75505115E-03   4.82218681E-03   5.14336683E-03
        12   1.91088828E-04   2.13601921E-04   1.22296850E-02   1.36705229E-02   1.47348409E-04   1.96538896E-04   9.43029821E-03   1.25784894E-02   6.44095798E-03   6.72979290E-03   4.80983913E-03   5.12106877E-03
        13   1.96761699E-04   2.15622159E-04   1.25927487E-02   1.37998181E-02   1.56837905E-04   1.90684586E-04   1.00376259E-02   1.22038135E-02   6.40997978E-03   6.71151906E-03   4.77936646E-03   5.10038327E-03
        14   1.99148610E-04   2.17099992E-04   1.27455111E-02   1.38943995E-02   1.56435387E-04   1.79474860E-04   1.00118648E-02   1.14863911E-02   6.40187348E-03   6.69331285E-03   4.77333627E-03   5.09104833E-03
        15   1.93719026E-04   2.28055700E-04   1.23980177E-02   1.45955648E-02   1.53105454E-04   1.95851780E-04   9.79874905E-03   1.25345139E-02   6.41793119E-03   6.69381190E-03   4.79705757E-03   5.10388511E-03
