################################################################################
# Neural network connection values (weights and biases).
################################################################################
# Col  Name       Description
################################################################################
# 1    connection Neural network connection value.
# 2    t          Connection type (a = weight, b = bias).
# 3    index      Index enumerating weights.
# 4    l_s        Starting point layer (end point layer for biases).
# 5    n_s        Starting point neuron in starting layer (end point neuron for biases).
# 6    l_e        End point layer.
# 7    n_e        End point neuron in end layer.
################################################################################
#                      1 2         3     4     5     6     7
#             connection t     index   l_s   n_s   l_e   n_e
############################################################
  6.3157840410604515E-01 a         1     0     1     1     1
  6.2226936262257482E-01 a         2     0     1     1     2
 -8.6704617186178978E-01 a         3     0     1     1     3
 -6.6131935020850663E-01 a         4     0     1     1     4
  5.5110865855134117E-01 a         5     0     1     1     5
  9.5631638294350285E-01 a         6     0     1     1     6
 -2.5779591298763888E-01 a         7     0     1     1     7
  3.0446800405290358E-01 a         8     0     1     1     8
 -1.1390731436497281E+00 a         9     0     1     1     9
 -2.4597795331985323E-02 a        10     0     1     1    10
  2.6891962962635113E-01 a        11     0     1     1    11
  6.5283098393151634E-02 a        12     0     1     1    12
  1.3468287048198153E+00 a        13     0     1     1    13
 -4.4721902651360146E-01 a        14     0     1     1    14
 -4.9079831739015073E-01 a        15     0     1     1    15
  7.6468464525336355E-01 a        16     0     1     1    16
  2.6917758964782817E-01 a        17     0     1     1    17
  1.0122735999955813E-01 a        18     0     1     1    18
 -2.5728816300327240E-01 a        19     0     1     1    19
 -6.7043515647160845E-01 a        20     0     1     1    20
 -5.8492040225864916E-01 a        21     0     2     1     1
  7.0136607938735362E-01 a        22     0     2     1     2
  2.9502865657525013E-01 a        23     0     2     1     3
 -9.4858886961975875E-01 a        24     0     2     1     4
 -1.4746027542344262E-01 a        25     0     2     1     5
 -4.0247110576485506E-01 a        26     0     2     1     6
 -6.0119367610133134E-01 a        27     0     2     1     7
 -5.2726913175608181E-01 a        28     0     2     1     8
 -3.3560279827753897E-01 a        29     0     2     1     9
 -3.2574419887128181E-01 a        30     0     2     1    10
 -1.7732268440563143E-01 a        31     0     2     1    11
 -4.7665120428319019E-01 a        32     0     2     1    12
  1.2425475048068291E+00 a        33     0     2     1    13
 -4.0960942416422552E-01 a        34     0     2     1    14
 -5.0566997328474272E-01 a        35     0     2     1    15
  1.2845375114492613E-01 a        36     0     2     1    16
 -4.5918233229834890E-02 a        37     0     2     1    17
 -7.5623325811375663E-01 a        38     0     2     1    18
  4.8654070736251574E-02 a        39     0     2     1    19
 -1.7108677978763584E-01 a        40     0     2     1    20
  1.6173824449851887E-01 a        41     0     3     1     1
 -5.4270112456672814E-01 a        42     0     3     1     2
 -1.9740639590001954E-01 a        43     0     3     1     3
  4.0086668978313733E-01 a        44     0     3     1     4
 -1.6918713274668420E-01 a        45     0     3     1     5
 -5.2274503203639200E-01 a        46     0     3     1     6
  1.0052390464534595E-01 a        47     0     3     1     7
  2.8930189317949034E-01 a        48     0     3     1     8
 -3.3663460099616255E-01 a        49     0     3     1     9
  3.2309867772497247E-01 a        50     0     3     1    10
  8.4583795634269210E-01 a        51     0     3     1    11
  7.8803798916825218E-01 a        52     0     3     1    12
 -3.1453748950316246E-01 a        53     0     3     1    13
  1.6945807070706895E-01 a        54     0     3     1    14
  5.0583811927338207E-01 a        55     0     3     1    15
  1.1259997893352762E+00 a        56     0     3     1    16
  8.7008755680091954E-01 a        57     0     3     1    17
 -6.5696881924104100E-01 a        58     0     3     1    18
  1.9084583082485790E-01 a        59     0     3     1    19
  5.2467118074947128E-01 a        60     0     3     1    20
  1.1185681061231803E+00 a        61     0     4     1     1
  1.7453991704590158E-01 a        62     0     4     1     2
 -4.3541793026365405E-01 a        63     0     4     1     3
  5.7702786890237923E-01 a        64     0     4     1     4
  1.0081455624341167E+00 a        65     0     4     1     5
  9.3319394409475676E-01 a        66     0     4     1     6
  5.8014142023163828E-01 a        67     0     4     1     7
 -2.5919625622485482E-01 a        68     0     4     1     8
 -6.3744145144200182E-01 a        69     0     4     1     9
  3.9756099619694818E-01 a        70     0     4     1    10
 -1.0217081965692238E+00 a        71     0     4     1    11
  5.8709049220718867E-01 a        72     0     4     1    12
  1.2327413903027098E+00 a        73     0     4     1    13
 -1.3798046644770462E-01 a        74     0     4     1    14
  8.4095779090842437E-01 a        75     0     4     1    15
 -4.5356962858990590E-01 a        76     0     4     1    16
  4.6963882944594643E-01 a        77     0     4     1    17
 -2.1201777399789284E-01 a        78     0     4     1    18
  4.6607191540973053E-01 a        79     0     4     1    19
  2.0196571910313693E-01 a        80     0     4     1    20
  4.1236695150324944E-02 a        81     0     5     1     1
 -1.0397697507451877E-01 a        82     0     5     1     2
  2.0461358464059048E-01 a        83     0     5     1     3
  3.1091737337910830E-01 a        84     0     5     1     4
 -6.8751021696033210E-01 a        85     0     5     1     5
 -2.6122249122754898E-01 a        86     0     5     1     6
 -1.1402078979734525E+00 a        87     0     5     1     7
  1.3688453252677110E-01 a        88     0     5     1     8
 -5.9151892890386581E-01 a        89     0     5     1     9
  1.7480273357409942E-01 a        90     0     5     1    10
 -5.2209907600431282E-01 a        91     0     5     1    11
  2.3207664045423565E-01 a        92     0     5     1    12
  3.5921427099719239E-01 a        93     0     5     1    13
 -2.7173324992201864E-01 a        94     0     5     1    14
 -2.6601223298653998E-01 a        95     0     5     1    15
  1.0581330684594045E-01 a        96     0     5     1    16
 -1.3257062826244155E+00 a        97     0     5     1    17
  5.9626074144234376E-01 a        98     0     5     1    18
 -2.6278033696313402E-01 a        99     0     5     1    19
 -3.6453123357800643E-01 a       100     0     5     1    20
 -6.9265713339037938E-01 a       101     0     6     1     1
 -3.1322611656550259E-01 a       102     0     6     1     2
 -5.9926898087980884E-01 a       103     0     6     1     3
  9.0165352736044957E-01 a       104     0     6     1     4
  5.0125141026260289E-01 a       105     0     6     1     5
 -3.6717317703728958E-01 a       106     0     6     1     6
 -1.5896505572101172E-01 a       107     0     6     1     7
 -1.5592439332341448E-01 a       108     0     6     1     8
  4.1472093704730362E-01 a       109     0     6     1     9
 -5.5142372568097925E-02 a       110     0     6     1    10
  4.7324624208866212E-01 a       111     0     6     1    11
 -6.4944926914923717E-01 a       112     0     6     1    12
 -4.6442324934194729E-01 a       113     0     6     1    13
  2.7314570859185766E-01 a       114     0     6     1    14
 -9.6927461013689731E-01 a       115     0     6     1    15
 -1.8349965746360902E-01 a       116     0     6     1    16
  2.4723412176466603E-01 a       117     0     6     1    17
  5.2852127425193962E-01 a       118     0     6     1    18
 -1.4748481855189025E-01 a       119     0     6     1    19
 -2.3712190402108163E-01 a       120     0     6     1    20
  9.7086784867915388E-01 a       121     0     7     1     1
  6.5485256159207950E-01 a       122     0     7     1     2
 -1.7814276469556173E-01 a       123     0     7     1     3
  1.3575934924086747E-01 a       124     0     7     1     4
 -2.7218928749993887E-01 a       125     0     7     1     5
 -3.8039846510877845E-01 a       126     0     7     1     6
 -6.7281371400689363E-02 a       127     0     7     1     7
 -1.0659280309725481E+00 a       128     0     7     1     8
  2.7292460867834833E-01 a       129     0     7     1     9
  2.4689263856849161E-01 a       130     0     7     1    10
 -6.8393535835302743E-01 a       131     0     7     1    11
 -5.9486508370980340E-01 a       132     0     7     1    12
  6.9818007925361025E-01 a       133     0     7     1    13
  4.4287606189259898E-01 a       134     0     7     1    14
  1.4508224216686367E+00 a       135     0     7     1    15
 -5.9363509212074761E-01 a       136     0     7     1    16
 -4.0323759804479981E-01 a       137     0     7     1    17
 -5.0087477495300603E-01 a       138     0     7     1    18
  2.8039883447519531E-01 a       139     0     7     1    19
 -4.8213302622430643E-01 a       140     0     7     1    20
 -2.3318082795196565E-01 a       141     0     8     1     1
  1.4267776368252272E-02 a       142     0     8     1     2
 -4.1993265692808307E-01 a       143     0     8     1     3
 -2.1334934378444856E-01 a       144     0     8     1     4
  4.2684715755706887E-01 a       145     0     8     1     5
 -1.9376281296793249E-01 a       146     0     8     1     6
 -4.9050064230037554E-01 a       147     0     8     1     7
 -9.7806328413413512E-01 a       148     0     8     1     8
  5.6102811936906838E-01 a       149     0     8     1     9
  8.1084500282173377E-01 a       150     0     8     1    10
 -5.8467477197957429E-01 a       151     0     8     1    11
 -5.0370448280524549E-01 a       152     0     8     1    12
 -1.6046525092721886E-01 a       153     0     8     1    13
 -3.3735537915176539E-01 a       154     0     8     1    14
 -6.8051770623902130E-01 a       155     0     8     1    15
 -2.8238207401944820E-01 a       156     0     8     1    16
  4.8567829038902632E-01 a       157     0     8     1    17
  6.2288653026961716E-01 a       158     0     8     1    18
 -1.9407477335298275E-02 a       159     0     8     1    19
  5.7501249056894521E-01 a       160     0     8     1    20
  7.5753439561195665E-02 a       161     0     9     1     1
 -6.5103415827651090E-01 a       162     0     9     1     2
  2.6019052589146463E-01 a       163     0     9     1     3
  1.7211661662855487E-01 a       164     0     9     1     4
 -3.9651154314204740E-01 a       165     0     9     1     5
 -1.1365865765022379E-01 a       166     0     9     1     6
 -1.0601962956787596E-01 a       167     0     9     1     7
 -8.8243135319277646E-02 a       168     0     9     1     8
  2.5536261112612657E-01 a       169     0     9     1     9
 -1.0821178657292105E+00 a       170     0     9     1    10
  1.0752521935285140E+00 a       171     0     9     1    11
  3.0939106897667468E-01 a       172     0     9     1    12
  1.4390041724781304E+00 a       173     0     9     1    13
  1.5969988926916120E-01 a       174     0     9     1    14
  3.3502379522375858E-01 a       175     0     9     1    15
  6.6410568166105655E-01 a       176     0     9     1    16
 -4.8875365787868186E-01 a       177     0     9     1    17
 -6.5345857017851550E-01 a       178     0     9     1    18
  4.2984008834045950E-01 a       179     0     9     1    19
 -1.6583691432708378E-01 a       180     0     9     1    20
 -1.0315690525236347E-01 a       181     0    10     1     1
 -2.7912883633772723E-01 a       182     0    10     1     2
 -5.9006479333843587E-01 a       183     0    10     1     3
  6.9705350621961226E-01 a       184     0    10     1     4
 -3.1373160207649903E-01 a       185     0    10     1     5
 -1.0834635260569139E+00 a       186     0    10     1     6
  2.0482281096095872E-01 a       187     0    10     1     7
 -1.0557929965023631E+00 a       188     0    10     1     8
  7.1773597564706737E-01 a       189     0    10     1     9
  5.3313203884092228E-03 a       190     0    10     1    10
  4.5450946927036678E-01 a       191     0    10     1    11
  5.4047150741524141E-01 a       192     0    10     1    12
 -1.8106479828354116E-02 a       193     0    10     1    13
 -3.2211294852843342E-01 a       194     0    10     1    14
  3.4705470731185251E-01 a       195     0    10     1    15
 -2.8867093985787901E-01 a       196     0    10     1    16
  1.6384238172006196E-01 a       197     0    10     1    17
  8.9927491579935670E-01 a       198     0    10     1    18
  9.3794485394772709E-01 a       199     0    10     1    19
  5.8489401289347187E-01 a       200     0    10     1    20
 -1.0149063499416344E-01 a       201     0    11     1     1
  2.6722583895967561E-01 a       202     0    11     1     2
  6.3714176690545654E-01 a       203     0    11     1     3
  5.2878927130092457E-01 a       204     0    11     1     4
  3.6483943770392901E-01 a       205     0    11     1     5
 -5.8338431247320499E-01 a       206     0    11     1     6
 -7.5255971398274046E-01 a       207     0    11     1     7
  1.3782719943306168E-01 a       208     0    11     1     8
 -3.4363199904766101E-01 a       209     0    11     1     9
  3.4746627857516721E-01 a       210     0    11     1    10
  4.9123968096229337E-01 a       211     0    11     1    11
  8.8763245180814598E-01 a       212     0    11     1    12
 -5.6837293317638415E-01 a       213     0    11     1    13
 -6.9990620034680284E-01 a       214     0    11     1    14
  6.6820898645661431E-01 a       215     0    11     1    15
  7.0481750994005166E-01 a       216     0    11     1    16
 -3.9314823260667148E-01 a       217     0    11     1    17
 -9.1622982923007890E-01 a       218     0    11     1    18
 -5.2047614767689510E-01 a       219     0    11     1    19
 -4.4862992564987619E-01 a       220     0    11     1    20
 -1.1396963741649822E+00 a       221     0    12     1     1
  3.4510260769540796E-01 a       222     0    12     1     2
 -1.2594670948054262E-01 a       223     0    12     1     3
 -4.1696739782561476E-01 a       224     0    12     1     4
 -2.1397500858010096E-01 a       225     0    12     1     5
  2.8640691650232658E-01 a       226     0    12     1     6
 -5.7350367365796528E-01 a       227     0    12     1     7
 -7.0490055999703249E-01 a       228     0    12     1     8
  1.5231721961880773E-01 a       229     0    12     1     9
 -5.7215125431521940E-01 a       230     0    12     1    10
  3.3049155950966780E-01 a       231     0    12     1    11
  5.3410090586316483E-01 a       232     0    12     1    12
 -3.8250454993166383E-01 a       233     0    12     1    13
  2.2170350126008467E-01 a       234     0    12     1    14
 -4.8336107185607635E-01 a       235     0    12     1    15
 -3.4244112562368834E-01 a       236     0    12     1    16
  6.1756484187480898E-01 a       237     0    12     1    17
 -4.6045124220753347E-01 a       238     0    12     1    18
 -3.5089791858431146E-01 a       239     0    12     1    19
 -8.6786748162744043E-01 a       240     0    12     1    20
 -4.3658870871728990E-02 a       241     0    13     1     1
  6.6348375732726461E-01 a       242     0    13     1     2
 -1.7465427107563020E-01 a       243     0    13     1     3
 -1.0324760103949959E-01 a       244     0    13     1     4
 -3.4146744846911249E-02 a       245     0    13     1     5
  2.7659445456651693E-01 a       246     0    13     1     6
 -5.3523034300543326E-01 a       247     0    13     1     7
 -6.6077216182962806E-01 a       248     0    13     1     8
  2.4994818174036174E-01 a       249     0    13     1     9
 -3.2159340319845581E-01 a       250     0    13     1    10
  2.1139047007006320E-01 a       251     0    13     1    11
 -2.0133767082267068E-01 a       252     0    13     1    12
  1.6434062749459588E-01 a       253     0    13     1    13
  2.1499896534330545E-01 a       254     0    13     1    14
 -1.4836636377635354E-01 a       255     0    13     1    15
 -7.0231304845241024E-02 a       256     0    13     1    16
  2.2689989164070223E-02 a       257     0    13     1    17
  2.8316453009067699E-01 a       258     0    13     1    18
 -1.7995618916224407E-01 a       259     0    13     1    19
 -2.6667407630454182E-01 a       260     0    13     1    20
 -4.7675355500868244E-01 a       261     0    14     1     1
 -8.5574964243390095E-01 a       262     0    14     1     2
  2.8086368181665278E-01 a       263     0    14     1     3
 -8.7348080038622689E-01 a       264     0    14     1     4
 -4.8424185229350114E-01 a       265     0    14     1     5
 -6.8524417943653004E-01 a       266     0    14     1     6
 -6.1840163762766243E-01 a       267     0    14     1     7
 -8.7919041628059291E-01 a       268     0    14     1     8
 -8.9831115794581273E-01 a       269     0    14     1     9
 -3.2540935151652345E-01 a       270     0    14     1    10
 -4.6145469871699663E-01 a       271     0    14     1    11
  3.3012650232391483E-01 a       272     0    14     1    12
  1.1754433061260103E-02 a       273     0    14     1    13
 -6.7594182525102742E-01 a       274     0    14     1    14
 -2.1563383268735292E-01 a       275     0    14     1    15
 -7.1773799606585109E-01 a       276     0    14     1    16
 -9.2047443968812359E-01 a       277     0    14     1    17
  5.5357891557944028E-01 a       278     0    14     1    18
  7.4491360714532356E-02 a       279     0    14     1    19
  1.7484375416279191E-01 a       280     0    14     1    20
  9.7408980906360343E-01 b       281     1     1
  1.3771629102896925E+00 b       282     1     2
 -3.3650752787971000E-01 b       283     1     3
  5.1216141181704733E-01 b       284     1     4
 -1.0241435762527049E-01 b       285     1     5
 -1.3930287990561234E+00 b       286     1     6
  8.6136768946908293E-01 b       287     1     7
  1.5060543183943529E+00 b       288     1     8
 -1.0929306625909246E-01 b       289     1     9
 -8.6087562077555357E-01 b       290     1    10
 -9.5575814724936237E-01 b       291     1    11
  1.3364025021103831E+00 b       292     1    12
 -9.7222648859077965E-01 b       293     1    13
  1.6533043004866059E+00 b       294     1    14
 -3.6009208804624721E-01 b       295     1    15
  1.2247819069029331E+00 b       296     1    16
 -4.5753862576470204E-02 b       297     1    17
  1.2712203286955703E-01 b       298     1    18
  1.5878490048008227E+00 b       299     1    19
  8.9000236335962879E-01 b       300     1    20
  6.3269603370855343E-01 a       301     1     1     2     1
 -2.6183115299421900E-01 a       302     1     1     2     2
 -5.0870707631354295E-01 a       303     1     1     2     3
  5.5366707736564352E-02 a       304     1     1     2     4
 -4.5191310315394156E-01 a       305     1     1     2     5
  1.3235289213421053E-01 a       306     1     1     2     6
 -3.0698365473254985E-01 a       307     1     1     2     7
 -2.0981484416412327E-01 a       308     1     1     2     8
  5.0323717244092910E-02 a       309     1     1     2     9
  3.3825192059575443E-01 a       310     1     1     2    10
 -7.0899460428225314E-01 a       311     1     1     2    11
  4.9988252708061937E-01 a       312     1     1     2    12
  5.6870713749588431E-01 a       313     1     1     2    13
  3.0751998676745895E-01 a       314     1     1     2    14
  3.7344209012834612E-01 a       315     1     1     2    15
  3.5201669360419702E-01 a       316     1     1     2    16
  8.7904322759807793E-02 a       317     1     1     2    17
 -3.1915346182533944E-01 a       318     1     1     2    18
  6.2911802037534603E-01 a       319     1     1     2    19
  2.1555970084105380E-01 a       320     1     1     2    20
  4.2043691549924928E-01 a       321     1     2     2     1
 -5.2988477019543401E-01 a       322     1     2     2     2
 -6.9516868804815418E-02 a       323     1     2     2     3
  3.7237645695417938E-02 a       324     1     2     2     4
  9.4472321381318969E-01 a       325     1     2     2     5
  9.6615387197342961E-01 a       326     1     2     2     6
  4.0868441725975542E-02 a       327     1     2     2     7
  4.8733199172565550E-01 a       328     1     2     2     8
 -1.9359973253171344E-02 a       329     1     2     2     9
  8.7927859732961633E-01 a       330     1     2     2    10
 -6.7698103649933594E-01 a       331     1     2     2    11
  5.0070976558086977E-01 a       332     1     2     2    12
 -4.2053446881773449E-01 a       333     1     2     2    13
 -4.3364751882133318E-01 a       334     1     2     2    14
 -2.7588127833345799E-01 a       335     1     2     2    15
 -4.0840052254950326E-01 a       336     1     2     2    16
  3.0628055893164896E-01 a       337     1     2     2    17
  6.0565430240421873E-02 a       338     1     2     2    18
 -3.6774753176437736E-01 a       339     1     2     2    19
  2.6453546524547117E-01 a       340     1     2     2    20
  5.1524230955926453E-01 a       341     1     3     2     1
  2.9351836844902657E-01 a       342     1     3     2     2
  2.3925014946070522E-01 a       343     1     3     2     3
 -1.9484088920286316E-01 a       344     1     3     2     4
  1.5067521728001229E-01 a       345     1     3     2     5
  5.6737467090807536E-01 a       346     1     3     2     6
  2.1164173282049344E-02 a       347     1     3     2     7
 -1.0270571584222765E-01 a       348     1     3     2     8
  2.4089913672981711E-01 a       349     1     3     2     9
  7.1049541285027906E-01 a       350     1     3     2    10
 -1.6576498588815358E-01 a       351     1     3     2    11
 -1.1039552188489715E-02 a       352     1     3     2    12
 -2.8720115681265818E-01 a       353     1     3     2    13
  2.7188296739775708E-01 a       354     1     3     2    14
  8.9297642906615876E-02 a       355     1     3     2    15
 -8.3148905269661191E-02 a       356     1     3     2    16
 -7.0586129369394268E-01 a       357     1     3     2    17
  5.2830276688963118E-02 a       358     1     3     2    18
 -1.9031475748905291E-01 a       359     1     3     2    19
 -1.2856973879509079E-01 a       360     1     3     2    20
 -2.4426968276270603E-01 a       361     1     4     2     1
 -5.3046756747427337E-01 a       362     1     4     2     2
  1.0362277562463464E-01 a       363     1     4     2     3
  1.1759758888111564E-01 a       364     1     4     2     4
 -1.7209127081721293E-01 a       365     1     4     2     5
  5.0257133749788185E-01 a       366     1     4     2     6
  2.4910266199222694E-01 a       367     1     4     2     7
 -2.3821497843822600E-01 a       368     1     4     2     8
 -3.8148402595608194E-01 a       369     1     4     2     9
  1.3619816097900556E-01 a       370     1     4     2    10
 -7.4856645962764712E-01 a       371     1     4     2    11
  3.7021654381390001E-01 a       372     1     4     2    12
 -3.8863487036037664E-01 a       373     1     4     2    13
  1.6878476154478678E-01 a       374     1     4     2    14
 -4.5570043780002019E-02 a       375     1     4     2    15
  2.4157198860450121E-01 a       376     1     4     2    16
 -4.2005898326220011E-03 a       377     1     4     2    17
  9.8348923475757122E-01 a       378     1     4     2    18
  1.9958813331865358E-01 a       379     1     4     2    19
  6.7259203842644710E-01 a       380     1     4     2    20
 -5.2698679843834773E-01 a       381     1     5     2     1
 -2.6475021993080616E-01 a       382     1     5     2     2
  3.6796752363176444E-01 a       383     1     5     2     3
  6.4636935493198577E-01 a       384     1     5     2     4
  7.3763890300233698E-02 a       385     1     5     2     5
 -1.3422118578636127E-01 a       386     1     5     2     6
 -4.8300764936323065E-01 a       387     1     5     2     7
  5.0093510642628958E-01 a       388     1     5     2     8
  1.2756631010405847E-01 a       389     1     5     2     9
 -7.8740924947058821E-01 a       390     1     5     2    10
  1.5917663841187751E-01 a       391     1     5     2    11
 -3.7750833051914368E-01 a       392     1     5     2    12
  5.1151889590138022E-01 a       393     1     5     2    13
 -4.0417520999363722E-02 a       394     1     5     2    14
  1.9039929634638064E-01 a       395     1     5     2    15
 -6.1037948937174735E-01 a       396     1     5     2    16
  4.4444028198850277E-01 a       397     1     5     2    17
  4.0554663349156878E-01 a       398     1     5     2    18
 -5.6164227606658179E-02 a       399     1     5     2    19
 -9.9750610423887026E-02 a       400     1     5     2    20
 -4.3161895416826718E-02 a       401     1     6     2     1
 -2.7352698414945126E-01 a       402     1     6     2     2
 -2.4999939947427027E-01 a       403     1     6     2     3
  4.5670218818033476E-01 a       404     1     6     2     4
 -7.5818998355431577E-01 a       405     1     6     2     5
  2.1696294378999562E-01 a       406     1     6     2     6
  3.0033415096597221E-01 a       407     1     6     2     7
 -3.1494645103465557E-01 a       408     1     6     2     8
  6.1934628733866670E-01 a       409     1     6     2     9
 -5.8922960553743076E-01 a       410     1     6     2    10
 -4.1078342569294130E-02 a       411     1     6     2    11
 -6.0154740682077079E-01 a       412     1     6     2    12
  1.8501325745877793E-02 a       413     1     6     2    13
 -6.8444637158493332E-02 a       414     1     6     2    14
 -1.9036150104055549E-01 a       415     1     6     2    15
 -3.6577800329485605E-01 a       416     1     6     2    16
 -2.0663741951552375E-01 a       417     1     6     2    17
 -9.3914679046071217E-02 a       418     1     6     2    18
 -3.3102339431367350E-01 a       419     1     6     2    19
  7.9313637450207725E-02 a       420     1     6     2    20
 -3.8229214742534479E-01 a       421     1     7     2     1
 -5.7844748358148612E-01 a       422     1     7     2     2
  7.2575560266165762E-01 a       423     1     7     2     3
 -2.4704813071720455E-01 a       424     1     7     2     4
  4.6190718725751584E-01 a       425     1     7     2     5
  3.4863326448414285E-02 a       426     1     7     2     6
  5.7066995917320429E-01 a       427     1     7     2     7
  4.8295253310122077E-02 a       428     1     7     2     8
  4.9897600411201332E-01 a       429     1     7     2     9
 -3.0306648277378728E-01 a       430     1     7     2    10
  5.9206180548427279E-01 a       431     1     7     2    11
 -4.8674191694318947E-01 a       432     1     7     2    12
  6.8763349509561900E-01 a       433     1     7     2    13
 -5.5763134680724684E-02 a       434     1     7     2    14
  1.6534268876450650E-01 a       435     1     7     2    15
 -3.7184540354780388E-01 a       436     1     7     2    16
  4.5807863623792205E-01 a       437     1     7     2    17
 -3.3015122448102791E-01 a       438     1     7     2    18
 -1.4256441498746658E-01 a       439     1     7     2    19
 -5.3995171308967978E-02 a       440     1     7     2    20
  1.6628352221787468E-01 a       441     1     8     2     1
  9.3711996645775720E-03 a       442     1     8     2     2
 -1.5767330161709656E-01 a       443     1     8     2     3
  1.2557372419594684E-01 a       444     1     8     2     4
 -6.9442860048778843E-01 a       445     1     8     2     5
 -2.3701103791674033E-01 a       446     1     8     2     6
 -1.2827757483369340E-01 a       447     1     8     2     7
  5.6694249121988138E-01 a       448     1     8     2     8
  2.2941807893035909E-01 a       449     1     8     2     9
  2.4245536476462567E-01 a       450     1     8     2    10
 -3.2204216768079075E-01 a       451     1     8     2    11
  6.2364750110836098E-01 a       452     1     8     2    12
 -1.4856626052398195E-01 a       453     1     8     2    13
  7.7328425930387662E-02 a       454     1     8     2    14
 -3.9258311863303558E-01 a       455     1     8     2    15
 -9.3094163672792538E-02 a       456     1     8     2    16
 -3.4206314421244860E-01 a       457     1     8     2    17
 -5.6260274547007305E-01 a       458     1     8     2    18
 -1.9717830025207919E-01 a       459     1     8     2    19
  4.2855553915262653E-03 a       460     1     8     2    20
 -2.9349987871873195E-01 a       461     1     9     2     1
 -2.8619112694240811E-01 a       462     1     9     2     2
  1.4974720424010179E-01 a       463     1     9     2     3
 -9.9508783762883482E-02 a       464     1     9     2     4
 -6.7955574758221157E-02 a       465     1     9     2     5
 -7.7917756922587578E-01 a       466     1     9     2     6
 -3.0196467425141604E-01 a       467     1     9     2     7
  6.3920507775910795E-01 a       468     1     9     2     8
  3.0326234720732931E-01 a       469     1     9     2     9
 -4.6403533058673042E-02 a       470     1     9     2    10
  2.3700243373242877E-01 a       471     1     9     2    11
  6.8978123653018530E-02 a       472     1     9     2    12
  4.7144409201327113E-02 a       473     1     9     2    13
 -3.9564956863615325E-01 a       474     1     9     2    14
 -1.6820287352389390E-01 a       475     1     9     2    15
  3.4330746972725623E-01 a       476     1     9     2    16
 -1.8046029020390464E-01 a       477     1     9     2    17
 -1.6332962324033620E-01 a       478     1     9     2    18
 -1.2832203485872873E+00 a       479     1     9     2    19
 -3.7937795906856159E-01 a       480     1     9     2    20
  1.5080535984805729E-01 a       481     1    10     2     1
  3.7175880638307440E-01 a       482     1    10     2     2
  4.1678263338485302E-02 a       483     1    10     2     3
  1.2102772493757853E-01 a       484     1    10     2     4
  3.1774630091151468E-01 a       485     1    10     2     5
 -4.0021654762033254E-01 a       486     1    10     2     6
  2.6934125393218261E-01 a       487     1    10     2     7
 -4.6538018696280503E-01 a       488     1    10     2     8
 -4.6799519956768354E-01 a       489     1    10     2     9
  4.0353730288457773E-01 a       490     1    10     2    10
 -4.0781821528567536E-01 a       491     1    10     2    11
 -2.0288549939210396E-01 a       492     1    10     2    12
  1.6634163899727836E-01 a       493     1    10     2    13
 -4.5808449430832926E-01 a       494     1    10     2    14
  2.8677220002281534E-01 a       495     1    10     2    15
  6.2699042384094961E-01 a       496     1    10     2    16
  2.7760256936521510E-01 a       497     1    10     2    17
  9.8775231213332770E-01 a       498     1    10     2    18
 -7.9871336621377798E-01 a       499     1    10     2    19
 -1.2602995948784784E-01 a       500     1    10     2    20
  7.7216187526802604E-01 a       501     1    11     2     1
 -6.4042814163968609E-01 a       502     1    11     2     2
 -2.7395926825794842E-01 a       503     1    11     2     3
  1.9712799131148834E-02 a       504     1    11     2     4
  6.0410080835672253E-01 a       505     1    11     2     5
 -3.1007701791521802E-01 a       506     1    11     2     6
 -3.9723237497880498E-01 a       507     1    11     2     7
 -8.9182479376118631E-02 a       508     1    11     2     8
 -2.3993413386210574E-01 a       509     1    11     2     9
  5.3073765048808685E-01 a       510     1    11     2    10
 -2.3711626454003323E-01 a       511     1    11     2    11
 -3.2335954061744282E-01 a       512     1    11     2    12
  1.2120171566600957E-01 a       513     1    11     2    13
 -3.1717025151858208E-01 a       514     1    11     2    14
 -1.4206232873647059E-01 a       515     1    11     2    15
  1.9819239338984002E-01 a       516     1    11     2    16
  4.8948591770840974E-02 a       517     1    11     2    17
 -6.2793522851200578E-01 a       518     1    11     2    18
  5.6308889360007851E-02 a       519     1    11     2    19
 -1.3369096037602496E-01 a       520     1    11     2    20
  1.2392782964063971E-01 a       521     1    12     2     1
 -3.8049659787849660E-01 a       522     1    12     2     2
  3.7690225949007999E-01 a       523     1    12     2     3
 -2.0012173364910532E-01 a       524     1    12     2     4
 -2.6446941900001186E-01 a       525     1    12     2     5
 -5.6869346107981600E-01 a       526     1    12     2     6
  5.4281827528390969E-01 a       527     1    12     2     7
  3.0678297883988187E-01 a       528     1    12     2     8
  5.7988006144271173E-02 a       529     1    12     2     9
  5.4676053411778069E-01 a       530     1    12     2    10
 -4.6817238311102422E-01 a       531     1    12     2    11
  2.1018712157617983E-01 a       532     1    12     2    12
  4.2203184137123734E-01 a       533     1    12     2    13
 -4.1080419217588510E-01 a       534     1    12     2    14
 -1.8057629639794157E-02 a       535     1    12     2    15
  5.0122431758956953E-01 a       536     1    12     2    16
  2.1194465815646457E-01 a       537     1    12     2    17
  3.5375641764939941E-01 a       538     1    12     2    18
 -1.5870985984307917E-01 a       539     1    12     2    19
  3.7076757452104911E-02 a       540     1    12     2    20
  3.7281509051856004E-01 a       541     1    13     2     1
 -1.9392619949680770E-01 a       542     1    13     2     2
  8.3242921098447664E-01 a       543     1    13     2     3
  1.6815180020414186E-01 a       544     1    13     2     4
  2.0992529621213268E-02 a       545     1    13     2     5
  5.3835423631907409E-01 a       546     1    13     2     6
 -4.4596917696028626E-01 a       547     1    13     2     7
  2.0715155745505129E-01 a       548     1    13     2     8
  2.7096630170458913E-01 a       549     1    13     2     9
  1.9201342936890772E-01 a       550     1    13     2    10
 -5.3020574884446303E-01 a       551     1    13     2    11
  1.9187512168978117E-02 a       552     1    13     2    12
  1.3287028153069286E-01 a       553     1    13     2    13
  1.2713959081444798E-01 a       554     1    13     2    14
  7.8976298602716788E-01 a       555     1    13     2    15
 -7.6386914357874780E-01 a       556     1    13     2    16
  2.7451309113421130E-01 a       557     1    13     2    17
 -1.5794748835006017E-01 a       558     1    13     2    18
 -1.3806691452752959E-01 a       559     1    13     2    19
  3.2799180019640173E-01 a       560     1    13     2    20
 -3.4754240426316185E-01 a       561     1    14     2     1
 -3.3457947560067702E-01 a       562     1    14     2     2
  1.9963577279876690E-01 a       563     1    14     2     3
  3.2361946803930125E-01 a       564     1    14     2     4
  2.4070702004576569E-01 a       565     1    14     2     5
 -2.2463805954062249E-01 a       566     1    14     2     6
  3.5447709494655988E-01 a       567     1    14     2     7
 -2.8183289755208057E-01 a       568     1    14     2     8
  3.1352153866065458E-01 a       569     1    14     2     9
 -6.9104618188287237E-01 a       570     1    14     2    10
  4.2490574625648442E-01 a       571     1    14     2    11
 -3.1983373009632055E-01 a       572     1    14     2    12
 -4.6468230685999472E-02 a       573     1    14     2    13
 -6.3506106289249620E-01 a       574     1    14     2    14
  1.4962914318333712E-01 a       575     1    14     2    15
 -4.7604067371504888E-01 a       576     1    14     2    16
  2.9032170481099262E-01 a       577     1    14     2    17
  5.7062592184163763E-02 a       578     1    14     2    18
 -5.7052928540464376E-01 a       579     1    14     2    19
 -4.0931191502746916E-01 a       580     1    14     2    20
 -4.3817082552362052E-02 a       581     1    15     2     1
  6.6976521721268945E-01 a       582     1    15     2     2
  4.6187327159929920E-01 a       583     1    15     2     3
 -4.6468946422920115E-01 a       584     1    15     2     4
 -1.3583118836200719E-01 a       585     1    15     2     5
  2.2459934013367178E-01 a       586     1    15     2     6
  5.5861939883100453E-01 a       587     1    15     2     7
 -5.1043554731348961E-01 a       588     1    15     2     8
  6.4041423473462433E-01 a       589     1    15     2     9
  2.1930239396172360E-01 a       590     1    15     2    10
  7.2131769483313701E-01 a       591     1    15     2    11
  2.9210337036295914E-01 a       592     1    15     2    12
  2.0916561119668053E-01 a       593     1    15     2    13
  7.1373367662256892E-01 a       594     1    15     2    14
 -5.6485234155904847E-02 a       595     1    15     2    15
 -5.7315186495777104E-01 a       596     1    15     2    16
 -6.6776873439042150E-02 a       597     1    15     2    17
  1.1064795187039433E+00 a       598     1    15     2    18
  6.5988248877167599E-01 a       599     1    15     2    19
 -2.8566805190513267E-01 a       600     1    15     2    20
  2.2172230650364078E-01 a       601     1    16     2     1
  7.1006849805307815E-01 a       602     1    16     2     2
 -8.9810073303114601E-01 a       603     1    16     2     3
 -9.1681057384533993E-01 a       604     1    16     2     4
  5.1777915426476429E-01 a       605     1    16     2     5
  5.3501696792268871E-01 a       606     1    16     2     6
 -1.3518986397899113E-01 a       607     1    16     2     7
  3.5313434204069594E-01 a       608     1    16     2     8
 -5.1436212713175589E-01 a       609     1    16     2     9
  1.3551160321023850E-01 a       610     1    16     2    10
  3.7276095508452645E-01 a       611     1    16     2    11
  4.9914731573833848E-01 a       612     1    16     2    12
 -6.5269307389343645E-01 a       613     1    16     2    13
  6.2168674438154703E-01 a       614     1    16     2    14
  1.3934457236443040E-01 a       615     1    16     2    15
 -1.7158002997166905E-01 a       616     1    16     2    16
 -5.2386183361499949E-01 a       617     1    16     2    17
 -2.9546200902733227E-01 a       618     1    16     2    18
  6.9054040753160983E-01 a       619     1    16     2    19
  1.2142125342665680E-01 a       620     1    16     2    20
 -4.8444029532963145E-01 a       621     1    17     2     1
  1.2497356667294780E-01 a       622     1    17     2     2
 -4.9148990028443792E-02 a       623     1    17     2     3
 -3.0189408472238660E-01 a       624     1    17     2     4
 -5.8334334821805134E-01 a       625     1    17     2     5
  2.8358810771117071E-01 a       626     1    17     2     6
  4.3574044626525449E-02 a       627     1    17     2     7
 -1.2457961636725323E-01 a       628     1    17     2     8
 -8.5312103912895876E-01 a       629     1    17     2     9
  9.4219156624210731E-01 a       630     1    17     2    10
 -1.0866060944790541E+00 a       631     1    17     2    11
  1.6767966581219124E-01 a       632     1    17     2    12
  9.1590547175019174E-02 a       633     1    17     2    13
 -1.6069057860385663E-01 a       634     1    17     2    14
  1.1498633243038502E-01 a       635     1    17     2    15
  4.0247654567512414E-01 a       636     1    17     2    16
  1.7737371311220776E-01 a       637     1    17     2    17
 -1.2337199104258076E-01 a       638     1    17     2    18
  9.4788090028235161E-01 a       639     1    17     2    19
  4.3756792542103273E-01 a       640     1    17     2    20
 -4.2196129551806449E-01 a       641     1    18     2     1
 -1.2233239307169012E-02 a       642     1    18     2     2
  3.5523650473211571E-02 a       643     1    18     2     3
 -6.0017137359909406E-02 a       644     1    18     2     4
  7.2801007560700481E-01 a       645     1    18     2     5
 -1.3328952658030649E-01 a       646     1    18     2     6
 -6.5940538608495192E-01 a       647     1    18     2     7
  2.4404099142643201E-01 a       648     1    18     2     8
 -2.3961978932800448E-01 a       649     1    18     2     9
 -2.9391376281171055E-01 a       650     1    18     2    10
 -4.6832186844700308E-01 a       651     1    18     2    11
  4.8520614492535774E-01 a       652     1    18     2    12
  2.3540599805071699E-02 a       653     1    18     2    13
 -5.4544218726942062E-01 a       654     1    18     2    14
 -1.6793241479412466E-01 a       655     1    18     2    15
  3.5312336107265579E-01 a       656     1    18     2    16
  2.6537155073906271E-01 a       657     1    18     2    17
 -7.7844789412403859E-02 a       658     1    18     2    18
 -4.7857527155168694E-02 a       659     1    18     2    19
 -1.6518171121086206E-01 a       660     1    18     2    20
  7.4455244170951007E-01 a       661     1    19     2     1
 -3.3113927769641491E-02 a       662     1    19     2     2
 -6.0119561569402402E-01 a       663     1    19     2     3
  2.6453846827447242E-01 a       664     1    19     2     4
 -3.6147849292863393E-01 a       665     1    19     2     5
  2.2655063242819506E-01 a       666     1    19     2     6
 -3.3524597487920088E-01 a       667     1    19     2     7
 -1.5269006243160740E-01 a       668     1    19     2     8
  3.8350369577505000E-01 a       669     1    19     2     9
 -2.8180609170625198E-01 a       670     1    19     2    10
 -1.8925966721554177E-01 a       671     1    19     2    11
 -1.9723584830505689E-01 a       672     1    19     2    12
  4.4409921217274745E-01 a       673     1    19     2    13
  6.1184193967145939E-01 a       674     1    19     2    14
 -3.4252750377763125E-01 a       675     1    19     2    15
  4.7377304216268445E-01 a       676     1    19     2    16
 -4.8408767870791042E-02 a       677     1    19     2    17
 -5.6530869089166014E-01 a       678     1    19     2    18
  6.1352168672034697E-02 a       679     1    19     2    19
 -7.0668181534899455E-01 a       680     1    19     2    20
 -2.2036794443365484E-01 a       681     1    20     2     1
  7.1760643343835318E-01 a       682     1    20     2     2
 -5.2004752830765089E-01 a       683     1    20     2     3
 -3.9418435865728180E-01 a       684     1    20     2     4
  5.6947923559605029E-01 a       685     1    20     2     5
  6.2403935322554782E-01 a       686     1    20     2     6
  6.4960730380263298E-01 a       687     1    20     2     7
  3.9331018758764363E-01 a       688     1    20     2     8
 -2.3807097705423091E-01 a       689     1    20     2     9
 -2.4012634911928318E-01 a       690     1    20     2    10
 -1.9855524721916606E-01 a       691     1    20     2    11
 -3.9897452371331704E-01 a       692     1    20     2    12
  2.1400845297266338E-01 a       693     1    20     2    13
  2.0999940890842486E-01 a       694     1    20     2    14
 -5.6737970179537678E-01 a       695     1    20     2    15
  3.3037690709523192E-02 a       696     1    20     2    16
  4.1184386749735108E-01 a       697     1    20     2    17
 -7.5546121719887327E-01 a       698     1    20     2    18
  1.9129010141776669E-02 a       699     1    20     2    19
  4.5409291652397521E-01 a       700     1    20     2    20
  1.4662355194082184E+00 b       701     2     1
 -2.3819650230753345E-01 b       702     2     2
  6.4609371039396712E-01 b       703     2     3
 -1.2963590708189345E+00 b       704     2     4
  9.8092139897239927E-01 b       705     2     5
 -9.1905952358957232E-01 b       706     2     6
  1.5730683266203629E+00 b       707     2     7
  5.9313245055703245E-01 b       708     2     8
  1.7436585677105456E+00 b       709     2     9
 -6.2256974409909560E-01 b       710     2    10
 -8.2341736560385437E-01 b       711     2    11
  5.9958810941780938E-01 b       712     2    12
  1.3661620961510053E+00 b       713     2    13
  1.2498911535800632E+00 b       714     2    14
 -1.2789289493765307E-01 b       715     2    15
  1.0778419225292319E+00 b       716     2    16
  1.3965516627819574E+00 b       717     2    17
 -1.3464535899149572E+00 b       718     2    18
  1.3873863823178334E+00 b       719     2    19
  4.9398390033711848E-01 b       720     2    20
  1.0065416844510607E-01 a       721     2     1     3     1
 -2.6802117074167478E-02 a       722     2     2     3     1
  3.0926450892055390E-01 a       723     2     3     3     1
  5.6841952166621557E-01 a       724     2     4     3     1
 -6.3930067908605323E-02 a       725     2     5     3     1
  5.6467013471288199E-02 a       726     2     6     3     1
 -3.3913721809744240E-03 a       727     2     7     3     1
 -2.9681279387938179E-02 a       728     2     8     3     1
 -1.0884148840675070E+00 a       729     2     9     3     1
 -4.3700824192775739E-02 a       730     2    10     3     1
 -2.8934727527148374E-01 a       731     2    11     3     1
 -3.8627179602760253E-01 a       732     2    12     3     1
  1.6155536390079264E-01 a       733     2    13     3     1
  2.9612779788360044E-01 a       734     2    14     3     1
 -3.8488698992763987E-01 a       735     2    15     3     1
 -2.6456516763526594E-01 a       736     2    16     3     1
 -4.6825399732620754E-01 a       737     2    17     3     1
 -2.9653074370714039E-01 a       738     2    18     3     1
 -2.5409619979752407E-01 a       739     2    19     3     1
 -1.9464159140206960E-01 a       740     2    20     3     1
  9.9469824366743487E-01 b       741     3     1
